This is pdfTeX, Version 3.14159265-2.6-1.40.21 (TeX Live 2020/Arch Linux) (preloaded format=pdflatex 2020.12.18)  25 FEB 2021 08:01
entering extended mode
 restricted \write18 enabled.
 %&-line parsing enabled.
**src/aFlow01.tex
(./src/aFlow01.tex
LaTeX2e <2020-10-01> patch level 2
L3 programming layer <2020-12-03> xparse <2020-03-03>
! I can't find file `preamble.tex'.
l.2 \input preamble.tex
                       
(Press Enter to retry, or Control-D to exit)
Please type another input file name: 
! I can't find file `preamble.tex'.
l.2 \input preamble.tex
                       
(Press Enter to retry, or Control-D to exit)
Please type another input file name: 
! I can't find file `preamble.tex'.
l.2 \input preamble.tex
                       
(Press Enter to retry, or Control-D to exit)
Please type another input file name: 
! I can't find file `preamble.tex'.
l.2 \input preamble.tex
                       
(Press Enter to retry, or Control-D to exit)
Please type another input file name: 
! I can't find file `preamble.tex'.
l.2 \input preamble.tex
                       
(Press Enter to retry, or Control-D to exit)
Please type another input file name: 
! I can't find file `preamble.tex'.
l.2 \input preamble.tex
                       
(Press Enter to retry, or Control-D to exit)
Please type another input file name: d
! I can't find file `d'.
l.2 \input preamble.tex
                       
(Press Enter to retry, or Control-D to exit)
Please type another input file name: 
! Emergency stop.
l.2 \input preamble.tex
                       
End of file on the terminal!

 
Here is how much of TeX's memory you used:
 19 strings out of 479383
 414 string characters out of 5875829
 267160 words of memory out of 5000000
 17229 multiletter control sequences out of 15000+600000
 403430 words of font info for 27 fonts, out of 8000000 for 9000
 1141 hyphenation exceptions out of 8191
 13i,0n,15p,98b,10s stack positions out of 5000i,500n,10000p,200000b,80000s
!  ==> Fatal error occurred, no output PDF file produced!
