This is pdfTeX, Version 3.141592653-2.6-1.40.24 (TeX Live 2022/Arch Linux) (preloaded format=pdflatex 2023.2.1)  3 FEB 2023 12:42
entering extended mode
 restricted \write18 enabled.
 %&-line parsing enabled.
**src/i04834.tex
(./src/i04834.tex
LaTeX2e <2021-11-15> patch level 1
L3 programming layer <2022-04-10>
! I can't find file `preamble.tex'.
l.6 \input preamble.tex
                       
(Press Enter to retry, or Control-D to exit)
Please type another input file name: 
! Emergency stop.
l.6 
    
End of file on the terminal!

 
Here is how much of TeX's memory you used:
 18 strings out of 478238
 410 string characters out of 5850457
 289994 words of memory out of 5000000
 18355 multiletter control sequences out of 15000+600000
 469259 words of font info for 28 fonts, out of 8000000 for 9000
 1141 hyphenation exceptions out of 8191
 13i,0n,12p,117b,10s stack positions out of 5000i,500n,10000p,200000b,80000s
!  ==> Fatal error occurred, no output PDF file produced!
