This is pdfTeX, Version 3.141592653-2.6-1.40.22 (TeX Live 2021/Arch Linux) (preloaded format=pdflatex 2021.12.22)  19 OCT 2022 08:44
entering extended mode
 restricted \write18 enabled.
 %&-line parsing enabled.
**aGandsfjordenGondol02.tex
(./aGandsfjordenGondol02.tex
LaTeX2e <2020-10-01> patch level 4
L3 programming layer <2021-02-18>
(/usr/share/texmf-dist/tex/latex/base/article.cls
Document Class: article 2020/04/10 v1.4m Standard LaTeX document class
(/usr/share/texmf-dist/tex/latex/base/size10.clo
File: size10.clo 2020/04/10 v1.4m Standard LaTeX file (size option)
)
\c@part=\count179
\c@section=\count180
\c@subsection=\count181
\c@subsubsection=\count182
\c@paragraph=\count183
\c@subparagraph=\count184
\c@figure=\count185
\c@table=\count186
\abovecaptionskip=\skip47
\belowcaptionskip=\skip48
\bibindent=\dimen138
)
(/usr/share/texmf-dist/tex/latex/base/inputenc.sty
Package: inputenc 2020/08/01 v1.3d Input encoding file
\inpenc@prehook=\toks15
\inpenc@posthook=\toks16

(/usr/share/texmf-dist/tex/latex/base/latin9.def
File: latin9.def 2020/08/01 v1.3d Input encoding file
))
(/usr/share/texmf-dist/tex/latex/geometry/geometry.sty
Package: geometry 2020/01/02 v5.9 Page Geometry

(/usr/share/texmf-dist/tex/latex/graphics/keyval.sty
Package: keyval 2014/10/28 v1.15 key=value parser (DPC)
\KV@toks@=\toks17
)
(/usr/share/texmf-dist/tex/generic/iftex/ifvtex.sty
Package: ifvtex 2019/10/25 v1.7 ifvtex legacy package. Use iftex instead.

(/usr/share/texmf-dist/tex/generic/iftex/iftex.sty
Package: iftex 2020/03/06 v1.0d TeX engine tests
))
\Gm@cnth=\count187
\Gm@cntv=\count188
\c@Gm@tempcnt=\count189
\Gm@bindingoffset=\dimen139
\Gm@wd@mp=\dimen140
\Gm@odd@mp=\dimen141
\Gm@even@mp=\dimen142
\Gm@layoutwidth=\dimen143
\Gm@layoutheight=\dimen144
\Gm@layouthoffset=\dimen145
\Gm@layoutvoffset=\dimen146
\Gm@dimlist=\toks18
)
(/usr/share/texmf-dist/tex/latex/pdfpages/pdfpages.sty
Package: pdfpages 2021/03/06 v0.5t Insert pages of external PDF documents (AM)

(/usr/share/texmf-dist/tex/latex/base/ifthen.sty
Package: ifthen 2014/09/29 v1.1c Standard LaTeX ifthen package (DPC)
)
(/usr/share/texmf-dist/tex/latex/tools/calc.sty
Package: calc 2017/05/25 v4.3 Infix arithmetic (KKT,FJ)
\calc@Acount=\count190
\calc@Bcount=\count191
\calc@Adimen=\dimen147
\calc@Bdimen=\dimen148
\calc@Askip=\skip49
\calc@Bskip=\skip50
LaTeX Info: Redefining \setlength on input line 80.
LaTeX Info: Redefining \addtolength on input line 81.
\calc@Ccount=\count192
\calc@Cskip=\skip51
)
(/usr/share/texmf-dist/tex/latex/eso-pic/eso-pic.sty
Package: eso-pic 2020/10/14 v3.0a eso-pic (RN)
\ESO@tempdima=\dimen149
\ESO@tempdimb=\dimen150

(/usr/share/texmf-dist/tex/latex/xcolor/xcolor.sty
Package: xcolor 2016/05/11 v2.12 LaTeX color extensions (UK)

(/usr/share/texmf-dist/tex/latex/graphics-cfg/color.cfg
File: color.cfg 2016/01/02 v1.6 sample color configuration
)
Package xcolor Info: Driver file: pdftex.def on input line 225.

(/usr/share/texmf-dist/tex/latex/graphics-def/pdftex.def
File: pdftex.def 2020/10/05 v1.2a Graphics/color driver for pdftex
)
Package xcolor Info: Model `cmy' substituted by `cmy0' on input line 1348.
Package xcolor Info: Model `hsb' substituted by `rgb' on input line 1352.
Package xcolor Info: Model `RGB' extended on input line 1364.
Package xcolor Info: Model `HTML' substituted by `rgb' on input line 1366.
Package xcolor Info: Model `Hsb' substituted by `hsb' on input line 1367.
Package xcolor Info: Model `tHsb' substituted by `hsb' on input line 1368.
Package xcolor Info: Model `HSB' substituted by `hsb' on input line 1369.
Package xcolor Info: Model `Gray' substituted by `gray' on input line 1370.
Package xcolor Info: Model `wave' substituted by `hsb' on input line 1371.
))
(/usr/share/texmf-dist/tex/latex/graphics/graphicx.sty
Package: graphicx 2020/09/09 v1.2b Enhanced LaTeX Graphics (DPC,SPQR)

(/usr/share/texmf-dist/tex/latex/graphics/graphics.sty
Package: graphics 2020/08/30 v1.4c Standard LaTeX Graphics (DPC,SPQR)

(/usr/share/texmf-dist/tex/latex/graphics/trig.sty
Package: trig 2016/01/03 v1.10 sin cos tan (DPC)
)
(/usr/share/texmf-dist/tex/latex/graphics-cfg/graphics.cfg
File: graphics.cfg 2016/06/04 v1.11 sample graphics configuration
)
Package graphics Info: Driver file: pdftex.def on input line 105.
)
\Gin@req@height=\dimen151
\Gin@req@width=\dimen152
)
\AM@pagewidth=\dimen153
\AM@pageheight=\dimen154
\AM@fboxrule=\dimen155

(/usr/share/texmf-dist/tex/latex/pdfpages/pppdftex.def
File: pppdftex.def 2021/03/06 v0.5t Pdfpages driver for pdfTeX (AM)
)
\pdfpages@includegraphics@status=\count193
\AM@pagebox=\box47
\AM@global@opts=\toks19
\AM@pagecnt=\count194
\AM@toc@title=\toks20
\c@AM@survey=\count195
\AM@templatesizebox=\box48
)
(/usr/share/texmf-dist/tex/generic/babel/babel.sty
Package: babel 2021/03/24 3.56 The Babel package

(/usr/share/texmf-dist/tex/generic/babel/babel.def
File: babel.def 2021/03/24 3.56 Babel common definitions
\babel@savecnt=\count196
\U@D=\dimen156
\l@babelnohyphens=\language87

(/usr/share/texmf-dist/tex/generic/babel/txtbabel.def)
\bbl@readstream=\read2
)
\bbl@dirlevel=\count197

(/usr/share/texmf-dist/tex/generic/babel-norsk/norsk.ldf
Language: norsk 2012/08/06 v2.0i Norsk support from the babel system
Package babel Info: Making " an active character on input line 113.
))
(/usr/share/texmf-dist/tex/latex/l3backend/l3backend-pdftex.def
File: l3backend-pdftex.def 2021-03-18 L3 backend support: PDF output (pdfTeX)
\l__color_backend_stack_int=\count198
\l__pdf_internal_box=\box49
)
No file aGandsfjordenGondol02.aux.
\openout1 = `aGandsfjordenGondol02.aux'.

LaTeX Font Info:    Checking defaults for OML/cmm/m/it on input line 22.
LaTeX Font Info:    ... okay on input line 22.
LaTeX Font Info:    Checking defaults for OMS/cmsy/m/n on input line 22.
LaTeX Font Info:    ... okay on input line 22.
LaTeX Font Info:    Checking defaults for OT1/cmr/m/n on input line 22.
LaTeX Font Info:    ... okay on input line 22.
LaTeX Font Info:    Checking defaults for T1/cmr/m/n on input line 22.
LaTeX Font Info:    ... okay on input line 22.
LaTeX Font Info:    Checking defaults for TS1/cmr/m/n on input line 22.
LaTeX Font Info:    ... okay on input line 22.
LaTeX Font Info:    Checking defaults for OMX/cmex/m/n on input line 22.
LaTeX Font Info:    ... okay on input line 22.
LaTeX Font Info:    Checking defaults for U/cmr/m/n on input line 22.
LaTeX Font Info:    ... okay on input line 22.
*geometry* driver: auto-detecting
*geometry* detected driver: pdftex

Package geometry Warning: The marginal notes overrun the paper.
     Add 19.0945pt and more to the right margin.

*geometry* verbose mode - [ preamble ] result:
* driver: pdftex
* paper: <default>
* layout: <same size as paper>
* layoutoffset:(h,v)=(0.0pt,0.0pt)
* modes: 
* h-part:(L,W,R)=(56.9055pt, 500.484pt, 56.9055pt)
* v-part:(T,H,B)=(56.9055pt, 681.15898pt, 56.9055pt)
* \paperwidth=614.295pt
* \paperheight=794.96999pt
* \textwidth=500.484pt
* \textheight=681.15898pt
* \oddsidemargin=-15.36449pt
* \evensidemargin=-15.36449pt
* \topmargin=-72.26997pt
* \headheight=28.45274pt
* \headsep=28.45274pt
* \topskip=10.0pt
* \footskip=28.45274pt
* \marginparwidth=65.0pt
* \marginparsep=11.0pt
* \columnsep=10.0pt
* \skip\footins=9.0pt plus 4.0pt minus 2.0pt
* \hoffset=0.0pt
* \voffset=0.0pt
* \mag=1000
* \@twocolumnfalse
* \@twosidefalse
* \@mparswitchfalse
* \@reversemarginfalse
* (1in=72.27pt=25.4mm, 1cm=28.453pt)

(/usr/share/texmf-dist/tex/context/base/mkii/supp-pdf.mkii
[Loading MPS to PDF converter (version 2006.09.02).]
\scratchcounter=\count199
\scratchdimen=\dimen157
\scratchbox=\box50
\nofMPsegments=\count266
\nofMParguments=\count267
\everyMPshowfont=\toks21
\MPscratchCnt=\count268
\MPscratchDim=\dimen158
\MPnumerator=\count269
\makeMPintoPDFobject=\count270
\everyMPtoPDFconversion=\toks22
) (/usr/share/texmf-dist/tex/latex/epstopdf-pkg/epstopdf-base.sty
Package: epstopdf-base 2020-01-24 v2.11 Base part for package epstopdf
Package epstopdf-base Info: Redefining graphics rule for `.eps' on input line 4
85.

(/usr/share/texmf-dist/tex/latex/latexconfig/epstopdf-sys.cfg
File: epstopdf-sys.cfg 2010/07/13 v1.3 Configuration of (r)epstopdf for TeX Liv
e
))
(/usr/share/texmf-dist/tex/latex/pdflscape/pdflscape.sty
Package: pdflscape 2019/12/05 v0.12 Display of landscape pages in PDF (HO)

(/usr/share/texmf-dist/tex/latex/graphics/lscape.sty
Package: lscape 2020/05/28 v3.02 Landscape Pages (DPC)
)
Package pdflscape Info: Auto-detected driver: pdftex on input line 81.
)
LaTeX Font Info:    External font `cmex10' loaded for size
(Font)              <12> on input line 30.
LaTeX Font Info:    External font `cmex10' loaded for size
(Font)              <8> on input line 30.
LaTeX Font Info:    External font `cmex10' loaded for size
(Font)              <6> on input line 30.
<RS485Kobling.png, id=1, 1303.87125pt x 398.08725pt>
File: RS485Kobling.png Graphic file (type png)
<use RS485Kobling.png>
Package pdftex.def Info: RS485Kobling.png  used on input line 35.
(pdftex.def)             Requested size: 500.484pt x 152.80545pt.

Overfull \hbox (25.00003pt too wide) in paragraph at lines 32--38
[] 
 []

[1

{/var/lib/texmf/fonts/map/pdftex/updmap/pdftex.map} <./RS485Kobling.png (PNG co
py)>]
<../nogpl/releer01.png, id=10, 1205.96635pt x 716.41565pt>
File: ../nogpl/releer01.png Graphic file (type png)
<use ../nogpl/releer01.png>
Package pdftex.def Info: ../nogpl/releer01.png  used on input line 44.
(pdftex.def)             Requested size: 500.484pt x 297.31789pt.

Overfull \hbox (47.00003pt too wide) in paragraph at lines 42--45
[] 
 []


Underfull \hbox (badness 10000) in paragraph at lines 42--45

 []

[2 <../nogpl/releer01.png>]
<../nogpl/revreg.png, id=17, 921.4425pt x 504.38437pt>
File: ../nogpl/revreg.png Graphic file (type png)
<use ../nogpl/revreg.png>
Package pdftex.def Info: ../nogpl/revreg.png  used on input line 65.
(pdftex.def)             Requested size: 170.71652pt x 93.44048pt.
<../nogpl/Direktevirkenderegulator.png, id=18, 369.63094pt x 363.60844pt>
File: ../nogpl/Direktevirkenderegulator.png Graphic file (type png)
<use ../nogpl/Direktevirkenderegulator.png>
Package pdftex.def Info: ../nogpl/Direktevirkenderegulator.png  used on input l
ine 66.
(pdftex.def)             Requested size: 170.71652pt x 167.93324pt.
LaTeX Font Info:    Trying to load font information for OMS+cmr on input line 7
1.
 (/usr/share/texmf-dist/tex/latex/base/omscmr.fd
File: omscmr.fd 2019/12/16 v2.5j Standard LaTeX font definitions
)
LaTeX Font Info:    Font shape `OMS/cmr/m/n' in size <10> not available
(Font)              Font shape `OMS/cmsy/m/n' tried instead on input line 71.

[3 <../nogpl/revreg.png> <../nogpl/Direktevirkenderegulator.png>]
LaTeX Font Info:    External font `cmex10' loaded for size
(Font)              <7> on input line 76.
LaTeX Font Info:    External font `cmex10' loaded for size
(Font)              <5> on input line 76.
<Kornsilo.png, id=23, 374.3586pt x 362.7954pt>
File: Kornsilo.png Graphic file (type png)
<use Kornsilo.png>
Package pdftex.def Info: Kornsilo.png  used on input line 101.
(pdftex.def)             Requested size: 250.24199pt x 242.51807pt.
 [4 <./Kornsilo.png (PNG copy)>]

pdfTeX warning: pdflatex (file ./Prve01Tegninger.pdf): PDF inclusion: found PDF
 version <1.7>, but at most version <1.5> allowed
<Prve01Tegninger.pdf, id=27, 845.07724pt x 597.55246pt>
File: Prve01Tegninger.pdf Graphic file (type pdf)
<use Prve01Tegninger.pdf>
Package pdftex.def Info: Prve01Tegninger.pdf  used on input line 139.
(pdftex.def)             Requested size: 845.07518pt x 597.551pt.


pdfTeX warning: pdflatex (file ./Prve01Tegninger.pdf): PDF inclusion: found PDF
 version <1.7>, but at most version <1.5> allowed
File: Prve01Tegninger.pdf Graphic file (type pdf)
<use Prve01Tegninger.pdf>
Package pdftex.def Info: Prve01Tegninger.pdf  used on input line 139.
(pdftex.def)             Requested size: 845.07518pt x 597.551pt.


pdfTeX warning: pdflatex (file ./Prve01Tegninger.pdf): PDF inclusion: found PDF
 version <1.7>, but at most version <1.5> allowed


pdfTeX warning: pdflatex (file ./Prve01Tegninger.pdf): PDF inclusion: found PDF
 version <1.7>, but at most version <1.5> allowed
<Prve01Tegninger.pdf, id=30, page=1, 845.07724pt x 597.55246pt>
File: Prve01Tegninger.pdf Graphic file (type pdf)
<use Prve01Tegninger.pdf, page 1>
Package pdftex.def Info: Prve01Tegninger.pdf , page1 used on input line 139.
(pdftex.def)             Requested size: 845.07518pt x 597.551pt.
File: Prve01Tegninger.pdf Graphic file (type pdf)
<use Prve01Tegninger.pdf, page 1>
Package pdftex.def Info: Prve01Tegninger.pdf , page1 used on input line 139.
(pdftex.def)             Requested size: 845.07518pt x 597.551pt.
[5]
File: Prve01Tegninger.pdf Graphic file (type pdf)
<use Prve01Tegninger.pdf, page 1>
Package pdftex.def Info: Prve01Tegninger.pdf , page1 used on input line 139.
(pdftex.def)             Requested size: 845.07518pt x 597.551pt.
File: Prve01Tegninger.pdf Graphic file (type pdf)
<use Prve01Tegninger.pdf, page 1>
Package pdftex.def Info: Prve01Tegninger.pdf , page1 used on input line 139.
(pdftex.def)             Requested size: 845.07518pt x 597.551pt.
File: Prve01Tegninger.pdf Graphic file (type pdf)
<use Prve01Tegninger.pdf, page 1>
Package pdftex.def Info: Prve01Tegninger.pdf , page1 used on input line 139.
(pdftex.def)             Requested size: 845.07518pt x 597.551pt.
 [6 <./Prve01Tegninger.pdf>]

pdfTeX warning: pdflatex (file ./Prve01Tegninger.pdf): PDF inclusion: found PDF
 version <1.7>, but at most version <1.5> allowed
<Prve01Tegninger.pdf, id=62, page=2, 845.07724pt x 597.55246pt>
File: Prve01Tegninger.pdf Graphic file (type pdf)
<use Prve01Tegninger.pdf, page 2>
Package pdftex.def Info: Prve01Tegninger.pdf , page2 used on input line 139.
(pdftex.def)             Requested size: 845.07518pt x 597.551pt.
File: Prve01Tegninger.pdf Graphic file (type pdf)
<use Prve01Tegninger.pdf, page 2>
Package pdftex.def Info: Prve01Tegninger.pdf , page2 used on input line 139.
(pdftex.def)             Requested size: 845.07518pt x 597.551pt.
File: Prve01Tegninger.pdf Graphic file (type pdf)
<use Prve01Tegninger.pdf, page 2>
Package pdftex.def Info: Prve01Tegninger.pdf , page2 used on input line 139.
(pdftex.def)             Requested size: 845.07518pt x 597.551pt.
[7 <./Prve01Tegninger.pdf>] (./aGandsfjordenGondol02.aux) ) 
Here is how much of TeX's memory you used:
 3871 strings out of 478994
 56058 string characters out of 5864750
 380924 words of memory out of 5000000
 21325 multiletter control sequences out of 15000+600000
 406800 words of font info for 38 fonts, out of 8000000 for 9000
 1141 hyphenation exceptions out of 8191
 83i,19n,88p,259b,456s stack positions out of 5000i,500n,10000p,200000b,80000s
{/usr/share/texmf-di
st/fonts/enc/dvips/cm-super/cm-super-ts1.enc}</usr/share/texmf-dist/fonts/type1
/public/amsfonts/cm/cmr10.pfb></usr/share/texmf-dist/fonts/type1/public/amsfont
s/cm/cmr12.pfb></usr/share/texmf-dist/fonts/type1/public/amsfonts/cm/cmr17.pfb>
</usr/share/texmf-dist/fonts/type1/public/amsfonts/cm/cmsy10.pfb></usr/share/te
xmf-dist/fonts/type1/public/cm-super/sfrm1000.pfb>
Output written on aGandsfjordenGondol02.pdf (7 pages, 1159897 bytes).
PDF statistics:
 86 PDF objects out of 1000 (max. 8388607)
 54 compressed objects within 1 object stream
 0 named destinations out of 1000 (max. 500000)
 51 words of extra memory for PDF output out of 10000 (max. 10000000)

