This is pdfTeX, Version 3.141592653-2.6-1.40.22 (TeX Live 2021/Arch Linux) (preloaded format=pdflatex 2021.12.22)  22 FEB 2022 19:15
entering extended mode
 restricted \write18 enabled.
 %&-line parsing enabled.
**lStasjon06.tex
(./lStasjon06.tex
LaTeX2e <2020-10-01> patch level 4
L3 programming layer <2021-02-18> (./preamble.tex
(/usr/share/texmf-dist/tex/latex/base/article.cls
Document Class: article 2020/04/10 v1.4m Standard LaTeX document class
(/usr/share/texmf-dist/tex/latex/base/size12.clo
File: size12.clo 2020/04/10 v1.4m Standard LaTeX file (size option)
)
\c@part=\count179
\c@section=\count180
\c@subsection=\count181
\c@subsubsection=\count182
\c@paragraph=\count183
\c@subparagraph=\count184
\c@figure=\count185
\c@table=\count186
\abovecaptionskip=\skip47
\belowcaptionskip=\skip48
\bibindent=\dimen138
)
(/usr/share/texmf-dist/tex/latex/geometry/geometry.sty
Package: geometry 2020/01/02 v5.9 Page Geometry

(/usr/share/texmf-dist/tex/latex/graphics/keyval.sty
Package: keyval 2014/10/28 v1.15 key=value parser (DPC)
\KV@toks@=\toks15
)
(/usr/share/texmf-dist/tex/generic/iftex/ifvtex.sty
Package: ifvtex 2019/10/25 v1.7 ifvtex legacy package. Use iftex instead.

(/usr/share/texmf-dist/tex/generic/iftex/iftex.sty
Package: iftex 2020/03/06 v1.0d TeX engine tests
))
\Gm@cnth=\count187
\Gm@cntv=\count188
\c@Gm@tempcnt=\count189
\Gm@bindingoffset=\dimen139
\Gm@wd@mp=\dimen140
\Gm@odd@mp=\dimen141
\Gm@even@mp=\dimen142
\Gm@layoutwidth=\dimen143
\Gm@layoutheight=\dimen144
\Gm@layouthoffset=\dimen145
\Gm@layoutvoffset=\dimen146
\Gm@dimlist=\toks16
)
(/usr/share/texmf-dist/tex/latex/base/inputenc.sty
Package: inputenc 2020/08/01 v1.3d Input encoding file
\inpenc@prehook=\toks17
\inpenc@posthook=\toks18
)
(/usr/share/texmf-dist/tex/latex/base/fontenc.sty
Package: fontenc 2020/08/10 v2.0s Standard LaTeX package
)
(/usr/share/texmf-dist/tex/latex/graphics/graphicx.sty
Package: graphicx 2020/09/09 v1.2b Enhanced LaTeX Graphics (DPC,SPQR)

(/usr/share/texmf-dist/tex/latex/graphics/graphics.sty
Package: graphics 2020/08/30 v1.4c Standard LaTeX Graphics (DPC,SPQR)

(/usr/share/texmf-dist/tex/latex/graphics/trig.sty
Package: trig 2016/01/03 v1.10 sin cos tan (DPC)
)
(/usr/share/texmf-dist/tex/latex/graphics-cfg/graphics.cfg
File: graphics.cfg 2016/06/04 v1.11 sample graphics configuration
)
Package graphics Info: Driver file: pdftex.def on input line 105.

(/usr/share/texmf-dist/tex/latex/graphics-def/pdftex.def
File: pdftex.def 2020/10/05 v1.2a Graphics/color driver for pdftex
))
\Gin@req@height=\dimen147
\Gin@req@width=\dimen148
)
(/usr/share/texmf-dist/tex/latex/enumitem/enumitem.sty
Package: enumitem 2019/06/20 v3.9 Customized lists
\labelindent=\skip49
\enit@outerparindent=\dimen149
\enit@toks=\toks19
\enit@inbox=\box47
\enit@count@id=\count190
\enitdp@description=\count191
)
(/usr/share/texmf-dist/tex/latex/pdfpages/pdfpages.sty
Package: pdfpages 2021/03/06 v0.5t Insert pages of external PDF documents (AM)

(/usr/share/texmf-dist/tex/latex/base/ifthen.sty
Package: ifthen 2014/09/29 v1.1c Standard LaTeX ifthen package (DPC)
)
(/usr/share/texmf-dist/tex/latex/tools/calc.sty
Package: calc 2017/05/25 v4.3 Infix arithmetic (KKT,FJ)
\calc@Acount=\count192
\calc@Bcount=\count193
\calc@Adimen=\dimen150
\calc@Bdimen=\dimen151
\calc@Askip=\skip50
\calc@Bskip=\skip51
LaTeX Info: Redefining \setlength on input line 80.
LaTeX Info: Redefining \addtolength on input line 81.
\calc@Ccount=\count194
\calc@Cskip=\skip52
)
(/usr/share/texmf-dist/tex/latex/eso-pic/eso-pic.sty
Package: eso-pic 2020/10/14 v3.0a eso-pic (RN)
\ESO@tempdima=\dimen152
\ESO@tempdimb=\dimen153

(/usr/share/texmf-dist/tex/latex/xcolor/xcolor.sty
Package: xcolor 2016/05/11 v2.12 LaTeX color extensions (UK)

(/usr/share/texmf-dist/tex/latex/graphics-cfg/color.cfg
File: color.cfg 2016/01/02 v1.6 sample color configuration
)
Package xcolor Info: Driver file: pdftex.def on input line 225.
Package xcolor Info: Model `cmy' substituted by `cmy0' on input line 1348.
Package xcolor Info: Model `hsb' substituted by `rgb' on input line 1352.
Package xcolor Info: Model `RGB' extended on input line 1364.
Package xcolor Info: Model `HTML' substituted by `rgb' on input line 1366.
Package xcolor Info: Model `Hsb' substituted by `hsb' on input line 1367.
Package xcolor Info: Model `tHsb' substituted by `hsb' on input line 1368.
Package xcolor Info: Model `HSB' substituted by `hsb' on input line 1369.
Package xcolor Info: Model `Gray' substituted by `gray' on input line 1370.
Package xcolor Info: Model `wave' substituted by `hsb' on input line 1371.
))
\AM@pagewidth=\dimen154
\AM@pageheight=\dimen155
\AM@fboxrule=\dimen156

(/usr/share/texmf-dist/tex/latex/pdfpages/pppdftex.def
File: pppdftex.def 2021/03/06 v0.5t Pdfpages driver for pdfTeX (AM)
)
\pdfpages@includegraphics@status=\count195
\AM@pagebox=\box48
\AM@global@opts=\toks20
\AM@pagecnt=\count196
\AM@toc@title=\toks21
\c@AM@survey=\count197
\AM@templatesizebox=\box49
)
(/usr/share/texmf-dist/tex/latex/hyperref/hyperref.sty
Package: hyperref 2021-02-27 v7.00k Hypertext links for LaTeX

(/usr/share/texmf-dist/tex/generic/ltxcmds/ltxcmds.sty
Package: ltxcmds 2020-05-10 v1.25 LaTeX kernel commands for general use (HO)
)
(/usr/share/texmf-dist/tex/generic/pdftexcmds/pdftexcmds.sty
Package: pdftexcmds 2020-06-27 v0.33 Utility functions of pdfTeX for LuaTeX (HO
)

(/usr/share/texmf-dist/tex/generic/infwarerr/infwarerr.sty
Package: infwarerr 2019/12/03 v1.5 Providing info/warning/error messages (HO)
)
Package pdftexcmds Info: \pdf@primitive is available.
Package pdftexcmds Info: \pdf@ifprimitive is available.
Package pdftexcmds Info: \pdfdraftmode found.
)
(/usr/share/texmf-dist/tex/generic/kvsetkeys/kvsetkeys.sty
Package: kvsetkeys 2019/12/15 v1.18 Key value parser (HO)
)
(/usr/share/texmf-dist/tex/generic/kvdefinekeys/kvdefinekeys.sty
Package: kvdefinekeys 2019-12-19 v1.6 Define keys (HO)
)
(/usr/share/texmf-dist/tex/generic/pdfescape/pdfescape.sty
Package: pdfescape 2019/12/09 v1.15 Implements pdfTeX's escape features (HO)
)
(/usr/share/texmf-dist/tex/latex/hycolor/hycolor.sty
Package: hycolor 2020-01-27 v1.10 Color options for hyperref/bookmark (HO)
)
(/usr/share/texmf-dist/tex/latex/letltxmacro/letltxmacro.sty
Package: letltxmacro 2019/12/03 v1.6 Let assignment for LaTeX macros (HO)
)
(/usr/share/texmf-dist/tex/latex/auxhook/auxhook.sty
Package: auxhook 2019-12-17 v1.6 Hooks for auxiliary files (HO)
)
(/usr/share/texmf-dist/tex/latex/kvoptions/kvoptions.sty
Package: kvoptions 2020-10-07 v3.14 Key value format for package options (HO)
)
\@linkdim=\dimen157
\Hy@linkcounter=\count198
\Hy@pagecounter=\count199

(/usr/share/texmf-dist/tex/latex/hyperref/pd1enc.def
File: pd1enc.def 2021-02-27 v7.00k Hyperref: PDFDocEncoding definition (HO)
Now handling font encoding PD1 ...
... no UTF-8 mapping file for font encoding PD1
)
(/usr/share/texmf-dist/tex/latex/hyperref/hyperref-langpatches.def
File: hyperref-langpatches.def 2021-02-27 v7.00k Hyperref: patches for babel la
nguages
)
(/usr/share/texmf-dist/tex/generic/intcalc/intcalc.sty
Package: intcalc 2019/12/15 v1.3 Expandable calculations with integers (HO)
)
(/usr/share/texmf-dist/tex/generic/etexcmds/etexcmds.sty
Package: etexcmds 2019/12/15 v1.7 Avoid name clashes with e-TeX commands (HO)
)
\Hy@SavedSpaceFactor=\count266

(/usr/share/texmf-dist/tex/latex/hyperref/puenc.def
File: puenc.def 2021-02-27 v7.00k Hyperref: PDF Unicode definition (HO)
Now handling font encoding PU ...
... no UTF-8 mapping file for font encoding PU
)
Package hyperref Info: Hyper figures OFF on input line 4192.
Package hyperref Info: Link nesting OFF on input line 4197.
Package hyperref Info: Hyper index ON on input line 4200.
Package hyperref Info: Plain pages OFF on input line 4207.
Package hyperref Info: Backreferencing OFF on input line 4212.
Package hyperref Info: Implicit mode ON; LaTeX internals redefined.
Package hyperref Info: Bookmarks ON on input line 4445.
\c@Hy@tempcnt=\count267

(/usr/share/texmf-dist/tex/latex/url/url.sty
\Urlmuskip=\muskip16
Package: url 2013/09/16  ver 3.4  Verb mode for urls, etc.
)
LaTeX Info: Redefining \url on input line 4804.
\XeTeXLinkMargin=\dimen158

(/usr/share/texmf-dist/tex/generic/bitset/bitset.sty
Package: bitset 2019/12/09 v1.3 Handle bit-vector datatype (HO)

(/usr/share/texmf-dist/tex/generic/bigintcalc/bigintcalc.sty
Package: bigintcalc 2019/12/15 v1.5 Expandable calculations on big integers (HO
)
))
\Fld@menulength=\count268
\Field@Width=\dimen159
\Fld@charsize=\dimen160
Package hyperref Info: Hyper figures OFF on input line 6075.
Package hyperref Info: Link nesting OFF on input line 6080.
Package hyperref Info: Hyper index ON on input line 6083.
Package hyperref Info: backreferencing OFF on input line 6090.
Package hyperref Info: Link coloring OFF on input line 6095.
Package hyperref Info: Link coloring with OCG OFF on input line 6100.
Package hyperref Info: PDF/A mode OFF on input line 6105.
LaTeX Info: Redefining \ref on input line 6145.
LaTeX Info: Redefining \pageref on input line 6149.

(/usr/share/texmf-dist/tex/latex/base/atbegshi-ltx.sty
Package: atbegshi-ltx 2020/08/17 v1.0a Emulation of the original atbegshi packa
ge
with kernel methods
)
\Hy@abspage=\count269
\c@Item=\count270
\c@Hfootnote=\count271
)
Package hyperref Info: Driver (autodetected): hpdftex.

(/usr/share/texmf-dist/tex/latex/hyperref/hpdftex.def
File: hpdftex.def 2021-02-27 v7.00k Hyperref driver for pdfTeX

(/usr/share/texmf-dist/tex/latex/base/atveryend-ltx.sty
Package: atveryend-ltx 2020/08/19 v1.0a Emulation of the original atvery packag
e
with kernel methods
)
\Fld@listcount=\count272
\c@bookmark@seq@number=\count273

(/usr/share/texmf-dist/tex/latex/rerunfilecheck/rerunfilecheck.sty
Package: rerunfilecheck 2019/12/05 v1.9 Rerun checks for auxiliary files (HO)

(/usr/share/texmf-dist/tex/generic/uniquecounter/uniquecounter.sty
Package: uniquecounter 2019/12/15 v1.4 Provide unlimited unique counter (HO)
)
Package uniquecounter Info: New unique counter `rerunfilecheck' on input line 2
86.
)
\Hy@SectionHShift=\skip53
)
(/usr/share/texmf-dist/tex/latex/pgf/frontendlayer/tikz.sty
(/usr/share/texmf-dist/tex/latex/pgf/basiclayer/pgf.sty
(/usr/share/texmf-dist/tex/latex/pgf/utilities/pgfrcs.sty
(/usr/share/texmf-dist/tex/generic/pgf/utilities/pgfutil-common.tex
\pgfutil@everybye=\toks22
\pgfutil@tempdima=\dimen161
\pgfutil@tempdimb=\dimen162

(/usr/share/texmf-dist/tex/generic/pgf/utilities/pgfutil-common-lists.tex))
(/usr/share/texmf-dist/tex/generic/pgf/utilities/pgfutil-latex.def
\pgfutil@abb=\box50
)
(/usr/share/texmf-dist/tex/generic/pgf/utilities/pgfrcs.code.tex
(/usr/share/texmf-dist/tex/generic/pgf/pgf.revision.tex)
Package: pgfrcs 2020/12/27 v3.1.8b (3.1.8b)
))
Package: pgf 2020/12/27 v3.1.8b (3.1.8b)

(/usr/share/texmf-dist/tex/latex/pgf/basiclayer/pgfcore.sty
(/usr/share/texmf-dist/tex/latex/pgf/systemlayer/pgfsys.sty
(/usr/share/texmf-dist/tex/generic/pgf/systemlayer/pgfsys.code.tex
Package: pgfsys 2020/12/27 v3.1.8b (3.1.8b)

(/usr/share/texmf-dist/tex/generic/pgf/utilities/pgfkeys.code.tex
\pgfkeys@pathtoks=\toks23
\pgfkeys@temptoks=\toks24

(/usr/share/texmf-dist/tex/generic/pgf/utilities/pgfkeysfiltered.code.tex
\pgfkeys@tmptoks=\toks25
))
\pgf@x=\dimen163
\pgf@y=\dimen164
\pgf@xa=\dimen165
\pgf@ya=\dimen166
\pgf@xb=\dimen167
\pgf@yb=\dimen168
\pgf@xc=\dimen169
\pgf@yc=\dimen170
\pgf@xd=\dimen171
\pgf@yd=\dimen172
\w@pgf@writea=\write3
\r@pgf@reada=\read2
\c@pgf@counta=\count274
\c@pgf@countb=\count275
\c@pgf@countc=\count276
\c@pgf@countd=\count277
\t@pgf@toka=\toks26
\t@pgf@tokb=\toks27
\t@pgf@tokc=\toks28
\pgf@sys@id@count=\count278

(/usr/share/texmf-dist/tex/generic/pgf/systemlayer/pgf.cfg
File: pgf.cfg 2020/12/27 v3.1.8b (3.1.8b)
)
Driver file for pgf: pgfsys-pdftex.def

(/usr/share/texmf-dist/tex/generic/pgf/systemlayer/pgfsys-pdftex.def
File: pgfsys-pdftex.def 2020/12/27 v3.1.8b (3.1.8b)

(/usr/share/texmf-dist/tex/generic/pgf/systemlayer/pgfsys-common-pdf.def
File: pgfsys-common-pdf.def 2020/12/27 v3.1.8b (3.1.8b)
)))
(/usr/share/texmf-dist/tex/generic/pgf/systemlayer/pgfsyssoftpath.code.tex
File: pgfsyssoftpath.code.tex 2020/12/27 v3.1.8b (3.1.8b)
\pgfsyssoftpath@smallbuffer@items=\count279
\pgfsyssoftpath@bigbuffer@items=\count280
)
(/usr/share/texmf-dist/tex/generic/pgf/systemlayer/pgfsysprotocol.code.tex
File: pgfsysprotocol.code.tex 2020/12/27 v3.1.8b (3.1.8b)
))
(/usr/share/texmf-dist/tex/generic/pgf/basiclayer/pgfcore.code.tex
Package: pgfcore 2020/12/27 v3.1.8b (3.1.8b)

(/usr/share/texmf-dist/tex/generic/pgf/math/pgfmath.code.tex
(/usr/share/texmf-dist/tex/generic/pgf/math/pgfmathcalc.code.tex
(/usr/share/texmf-dist/tex/generic/pgf/math/pgfmathutil.code.tex)
(/usr/share/texmf-dist/tex/generic/pgf/math/pgfmathparser.code.tex
\pgfmath@dimen=\dimen173
\pgfmath@count=\count281
\pgfmath@box=\box51
\pgfmath@toks=\toks29
\pgfmath@stack@operand=\toks30
\pgfmath@stack@operation=\toks31
)
(/usr/share/texmf-dist/tex/generic/pgf/math/pgfmathfunctions.code.tex
(/usr/share/texmf-dist/tex/generic/pgf/math/pgfmathfunctions.basic.code.tex)
(/usr/share/texmf-dist/tex/generic/pgf/math/pgfmathfunctions.trigonometric.code
.tex)
(/usr/share/texmf-dist/tex/generic/pgf/math/pgfmathfunctions.random.code.tex)
(/usr/share/texmf-dist/tex/generic/pgf/math/pgfmathfunctions.comparison.code.te
x) (/usr/share/texmf-dist/tex/generic/pgf/math/pgfmathfunctions.base.code.tex)
(/usr/share/texmf-dist/tex/generic/pgf/math/pgfmathfunctions.round.code.tex)
(/usr/share/texmf-dist/tex/generic/pgf/math/pgfmathfunctions.misc.code.tex)
(/usr/share/texmf-dist/tex/generic/pgf/math/pgfmathfunctions.integerarithmetics
.code.tex))) (/usr/share/texmf-dist/tex/generic/pgf/math/pgfmathfloat.code.tex
\c@pgfmathroundto@lastzeros=\count282
)) (/usr/share/texmf-dist/tex/generic/pgf/math/pgfint.code.tex)
(/usr/share/texmf-dist/tex/generic/pgf/basiclayer/pgfcorepoints.code.tex
File: pgfcorepoints.code.tex 2020/12/27 v3.1.8b (3.1.8b)
\pgf@picminx=\dimen174
\pgf@picmaxx=\dimen175
\pgf@picminy=\dimen176
\pgf@picmaxy=\dimen177
\pgf@pathminx=\dimen178
\pgf@pathmaxx=\dimen179
\pgf@pathminy=\dimen180
\pgf@pathmaxy=\dimen181
\pgf@xx=\dimen182
\pgf@xy=\dimen183
\pgf@yx=\dimen184
\pgf@yy=\dimen185
\pgf@zx=\dimen186
\pgf@zy=\dimen187
)
(/usr/share/texmf-dist/tex/generic/pgf/basiclayer/pgfcorepathconstruct.code.tex
File: pgfcorepathconstruct.code.tex 2020/12/27 v3.1.8b (3.1.8b)
\pgf@path@lastx=\dimen188
\pgf@path@lasty=\dimen189
) (/usr/share/texmf-dist/tex/generic/pgf/basiclayer/pgfcorepathusage.code.tex
File: pgfcorepathusage.code.tex 2020/12/27 v3.1.8b (3.1.8b)
\pgf@shorten@end@additional=\dimen190
\pgf@shorten@start@additional=\dimen191
)
(/usr/share/texmf-dist/tex/generic/pgf/basiclayer/pgfcorescopes.code.tex
File: pgfcorescopes.code.tex 2020/12/27 v3.1.8b (3.1.8b)
\pgfpic=\box52
\pgf@hbox=\box53
\pgf@layerbox@main=\box54
\pgf@picture@serial@count=\count283
)
(/usr/share/texmf-dist/tex/generic/pgf/basiclayer/pgfcoregraphicstate.code.tex
File: pgfcoregraphicstate.code.tex 2020/12/27 v3.1.8b (3.1.8b)
\pgflinewidth=\dimen192
)
(/usr/share/texmf-dist/tex/generic/pgf/basiclayer/pgfcoretransformations.code.t
ex
File: pgfcoretransformations.code.tex 2020/12/27 v3.1.8b (3.1.8b)
\pgf@pt@x=\dimen193
\pgf@pt@y=\dimen194
\pgf@pt@temp=\dimen195
) (/usr/share/texmf-dist/tex/generic/pgf/basiclayer/pgfcorequick.code.tex
File: pgfcorequick.code.tex 2020/12/27 v3.1.8b (3.1.8b)
)
(/usr/share/texmf-dist/tex/generic/pgf/basiclayer/pgfcoreobjects.code.tex
File: pgfcoreobjects.code.tex 2020/12/27 v3.1.8b (3.1.8b)
)
(/usr/share/texmf-dist/tex/generic/pgf/basiclayer/pgfcorepathprocessing.code.te
x
File: pgfcorepathprocessing.code.tex 2020/12/27 v3.1.8b (3.1.8b)
) (/usr/share/texmf-dist/tex/generic/pgf/basiclayer/pgfcorearrows.code.tex
File: pgfcorearrows.code.tex 2020/12/27 v3.1.8b (3.1.8b)
\pgfarrowsep=\dimen196
)
(/usr/share/texmf-dist/tex/generic/pgf/basiclayer/pgfcoreshade.code.tex
File: pgfcoreshade.code.tex 2020/12/27 v3.1.8b (3.1.8b)
\pgf@max=\dimen197
\pgf@sys@shading@range@num=\count284
\pgf@shadingcount=\count285
)
(/usr/share/texmf-dist/tex/generic/pgf/basiclayer/pgfcoreimage.code.tex
File: pgfcoreimage.code.tex 2020/12/27 v3.1.8b (3.1.8b)

(/usr/share/texmf-dist/tex/generic/pgf/basiclayer/pgfcoreexternal.code.tex
File: pgfcoreexternal.code.tex 2020/12/27 v3.1.8b (3.1.8b)
\pgfexternal@startupbox=\box55
))
(/usr/share/texmf-dist/tex/generic/pgf/basiclayer/pgfcorelayers.code.tex
File: pgfcorelayers.code.tex 2020/12/27 v3.1.8b (3.1.8b)
)
(/usr/share/texmf-dist/tex/generic/pgf/basiclayer/pgfcoretransparency.code.tex
File: pgfcoretransparency.code.tex 2020/12/27 v3.1.8b (3.1.8b)
) (/usr/share/texmf-dist/tex/generic/pgf/basiclayer/pgfcorepatterns.code.tex
File: pgfcorepatterns.code.tex 2020/12/27 v3.1.8b (3.1.8b)
)
(/usr/share/texmf-dist/tex/generic/pgf/basiclayer/pgfcorerdf.code.tex
File: pgfcorerdf.code.tex 2020/12/27 v3.1.8b (3.1.8b)
)))
(/usr/share/texmf-dist/tex/generic/pgf/modules/pgfmoduleshapes.code.tex
File: pgfmoduleshapes.code.tex 2020/12/27 v3.1.8b (3.1.8b)
\pgfnodeparttextbox=\box56
)
(/usr/share/texmf-dist/tex/generic/pgf/modules/pgfmoduleplot.code.tex
File: pgfmoduleplot.code.tex 2020/12/27 v3.1.8b (3.1.8b)
)
(/usr/share/texmf-dist/tex/latex/pgf/compatibility/pgfcomp-version-0-65.sty
Package: pgfcomp-version-0-65 2020/12/27 v3.1.8b (3.1.8b)
\pgf@nodesepstart=\dimen198
\pgf@nodesepend=\dimen199
)
(/usr/share/texmf-dist/tex/latex/pgf/compatibility/pgfcomp-version-1-18.sty
Package: pgfcomp-version-1-18 2020/12/27 v3.1.8b (3.1.8b)
))
(/usr/share/texmf-dist/tex/latex/pgf/utilities/pgffor.sty
(/usr/share/texmf-dist/tex/latex/pgf/utilities/pgfkeys.sty
(/usr/share/texmf-dist/tex/generic/pgf/utilities/pgfkeys.code.tex))
(/usr/share/texmf-dist/tex/latex/pgf/math/pgfmath.sty
(/usr/share/texmf-dist/tex/generic/pgf/math/pgfmath.code.tex))
(/usr/share/texmf-dist/tex/generic/pgf/utilities/pgffor.code.tex
Package: pgffor 2020/12/27 v3.1.8b (3.1.8b)

(/usr/share/texmf-dist/tex/generic/pgf/math/pgfmath.code.tex)
\pgffor@iter=\dimen256
\pgffor@skip=\dimen257
\pgffor@stack=\toks32
\pgffor@toks=\toks33
))
(/usr/share/texmf-dist/tex/generic/pgf/frontendlayer/tikz/tikz.code.tex
Package: tikz 2020/12/27 v3.1.8b (3.1.8b)

(/usr/share/texmf-dist/tex/generic/pgf/libraries/pgflibraryplothandlers.code.te
x
File: pgflibraryplothandlers.code.tex 2020/12/27 v3.1.8b (3.1.8b)
\pgf@plot@mark@count=\count286
\pgfplotmarksize=\dimen258
)
\tikz@lastx=\dimen259
\tikz@lasty=\dimen260
\tikz@lastxsaved=\dimen261
\tikz@lastysaved=\dimen262
\tikz@lastmovetox=\dimen263
\tikz@lastmovetoy=\dimen264
\tikzleveldistance=\dimen265
\tikzsiblingdistance=\dimen266
\tikz@figbox=\box57
\tikz@figbox@bg=\box58
\tikz@tempbox=\box59
\tikz@tempbox@bg=\box60
\tikztreelevel=\count287
\tikznumberofchildren=\count288
\tikznumberofcurrentchild=\count289
\tikz@fig@count=\count290
 (/usr/share/texmf-dist/tex/generic/pgf/modules/pgfmodulematrix.code.tex
File: pgfmodulematrix.code.tex 2020/12/27 v3.1.8b (3.1.8b)
\pgfmatrixcurrentrow=\count291
\pgfmatrixcurrentcolumn=\count292
\pgf@matrix@numberofcolumns=\count293
)
\tikz@expandcount=\count294

(/usr/share/texmf-dist/tex/generic/pgf/frontendlayer/tikz/libraries/tikzlibrary
topaths.code.tex
File: tikzlibrarytopaths.code.tex 2020/12/27 v3.1.8b (3.1.8b)
))) (/usr/share/texmf-dist/tex/latex/attachfile/attachfile.sty
Package: attachfile 2016/09/18 v1.9 PDF 1.3+ file attachment

(/usr/share/texmf-dist/tex/generic/iftex/ifpdf.sty
Package: ifpdf 2019/10/25 v3.4 ifpdf legacy package. Use iftex instead.
)
\c@atfi@tmp=\count295
\atfi@appearancewidth=\skip54
\atfi@appearanceheight=\skip55
\atfi@appearancedepth=\skip56
\atfi@appearancebox=\box61
)
(/usr/share/texmf-dist/tex/latex/epstopdf-pkg/epstopdf.sty
Package: epstopdf 2020-01-24 v2.11 Conversion with epstopdf on the fly (HO)

(/usr/share/texmf-dist/tex/latex/grfext/grfext.sty
Package: grfext 2019/12/03 v1.3 Manage graphics extensions (HO)
)
(/usr/share/texmf-dist/tex/latex/epstopdf-pkg/epstopdf-base.sty
Package: epstopdf-base 2020-01-24 v2.11 Base part for package epstopdf
Package epstopdf-base Info: Redefining graphics rule for `.eps' on input line 4
85.
Package grfext Info: Graphics extension search list:
(grfext)             [.pdf,.png,.jpg,.mps,.jpeg,.jbig2,.jb2,.PDF,.PNG,.JPG,.JPE
G,.JBIG2,.JB2,.eps]
(grfext)             \AppendGraphicsExtensions on input line 504.

(/usr/share/texmf-dist/tex/latex/latexconfig/epstopdf-sys.cfg
File: epstopdf-sys.cfg 2010/07/13 v1.3 Configuration of (r)epstopdf for TeX Liv
e
)))
(/usr/share/texmf-dist/tex/latex/tools/array.sty
Package: array 2020/10/01 v2.5c Tabular extension package (FMi)
\col@sep=\dimen267
\ar@mcellbox=\box62
\extrarowheight=\dimen268
\NC@list=\toks34
\extratabsurround=\skip57
\backup@length=\skip58
\ar@cellbox=\box63
)
(/usr/share/texmf-dist/tex/latex/multirow/multirow.sty
Package: multirow 2021/03/15 v2.8 Span multiple rows of a table
\multirow@colwidth=\skip59
\multirow@cntb=\count296
\multirow@dima=\skip60
\bigstrutjot=\dimen269
)
(/usr/share/texmf-dist/tex/latex/tools/multicol.sty
Package: multicol 2019/12/09 v1.8y multicolumn formatting (FMi)
\c@tracingmulticols=\count297
\mult@box=\box64
\multicol@leftmargin=\dimen270
\c@unbalance=\count298
\c@collectmore=\count299
\doublecol@number=\count300
\multicoltolerance=\count301
\multicolpretolerance=\count302
\full@width=\dimen271
\page@free=\dimen272
\premulticols=\dimen273
\postmulticols=\dimen274
\multicolsep=\skip61
\multicolbaselineskip=\skip62
\partial@page=\box65
\last@line=\box66
\maxbalancingoverflow=\dimen275
\mult@rightbox=\box67
\mult@grightbox=\box68
\mult@gfirstbox=\box69
\mult@firstbox=\box70
\@tempa=\box71
\@tempa=\box72
\@tempa=\box73
\@tempa=\box74
\@tempa=\box75
\@tempa=\box76
\@tempa=\box77
\@tempa=\box78
\@tempa=\box79
\@tempa=\box80
\@tempa=\box81
\@tempa=\box82
\@tempa=\box83
\@tempa=\box84
\@tempa=\box85
\@tempa=\box86
\@tempa=\box87
\@tempa=\box88
\@tempa=\box89
\@tempa=\box90
\@tempa=\box91
\@tempa=\box92
\@tempa=\box93
\@tempa=\box94
\@tempa=\box95
\@tempa=\box96
\@tempa=\box97
\@tempa=\box98
\@tempa=\box99
\@tempa=\box100
\@tempa=\box101
\@tempa=\box102
\@tempa=\box103
\@tempa=\box104
\@tempa=\box105
\@tempa=\box106
\@tempa=\box107
\c@minrows=\count303
\c@columnbadness=\count304
\c@finalcolumnbadness=\count305
\last@try=\dimen276
\multicolovershoot=\dimen277
\multicolundershoot=\dimen278
\mult@nat@firstbox=\box108
\colbreak@box=\box109
\mc@col@check@num=\count306
)
(/usr/share/texmf-dist/tex/latex/float/float.sty
Package: float 2001/11/08 v1.3d Float enhancements (AL)
\c@float@type=\count307
\float@exts=\toks35
\float@box=\box110
\@float@everytoks=\toks36
\@floatcapt=\box111
)
(/usr/share/texmf-dist/tex/latex/listings/listings.sty
\lst@mode=\count308
\lst@gtempboxa=\box112
\lst@token=\toks37
\lst@length=\count309
\lst@currlwidth=\dimen279
\lst@column=\count310
\lst@pos=\count311
\lst@lostspace=\dimen280
\lst@width=\dimen281
\lst@newlines=\count312
\lst@lineno=\count313
\lst@maxwidth=\dimen282

(/usr/share/texmf-dist/tex/latex/listings/lstmisc.sty
File: lstmisc.sty 2020/03/24 1.8d (Carsten Heinz)
\c@lstnumber=\count314
\lst@skipnumbers=\count315
\lst@framebox=\box113
)
(/usr/share/texmf-dist/tex/latex/listings/listings.cfg
File: listings.cfg 2020/03/24 1.8d listings configuration
))
Package: listings 2020/03/24 1.8d (Carsten Heinz)
 (./arduinoLanguage.tex (/usr/share/texmf-dist/tex/latex/psnfss/courier.sty
Package: courier 2020/03/25 PSNFSS-v9.3 (WaS) 
))
\questnum=\count316
\answnum=\count317
\explnum=\count318

(/usr/share/texmf-dist/tex/latex/l3backend/l3backend-pdftex.def
File: l3backend-pdftex.def 2021-03-18 L3 backend support: PDF output (pdfTeX)
\l__color_backend_stack_int=\count319
\l__pdf_internal_box=\box114
)
(./lStasjon06.aux)
\openout1 = `lStasjon06.aux'.

LaTeX Font Info:    Checking defaults for OML/cmm/m/it on input line 73.
LaTeX Font Info:    ... okay on input line 73.
LaTeX Font Info:    Checking defaults for OMS/cmsy/m/n on input line 73.
LaTeX Font Info:    ... okay on input line 73.
LaTeX Font Info:    Checking defaults for OT1/cmr/m/n on input line 73.
LaTeX Font Info:    ... okay on input line 73.
LaTeX Font Info:    Checking defaults for T1/cmr/m/n on input line 73.
LaTeX Font Info:    ... okay on input line 73.
LaTeX Font Info:    Checking defaults for TS1/cmr/m/n on input line 73.
LaTeX Font Info:    ... okay on input line 73.
LaTeX Font Info:    Checking defaults for OMX/cmex/m/n on input line 73.
LaTeX Font Info:    ... okay on input line 73.
LaTeX Font Info:    Checking defaults for U/cmr/m/n on input line 73.
LaTeX Font Info:    ... okay on input line 73.
LaTeX Font Info:    Checking defaults for PD1/pdf/m/n on input line 73.
LaTeX Font Info:    ... okay on input line 73.
LaTeX Font Info:    Checking defaults for PU/pdf/m/n on input line 73.
LaTeX Font Info:    ... okay on input line 73.

*geometry* driver: auto-detecting
*geometry* detected driver: pdftex
*geometry* verbose mode - [ preamble ] result:
* driver: pdftex
* paper: a4paper
* layout: <same size as paper>
* layoutoffset:(h,v)=(0.0pt,0.0pt)
* modes: 
* h-part:(L,W,R)=(56.9055pt, 483.69684pt, 56.90553pt)
* v-part:(T,H,B)=(56.9055pt, 731.23582pt, 56.90552pt)
* \paperwidth=597.50787pt
* \paperheight=845.04684pt
* \textwidth=455.24408pt
* \textheight=731.23582pt
* \oddsidemargin=-14.22636pt
* \evensidemargin=-14.22636pt
* \topmargin=-52.36449pt
* \headheight=12.0pt
* \headsep=25.0pt
* \topskip=12.0pt
* \footskip=30.0pt
* \marginparwidth=35.0pt
* \marginparsep=10.0pt
* \columnsep=10.0pt
* \skip\footins=10.8pt plus 4.0pt minus 2.0pt
* \hoffset=0.0pt
* \voffset=0.0pt
* \mag=1000
* \@twocolumnfalse
* \@twosidefalse
* \@mparswitchfalse
* \@reversemarginfalse
* (1in=72.27pt=25.4mm, 1cm=28.453pt)

(/usr/share/texmf-dist/tex/context/base/mkii/supp-pdf.mkii
[Loading MPS to PDF converter (version 2006.09.02).]
\scratchcounter=\count320
\scratchdimen=\dimen283
\scratchbox=\box115
\nofMPsegments=\count321
\nofMParguments=\count322
\everyMPshowfont=\toks38
\MPscratchCnt=\count323
\MPscratchDim=\dimen284
\MPnumerator=\count324
\makeMPintoPDFobject=\count325
\everyMPtoPDFconversion=\toks39
) (/usr/share/texmf-dist/tex/latex/pdflscape/pdflscape.sty
Package: pdflscape 2019/12/05 v0.12 Display of landscape pages in PDF (HO)

(/usr/share/texmf-dist/tex/latex/graphics/lscape.sty
Package: lscape 2020/05/28 v3.02 Landscape Pages (DPC)
)
Package pdflscape Info: Auto-detected driver: pdftex on input line 81.
)
Package hyperref Info: Link coloring OFF on input line 73.

(/usr/share/texmf-dist/tex/latex/hyperref/nameref.sty
Package: nameref 2021-04-02 v2.47 Cross-referencing by name of section

(/usr/share/texmf-dist/tex/latex/refcount/refcount.sty
Package: refcount 2019/12/15 v3.6 Data extraction from label references (HO)
)
(/usr/share/texmf-dist/tex/generic/gettitlestring/gettitlestring.sty
Package: gettitlestring 2019/12/15 v1.6 Cleanup title references (HO)
)
\c@section@level=\count326
)
LaTeX Info: Redefining \ref on input line 73.
LaTeX Info: Redefining \pageref on input line 73.
LaTeX Info: Redefining \nameref on input line 73.

(./lStasjon06.out) (./lStasjon06.out)
\@outlinefile=\write4
\openout4 = `lStasjon06.out'.

\c@lstlisting=\count327
)
LaTeX Font Info:    External font `cmex10' loaded for size
(Font)              <12> on input line 21.
LaTeX Font Info:    External font `cmex10' loaded for size
(Font)              <8> on input line 21.
LaTeX Font Info:    External font `cmex10' loaded for size
(Font)              <6> on input line 21.
<./stasjon06x01.jpg, id=7, 4047.12pt x 2276.505pt>
File: ./stasjon06x01.jpg Graphic file (type jpg)
<use ./stasjon06x01.jpg>
Package pdftex.def Info: ./stasjon06x01.jpg  used on input line 21.
(pdftex.def)             Requested size: 505.82701pt x 284.52756pt.

Underfull \hbox (badness 10000) in paragraph at lines 21--22

 []

[1

{/var/lib/texmf/fonts/map/pdftex/updmap/pdftex.map} <./stasjon06x01.jpg>]
[2]
<i04861x01.png, id=23, 651.18282pt x 362.85562pt>
File: i04861x01.png Graphic file (type png)
<use i04861x01.png>
Package pdftex.def Info: i04861x01.png  used on input line 84.
(pdftex.def)             Requested size: 227.62204pt x 126.83527pt.
<i04861x02.png, id=25, 648.17157pt x 362.85562pt>
File: i04861x02.png Graphic file (type png)
<use i04861x02.png>
Package pdftex.def Info: i04861x02.png  used on input line 84.
(pdftex.def)             Requested size: 227.62204pt x 127.42769pt.
<i04861x03.png, id=26, 654.19406pt x 365.86688pt>
File: i04861x03.png Graphic file (type png)
<use i04861x03.png>
Package pdftex.def Info: i04861x03.png  used on input line 92.
(pdftex.def)             Requested size: 455.24408pt x 254.60332pt.
 [3 <./i04861x01.png> <./i04861x02.png>]
<i04861x04.png, id=33, 649.67719pt x 359.84438pt>
File: i04861x04.png Graphic file (type png)
<use i04861x04.png>
Package pdftex.def Info: i04861x04.png  used on input line 100.
(pdftex.def)             Requested size: 455.24408pt x 252.15839pt.
<i04861x05.png, id=34, 652.68843pt x 363.60844pt>
File: i04861x05.png Graphic file (type png)
<use i04861x05.png>
Package pdftex.def Info: i04861x05.png  used on input line 108.
(pdftex.def)             Requested size: 455.24408pt x 253.62535pt.
 [4 <./i04861x03.png> <./i04861x04.png>]
<i04861x06.png, id=41, 649.67719pt x 358.33875pt>
File: i04861x06.png Graphic file (type png)
<use i04861x06.png>
Package pdftex.def Info: i04861x06.png  used on input line 131.
(pdftex.def)             Requested size: 455.24408pt x 251.10333pt.
 [5 <./i04861x05.png>]
<i04861x07.png, id=47, 651.18282pt x 360.59718pt>
File: i04861x07.png Graphic file (type png)
<use i04861x07.png>
Package pdftex.def Info: i04861x07.png  used on input line 139.
(pdftex.def)             Requested size: 455.24408pt x 252.10268pt.
<i04861x08.png, id=48, 654.19406pt x 363.60844pt>
File: i04861x08.png Graphic file (type png)
<use i04861x08.png>
Package pdftex.def Info: i04861x08.png  used on input line 148.
(pdftex.def)             Requested size: 455.24408pt x 253.0317pt.
 [6 <./i04861x06.png> <./i04861x07.png>]
<i04861x09.png, id=55, 650.43pt x 363.60844pt>
File: i04861x09.png Graphic file (type png)
<use i04861x09.png>
Package pdftex.def Info: i04861x09.png  used on input line 169.
(pdftex.def)             Requested size: 455.24408pt x 254.50197pt.
 [7 <./i04861x08.png>]
<i04861x10.png, id=62, 456.95718pt x 434.37282pt>
File: i04861x10.png Graphic file (type png)
<use i04861x10.png>
Package pdftex.def Info: i04861x10.png  used on input line 182.
(pdftex.def)             Requested size: 455.24408pt x 432.76114pt.
 [8 <./i04861x09.png>]
<i04861x11.png, id=68, 649.67719pt x 364.36125pt>
File: i04861x11.png Graphic file (type png)
<use i04861x11.png>
Package pdftex.def Info: i04861x11.png  used on input line 190.
(pdftex.def)             Requested size: 455.24408pt x 255.32355pt.
 [9 <./i04861x10.png>]
<i04861x12.png, id=74, 654.94687pt x 364.36125pt>
File: i04861x12.png Graphic file (type png)
<use i04861x12.png>
Package pdftex.def Info: i04861x12.png  used on input line 202.
(pdftex.def)             Requested size: 455.24408pt x 253.26091pt.
<i04861x13.png, id=75, 651.93562pt x 362.85562pt>
File: i04861x13.png Graphic file (type png)
<use i04861x13.png>
Package pdftex.def Info: i04861x13.png  used on input line 210.
(pdftex.def)             Requested size: 455.24408pt x 253.38817pt.
 [10 <./i04861x11.png> <./i04861x12.png>]
<../nogpl/i04861x14.png, id=82, 455.301pt x 212.4738pt>
File: ../nogpl/i04861x14.png Graphic file (type png)
<use ../nogpl/i04861x14.png>
Package pdftex.def Info: ../nogpl/i04861x14.png  used on input line 237.
(pdftex.def)             Requested size: 455.24408pt x 212.45381pt.
 [11 <./i04861x13.png> <../nogpl/i04861x14.png>]
<i04861x15.png, id=90, 648.17157pt x 362.10281pt>
File: i04861x15.png Graphic file (type png)
<use i04861x15.png>
Package pdftex.def Info: i04861x15.png  used on input line 243.
(pdftex.def)             Requested size: 455.24408pt x 254.32664pt.
<i04861x16.png, id=91, 649.67719pt x 360.59718pt>
File: i04861x16.png Graphic file (type png)
<use i04861x16.png>
Package pdftex.def Info: i04861x16.png  used on input line 247.
(pdftex.def)             Requested size: 455.24408pt x 252.68591pt.
<i04861x17.png, id=92, 648.92438pt x 362.85562pt>
File: i04861x17.png Graphic file (type png)
<use i04861x17.png>
Package pdftex.def Info: i04861x17.png  used on input line 254.
(pdftex.def)             Requested size: 455.24408pt x 254.56195pt.
 [12 <./i04861x15.png> <./i04861x16.png>]
<i04861x18.png, id=99, 652.68843pt x 366.61969pt>
File: i04861x18.png Graphic file (type png)
<use i04861x18.png>
Package pdftex.def Info: i04861x18.png  used on input line 258.
(pdftex.def)             Requested size: 455.24408pt x 255.72577pt.
<i04861x19.png, id=100, 523.45563pt x 319.69438pt>
File: i04861x19.png Graphic file (type png)
<use i04861x19.png>
Package pdftex.def Info: i04861x19.png  used on input line 264.
(pdftex.def)             Requested size: 455.24408pt x 278.03917pt.
 [13 <./i04861x17.png> <./i04861x18.png>]
<i04861x20.png, id=108, 652.68843pt x 364.36125pt>
File: i04861x20.png Graphic file (type png)
<use i04861x20.png>
Package pdftex.def Info: i04861x20.png  used on input line 270.
(pdftex.def)             Requested size: 455.24408pt x 254.15045pt.
<../nogpl/i04861x21.png, id=109, 396.5214pt x 170.5572pt>
File: ../nogpl/i04861x21.png Graphic file (type png)
<use ../nogpl/i04861x21.png>
Package pdftex.def Info: ../nogpl/i04861x21.png  used on input line 289.
(pdftex.def)             Requested size: 396.52042pt x 170.55678pt.
 [14 <./i04861x19.png> <./i04861x20.png>]
<i04861x22.png, id=116, 650.43pt x 366.61969pt>
File: i04861x22.png Graphic file (type png)
<use i04861x22.png>
Package pdftex.def Info: i04861x22.png  used on input line 296.
(pdftex.def)             Requested size: 455.24408pt x 256.60965pt.
<i04861x23.png, id=117, 651.93562pt x 359.09157pt>
File: i04861x23.png Graphic file (type png)
<use i04861x23.png>
Package pdftex.def Info: i04861x23.png  used on input line 300.
(pdftex.def)             Requested size: 455.24408pt x 250.75966pt.
 [15 <../nogpl/i04861x21.png> <./i04861x22.png> <./i04861x23.png>]
<i04861x24.png, id=125, 654.94687pt x 363.60844pt>
File: i04861x24.png Graphic file (type png)
<use i04861x24.png>
Package pdftex.def Info: i04861x24.png  used on input line 305.
(pdftex.def)             Requested size: 455.24408pt x 252.73764pt.
<i04861x25.png, id=126, 651.93562pt x 365.86688pt>
File: i04861x25.png Graphic file (type png)
<use i04861x25.png>
Package pdftex.def Info: i04861x25.png  used on input line 313.
(pdftex.def)             Requested size: 455.24408pt x 255.49097pt.
<i04861x26.png, id=127, 654.94687pt x 365.11406pt>
File: i04861x26.png Graphic file (type png)
<use i04861x26.png>
Package pdftex.def Info: i04861x26.png  used on input line 317.
(pdftex.def)             Requested size: 455.24408pt x 253.78416pt.
 [16 <./i04861x24.png> <./i04861x25.png>]
<i04861x27.png, id=134, 654.94687pt x 362.10281pt>
File: i04861x27.png Graphic file (type png)
<use i04861x27.png>
Package pdftex.def Info: i04861x27.png  used on input line 323.
(pdftex.def)             Requested size: 455.24408pt x 251.6911pt.
<i04861x28.png, id=135, 481.8pt x 181.42781pt>
File: i04861x28.png Graphic file (type png)
<use i04861x28.png>
Package pdftex.def Info: i04861x28.png  used on input line 327.
(pdftex.def)             Requested size: 455.24408pt x 171.43358pt.
 [17 <./i04861x26.png> <./i04861x27.png> <./i04861x28.png>]
<../nogpl/i04861x29.png, id=143, 455.7828pt x 226.446pt>
File: ../nogpl/i04861x29.png Graphic file (type png)
<use ../nogpl/i04861x29.png>
Package pdftex.def Info: ../nogpl/i04861x29.png  used on input line 346.
(pdftex.def)             Requested size: 455.24408pt x 226.17592pt.
<../nogpl/i04861x30.png, id=144, 298.716pt x 225.4824pt>
File: ../nogpl/i04861x30.png Graphic file (type png)
<use ../nogpl/i04861x30.png>
Package pdftex.def Info: ../nogpl/i04861x30.png  used on input line 350.
(pdftex.def)             Requested size: 298.71526pt x 225.48184pt.
<i04861x31.png, id=145, 655.69969pt x 366.61969pt>
File: i04861x31.png Graphic file (type png)
<use i04861x31.png>
Package pdftex.def Info: i04861x31.png  used on input line 364.
(pdftex.def)             Requested size: 455.24408pt x 254.53981pt.
 [18 <../nogpl/i04861x29.png> <../nogpl/i04861x30.png>]
<i04861x32.png, id=152, 654.94687pt x 362.10281pt>
File: i04861x32.png Graphic file (type png)
<use i04861x32.png>
Package pdftex.def Info: i04861x32.png  used on input line 368.
(pdftex.def)             Requested size: 455.24408pt x 251.6911pt.
<../nogpl/i04861x33.png, id=153, 408.5664pt x 202.8378pt>
File: ../nogpl/i04861x33.png Graphic file (type png)
<use ../nogpl/i04861x33.png>
Package pdftex.def Info: ../nogpl/i04861x33.png  used on input line 375.
(pdftex.def)             Requested size: 408.5654pt x 202.8373pt.
 [19 <./i04861x31.png> <./i04861x32.png>]
<i04861x34.png, id=161, 653.44125pt x 367.3725pt>
File: i04861x34.png Graphic file (type png)
<use i04861x34.png>
Package pdftex.def Info: i04861x34.png  used on input line 391.
(pdftex.def)             Requested size: 455.24408pt x 255.94255pt.
<i04861x35.png, id=162, 653.94313pt x 361.85187pt>
File: i04861x35.png Graphic file (type png)
<use i04861x35.png>
Package pdftex.def Info: i04861x35.png  used on input line 407.
(pdftex.def)             Requested size: 455.24408pt x 251.90318pt.
 [20 <../nogpl/i04861x33.png> <./i04861x34.png>]
<i04861x36.png, id=169, 660.96938pt x 360.34625pt>
File: i04861x36.png Graphic file (type png)
<use i04861x36.png>
Package pdftex.def Info: i04861x36.png  used on input line 414.
(pdftex.def)             Requested size: 455.24408pt x 248.1993pt.
LaTeX Font Info:    Trying to load font information for T1+cmss on input line 4
35.
 (/usr/share/texmf-dist/tex/latex/base/t1cmss.fd
File: t1cmss.fd 2019/12/16 v2.5j Standard LaTeX font definitions
)
[21 <./i04861x35.png> <./i04861x36.png>] [22]
Overfull \hbox (1.6693pt too wide) in paragraph at lines 559--562
[]\T1/cmr/m/n/12 TPReadFK (Flex-Pen-dant Read Func-tion Key) er brukt til å skr
ive tekst på funksjons
 []


Overfull \hbox (18.17603pt too wide) in paragraph at lines 566--567
[][][][][][][][][][][][][][][][][][][][][][][][][][][][] 
 []

<i04861x37.png, id=220, 652.4375pt x 364.86313pt>
File: i04861x37.png Graphic file (type png)
<use i04861x37.png>
Package pdftex.def Info: i04861x37.png  used on input line 578.
(pdftex.def)             Requested size: 455.24408pt x 254.59517pt.

Overfull \hbox (29.3747pt too wide) in paragraph at lines 578--579
[][] 
 []

[23]
Overfull \hbox (0.71266pt too wide) in paragraph at lines 628--630
[]\T1/cmr/m/n/12 Endre hen-tepo-sisjonene fra 1 i høy-den til å plukke fra sta-
bel, hen-te-høy-den bestemmes
 []

[24 <./i04861x37.png>] [25] [26] [27] (./lStasjon06.aux)
Package rerunfilecheck Info: File `lStasjon06.out' has not changed.
(rerunfilecheck)             Checksum: D41D8CD98F00B204E9800998ECF8427E;0.
 ) 
Here is how much of TeX's memory you used:
 22243 strings out of 478994
 393251 string characters out of 5864750
 703289 words of memory out of 5000000
 39232 multiletter control sequences out of 15000+600000
 408813 words of font info for 40 fonts, out of 8000000 for 9000
 1141 hyphenation exceptions out of 8191
 88i,6n,88p,434b,1894s stack positions out of 5000i,500n,10000p,200000b,80000s
{/usr/share/texmf-dist/fonts/enc/dvips/cm-super/cm-super-t1.enc}{/usr/share/t
exmf-dist/fonts/enc/dvips/cm-super/cm-super-ts1.enc}</usr/share/texmf-dist/font
s/type1/public/cm-super/sfbx1200.pfb></usr/share/texmf-dist/fonts/type1/public/
cm-super/sfrm1200.pfb></usr/share/texmf-dist/fonts/type1/public/cm-super/sfss12
00.pfb>
Output written on lStasjon06.pdf (27 pages, 8079085 bytes).
PDF statistics:
 322 PDF objects out of 1000 (max. 8388607)
 212 compressed objects within 3 object streams
 107 named destinations out of 1000 (max. 500000)
 203 words of extra memory for PDF output out of 10000 (max. 10000000)

