This is pdfTeX, Version 3.141592653-2.6-1.40.25 (TeX Live 2023/Arch Linux) (preloaded format=pdflatex 2023.9.17)  28 JAN 2024 18:43
entering extended mode
 restricted \write18 enabled.
 %&-line parsing enabled.
**lUltralydtransmitter.tex
(./lUltralydtransmitter.tex
LaTeX2e <2022-11-01> patch level 1
L3 programming layer <2023-02-22> (./preamble.tex
(/usr/share/texmf-dist/tex/latex/base/article.cls
Document Class: article 2022/07/02 v1.4n Standard LaTeX document class
(/usr/share/texmf-dist/tex/latex/base/size12.clo
File: size12.clo 2022/07/02 v1.4n Standard LaTeX file (size option)
)
\c@part=\count185
\c@section=\count186
\c@subsection=\count187
\c@subsubsection=\count188
\c@paragraph=\count189
\c@subparagraph=\count190
\c@figure=\count191
\c@table=\count192
\abovecaptionskip=\skip48
\belowcaptionskip=\skip49
\bibindent=\dimen140
)
(/usr/share/texmf-dist/tex/latex/geometry/geometry.sty
Package: geometry 2020/01/02 v5.9 Page Geometry

(/usr/share/texmf-dist/tex/latex/graphics/keyval.sty
Package: keyval 2022/05/29 v1.15 key=value parser (DPC)
\KV@toks@=\toks16
)
(/usr/share/texmf-dist/tex/generic/iftex/ifvtex.sty
Package: ifvtex 2019/10/25 v1.7 ifvtex legacy package. Use iftex instead.

(/usr/share/texmf-dist/tex/generic/iftex/iftex.sty
Package: iftex 2022/02/03 v1.0f TeX engine tests
))
\Gm@cnth=\count193
\Gm@cntv=\count194
\c@Gm@tempcnt=\count195
\Gm@bindingoffset=\dimen141
\Gm@wd@mp=\dimen142
\Gm@odd@mp=\dimen143
\Gm@even@mp=\dimen144
\Gm@layoutwidth=\dimen145
\Gm@layoutheight=\dimen146
\Gm@layouthoffset=\dimen147
\Gm@layoutvoffset=\dimen148
\Gm@dimlist=\toks17
)
(/usr/share/texmf-dist/tex/latex/base/inputenc.sty
Package: inputenc 2021/02/14 v1.3d Input encoding file
\inpenc@prehook=\toks18
\inpenc@posthook=\toks19
)
(/usr/share/texmf-dist/tex/latex/xcolor/xcolor.sty
Package: xcolor 2022/06/12 v2.14 LaTeX color extensions (UK)

(/usr/share/texmf-dist/tex/latex/graphics-cfg/color.cfg
File: color.cfg 2016/01/02 v1.6 sample color configuration
)
Package xcolor Info: Driver file: pdftex.def on input line 227.

(/usr/share/texmf-dist/tex/latex/graphics-def/pdftex.def
File: pdftex.def 2022/09/22 v1.2b Graphics/color driver for pdftex
)
(/usr/share/texmf-dist/tex/latex/colortbl/colortbl.sty
Package: colortbl 2022/06/20 v1.0f Color table columns (DPC)

(/usr/share/texmf-dist/tex/latex/tools/array.sty
Package: array 2022/09/04 v2.5g Tabular extension package (FMi)
\col@sep=\dimen149
\ar@mcellbox=\box51
\extrarowheight=\dimen150
\NC@list=\toks20
\extratabsurround=\skip50
\backup@length=\skip51
\ar@cellbox=\box52
)
\everycr=\toks21
\minrowclearance=\skip52
\rownum=\count196
)
(/usr/share/texmf-dist/tex/latex/graphics/mathcolor.ltx)
Package xcolor Info: Model `cmy' substituted by `cmy0' on input line 1353.
Package xcolor Info: Model `hsb' substituted by `rgb' on input line 1357.
Package xcolor Info: Model `RGB' extended on input line 1369.
Package xcolor Info: Model `HTML' substituted by `rgb' on input line 1371.
Package xcolor Info: Model `Hsb' substituted by `hsb' on input line 1372.
Package xcolor Info: Model `tHsb' substituted by `hsb' on input line 1373.
Package xcolor Info: Model `HSB' substituted by `hsb' on input line 1374.
Package xcolor Info: Model `Gray' substituted by `gray' on input line 1375.
Package xcolor Info: Model `wave' substituted by `hsb' on input line 1376.
)
(/usr/share/texmf-dist/tex/latex/base/fontenc.sty
Package: fontenc 2021/04/29 v2.0v Standard LaTeX package
)
(/usr/share/texmf-dist/tex/latex/graphics/graphicx.sty
Package: graphicx 2021/09/16 v1.2d Enhanced LaTeX Graphics (DPC,SPQR)

(/usr/share/texmf-dist/tex/latex/graphics/graphics.sty
Package: graphics 2022/03/10 v1.4e Standard LaTeX Graphics (DPC,SPQR)

(/usr/share/texmf-dist/tex/latex/graphics/trig.sty
Package: trig 2021/08/11 v1.11 sin cos tan (DPC)
)
(/usr/share/texmf-dist/tex/latex/graphics-cfg/graphics.cfg
File: graphics.cfg 2016/06/04 v1.11 sample graphics configuration
)
Package graphics Info: Driver file: pdftex.def on input line 107.
)
\Gin@req@height=\dimen151
\Gin@req@width=\dimen152
)
(/usr/share/texmf-dist/tex/latex/enumitem/enumitem.sty
Package: enumitem 2019/06/20 v3.9 Customized lists
\labelindent=\skip53
\enit@outerparindent=\dimen153
\enit@toks=\toks22
\enit@inbox=\box53
\enit@count@id=\count197
\enitdp@description=\count198
)
(/usr/share/texmf-dist/tex/latex/pdfpages/pdfpages.sty
Package: pdfpages 2022/12/19 v0.5x Insert pages of external PDF documents (AM)

(/usr/share/texmf-dist/tex/latex/base/ifthen.sty
Package: ifthen 2022/04/13 v1.1d Standard LaTeX ifthen package (DPC)
)
(/usr/share/texmf-dist/tex/latex/tools/calc.sty
Package: calc 2017/05/25 v4.3 Infix arithmetic (KKT,FJ)
\calc@Acount=\count199
\calc@Bcount=\count266
\calc@Adimen=\dimen154
\calc@Bdimen=\dimen155
\calc@Askip=\skip54
\calc@Bskip=\skip55
LaTeX Info: Redefining \setlength on input line 80.
LaTeX Info: Redefining \addtolength on input line 81.
\calc@Ccount=\count267
\calc@Cskip=\skip56
)
(/usr/share/texmf-dist/tex/latex/eso-pic/eso-pic.sty
Package: eso-pic 2020/10/14 v3.0a eso-pic (RN)
\ESO@tempdima=\dimen156
\ESO@tempdimb=\dimen157
)
\AM@pagewidth=\dimen158
\AM@pageheight=\dimen159
\AM@fboxrule=\dimen160

(/usr/share/texmf-dist/tex/latex/pdfpages/pppdftex.def
File: pppdftex.def 2022/12/19 v0.5x Pdfpages driver for pdfTeX (AM)
)
\pdfpages@includegraphics@status=\count268
\AM@pagebox=\box54
\AM@global@opts=\toks23
\AM@pagecnt=\count269
\AM@toc@title=\toks24
\AM@lof@heading=\toks25
\c@AM@survey=\count270
\AM@templatesizebox=\box55
)
(/usr/share/texmf-dist/tex/latex/hyperref/hyperref.sty
Package: hyperref 2023-02-07 v7.00v Hypertext links for LaTeX

(/usr/share/texmf-dist/tex/generic/ltxcmds/ltxcmds.sty
Package: ltxcmds 2020-05-10 v1.25 LaTeX kernel commands for general use (HO)
)
(/usr/share/texmf-dist/tex/generic/pdftexcmds/pdftexcmds.sty
Package: pdftexcmds 2020-06-27 v0.33 Utility functions of pdfTeX for LuaTeX (HO
)

(/usr/share/texmf-dist/tex/generic/infwarerr/infwarerr.sty
Package: infwarerr 2019/12/03 v1.5 Providing info/warning/error messages (HO)
)
Package pdftexcmds Info: \pdf@primitive is available.
Package pdftexcmds Info: \pdf@ifprimitive is available.
Package pdftexcmds Info: \pdfdraftmode found.
)
(/usr/share/texmf-dist/tex/latex/kvsetkeys/kvsetkeys.sty
Package: kvsetkeys 2022-10-05 v1.19 Key value parser (HO)
)
(/usr/share/texmf-dist/tex/generic/kvdefinekeys/kvdefinekeys.sty
Package: kvdefinekeys 2019-12-19 v1.6 Define keys (HO)
)
(/usr/share/texmf-dist/tex/generic/pdfescape/pdfescape.sty
Package: pdfescape 2019/12/09 v1.15 Implements pdfTeX's escape features (HO)
)
(/usr/share/texmf-dist/tex/latex/hycolor/hycolor.sty
Package: hycolor 2020-01-27 v1.10 Color options for hyperref/bookmark (HO)
)
(/usr/share/texmf-dist/tex/latex/letltxmacro/letltxmacro.sty
Package: letltxmacro 2019/12/03 v1.6 Let assignment for LaTeX macros (HO)
)
(/usr/share/texmf-dist/tex/latex/auxhook/auxhook.sty
Package: auxhook 2019-12-17 v1.6 Hooks for auxiliary files (HO)
)
(/usr/share/texmf-dist/tex/latex/hyperref/nameref.sty
Package: nameref 2022-05-17 v2.50 Cross-referencing by name of section

(/usr/share/texmf-dist/tex/latex/refcount/refcount.sty
Package: refcount 2019/12/15 v3.6 Data extraction from label references (HO)
)
(/usr/share/texmf-dist/tex/generic/gettitlestring/gettitlestring.sty
Package: gettitlestring 2019/12/15 v1.6 Cleanup title references (HO)

(/usr/share/texmf-dist/tex/latex/kvoptions/kvoptions.sty
Package: kvoptions 2022-06-15 v3.15 Key value format for package options (HO)
))
\c@section@level=\count271
)
\@linkdim=\dimen161
\Hy@linkcounter=\count272
\Hy@pagecounter=\count273

(/usr/share/texmf-dist/tex/latex/hyperref/pd1enc.def
File: pd1enc.def 2023-02-07 v7.00v Hyperref: PDFDocEncoding definition (HO)
Now handling font encoding PD1 ...
... no UTF-8 mapping file for font encoding PD1
)
(/usr/share/texmf-dist/tex/generic/intcalc/intcalc.sty
Package: intcalc 2019/12/15 v1.3 Expandable calculations with integers (HO)
)
(/usr/share/texmf-dist/tex/generic/etexcmds/etexcmds.sty
Package: etexcmds 2019/12/15 v1.7 Avoid name clashes with e-TeX commands (HO)
)
\Hy@SavedSpaceFactor=\count274

(/usr/share/texmf-dist/tex/latex/hyperref/puenc.def
File: puenc.def 2023-02-07 v7.00v Hyperref: PDF Unicode definition (HO)
Now handling font encoding PU ...
... no UTF-8 mapping file for font encoding PU
)
Package hyperref Info: Hyper figures OFF on input line 4177.
Package hyperref Info: Link nesting OFF on input line 4182.
Package hyperref Info: Hyper index ON on input line 4185.
Package hyperref Info: Plain pages OFF on input line 4192.
Package hyperref Info: Backreferencing OFF on input line 4197.
Package hyperref Info: Implicit mode ON; LaTeX internals redefined.
Package hyperref Info: Bookmarks ON on input line 4425.
\c@Hy@tempcnt=\count275

(/usr/share/texmf-dist/tex/latex/url/url.sty
\Urlmuskip=\muskip16
Package: url 2013/09/16  ver 3.4  Verb mode for urls, etc.
)
LaTeX Info: Redefining \url on input line 4763.
\XeTeXLinkMargin=\dimen162

(/usr/share/texmf-dist/tex/generic/bitset/bitset.sty
Package: bitset 2019/12/09 v1.3 Handle bit-vector datatype (HO)

(/usr/share/texmf-dist/tex/generic/bigintcalc/bigintcalc.sty
Package: bigintcalc 2019/12/15 v1.5 Expandable calculations on big integers (HO
)
))
\Fld@menulength=\count276
\Field@Width=\dimen163
\Fld@charsize=\dimen164
Package hyperref Info: Hyper figures OFF on input line 6042.
Package hyperref Info: Link nesting OFF on input line 6047.
Package hyperref Info: Hyper index ON on input line 6050.
Package hyperref Info: backreferencing OFF on input line 6057.
Package hyperref Info: Link coloring OFF on input line 6062.
Package hyperref Info: Link coloring with OCG OFF on input line 6067.
Package hyperref Info: PDF/A mode OFF on input line 6072.

(/usr/share/texmf-dist/tex/latex/base/atbegshi-ltx.sty
Package: atbegshi-ltx 2021/01/10 v1.0c Emulation of the original atbegshi
package with kernel methods
)
\Hy@abspage=\count277
\c@Item=\count278
\c@Hfootnote=\count279
)
Package hyperref Info: Driver (autodetected): hpdftex.

(/usr/share/texmf-dist/tex/latex/hyperref/hpdftex.def
File: hpdftex.def 2023-02-07 v7.00v Hyperref driver for pdfTeX

(/usr/share/texmf-dist/tex/latex/base/atveryend-ltx.sty
Package: atveryend-ltx 2020/08/19 v1.0a Emulation of the original atveryend pac
kage
with kernel methods
)
\Fld@listcount=\count280
\c@bookmark@seq@number=\count281

(/usr/share/texmf-dist/tex/latex/rerunfilecheck/rerunfilecheck.sty
Package: rerunfilecheck 2022-07-10 v1.10 Rerun checks for auxiliary files (HO)

(/usr/share/texmf-dist/tex/generic/uniquecounter/uniquecounter.sty
Package: uniquecounter 2019/12/15 v1.4 Provide unlimited unique counter (HO)
)
Package uniquecounter Info: New unique counter `rerunfilecheck' on input line 2
85.
)
\Hy@SectionHShift=\skip57
)
(/usr/share/texmf-dist/tex/latex/pgf/frontendlayer/tikz.sty
(/usr/share/texmf-dist/tex/latex/pgf/basiclayer/pgf.sty
(/usr/share/texmf-dist/tex/latex/pgf/utilities/pgfrcs.sty
(/usr/share/texmf-dist/tex/generic/pgf/utilities/pgfutil-common.tex
\pgfutil@everybye=\toks26
\pgfutil@tempdima=\dimen165
\pgfutil@tempdimb=\dimen166
)
(/usr/share/texmf-dist/tex/generic/pgf/utilities/pgfutil-latex.def
\pgfutil@abb=\box56
)
(/usr/share/texmf-dist/tex/generic/pgf/utilities/pgfrcs.code.tex
(/usr/share/texmf-dist/tex/generic/pgf/pgf.revision.tex)
Package: pgfrcs 2023-01-15 v3.1.10 (3.1.10)
))
Package: pgf 2023-01-15 v3.1.10 (3.1.10)

(/usr/share/texmf-dist/tex/latex/pgf/basiclayer/pgfcore.sty
(/usr/share/texmf-dist/tex/latex/pgf/systemlayer/pgfsys.sty
(/usr/share/texmf-dist/tex/generic/pgf/systemlayer/pgfsys.code.tex
Package: pgfsys 2023-01-15 v3.1.10 (3.1.10)

(/usr/share/texmf-dist/tex/generic/pgf/utilities/pgfkeys.code.tex
\pgfkeys@pathtoks=\toks27
\pgfkeys@temptoks=\toks28

(/usr/share/texmf-dist/tex/generic/pgf/utilities/pgfkeyslibraryfiltered.code.te
x
\pgfkeys@tmptoks=\toks29
))
\pgf@x=\dimen167
\pgf@y=\dimen168
\pgf@xa=\dimen169
\pgf@ya=\dimen170
\pgf@xb=\dimen171
\pgf@yb=\dimen172
\pgf@xc=\dimen173
\pgf@yc=\dimen174
\pgf@xd=\dimen175
\pgf@yd=\dimen176
\w@pgf@writea=\write3
\r@pgf@reada=\read2
\c@pgf@counta=\count282
\c@pgf@countb=\count283
\c@pgf@countc=\count284
\c@pgf@countd=\count285
\t@pgf@toka=\toks30
\t@pgf@tokb=\toks31
\t@pgf@tokc=\toks32
\pgf@sys@id@count=\count286
 (/usr/share/texmf-dist/tex/generic/pgf/systemlayer/pgf.cfg
File: pgf.cfg 2023-01-15 v3.1.10 (3.1.10)
)
Driver file for pgf: pgfsys-pdftex.def

(/usr/share/texmf-dist/tex/generic/pgf/systemlayer/pgfsys-pdftex.def
File: pgfsys-pdftex.def 2023-01-15 v3.1.10 (3.1.10)

(/usr/share/texmf-dist/tex/generic/pgf/systemlayer/pgfsys-common-pdf.def
File: pgfsys-common-pdf.def 2023-01-15 v3.1.10 (3.1.10)
)))
(/usr/share/texmf-dist/tex/generic/pgf/systemlayer/pgfsyssoftpath.code.tex
File: pgfsyssoftpath.code.tex 2023-01-15 v3.1.10 (3.1.10)
\pgfsyssoftpath@smallbuffer@items=\count287
\pgfsyssoftpath@bigbuffer@items=\count288
)
(/usr/share/texmf-dist/tex/generic/pgf/systemlayer/pgfsysprotocol.code.tex
File: pgfsysprotocol.code.tex 2023-01-15 v3.1.10 (3.1.10)
))
(/usr/share/texmf-dist/tex/generic/pgf/basiclayer/pgfcore.code.tex
Package: pgfcore 2023-01-15 v3.1.10 (3.1.10)

(/usr/share/texmf-dist/tex/generic/pgf/math/pgfmath.code.tex
(/usr/share/texmf-dist/tex/generic/pgf/math/pgfmathutil.code.tex)
(/usr/share/texmf-dist/tex/generic/pgf/math/pgfmathparser.code.tex
\pgfmath@dimen=\dimen177
\pgfmath@count=\count289
\pgfmath@box=\box57
\pgfmath@toks=\toks33
\pgfmath@stack@operand=\toks34
\pgfmath@stack@operation=\toks35
)
(/usr/share/texmf-dist/tex/generic/pgf/math/pgfmathfunctions.code.tex)
(/usr/share/texmf-dist/tex/generic/pgf/math/pgfmathfunctions.basic.code.tex)
(/usr/share/texmf-dist/tex/generic/pgf/math/pgfmathfunctions.trigonometric.code
.tex)
(/usr/share/texmf-dist/tex/generic/pgf/math/pgfmathfunctions.random.code.tex)
(/usr/share/texmf-dist/tex/generic/pgf/math/pgfmathfunctions.comparison.code.te
x) (/usr/share/texmf-dist/tex/generic/pgf/math/pgfmathfunctions.base.code.tex)
(/usr/share/texmf-dist/tex/generic/pgf/math/pgfmathfunctions.round.code.tex)
(/usr/share/texmf-dist/tex/generic/pgf/math/pgfmathfunctions.misc.code.tex)
(/usr/share/texmf-dist/tex/generic/pgf/math/pgfmathfunctions.integerarithmetics
.code.tex) (/usr/share/texmf-dist/tex/generic/pgf/math/pgfmathcalc.code.tex)
(/usr/share/texmf-dist/tex/generic/pgf/math/pgfmathfloat.code.tex
\c@pgfmathroundto@lastzeros=\count290
))
(/usr/share/texmf-dist/tex/generic/pgf/math/pgfint.code.tex)
(/usr/share/texmf-dist/tex/generic/pgf/basiclayer/pgfcorepoints.code.tex
File: pgfcorepoints.code.tex 2023-01-15 v3.1.10 (3.1.10)
\pgf@picminx=\dimen178
\pgf@picmaxx=\dimen179
\pgf@picminy=\dimen180
\pgf@picmaxy=\dimen181
\pgf@pathminx=\dimen182
\pgf@pathmaxx=\dimen183
\pgf@pathminy=\dimen184
\pgf@pathmaxy=\dimen185
\pgf@xx=\dimen186
\pgf@xy=\dimen187
\pgf@yx=\dimen188
\pgf@yy=\dimen189
\pgf@zx=\dimen190
\pgf@zy=\dimen191
)
(/usr/share/texmf-dist/tex/generic/pgf/basiclayer/pgfcorepathconstruct.code.tex
File: pgfcorepathconstruct.code.tex 2023-01-15 v3.1.10 (3.1.10)
\pgf@path@lastx=\dimen192
\pgf@path@lasty=\dimen193
) (/usr/share/texmf-dist/tex/generic/pgf/basiclayer/pgfcorepathusage.code.tex
File: pgfcorepathusage.code.tex 2023-01-15 v3.1.10 (3.1.10)
\pgf@shorten@end@additional=\dimen194
\pgf@shorten@start@additional=\dimen195
)
(/usr/share/texmf-dist/tex/generic/pgf/basiclayer/pgfcorescopes.code.tex
File: pgfcorescopes.code.tex 2023-01-15 v3.1.10 (3.1.10)
\pgfpic=\box58
\pgf@hbox=\box59
\pgf@layerbox@main=\box60
\pgf@picture@serial@count=\count291
)
(/usr/share/texmf-dist/tex/generic/pgf/basiclayer/pgfcoregraphicstate.code.tex
File: pgfcoregraphicstate.code.tex 2023-01-15 v3.1.10 (3.1.10)
\pgflinewidth=\dimen196
)
(/usr/share/texmf-dist/tex/generic/pgf/basiclayer/pgfcoretransformations.code.t
ex
File: pgfcoretransformations.code.tex 2023-01-15 v3.1.10 (3.1.10)
\pgf@pt@x=\dimen197
\pgf@pt@y=\dimen198
\pgf@pt@temp=\dimen199
) (/usr/share/texmf-dist/tex/generic/pgf/basiclayer/pgfcorequick.code.tex
File: pgfcorequick.code.tex 2023-01-15 v3.1.10 (3.1.10)
)
(/usr/share/texmf-dist/tex/generic/pgf/basiclayer/pgfcoreobjects.code.tex
File: pgfcoreobjects.code.tex 2023-01-15 v3.1.10 (3.1.10)
)
(/usr/share/texmf-dist/tex/generic/pgf/basiclayer/pgfcorepathprocessing.code.te
x
File: pgfcorepathprocessing.code.tex 2023-01-15 v3.1.10 (3.1.10)
) (/usr/share/texmf-dist/tex/generic/pgf/basiclayer/pgfcorearrows.code.tex
File: pgfcorearrows.code.tex 2023-01-15 v3.1.10 (3.1.10)
\pgfarrowsep=\dimen256
)
(/usr/share/texmf-dist/tex/generic/pgf/basiclayer/pgfcoreshade.code.tex
File: pgfcoreshade.code.tex 2023-01-15 v3.1.10 (3.1.10)
\pgf@max=\dimen257
\pgf@sys@shading@range@num=\count292
\pgf@shadingcount=\count293
)
(/usr/share/texmf-dist/tex/generic/pgf/basiclayer/pgfcoreimage.code.tex
File: pgfcoreimage.code.tex 2023-01-15 v3.1.10 (3.1.10)
)
(/usr/share/texmf-dist/tex/generic/pgf/basiclayer/pgfcoreexternal.code.tex
File: pgfcoreexternal.code.tex 2023-01-15 v3.1.10 (3.1.10)
\pgfexternal@startupbox=\box61
)
(/usr/share/texmf-dist/tex/generic/pgf/basiclayer/pgfcorelayers.code.tex
File: pgfcorelayers.code.tex 2023-01-15 v3.1.10 (3.1.10)
)
(/usr/share/texmf-dist/tex/generic/pgf/basiclayer/pgfcoretransparency.code.tex
File: pgfcoretransparency.code.tex 2023-01-15 v3.1.10 (3.1.10)
) (/usr/share/texmf-dist/tex/generic/pgf/basiclayer/pgfcorepatterns.code.tex
File: pgfcorepatterns.code.tex 2023-01-15 v3.1.10 (3.1.10)
)
(/usr/share/texmf-dist/tex/generic/pgf/basiclayer/pgfcorerdf.code.tex
File: pgfcorerdf.code.tex 2023-01-15 v3.1.10 (3.1.10)
)))
(/usr/share/texmf-dist/tex/generic/pgf/modules/pgfmoduleshapes.code.tex
File: pgfmoduleshapes.code.tex 2023-01-15 v3.1.10 (3.1.10)
\pgfnodeparttextbox=\box62
)
(/usr/share/texmf-dist/tex/generic/pgf/modules/pgfmoduleplot.code.tex
File: pgfmoduleplot.code.tex 2023-01-15 v3.1.10 (3.1.10)
)
(/usr/share/texmf-dist/tex/latex/pgf/compatibility/pgfcomp-version-0-65.sty
Package: pgfcomp-version-0-65 2023-01-15 v3.1.10 (3.1.10)
\pgf@nodesepstart=\dimen258
\pgf@nodesepend=\dimen259
)
(/usr/share/texmf-dist/tex/latex/pgf/compatibility/pgfcomp-version-1-18.sty
Package: pgfcomp-version-1-18 2023-01-15 v3.1.10 (3.1.10)
))
(/usr/share/texmf-dist/tex/latex/pgf/utilities/pgffor.sty
(/usr/share/texmf-dist/tex/latex/pgf/utilities/pgfkeys.sty
(/usr/share/texmf-dist/tex/generic/pgf/utilities/pgfkeys.code.tex))
(/usr/share/texmf-dist/tex/latex/pgf/math/pgfmath.sty
(/usr/share/texmf-dist/tex/generic/pgf/math/pgfmath.code.tex))
(/usr/share/texmf-dist/tex/generic/pgf/utilities/pgffor.code.tex
Package: pgffor 2023-01-15 v3.1.10 (3.1.10)
\pgffor@iter=\dimen260
\pgffor@skip=\dimen261
\pgffor@stack=\toks36
\pgffor@toks=\toks37
))
(/usr/share/texmf-dist/tex/generic/pgf/frontendlayer/tikz/tikz.code.tex
Package: tikz 2023-01-15 v3.1.10 (3.1.10)

(/usr/share/texmf-dist/tex/generic/pgf/libraries/pgflibraryplothandlers.code.te
x
File: pgflibraryplothandlers.code.tex 2023-01-15 v3.1.10 (3.1.10)
\pgf@plot@mark@count=\count294
\pgfplotmarksize=\dimen262
)
\tikz@lastx=\dimen263
\tikz@lasty=\dimen264
\tikz@lastxsaved=\dimen265
\tikz@lastysaved=\dimen266
\tikz@lastmovetox=\dimen267
\tikz@lastmovetoy=\dimen268
\tikzleveldistance=\dimen269
\tikzsiblingdistance=\dimen270
\tikz@figbox=\box63
\tikz@figbox@bg=\box64
\tikz@tempbox=\box65
\tikz@tempbox@bg=\box66
\tikztreelevel=\count295
\tikznumberofchildren=\count296
\tikznumberofcurrentchild=\count297
\tikz@fig@count=\count298
 (/usr/share/texmf-dist/tex/generic/pgf/modules/pgfmodulematrix.code.tex
File: pgfmodulematrix.code.tex 2023-01-15 v3.1.10 (3.1.10)
\pgfmatrixcurrentrow=\count299
\pgfmatrixcurrentcolumn=\count300
\pgf@matrix@numberofcolumns=\count301
)
\tikz@expandcount=\count302

(/usr/share/texmf-dist/tex/generic/pgf/frontendlayer/tikz/libraries/tikzlibrary
topaths.code.tex
File: tikzlibrarytopaths.code.tex 2023-01-15 v3.1.10 (3.1.10)
))) (/usr/share/texmf-dist/tex/latex/attachfile/attachfile.sty
Package: attachfile 2016/09/18 v1.9 PDF 1.3+ file attachment

(/usr/share/texmf-dist/tex/generic/iftex/ifpdf.sty
Package: ifpdf 2019/10/25 v3.4 ifpdf legacy package. Use iftex instead.
)
\c@atfi@tmp=\count303
\atfi@appearancewidth=\skip58
\atfi@appearanceheight=\skip59
\atfi@appearancedepth=\skip60
\atfi@appearancebox=\box67
)
(/usr/share/texmf-dist/tex/latex/epstopdf-pkg/epstopdf.sty
Package: epstopdf 2020-01-24 v2.11 Conversion with epstopdf on the fly (HO)

(/usr/share/texmf-dist/tex/latex/grfext/grfext.sty
Package: grfext 2019/12/03 v1.3 Manage graphics extensions (HO)
)
(/usr/share/texmf-dist/tex/latex/epstopdf-pkg/epstopdf-base.sty
Package: epstopdf-base 2020-01-24 v2.11 Base part for package epstopdf
Package epstopdf-base Info: Redefining graphics rule for `.eps' on input line 4
85.
Package grfext Info: Graphics extension search list:
(grfext)             [.pdf,.png,.jpg,.mps,.jpeg,.jbig2,.jb2,.PDF,.PNG,.JPG,.JPE
G,.JBIG2,.JB2,.eps]
(grfext)             \AppendGraphicsExtensions on input line 504.

(/usr/share/texmf-dist/tex/latex/latexconfig/epstopdf-sys.cfg
File: epstopdf-sys.cfg 2010/07/13 v1.3 Configuration of (r)epstopdf for TeX Liv
e
)))
(/usr/share/texmf-dist/tex/latex/multirow/multirow.sty
Package: multirow 2021/03/15 v2.8 Span multiple rows of a table
\multirow@colwidth=\skip61
\multirow@cntb=\count304
\multirow@dima=\skip62
\bigstrutjot=\dimen271
)
(/usr/share/texmf-dist/tex/latex/tools/multicol.sty
Package: multicol 2021/11/30 v1.9d multicolumn formatting (FMi)
\c@tracingmulticols=\count305
\mult@box=\box68
\multicol@leftmargin=\dimen272
\c@unbalance=\count306
\c@collectmore=\count307
\doublecol@number=\count308
\multicoltolerance=\count309
\multicolpretolerance=\count310
\full@width=\dimen273
\page@free=\dimen274
\premulticols=\dimen275
\postmulticols=\dimen276
\multicolsep=\skip63
\multicolbaselineskip=\skip64
\partial@page=\box69
\last@line=\box70
\maxbalancingoverflow=\dimen277
\mult@rightbox=\box71
\mult@grightbox=\box72
\mult@firstbox=\box73
\mult@gfirstbox=\box74
\@tempa=\box75
\@tempa=\box76
\@tempa=\box77
\@tempa=\box78
\@tempa=\box79
\@tempa=\box80
\@tempa=\box81
\@tempa=\box82
\@tempa=\box83
\@tempa=\box84
\@tempa=\box85
\@tempa=\box86
\@tempa=\box87
\@tempa=\box88
\@tempa=\box89
\@tempa=\box90
\@tempa=\box91
\@tempa=\box92
\@tempa=\box93
\@tempa=\box94
\@tempa=\box95
\@tempa=\box96
\@tempa=\box97
\@tempa=\box98
\@tempa=\box99
\@tempa=\box100
\@tempa=\box101
\@tempa=\box102
\@tempa=\box103
\@tempa=\box104
\@tempa=\box105
\@tempa=\box106
\@tempa=\box107
\@tempa=\box108
\@tempa=\box109
\@tempa=\box110
\c@minrows=\count311
\c@columnbadness=\count312
\c@finalcolumnbadness=\count313
\last@try=\dimen278
\multicolovershoot=\dimen279
\multicolundershoot=\dimen280
\mult@nat@firstbox=\box111
\colbreak@box=\box112
\mc@col@check@num=\count314
)
(/usr/share/texmf-dist/tex/latex/float/float.sty
Package: float 2001/11/08 v1.3d Float enhancements (AL)
\c@float@type=\count315
\float@exts=\toks38
\float@box=\box113
\@float@everytoks=\toks39
\@floatcapt=\box114
)
(/usr/share/texmf-dist/tex/latex/comment/comment.sty
\CommentStream=\write4

Excluding comment 'comment')
(/usr/share/texmf-dist/tex/latex/listings/listings.sty
\lst@mode=\count316
\lst@gtempboxa=\box115
\lst@token=\toks40
\lst@length=\count317
\lst@currlwidth=\dimen281
\lst@column=\count318
\lst@pos=\count319
\lst@lostspace=\dimen282
\lst@width=\dimen283
\lst@newlines=\count320
\lst@lineno=\count321
\lst@maxwidth=\dimen284

(/usr/share/texmf-dist/tex/latex/listings/lstmisc.sty
File: lstmisc.sty 2023/02/27 1.9 (Carsten Heinz)
\c@lstnumber=\count322
\lst@skipnumbers=\count323
\lst@framebox=\box116
)
(/usr/share/texmf-dist/tex/latex/listings/listings.cfg
File: listings.cfg 2023/02/27 1.9 listings configuration
))
Package: listings 2023/02/27 1.9 (Carsten Heinz)
 (./arduinoLanguage.tex (/usr/share/texmf-dist/tex/latex/psnfss/courier.sty
Package: courier 2020/03/25 PSNFSS-v9.3 (WaS) 
))
\questnum=\count324
\answnum=\count325
\explnum=\count326

(/usr/share/texmf-dist/tex/latex/l3backend/l3backend-pdftex.def
File: l3backend-pdftex.def 2023-01-16 L3 backend support: PDF output (pdfTeX)
\l__color_backend_stack_int=\count327
\l__pdf_internal_box=\box117
)
(./lUltralydtransmitter.aux)
\openout1 = `lUltralydtransmitter.aux'.

LaTeX Font Info:    Checking defaults for OML/cmm/m/it on input line 75.
LaTeX Font Info:    ... okay on input line 75.
LaTeX Font Info:    Checking defaults for OMS/cmsy/m/n on input line 75.
LaTeX Font Info:    ... okay on input line 75.
LaTeX Font Info:    Checking defaults for OT1/cmr/m/n on input line 75.
LaTeX Font Info:    ... okay on input line 75.
LaTeX Font Info:    Checking defaults for T1/cmr/m/n on input line 75.
LaTeX Font Info:    ... okay on input line 75.
LaTeX Font Info:    Checking defaults for TS1/cmr/m/n on input line 75.
LaTeX Font Info:    ... okay on input line 75.
LaTeX Font Info:    Checking defaults for OMX/cmex/m/n on input line 75.
LaTeX Font Info:    ... okay on input line 75.
LaTeX Font Info:    Checking defaults for U/cmr/m/n on input line 75.
LaTeX Font Info:    ... okay on input line 75.
LaTeX Font Info:    Checking defaults for PD1/pdf/m/n on input line 75.
LaTeX Font Info:    ... okay on input line 75.
LaTeX Font Info:    Checking defaults for PU/pdf/m/n on input line 75.
LaTeX Font Info:    ... okay on input line 75.

*geometry* driver: auto-detecting
*geometry* detected driver: pdftex
*geometry* verbose mode - [ preamble ] result:
* driver: pdftex
* paper: a4paper
* layout: <same size as paper>
* layoutoffset:(h,v)=(0.0pt,0.0pt)
* modes: 
* h-part:(L,W,R)=(56.9055pt, 483.69684pt, 56.90553pt)
* v-part:(T,H,B)=(56.9055pt, 731.23582pt, 56.90552pt)
* \paperwidth=597.50787pt
* \paperheight=845.04684pt
* \textwidth=455.24408pt
* \textheight=731.23582pt
* \oddsidemargin=-14.22636pt
* \evensidemargin=-14.22636pt
* \topmargin=-52.36449pt
* \headheight=12.0pt
* \headsep=25.0pt
* \topskip=12.0pt
* \footskip=30.0pt
* \marginparwidth=35.0pt
* \marginparsep=10.0pt
* \columnsep=10.0pt
* \skip\footins=10.8pt plus 4.0pt minus 2.0pt
* \hoffset=0.0pt
* \voffset=0.0pt
* \mag=1000
* \@twocolumnfalse
* \@twosidefalse
* \@mparswitchfalse
* \@reversemarginfalse
* (1in=72.27pt=25.4mm, 1cm=28.453pt)

(/usr/share/texmf-dist/tex/context/base/mkii/supp-pdf.mkii
[Loading MPS to PDF converter (version 2006.09.02).]
\scratchcounter=\count328
\scratchdimen=\dimen285
\scratchbox=\box118
\nofMPsegments=\count329
\nofMParguments=\count330
\everyMPshowfont=\toks41
\MPscratchCnt=\count331
\MPscratchDim=\dimen286
\MPnumerator=\count332
\makeMPintoPDFobject=\count333
\everyMPtoPDFconversion=\toks42
) (/usr/share/texmf-dist/tex/latex/pdflscape/pdflscape.sty
Package: pdflscape 2022-10-27 v0.13 Display of landscape pages in PDF

(/usr/share/texmf-dist/tex/latex/pdflscape/pdflscape-nometadata.sty
Package: pdflscape-nometadata 2022-10-28 v0.13 Display of landscape pages in PD
F (HO)

(/usr/share/texmf-dist/tex/latex/graphics/lscape.sty
Package: lscape 2020/05/28 v3.02 Landscape Pages (DPC)
)
Package pdflscape Info: Auto-detected driver: pdftex on input line 81.
))
Package hyperref Info: Link coloring OFF on input line 75.

(./lUltralydtransmitter.out) (./lUltralydtransmitter.out)
\@outlinefile=\write5
\openout5 = `lUltralydtransmitter.out'.

\c@lstlisting=\count334
) [1

{/var/lib/texmf/fonts/map/pdftex/updmap/pdftex.map}{/usr/share/texmf-dist/fonts
/enc/dvips/cm-super/cm-super-t1.enc}{/usr/share/texmf-dist/fonts/enc/dvips/cm-s
uper/cm-super-ts1.enc}]
LaTeX Font Info:    External font `cmex10' loaded for size
(Font)              <12> on input line 80.
LaTeX Font Info:    External font `cmex10' loaded for size
(Font)              <8> on input line 80.
LaTeX Font Info:    External font `cmex10' loaded for size
(Font)              <6> on input line 80.
Package epstopdf Info: Source file: <lUltralydtransmitterx03.eps>
(epstopdf)                    date: 2023-02-05 16:07:01
(epstopdf)                    size: 12351 bytes
(epstopdf)             Output file: <lUltralydtransmitterx03-eps-converted-to.p
df>
(epstopdf)             Command: <repstopdf --outfile=lUltralydtransmitterx03-ep
s-converted-to.pdf lUltralydtransmitterx03.eps>
(epstopdf)             \includegraphics on input line 80.
runsystem(repstopdf --outfile=lUltralydtransmitterx03-eps-converted-to.pdf lUlt
ralydtransmitterx03.eps)...executed safely (allowed).

Package epstopdf Info: Result file: <lUltralydtransmitterx03-eps-converted-to.p
df>
(epstopdf)                    date: 2024-01-28 18:43:35
(epstopdf)                    size: 9555 bytes.
<lUltralydtransmitterx03-eps-converted-to.pdf, id=17, 177.66376pt x 224.84pt>
File: lUltralydtransmitterx03-eps-converted-to.pdf Graphic file (type pdf)
<use lUltralydtransmitterx03-eps-converted-to.pdf>
Package pdftex.def Info: lUltralydtransmitterx03-eps-converted-to.pdf  used on 
input line 80.
(pdftex.def)             Requested size: 256.0748pt x 324.08154pt.
LaTeX Font Info:    Trying to load font information for T1+pcr on input line 81
.
 (/usr/share/texmf-dist/tex/latex/psnfss/t1pcr.fd
File: t1pcr.fd 2001/06/04 font definitions for T1/pcr.
)
Package epstopdf Info: Source file: <lUltralydtransmitterx04.eps>
(epstopdf)                    date: 2023-02-05 16:07:01
(epstopdf)                    size: 19428 bytes
(epstopdf)             Output file: <lUltralydtransmitterx04-eps-converted-to.p
df>
(epstopdf)             Command: <repstopdf --outfile=lUltralydtransmitterx04-ep
s-converted-to.pdf lUltralydtransmitterx04.eps>
(epstopdf)             \includegraphics on input line 85.
runsystem(repstopdf --outfile=lUltralydtransmitterx04-eps-converted-to.pdf lUlt
ralydtransmitterx04.eps)...executed safely (allowed).

Package epstopdf Info: Result file: <lUltralydtransmitterx04-eps-converted-to.p
df>
(epstopdf)                    date: 2024-01-28 18:43:36
(epstopdf)                    size: 9597 bytes.
<lUltralydtransmitterx04-eps-converted-to.pdf, id=18, 206.7725pt x 257.96375pt>

File: lUltralydtransmitterx04-eps-converted-to.pdf Graphic file (type pdf)
<use lUltralydtransmitterx04-eps-converted-to.pdf>
Package pdftex.def Info: lUltralydtransmitterx04-eps-converted-to.pdf  used on 
input line 85.
(pdftex.def)             Requested size: 227.62204pt x 283.98141pt.
 [2{/usr/share/texmf-dist/fonts/enc/dvips/base/8r.enc} <./lUltralydtransmitterx
03-eps-converted-to.pdf>]
<lUltralydtransmitterx05.png, id=34, 383.93437pt x 241.40187pt>
File: lUltralydtransmitterx05.png Graphic file (type png)
<use lUltralydtransmitterx05.png>
Package pdftex.def Info: lUltralydtransmitterx05.png  used on input line 87.
(pdftex.def)             Requested size: 284.52756pt x 178.91084pt.
 [3 <./lUltralydtransmitterx04-eps-converted-to.pdf> <./lUltralydtransmitterx05
.png>] (/usr/share/texmf-dist/tex/latex/listings/lstlang1.sty
File: lstlang1.sty 2023/02/27 1.9 listings language file
)
(/usr/share/texmf-dist/tex/latex/listings/lstlang1.sty
File: lstlang1.sty 2023/02/27 1.9 listings language file
)
(/usr/share/texmf-dist/tex/latex/listings/lstmisc.sty
File: lstmisc.sty 2023/02/27 1.9 (Carsten Heinz)
) [4]
Package epstopdf Info: Source file: <./lUltralydtransmitterx0202.eps>
(epstopdf)                    date: 2023-02-05 16:07:01
(epstopdf)                    size: 22478 bytes
(epstopdf)             Output file: <./lUltralydtransmitterx0202-eps-converted-
to.pdf>
(epstopdf)             Command: <repstopdf --outfile=./lUltralydtransmitterx020
2-eps-converted-to.pdf ./lUltralydtransmitterx0202.eps>
(epstopdf)             \includegraphics on input line 142.
runsystem(repstopdf --outfile=./lUltralydtransmitterx0202-eps-converted-to.pdf 
./lUltralydtransmitterx0202.eps)...executed safely (allowed).

Package epstopdf Info: Result file: <./lUltralydtransmitterx0202-eps-converted-
to.pdf>
(epstopdf)                    date: 2024-01-28 18:43:36
(epstopdf)                    size: 11231 bytes.
<./lUltralydtransmitterx0202-eps-converted-to.pdf, id=76, 225.84375pt x 382.428
76pt>
File: ./lUltralydtransmitterx0202-eps-converted-to.pdf Graphic file (type pdf)
<use ./lUltralydtransmitterx0202-eps-converted-to.pdf>
Package pdftex.def Info: ./lUltralydtransmitterx0202-eps-converted-to.pdf  used
 on input line 142.
(pdftex.def)             Requested size: 256.0748pt x 433.67416pt.
 [5 <./lUltralydtransmitterx0202-eps-converted-to.pdf>]
<./lUltralydtransmitterx0211.jpg, id=86, 979.66pt x 3287.28125pt>
File: ./lUltralydtransmitterx0211.jpg Graphic file (type jpg)
<use ./lUltralydtransmitterx0211.jpg>
Package pdftex.def Info: ./lUltralydtransmitterx0211.jpg  used on input line 16
0.
(pdftex.def)             Requested size: 50.86935pt x 170.71652pt.
<./lUltralydtransmitterx0212.jpg, id=87, 808.01875pt x 3505.095pt>
File: ./lUltralydtransmitterx0212.jpg Graphic file (type jpg)
<use ./lUltralydtransmitterx0212.jpg>
Package pdftex.def Info: ./lUltralydtransmitterx0212.jpg  used on input line 16
1.
(pdftex.def)             Requested size: 39.34297pt x 170.71652pt.
<./lUltralydtransmitterx0213.jpg, id=88, 1089.06876pt x 3625.545pt>
File: ./lUltralydtransmitterx0213.jpg Graphic file (type jpg)
<use ./lUltralydtransmitterx0213.jpg>
Package pdftex.def Info: ./lUltralydtransmitterx0213.jpg  used on input line 16
2.
(pdftex.def)             Requested size: 51.26599pt x 170.71652pt.
<./lUltralydtransmitterx0214.jpg, id=89, 1038.88126pt x 3289.28876pt>
File: ./lUltralydtransmitterx0214.jpg Graphic file (type jpg)
<use ./lUltralydtransmitterx0214.jpg>
Package pdftex.def Info: ./lUltralydtransmitterx0214.jpg  used on input line 16
3.
(pdftex.def)             Requested size: 53.91275pt x 170.71652pt.
<./lUltralydtransmitterx0215.jpg, id=90, 942.52126pt x 3383.64125pt>
File: ./lUltralydtransmitterx0215.jpg Graphic file (type jpg)
<use ./lUltralydtransmitterx0215.jpg>
Package pdftex.def Info: ./lUltralydtransmitterx0215.jpg  used on input line 16
4.
(pdftex.def)             Requested size: 47.54588pt x 170.71652pt.
<./lUltralydtransmitterx0216.jpg, id=91, 959.585pt x 3565.32pt>
File: ./lUltralydtransmitterx0216.jpg Graphic file (type jpg)
<use ./lUltralydtransmitterx0216.jpg>
Package pdftex.def Info: ./lUltralydtransmitterx0216.jpg  used on input line 16
5.
(pdftex.def)             Requested size: 45.94681pt x 170.71652pt.
<./lUltralydtransmitterx0217.jpg, id=92, 1244.65pt x 3417.76875pt>
File: ./lUltralydtransmitterx0217.jpg Graphic file (type jpg)
<use ./lUltralydtransmitterx0217.jpg>
Package pdftex.def Info: ./lUltralydtransmitterx0217.jpg  used on input line 16
6.
(pdftex.def)             Requested size: 62.16017pt x 170.71652pt.
<./lUltralydtransmitterx0218.jpg, id=93, 823.075pt x 3071.475pt>
File: ./lUltralydtransmitterx0218.jpg Graphic file (type jpg)
<use ./lUltralydtransmitterx0218.jpg>
Package pdftex.def Info: ./lUltralydtransmitterx0218.jpg  used on input line 16
7.
(pdftex.def)             Requested size: 45.74022pt x 170.71652pt.
<./lUltralydtransmitterx0219.jpg, id=94, 977.6525pt x 3043.37pt>
File: ./lUltralydtransmitterx0219.jpg Graphic file (type jpg)
<use ./lUltralydtransmitterx0219.jpg>
Package pdftex.def Info: ./lUltralydtransmitterx0219.jpg  used on input line 16
8.
(pdftex.def)             Requested size: 54.83766pt x 170.71652pt.

Overfull \hbox (17.26164pt too wide) in paragraph at lines 160--169
[]$[]$ $[]$ $[]$ $[]$ $[]$ $[]$ $[]$ $[]$ $[]$ 
 []

<./lUltralydtransmitterx0221.png, id=95, 581.9306pt x 326.78609pt>
File: ./lUltralydtransmitterx0221.png Graphic file (type png)
<use ./lUltralydtransmitterx0221.png>
Package pdftex.def Info: ./lUltralydtransmitterx0221.png  used on input line 18
9.
(pdftex.def)             Requested size: 455.24408pt x 255.65004pt.
[6 <./lUltralydtransmitterx0211.jpg> <./lUltralydtransmitterx0212.jpg> <./lUltr
alydtransmitterx0213.jpg> <./lUltralydtransmitterx0214.jpg> <./lUltralydtransmi
tterx0215.jpg> <./lUltralydtransmitterx0216.jpg> <./lUltralydtransmitterx0217.j
pg> <./lUltralydtransmitterx0218.jpg> <./lUltralydtransmitterx0219.jpg>]
<./lUltralydtransmitterx0222.png, id=108, 581.9306pt x 328.67139pt>
File: ./lUltralydtransmitterx0222.png Graphic file (type png)
<use ./lUltralydtransmitterx0222.png>
Package pdftex.def Info: ./lUltralydtransmitterx0222.png  used on input line 19
2.
(pdftex.def)             Requested size: 455.24408pt x 257.12494pt.

[7 <./lUltralydtransmitterx0221.png> <./lUltralydtransmitterx0222.png>]
[8]
<./lUltralydtransmitter0302.jpg, id=145, 1282.7925pt x 801.99625pt>
File: ./lUltralydtransmitter0302.jpg Graphic file (type jpg)
<use ./lUltralydtransmitter0302.jpg>
Package pdftex.def Info: ./lUltralydtransmitter0302.jpg  used on input line 247
.
(pdftex.def)             Requested size: 227.62204pt x 142.2972pt.
File: ./lUltralydtransmitter0302.jpg Graphic file (type jpg)
<use ./lUltralydtransmitter0302.jpg>
Package pdftex.def Info: ./lUltralydtransmitter0302.jpg  used on input line 249
.
(pdftex.def)             Requested size: 227.62204pt x 142.2972pt.
<./lUltralydtransmitter0303.jpg, id=146, 843.15pt x 777.90625pt>
File: ./lUltralydtransmitter0303.jpg Graphic file (type jpg)
<use ./lUltralydtransmitter0303.jpg>
Package pdftex.def Info: ./lUltralydtransmitter0303.jpg  used on input line 251
.
(pdftex.def)             Requested size: 227.62204pt x 210.00188pt.
 [9 <./lUltralydtransmitter0302.jpg>]
<./lUltralydtransmitter0304.jpg, id=155, 792.9625pt x 725.71124pt>
File: ./lUltralydtransmitter0304.jpg Graphic file (type jpg)
<use ./lUltralydtransmitter0304.jpg>
Package pdftex.def Info: ./lUltralydtransmitter0304.jpg  used on input line 253
.
(pdftex.def)             Requested size: 227.62204pt x 208.31369pt.
<./lUltralydtransmitter0305.jpg, id=156, 638.385pt x 541.02126pt>
File: ./lUltralydtransmitter0305.jpg Graphic file (type jpg)
<use ./lUltralydtransmitter0305.jpg>
Package pdftex.def Info: ./lUltralydtransmitter0305.jpg  used on input line 254
.
(pdftex.def)             Requested size: 227.62204pt x 192.9018pt.
<./lUltralydtransmitter0306.jpg, id=157, 1266.7325pt x 1463.4675pt>
File: ./lUltralydtransmitter0306.jpg Graphic file (type jpg)
<use ./lUltralydtransmitter0306.jpg>
Package pdftex.def Info: ./lUltralydtransmitter0306.jpg  used on input line 256
.
(pdftex.def)             Requested size: 227.62204pt x 262.96617pt.
 [10 <./lUltralydtransmitter0303.jpg> <./lUltralydtransmitter0304.jpg> <./lUltr
alydtransmitter0305.jpg>]
Package epstopdf Info: Source file: <./lUltralydtransmitterx0202.eps>
(epstopdf)                    date: 2023-02-05 16:07:01
(epstopdf)                    size: 22478 bytes
(epstopdf)             Output file: <./lUltralydtransmitterx0202-eps-converted-
to.pdf>
(epstopdf)                    date: 2024-01-28 18:43:36
(epstopdf)                    size: 11231 bytes
(epstopdf)             Command: <repstopdf --outfile=./lUltralydtransmitterx020
2-eps-converted-to.pdf ./lUltralydtransmitterx0202.eps>
(epstopdf)             \includegraphics on input line 261.
Package epstopdf Info: Output file is already uptodate.
File: ./lUltralydtransmitterx0202-eps-converted-to.pdf Graphic file (type pdf)
<use ./lUltralydtransmitterx0202-eps-converted-to.pdf>
Package pdftex.def Info: ./lUltralydtransmitterx0202-eps-converted-to.pdf  used
 on input line 261.
(pdftex.def)             Requested size: 256.0748pt x 433.67416pt.
 [11 <./lUltralydtransmitter0306.jpg>] [12]
Package epstopdf Info: Source file: <./rotaryencoder.eps>
(epstopdf)                    date: 2023-02-05 16:07:01
(epstopdf)                    size: 14397 bytes
(epstopdf)             Output file: <./rotaryencoder-eps-converted-to.pdf>
(epstopdf)             Command: <repstopdf --outfile=./rotaryencoder-eps-conver
ted-to.pdf ./rotaryencoder.eps>
(epstopdf)             \includegraphics on input line 318.
runsystem(repstopdf --outfile=./rotaryencoder-eps-converted-to.pdf ./rotaryenco
der.eps)...executed safely (allowed).

Package epstopdf Info: Result file: <./rotaryencoder-eps-converted-to.pdf>
(epstopdf)                    date: 2024-01-28 18:43:36
(epstopdf)                    size: 7788 bytes.
<./rotaryencoder-eps-converted-to.pdf, id=177, 179.67125pt x 202.7575pt>
File: ./rotaryencoder-eps-converted-to.pdf Graphic file (type pdf)
<use ./rotaryencoder-eps-converted-to.pdf>
Package pdftex.def Info: ./rotaryencoder-eps-converted-to.pdf  used on input li
ne 318.
(pdftex.def)             Requested size: 256.0748pt x 289.0005pt.
<./lUltralydtransmitterx0501.jpg, id=178, 966.61125pt x 1018.80624pt>
File: ./lUltralydtransmitterx0501.jpg Graphic file (type jpg)
<use ./lUltralydtransmitterx0501.jpg>
Package pdftex.def Info: ./lUltralydtransmitterx0501.jpg  used on input line 32
6.
(pdftex.def)             Requested size: 227.62204pt x 239.90141pt.
<./lUltralydtransmitterx0502.jpg, id=179, 629.35126pt x 781.92125pt>
File: ./lUltralydtransmitterx0502.jpg Graphic file (type jpg)
<use ./lUltralydtransmitterx0502.jpg>
Package pdftex.def Info: ./lUltralydtransmitterx0502.jpg  used on input line 32
7.
(pdftex.def)             Requested size: 227.62204pt x 282.80386pt.

Overfull \hbox (2.61049pt too wide) in paragraph at lines 326--329
[]$[]$ $[]$
 []

[13 <./rotaryencoder-eps-converted-to.pdf>]
<./lUltralydtransmitterx0503.jpg, id=193, 1991.44pt x 1130.2225pt>
File: ./lUltralydtransmitterx0503.jpg Graphic file (type jpg)
<use ./lUltralydtransmitterx0503.jpg>
Package pdftex.def Info: ./lUltralydtransmitterx0503.jpg  used on input line 33
0.
(pdftex.def)             Requested size: 227.62204pt x 129.17091pt.
<./lUltralydtransmitterx0504.jpg, id=194, 868.24374pt x 726.715pt>
File: ./lUltralydtransmitterx0504.jpg Graphic file (type jpg)
<use ./lUltralydtransmitterx0504.jpg>
Package pdftex.def Info: ./lUltralydtransmitterx0504.jpg  used on input line 33
1.
(pdftex.def)             Requested size: 227.62204pt x 190.51604pt.

Overfull \hbox (2.61049pt too wide) in paragraph at lines 330--332
[]$[]$ $[]$ 
 []

<./lUltralydtransmitterx0505.jpg, id=195, 1478.52374pt x 1374.13374pt>
File: ./lUltralydtransmitterx0505.jpg Graphic file (type jpg)
<use ./lUltralydtransmitterx0505.jpg>
Package pdftex.def Info: ./lUltralydtransmitterx0505.jpg  used on input line 33
6.
(pdftex.def)             Requested size: 227.62204pt x 211.54176pt.
<./lUltralydtransmitterx0506.jpg, id=196, 2174.1225pt x 1669.23625pt>
File: ./lUltralydtransmitterx0506.jpg Graphic file (type jpg)
<use ./lUltralydtransmitterx0506.jpg>
Package pdftex.def Info: ./lUltralydtransmitterx0506.jpg  used on input line 33
7.
(pdftex.def)             Requested size: 227.62204pt x 174.75284pt.

Overfull \hbox (2.61049pt too wide) in paragraph at lines 336--338
[]$[]$ $[]$ 
 []

[14 <./lUltralydtransmitterx0501.jpg> <./lUltralydtransmitterx0502.jpg> <./lUlt
ralydtransmitterx0503.jpg> <./lUltralydtransmitterx0504.jpg>]
<./lUltralydtransmitterx0507.jpg, id=201, 985.6825pt x 1262.7175pt>
File: ./lUltralydtransmitterx0507.jpg Graphic file (type jpg)
<use ./lUltralydtransmitterx0507.jpg>
Package pdftex.def Info: ./lUltralydtransmitterx0507.jpg  used on input line 34
2.
(pdftex.def)             Requested size: 227.62204pt x 291.59424pt.
<./lUltralydtransmitterx0508.jpg, id=202, 3594.42876pt x 1210.5225pt>
File: ./lUltralydtransmitterx0508.jpg Graphic file (type jpg)
<use ./lUltralydtransmitterx0508.jpg>
Package pdftex.def Info: ./lUltralydtransmitterx0508.jpg  used on input line 34
3.
(pdftex.def)             Requested size: 227.62204pt x 76.6549pt.

Overfull \hbox (2.61049pt too wide) in paragraph at lines 342--344
[]$[]$ $[]$ 
 []

Package epstopdf Info: Source file: <./lUltralydtransmitterx02.eps>
(epstopdf)                    date: 2023-02-05 16:07:01
(epstopdf)                    size: 23911 bytes
(epstopdf)             Output file: <./lUltralydtransmitterx02-eps-converted-to
.pdf>
(epstopdf)             Command: <repstopdf --outfile=./lUltralydtransmitterx02-
eps-converted-to.pdf ./lUltralydtransmitterx02.eps>
(epstopdf)             \includegraphics on input line 352.
runsystem(repstopdf --outfile=./lUltralydtransmitterx02-eps-converted-to.pdf ./
lUltralydtransmitterx02.eps)...executed safely (allowed).

Package epstopdf Info: Result file: <./lUltralydtransmitterx02-eps-converted-to
.pdf>
(epstopdf)                    date: 2024-01-28 18:43:37
(epstopdf)                    size: 13263 bytes.
<./lUltralydtransmitterx02-eps-converted-to.pdf, id=203, 225.84375pt x 387.4475
pt>
File: ./lUltralydtransmitterx02-eps-converted-to.pdf Graphic file (type pdf)
<use ./lUltralydtransmitterx02-eps-converted-to.pdf>
Package pdftex.def Info: ./lUltralydtransmitterx02-eps-converted-to.pdf  used o
n input line 352.
(pdftex.def)             Requested size: 256.0748pt x 439.36542pt.
[15 <./lUltralydtransmitterx0505.jpg> <./lUltralydtransmitterx0506.jpg> <./lUlt
ralydtransmitterx0507.jpg> <./lUltralydtransmitterx0508.jpg>]
<./lUltralydtransmitterx0509.png, id=209, 379.4175pt x 236.885pt>
File: ./lUltralydtransmitterx0509.png Graphic file (type png)
<use ./lUltralydtransmitterx0509.png>
Package pdftex.def Info: ./lUltralydtransmitterx0509.png  used on input line 35
6.
(pdftex.def)             Requested size: 227.62204pt x 142.11401pt.
 [16 <./lUltralydtransmitterx02-eps-converted-to.pdf> <./lUltralydtransmitterx0
509.png>] [17]
[18] (./lUltralydtransmitter.aux)
Package rerunfilecheck Info: File `lUltralydtransmitter.out' has not changed.
(rerunfilecheck)             Checksum: D41D8CD98F00B204E9800998ECF8427E;0.
 ) 
Here is how much of TeX's memory you used:
 23691 strings out of 477985
 435393 string characters out of 5840058
 1987388 words of memory out of 5000000
 43309 multiletter control sequences out of 15000+600000
 519833 words of font info for 49 fonts, out of 8000000 for 9000
 14 hyphenation exceptions out of 8191
 85i,6n,80p,444b,1966s stack positions out of 10000i,1000n,20000p,200000b,200000s
</usr/share/texmf-dist/fonts/type1/public/amsfonts/cm/cmr12.pfb></usr/share/t
exmf-dist/fonts/type1/public/amsfonts/cm/cmr8.pfb></usr/share/texmf-dist/fonts/
type1/public/amsfonts/cm/cmsy10.pfb></usr/share/texmf-dist/fonts/type1/public/c
m-super/sfbx1440.pfb></usr/share/texmf-dist/fonts/type1/public/cm-super/sfbx172
8.pfb></usr/share/texmf-dist/fonts/type1/public/cm-super/sfrm1200.pfb></usr/sha
re/texmf-dist/fonts/type1/urw/courier/ucrr8a.pfb>
Output written on lUltralydtransmitter.pdf (18 pages, 7381656 bytes).
PDF statistics:
 354 PDF objects out of 1000 (max. 8388607)
 276 compressed objects within 3 object streams
 146 named destinations out of 1000 (max. 500000)
 168 words of extra memory for PDF output out of 10000 (max. 10000000)

