This is pdfTeX, Version 3.14159265-2.6-1.40.21 (TeX Live 2020/Arch Linux) (preloaded format=pdflatex 2020.7.7)  20 AUG 2020 14:43
entering extended mode
 restricted \write18 enabled.
 %&-line parsing enabled.
**output.tex
(./output.tex
LaTeX2e <2020-02-02> patch level 5
L3 programming layer <2020-06-03>
(/usr/share/texmf-dist/tex/latex/base/book.cls
Document Class: book 2019/12/20 v1.4l Standard LaTeX document class
(/usr/share/texmf-dist/tex/latex/base/bk12.clo
File: bk12.clo 2019/12/20 v1.4l Standard LaTeX file (size option)
)
\c@part=\count167
\c@chapter=\count168
\c@section=\count169
\c@subsection=\count170
\c@subsubsection=\count171
\c@paragraph=\count172
\c@subparagraph=\count173
\c@figure=\count174
\c@table=\count175
\abovecaptionskip=\skip47
\belowcaptionskip=\skip48
\bibindent=\dimen134
)
(/usr/share/texmf-dist/tex/latex/base/inputenc.sty
Package: inputenc 2018/08/11 v1.3c Input encoding file
\inpenc@prehook=\toks15
\inpenc@posthook=\toks16
)
(/usr/share/texmf-dist/tex/latex/base/fontenc.sty
Package: fontenc 2020/02/11 v2.0o Standard LaTeX package
)
(/usr/share/texmf-dist/tex/latex/graphics/graphicx.sty
Package: graphicx 2019/11/30 v1.2a Enhanced LaTeX Graphics (DPC,SPQR)

(/usr/share/texmf-dist/tex/latex/graphics/keyval.sty
Package: keyval 2014/10/28 v1.15 key=value parser (DPC)
\KV@toks@=\toks17
)
(/usr/share/texmf-dist/tex/latex/graphics/graphics.sty
Package: graphics 2019/11/30 v1.4a Standard LaTeX Graphics (DPC,SPQR)

(/usr/share/texmf-dist/tex/latex/graphics/trig.sty
Package: trig 2016/01/03 v1.10 sin cos tan (DPC)
)
(/usr/share/texmf-dist/tex/latex/graphics-cfg/graphics.cfg
File: graphics.cfg 2016/06/04 v1.11 sample graphics configuration
)
Package graphics Info: Driver file: pdftex.def on input line 105.

(/usr/share/texmf-dist/tex/latex/graphics-def/pdftex.def
File: pdftex.def 2018/01/08 v1.0l Graphics/color driver for pdftex
))
\Gin@req@height=\dimen135
\Gin@req@width=\dimen136
)
(/usr/share/texmf-dist/tex/latex/enumitem/enumitem.sty
Package: enumitem 2019/06/20 v3.9 Customized lists
\labelindent=\skip49
\enit@outerparindent=\dimen137
\enit@toks=\toks18
\enit@inbox=\box45
\enit@count@id=\count176
\enitdp@description=\count177
)
(/usr/share/texmf-dist/tex/latex/hyperref/hyperref.sty
Package: hyperref 2020-05-15 v7.00e Hypertext links for LaTeX

(/usr/share/texmf-dist/tex/generic/ltxcmds/ltxcmds.sty
Package: ltxcmds 2019/12/15 v1.24 LaTeX kernel commands for general use (HO)
)
(/usr/share/texmf-dist/tex/generic/iftex/iftex.sty
Package: iftex 2020/03/06 v1.0d TeX engine tests
)
(/usr/share/texmf-dist/tex/latex/pdftexcmds/pdftexcmds.sty
Package: pdftexcmds 2020-06-04 v0.32 Utility functions of pdfTeX for LuaTeX (HO
)

(/usr/share/texmf-dist/tex/generic/infwarerr/infwarerr.sty
Package: infwarerr 2019/12/03 v1.5 Providing info/warning/error messages (HO)
)
Package pdftexcmds Info: \pdf@primitive is available.
Package pdftexcmds Info: \pdf@ifprimitive is available.
Package pdftexcmds Info: \pdfdraftmode found.
)
(/usr/share/texmf-dist/tex/generic/kvsetkeys/kvsetkeys.sty
Package: kvsetkeys 2019/12/15 v1.18 Key value parser (HO)
)
(/usr/share/texmf-dist/tex/generic/kvdefinekeys/kvdefinekeys.sty
Package: kvdefinekeys 2019-12-19 v1.6 Define keys (HO)
)
(/usr/share/texmf-dist/tex/generic/pdfescape/pdfescape.sty
Package: pdfescape 2019/12/09 v1.15 Implements pdfTeX's escape features (HO)
)
(/usr/share/texmf-dist/tex/latex/hycolor/hycolor.sty
Package: hycolor 2020-01-27 v1.10 Color options for hyperref/bookmark (HO)
)
(/usr/share/texmf-dist/tex/latex/letltxmacro/letltxmacro.sty
Package: letltxmacro 2019/12/03 v1.6 Let assignment for LaTeX macros (HO)
)
(/usr/share/texmf-dist/tex/latex/auxhook/auxhook.sty
Package: auxhook 2019-12-17 v1.6 Hooks for auxiliary files (HO)
)
(/usr/share/texmf-dist/tex/latex/kvoptions/kvoptions.sty
Package: kvoptions 2019/11/29 v3.13 Key value format for package options (HO)
)
\@linkdim=\dimen138
\Hy@linkcounter=\count178
\Hy@pagecounter=\count179

(/usr/share/texmf-dist/tex/latex/hyperref/pd1enc.def
File: pd1enc.def 2020-05-15 v7.00e Hyperref: PDFDocEncoding definition (HO)
Now handling font encoding PD1 ...
... no UTF-8 mapping file for font encoding PD1
)
(/usr/share/texmf-dist/tex/generic/intcalc/intcalc.sty
Package: intcalc 2019/12/15 v1.3 Expandable calculations with integers (HO)
)
(/usr/share/texmf-dist/tex/generic/etexcmds/etexcmds.sty
Package: etexcmds 2019/12/15 v1.7 Avoid name clashes with e-TeX commands (HO)
)
\Hy@SavedSpaceFactor=\count180
Package hyperref Info: Hyper figures OFF on input line 4464.
Package hyperref Info: Link nesting OFF on input line 4469.
Package hyperref Info: Hyper index ON on input line 4472.
Package hyperref Info: Plain pages OFF on input line 4479.
Package hyperref Info: Backreferencing OFF on input line 4484.
Package hyperref Info: Implicit mode ON; LaTeX internals redefined.
Package hyperref Info: Bookmarks ON on input line 4717.
\c@Hy@tempcnt=\count181

(/usr/share/texmf-dist/tex/latex/url/url.sty
\Urlmuskip=\muskip16
Package: url 2013/09/16  ver 3.4  Verb mode for urls, etc.
)
LaTeX Info: Redefining \url on input line 5076.
\XeTeXLinkMargin=\dimen139

(/usr/share/texmf-dist/tex/generic/bitset/bitset.sty
Package: bitset 2019/12/09 v1.3 Handle bit-vector datatype (HO)

(/usr/share/texmf-dist/tex/generic/bigintcalc/bigintcalc.sty
Package: bigintcalc 2019/12/15 v1.5 Expandable calculations on big integers (HO
)
))
\Fld@menulength=\count182
\Field@Width=\dimen140
\Fld@charsize=\dimen141
Package hyperref Info: Hyper figures OFF on input line 6347.
Package hyperref Info: Link nesting OFF on input line 6352.
Package hyperref Info: Hyper index ON on input line 6355.
Package hyperref Info: backreferencing OFF on input line 6362.
Package hyperref Info: Link coloring OFF on input line 6367.
Package hyperref Info: Link coloring with OCG OFF on input line 6372.
Package hyperref Info: PDF/A mode OFF on input line 6377.
LaTeX Info: Redefining \ref on input line 6417.
LaTeX Info: Redefining \pageref on input line 6421.

(/usr/share/texmf-dist/tex/generic/atbegshi/atbegshi.sty
Package: atbegshi 2019/12/05 v1.19 At begin shipout hook (HO)
)
\Hy@abspage=\count183
\c@Item=\count184
\c@Hfootnote=\count185
)
Package hyperref Info: Driver (autodetected): hpdftex.

(/usr/share/texmf-dist/tex/latex/hyperref/hpdftex.def
File: hpdftex.def 2020-05-15 v7.00e Hyperref driver for pdfTeX

(/usr/share/texmf-dist/tex/latex/atveryend/atveryend.sty
Package: atveryend 2019-12-11 v1.11 Hooks at the very end of document (HO)
Package atveryend Info: \enddocument detected (standard20110627).
)
\Fld@listcount=\count186
\c@bookmark@seq@number=\count187

(/usr/share/texmf-dist/tex/latex/rerunfilecheck/rerunfilecheck.sty
Package: rerunfilecheck 2019/12/05 v1.9 Rerun checks for auxiliary files (HO)

(/usr/share/texmf-dist/tex/generic/uniquecounter/uniquecounter.sty
Package: uniquecounter 2019/12/15 v1.4 Provide unlimited unique counter (HO)
)
Package uniquecounter Info: New unique counter `rerunfilecheck' on input line 2
86.
)
\Hy@SectionHShift=\skip50
)
(/usr/share/texmf-dist/tex/latex/attachfile/attachfile.sty
Package: attachfile 2016/09/18 v1.9 PDF 1.3+ file attachment

(/usr/share/texmf-dist/tex/generic/iftex/ifpdf.sty
Package: ifpdf 2019/10/25 v3.4 ifpdf legacy package. Use iftex instead.
)
(/usr/share/texmf-dist/tex/latex/tools/calc.sty
Package: calc 2017/05/25 v4.3 Infix arithmetic (KKT,FJ)
\calc@Acount=\count188
\calc@Bcount=\count189
\calc@Adimen=\dimen142
\calc@Bdimen=\dimen143
\calc@Askip=\skip51
\calc@Bskip=\skip52
LaTeX Info: Redefining \setlength on input line 80.
LaTeX Info: Redefining \addtolength on input line 81.
\calc@Ccount=\count190
\calc@Cskip=\skip53
)
(/usr/share/texmf-dist/tex/latex/graphics/color.sty
Package: color 2019/11/23 v1.2a Standard LaTeX Color (DPC)

(/usr/share/texmf-dist/tex/latex/graphics-cfg/color.cfg
File: color.cfg 2016/01/02 v1.6 sample color configuration
)
Package color Info: Driver file: pdftex.def on input line 147.
)
\c@atfi@tmp=\count191
\atfi@appearancewidth=\skip54
\atfi@appearanceheight=\skip55
\atfi@appearancedepth=\skip56
\atfi@appearancebox=\box46
)
(/usr/share/texmf-dist/tex/latex/epstopdf-pkg/epstopdf.sty
Package: epstopdf 2020-01-24 v2.11 Conversion with epstopdf on the fly (HO)

(/usr/share/texmf-dist/tex/latex/grfext/grfext.sty
Package: grfext 2019/12/03 v1.3 Manage graphics extensions (HO)
)
(/usr/share/texmf-dist/tex/latex/epstopdf-pkg/epstopdf-base.sty
Package: epstopdf-base 2020-01-24 v2.11 Base part for package epstopdf
Package epstopdf-base Info: Redefining graphics rule for `.eps' on input line 4
85.
Package grfext Info: Graphics extension search list:
(grfext)             [.pdf,.png,.jpg,.mps,.jpeg,.jbig2,.jb2,.PDF,.PNG,.JPG,.JPE
G,.JBIG2,.JB2,.eps]
(grfext)             \AppendGraphicsExtensions on input line 504.

(/usr/share/texmf-dist/tex/latex/latexconfig/epstopdf-sys.cfg
File: epstopdf-sys.cfg 2010/07/13 v1.3 Configuration of (r)epstopdf for TeX Liv
e
)))
\questnum=\count192
\answnum=\count193
\explnum=\count194

(/usr/share/texmf-dist/tex/latex/l3backend/l3backend-pdfmode.def
File: l3backend-pdfmode.def 2020-06-03 L3 backend support: PDF mode
\l__kernel_color_stack_int=\count195
\l__pdf_internal_box=\box47
) (./output.aux)
LaTeX Font Info:    Checking defaults for OML/cmm/m/it on input line 55.
LaTeX Font Info:    ... okay on input line 55.
LaTeX Font Info:    Checking defaults for OMS/cmsy/m/n on input line 55.
LaTeX Font Info:    ... okay on input line 55.
LaTeX Font Info:    Checking defaults for OT1/cmr/m/n on input line 55.
LaTeX Font Info:    ... okay on input line 55.
LaTeX Font Info:    Checking defaults for T1/cmr/m/n on input line 55.
LaTeX Font Info:    ... okay on input line 55.
LaTeX Font Info:    Checking defaults for TS1/cmr/m/n on input line 55.
LaTeX Font Info:    ... okay on input line 55.
LaTeX Font Info:    Checking defaults for OMX/cmex/m/n on input line 55.
LaTeX Font Info:    ... okay on input line 55.
LaTeX Font Info:    Checking defaults for U/cmr/m/n on input line 55.
LaTeX Font Info:    ... okay on input line 55.
LaTeX Font Info:    Checking defaults for PD1/pdf/m/n on input line 55.
LaTeX Font Info:    ... okay on input line 55.
 (/usr/share/texmf-dist/tex/context/base/mkii/supp-pdf.mkii
[Loading MPS to PDF converter (version 2006.09.02).]
\scratchcounter=\count196
\scratchdimen=\dimen144
\scratchbox=\box48
\nofMPsegments=\count197
\nofMParguments=\count198
\everyMPshowfont=\toks19
\MPscratchCnt=\count199
\MPscratchDim=\dimen145
\MPnumerator=\count266
\makeMPintoPDFobject=\count267
\everyMPtoPDFconversion=\toks20
)
\AtBeginShipoutBox=\box49
Package hyperref Info: Link coloring OFF on input line 55.
 (/usr/share/texmf-dist/tex/latex/hyperref/nameref.sty
Package: nameref 2019/09/16 v2.46 Cross-referencing by name of section

(/usr/share/texmf-dist/tex/latex/refcount/refcount.sty
Package: refcount 2019/12/15 v3.6 Data extraction from label references (HO)
)
(/usr/share/texmf-dist/tex/generic/gettitlestring/gettitlestring.sty
Package: gettitlestring 2019/12/15 v1.6 Cleanup title references (HO)
)
\c@section@level=\count268
)
LaTeX Info: Redefining \ref on input line 55.
LaTeX Info: Redefining \pageref on input line 55.
LaTeX Info: Redefining \nameref on input line 55.

(./output.out) (./output.out)
\@outlinefile=\write3

Overfull \hbox (60.11542pt too wide) in paragraph at lines 59--60
\T1/cmr/m/n/12 Li-cense, ver-sion 1.0. To view a copy of this li-cense, visit h
ttp://creativecommons.org/licenses/by/1.0/,
 []

[1{/var/lib/texmf/fonts/map/pdftex/updmap/pdftex.map}

]
LaTeX Font Info:    External font `cmex10' loaded for size
(Font)              <12> on input line 83.
LaTeX Font Info:    External font `cmex10' loaded for size
(Font)              <8> on input line 83.
LaTeX Font Info:    External font `cmex10' loaded for size
(Font)              <6> on input line 83.
 [2] [3] [4] [5] [6]
Overfull \hbox (73.74117pt too wide) detected at line 242
[]
 []

[7]
Overfull \hbox (0.57545pt too wide) in paragraph at lines 271--272
[]\T1/cmr/m/n/12 Identify mul-ti-ple lo-ca-tions (ref-er-enc-ing a loop di-a-gr
am) you may con-nect HART
 []

[8]
Overfull \hbox (54.00151pt too wide) detected at line 401
[]
 []

[9] [10]
Package epstopdf Info: Source file: <i01558x01.eps>
(epstopdf)                    date: 2020-07-10 11:22:55
(epstopdf)                    size: 9349 bytes
(epstopdf)             Output file: <i01558x01-eps-converted-to.pdf>
(epstopdf)                    date: 2020-08-20 14:19:58
(epstopdf)                    size: 9191 bytes
(epstopdf)             Command: <repstopdf --outfile=i01558x01-eps-converted-to
.pdf i01558x01.eps>
(epstopdf)             \includegraphics on input line 411.
Package epstopdf Info: Output file is already uptodate.
<i01558x01-eps-converted-to.pdf, id=51, 406.51875pt x 61.22874pt>
File: i01558x01-eps-converted-to.pdf Graphic file (type pdf)
<use i01558x01-eps-converted-to.pdf>
Package pdftex.def Info: i01558x01-eps-converted-to.pdf  used on input line 411
.
(pdftex.def)             Requested size: 441.01772pt x 66.42686pt.
 [11 <./i01558x01-eps-converted-to.pdf>]
Package epstopdf Info: Source file: <i01558x02.eps>
(epstopdf)                    date: 2020-06-12 13:07:26
(epstopdf)                    size: 10595 bytes
(epstopdf)             Output file: <i01558x02-eps-converted-to.pdf>
(epstopdf)                    date: 2020-08-20 14:19:58
(epstopdf)                    size: 11042 bytes
(epstopdf)             Command: <repstopdf --outfile=i01558x02-eps-converted-to
.pdf i01558x02.eps>
(epstopdf)             \includegraphics on input line 426.
Package epstopdf Info: Output file is already uptodate.
<i01558x02-eps-converted-to.pdf, id=66, 378.41376pt x 270.00874pt>
File: i01558x02-eps-converted-to.pdf Graphic file (type pdf)
<use i01558x02-eps-converted-to.pdf>
Package pdftex.def Info: i01558x02-eps-converted-to.pdf  used on input line 426
.
(pdftex.def)             Requested size: 441.01772pt x 314.68118pt.
Package epstopdf Info: Source file: <i01558x03.eps>
(epstopdf)                    date: 2020-06-12 13:07:26
(epstopdf)                    size: 10993 bytes
(epstopdf)             Output file: <i01558x03-eps-converted-to.pdf>
(epstopdf)                    date: 2020-08-20 14:19:59
(epstopdf)                    size: 12228 bytes
(epstopdf)             Command: <repstopdf --outfile=i01558x03-eps-converted-to
.pdf i01558x03.eps>
(epstopdf)             \includegraphics on input line 428.
Package epstopdf Info: Output file is already uptodate.
<i01558x03-eps-converted-to.pdf, id=67, 378.41376pt x 242.9075pt>
File: i01558x03-eps-converted-to.pdf Graphic file (type pdf)
<use i01558x03-eps-converted-to.pdf>
Package pdftex.def Info: i01558x03-eps-converted-to.pdf  used on input line 428
.
(pdftex.def)             Requested size: 441.01772pt x 283.09608pt.

Underfull \vbox (badness 10000) has occurred while \output is active []

 [12 <./i01558x02-eps-converted-to.pdf>]
Package epstopdf Info: Source file: <i01558x04.eps>
(epstopdf)                    date: 2020-06-12 13:07:26
(epstopdf)                    size: 11335 bytes
(epstopdf)             Output file: <i01558x04-eps-converted-to.pdf>
(epstopdf)                    date: 2020-08-20 14:19:59
(epstopdf)                    size: 10946 bytes
(epstopdf)             Command: <repstopdf --outfile=i01558x04-eps-converted-to
.pdf i01558x04.eps>
(epstopdf)             \includegraphics on input line 432.
Package epstopdf Info: Output file is already uptodate.
<i01558x04-eps-converted-to.pdf, id=82, 378.41376pt x 242.9075pt>
File: i01558x04-eps-converted-to.pdf Graphic file (type pdf)
<use i01558x04-eps-converted-to.pdf>
Package pdftex.def Info: i01558x04-eps-converted-to.pdf  used on input line 432
.
(pdftex.def)             Requested size: 441.01772pt x 283.09608pt.
 [13 <./i01558x03-eps-converted-to.pdf>]
Package epstopdf Info: Source file: <i01558x05.eps>
(epstopdf)                    date: 2020-06-12 13:07:26
(epstopdf)                    size: 11871 bytes
(epstopdf)             Output file: <i01558x05-eps-converted-to.pdf>
(epstopdf)                    date: 2020-08-20 14:20:00
(epstopdf)                    size: 11264 bytes
(epstopdf)             Command: <repstopdf --outfile=i01558x05-eps-converted-to
.pdf i01558x05.eps>
(epstopdf)             \includegraphics on input line 434.
Package epstopdf Info: Output file is already uptodate.
<i01558x05-eps-converted-to.pdf, id=99, 378.41376pt x 242.9075pt>
File: i01558x05-eps-converted-to.pdf Graphic file (type pdf)
<use i01558x05-eps-converted-to.pdf>
Package pdftex.def Info: i01558x05-eps-converted-to.pdf  used on input line 434
.
(pdftex.def)             Requested size: 441.01772pt x 283.09608pt.

Underfull \vbox (badness 10000) has occurred while \output is active []

 [14 <./i01558x04-eps-converted-to.pdf>]
Package epstopdf Info: Source file: <i01558x06.eps>
(epstopdf)                    date: 2020-06-12 13:07:26
(epstopdf)                    size: 9773 bytes
(epstopdf)             Output file: <i01558x06-eps-converted-to.pdf>
(epstopdf)                    date: 2020-08-20 14:20:01
(epstopdf)                    size: 10970 bytes
(epstopdf)             Command: <repstopdf --outfile=i01558x06-eps-converted-to
.pdf i01558x06.eps>
(epstopdf)             \includegraphics on input line 438.
Package epstopdf Info: Output file is already uptodate.
<i01558x06-eps-converted-to.pdf, id=114, 378.41376pt x 152.57pt>
File: i01558x06-eps-converted-to.pdf Graphic file (type pdf)
<use i01558x06-eps-converted-to.pdf>
Package pdftex.def Info: i01558x06-eps-converted-to.pdf  used on input line 438
.
(pdftex.def)             Requested size: 441.01772pt x 177.81242pt.
Package epstopdf Info: Source file: <i01558x07.eps>
(epstopdf)                    date: 2020-06-12 13:07:26
(epstopdf)                    size: 10741 bytes
(epstopdf)             Output file: <i01558x07-eps-converted-to.pdf>
(epstopdf)                    date: 2020-08-20 14:20:01
(epstopdf)                    size: 11783 bytes
(epstopdf)             Command: <repstopdf --outfile=i01558x07-eps-converted-to
.pdf i01558x07.eps>
(epstopdf)             \includegraphics on input line 440.
Package epstopdf Info: Output file is already uptodate.
<i01558x07-eps-converted-to.pdf, id=115, 378.41376pt x 152.57pt>
File: i01558x07-eps-converted-to.pdf Graphic file (type pdf)
<use i01558x07-eps-converted-to.pdf>
Package pdftex.def Info: i01558x07-eps-converted-to.pdf  used on input line 440
.
(pdftex.def)             Requested size: 441.01772pt x 177.81242pt.
 [15 <./i01558x05-eps-converted-to.pdf>] [16 <./i01558x06-eps-converted-to.pdf>
 <./i01558x07-eps-converted-to.pdf>] [17]
Overfull \hbox (0.21404pt too wide) in paragraph at lines 483--484
[]\T1/cmr/m/n/12 You should prac-tice good problem-solving tech-niques when cre
-at-ing your pro-to-type sketch,
 []


Overfull \hbox (1.13176pt too wide) in paragraph at lines 483--484
\T1/cmr/m/n/12 ing di-rec-tions of elec-tric cur-rent, volt-age po-lar-i-ties, 
and iden-ti-fy-ing elec-tri-cal sources/loads.
 []

[18] [19]

! LaTeX Error: Too deeply nested.

See the LaTeX manual or LaTeX Companion for explanation.
Type  H <return>  for immediate help.
 ...                                              
                                                  
l.553 
      
? 
! Extra }, or forgotten \endgroup.
l.559 }
        \hskip 3pt}%
? 
! Extra }, or forgotten \endgroup.
<recently read> }
                 
l.559 } \hskip 3pt}
                   %
? 
! Extra }, or forgotten \endgroup.
<recently read> }
                 
l.560 \vskip 5pt \hrule}
                        %
? 
! Extra }, or forgotten \endgroup.
<recently read> }
                 
l.561 \vrule}
             
? 

! LaTeX Error: Too deeply nested.

See the LaTeX manual or LaTeX Companion for explanation.
Type  H <return>  for immediate help.
 ...                                              
                                                  
l.589 
      
? 
! Emergency stop.
 ...                                              
                                                  
l.589 
      
You're in trouble here.  Try typing  <return>  to proceed.
If that doesn't work, type  X <return>  to quit.

 
Here is how much of TeX's memory you used:
 6055 strings out of 480478
 92521 string characters out of 5905960
 362920 words of memory out of 5000000
 21955 multiletter control sequences out of 15000+600000
 538456 words of font info for 38 fonts, out of 8000000 for 9000
 1141 hyphenation exceptions out of 8191
 34i,9n,29p,883b,492s stack positions out of 5000i,500n,10000p,200000b,80000s
!  ==> Fatal error occurred, no output PDF file produced!
