This is pdfTeX, Version 3.141592653-2.6-1.40.25 (TeX Live 2023/Arch Linux) (preloaded format=latex 2023.7.30)  30 JUL 2023 15:09
entering extended mode
 restricted \write18 enabled.
 %&-line parsing enabled.
**afgv.tex
(./afgv.tex
LaTeX2e <2022-11-01> patch level 1
L3 programming layer <2023-02-22>
(/usr/share/texmf-dist/tex/latex/base/book.cls
Document Class: book 2022/07/02 v1.4n Standard LaTeX document class
(/usr/share/texmf-dist/tex/latex/base/bk12.clo
File: bk12.clo 2022/07/02 v1.4n Standard LaTeX file (size option)
)
\c@part=\count185
\c@chapter=\count186
\c@section=\count187
\c@subsection=\count188
\c@subsubsection=\count189
\c@paragraph=\count190
\c@subparagraph=\count191
\c@figure=\count192
\c@table=\count193
\abovecaptionskip=\skip48
\belowcaptionskip=\skip49
\bibindent=\dimen140
)
(/usr/share/texmf-dist/tex/generic/ulem/ulem.sty
\UL@box=\box51
\UL@hyphenbox=\box52
\UL@skip=\skip50
\UL@hook=\toks16
\UL@height=\dimen141
\UL@pe=\count194
\UL@pixel=\dimen142
\ULC@box=\box53
Package: ulem 2019/11/18
\ULdepth=\dimen143
)
(/usr/share/texmf-dist/tex/latex/base/makeidx.sty
Package: makeidx 2021/10/04 v1.0m Standard LaTeX package
)
(/usr/share/texmf-dist/tex/latex/graphics/graphicx.sty
Package: graphicx 2021/09/16 v1.2d Enhanced LaTeX Graphics (DPC,SPQR)

(/usr/share/texmf-dist/tex/latex/graphics/keyval.sty
Package: keyval 2022/05/29 v1.15 key=value parser (DPC)
\KV@toks@=\toks17
)
(/usr/share/texmf-dist/tex/latex/graphics/graphics.sty
Package: graphics 2022/03/10 v1.4e Standard LaTeX Graphics (DPC,SPQR)

(/usr/share/texmf-dist/tex/latex/graphics/trig.sty
Package: trig 2021/08/11 v1.11 sin cos tan (DPC)
)
(/usr/share/texmf-dist/tex/latex/graphics-cfg/graphics.cfg
File: graphics.cfg 2016/06/04 v1.11 sample graphics configuration
)
Package graphics Info: Driver file: dvips.def on input line 107.

(/usr/share/texmf-dist/tex/latex/graphics-def/dvips.def
File: dvips.def 2022/09/22 v3.1e Graphics/color driver for dvips
))
\Gin@req@height=\dimen144
\Gin@req@width=\dimen145
)
(/usr/share/texmf-dist/tex/latex/tools/array.sty
Package: array 2022/09/04 v2.5g Tabular extension package (FMi)
\col@sep=\dimen146
\ar@mcellbox=\box54
\extrarowheight=\dimen147
\NC@list=\toks18
\extratabsurround=\skip51
\backup@length=\skip52
\ar@cellbox=\box55
)
(/usr/share/texmf-dist/tex/latex/amsmath/amsmath.sty
Package: amsmath 2022/04/08 v2.17n AMS math features
\@mathmargin=\skip53

For additional information on amsmath, use the `?' option.
(/usr/share/texmf-dist/tex/latex/amsmath/amstext.sty
Package: amstext 2021/08/26 v2.01 AMS text

(/usr/share/texmf-dist/tex/latex/amsmath/amsgen.sty
File: amsgen.sty 1999/11/30 v2.0 generic functions
\@emptytoks=\toks19
\ex@=\dimen148
))
(/usr/share/texmf-dist/tex/latex/amsmath/amsbsy.sty
Package: amsbsy 1999/11/29 v1.2d Bold Symbols
\pmbraise@=\dimen149
)
(/usr/share/texmf-dist/tex/latex/amsmath/amsopn.sty
Package: amsopn 2022/04/08 v2.04 operator names
)
\inf@bad=\count195
LaTeX Info: Redefining \frac on input line 234.
\uproot@=\count196
\leftroot@=\count197
LaTeX Info: Redefining \overline on input line 399.
LaTeX Info: Redefining \colon on input line 410.
\classnum@=\count198
\DOTSCASE@=\count199
LaTeX Info: Redefining \ldots on input line 496.
LaTeX Info: Redefining \dots on input line 499.
LaTeX Info: Redefining \cdots on input line 620.
\Mathstrutbox@=\box56
\strutbox@=\box57
LaTeX Info: Redefining \big on input line 722.
LaTeX Info: Redefining \Big on input line 723.
LaTeX Info: Redefining \bigg on input line 724.
LaTeX Info: Redefining \Bigg on input line 725.
\big@size=\dimen150
LaTeX Font Info:    Redeclaring font encoding OML on input line 743.
LaTeX Font Info:    Redeclaring font encoding OMS on input line 744.
\macc@depth=\count266
LaTeX Info: Redefining \bmod on input line 905.
LaTeX Info: Redefining \pmod on input line 910.
LaTeX Info: Redefining \smash on input line 940.
LaTeX Info: Redefining \relbar on input line 970.
LaTeX Info: Redefining \Relbar on input line 971.
\c@MaxMatrixCols=\count267
\dotsspace@=\muskip16
\c@parentequation=\count268
\dspbrk@lvl=\count269
\tag@help=\toks20
\row@=\count270
\column@=\count271
\maxfields@=\count272
\andhelp@=\toks21
\eqnshift@=\dimen151
\alignsep@=\dimen152
\tagshift@=\dimen153
\tagwidth@=\dimen154
\totwidth@=\dimen155
\lineht@=\dimen156
\@envbody=\toks22
\multlinegap=\skip54
\multlinetaggap=\skip55
\mathdisplay@stack=\toks23
LaTeX Info: Redefining \[ on input line 2953.
LaTeX Info: Redefining \] on input line 2954.
)
(/usr/share/texmf-dist/tex/latex/xcolor/xcolor.sty
Package: xcolor 2022/06/12 v2.14 LaTeX color extensions (UK)

(/usr/share/texmf-dist/tex/latex/graphics-cfg/color.cfg
File: color.cfg 2016/01/02 v1.6 sample color configuration
)
Package xcolor Info: Driver file: dvips.def on input line 227.

(/usr/share/texmf-dist/tex/latex/graphics/mathcolor.ltx)
Package xcolor Info: Model `cmy' substituted by `cmy0' on input line 1353.
Package xcolor Info: Model `RGB' extended on input line 1369.
Package xcolor Info: Model `HTML' substituted by `rgb' on input line 1371.
Package xcolor Info: Model `Hsb' substituted by `hsb' on input line 1372.
Package xcolor Info: Model `tHsb' substituted by `hsb' on input line 1373.
Package xcolor Info: Model `HSB' substituted by `hsb' on input line 1374.
Package xcolor Info: Model `Gray' substituted by `gray' on input line 1375.
Package xcolor Info: Model `wave' substituted by `hsb' on input line 1376.
)
(/usr/share/texmf-dist/tex/latex/listings/listings.sty
\lst@mode=\count273
\lst@gtempboxa=\box58
\lst@token=\toks24
\lst@length=\count274
\lst@currlwidth=\dimen157
\lst@column=\count275
\lst@pos=\count276
\lst@lostspace=\dimen158
\lst@width=\dimen159
\lst@newlines=\count277
\lst@lineno=\count278
\lst@maxwidth=\dimen160

(/usr/share/texmf-dist/tex/latex/listings/lstmisc.sty
File: lstmisc.sty 2023/02/27 1.9 (Carsten Heinz)
\c@lstnumber=\count279
\lst@skipnumbers=\count280
\lst@framebox=\box59
)
(/usr/share/texmf-dist/tex/latex/listings/listings.cfg
File: listings.cfg 2023/02/27 1.9 listings configuration
))
Package: listings 2023/02/27 1.9 (Carsten Heinz)

(/usr/share/texmf-dist/tex/latex/makecell/makecell.sty
Package: makecell 2009/08/03 V0.1e Managing of Tab Column Heads and Cells
\rotheadsize=\dimen161
\c@nlinenum=\count281
\TeXr@lab=\toks25
)
(/usr/share/texmf-dist/tex/latex/hyperref/hyperref.sty
Package: hyperref 2023-02-07 v7.00v Hypertext links for LaTeX

(/usr/share/texmf-dist/tex/generic/ltxcmds/ltxcmds.sty
Package: ltxcmds 2020-05-10 v1.25 LaTeX kernel commands for general use (HO)
)
(/usr/share/texmf-dist/tex/generic/iftex/iftex.sty
Package: iftex 2022/02/03 v1.0f TeX engine tests
)
(/usr/share/texmf-dist/tex/generic/pdftexcmds/pdftexcmds.sty
Package: pdftexcmds 2020-06-27 v0.33 Utility functions of pdfTeX for LuaTeX (HO
)

(/usr/share/texmf-dist/tex/generic/infwarerr/infwarerr.sty
Package: infwarerr 2019/12/03 v1.5 Providing info/warning/error messages (HO)
)
Package pdftexcmds Info: \pdf@primitive is available.
Package pdftexcmds Info: \pdf@ifprimitive is available.
Package pdftexcmds Info: \pdfdraftmode is ignored in DVI mode.
)
(/usr/share/texmf-dist/tex/latex/kvsetkeys/kvsetkeys.sty
Package: kvsetkeys 2022-10-05 v1.19 Key value parser (HO)
)
(/usr/share/texmf-dist/tex/generic/kvdefinekeys/kvdefinekeys.sty
Package: kvdefinekeys 2019-12-19 v1.6 Define keys (HO)
)
(/usr/share/texmf-dist/tex/generic/pdfescape/pdfescape.sty
Package: pdfescape 2019/12/09 v1.15 Implements pdfTeX's escape features (HO)
)
(/usr/share/texmf-dist/tex/latex/hycolor/hycolor.sty
Package: hycolor 2020-01-27 v1.10 Color options for hyperref/bookmark (HO)
)
(/usr/share/texmf-dist/tex/latex/letltxmacro/letltxmacro.sty
Package: letltxmacro 2019/12/03 v1.6 Let assignment for LaTeX macros (HO)
)
(/usr/share/texmf-dist/tex/latex/auxhook/auxhook.sty
Package: auxhook 2019-12-17 v1.6 Hooks for auxiliary files (HO)
)
(/usr/share/texmf-dist/tex/latex/hyperref/nameref.sty
Package: nameref 2022-05-17 v2.50 Cross-referencing by name of section

(/usr/share/texmf-dist/tex/latex/refcount/refcount.sty
Package: refcount 2019/12/15 v3.6 Data extraction from label references (HO)
)
(/usr/share/texmf-dist/tex/generic/gettitlestring/gettitlestring.sty
Package: gettitlestring 2019/12/15 v1.6 Cleanup title references (HO)

(/usr/share/texmf-dist/tex/latex/kvoptions/kvoptions.sty
Package: kvoptions 2022-06-15 v3.15 Key value format for package options (HO)
))
\c@section@level=\count282
)
\@linkdim=\dimen162
\Hy@linkcounter=\count283
\Hy@pagecounter=\count284

(/usr/share/texmf-dist/tex/latex/hyperref/pd1enc.def
File: pd1enc.def 2023-02-07 v7.00v Hyperref: PDFDocEncoding definition (HO)
Now handling font encoding PD1 ...
... no UTF-8 mapping file for font encoding PD1
)
(/usr/share/texmf-dist/tex/generic/intcalc/intcalc.sty
Package: intcalc 2019/12/15 v1.3 Expandable calculations with integers (HO)
)
(/usr/share/texmf-dist/tex/generic/etexcmds/etexcmds.sty
Package: etexcmds 2019/12/15 v1.7 Avoid name clashes with e-TeX commands (HO)
)
\Hy@SavedSpaceFactor=\count285

(/usr/share/texmf-dist/tex/latex/hyperref/puenc.def
File: puenc.def 2023-02-07 v7.00v Hyperref: PDF Unicode definition (HO)
Now handling font encoding PU ...
... no UTF-8 mapping file for font encoding PU
)
Package hyperref Info: Option `colorlinks' set `true' on input line 4060.
Package hyperref Info: Option `breaklinks' set `true' on input line 4060.
Package hyperref Info: Option `hyperindex' set `true' on input line 4060.
Package hyperref Info: Hyper figures OFF on input line 4177.
Package hyperref Info: Link nesting OFF on input line 4182.
Package hyperref Info: Hyper index ON on input line 4185.
Package hyperref Info: Plain pages OFF on input line 4192.
Package hyperref Info: Backreferencing OFF on input line 4197.
Package hyperref Info: Implicit mode ON; LaTeX internals redefined.
Package hyperref Info: Bookmarks ON on input line 4425.
\c@Hy@tempcnt=\count286

(/usr/share/texmf-dist/tex/latex/url/url.sty
\Urlmuskip=\muskip17
Package: url 2013/09/16  ver 3.4  Verb mode for urls, etc.
)
LaTeX Info: Redefining \url on input line 4763.
\XeTeXLinkMargin=\dimen163

(/usr/share/texmf-dist/tex/generic/bitset/bitset.sty
Package: bitset 2019/12/09 v1.3 Handle bit-vector datatype (HO)

(/usr/share/texmf-dist/tex/generic/bigintcalc/bigintcalc.sty
Package: bigintcalc 2019/12/15 v1.5 Expandable calculations on big integers (HO
)
))
\Fld@menulength=\count287
\Field@Width=\dimen164
\Fld@charsize=\dimen165
Package hyperref Info: Hyper figures OFF on input line 6042.
Package hyperref Info: Link nesting OFF on input line 6047.
Package hyperref Info: Hyper index ON on input line 6050.
Package hyperref Info: backreferencing OFF on input line 6057.
Package hyperref Info: Link coloring ON on input line 6060.
Package hyperref Info: Link coloring with OCG OFF on input line 6067.
Package hyperref Info: PDF/A mode OFF on input line 6072.

(/usr/share/texmf-dist/tex/latex/base/atbegshi-ltx.sty
Package: atbegshi-ltx 2021/01/10 v1.0c Emulation of the original atbegshi
package with kernel methods
)
\Hy@abspage=\count288
\c@Item=\count289
\c@Hfootnote=\count290
)
Package hyperref Info: Driver (default): hdvips.

(/usr/share/texmf-dist/tex/latex/hyperref/hdvips.def
File: hdvips.def 2023-02-07 v7.00v Hyperref driver for dvips

(/usr/share/texmf-dist/tex/latex/hyperref/pdfmark.def
File: pdfmark.def 2023-02-07 v7.00v Hyperref definitions for pdfmark specials


Package hyperref Warning: You have enabled option `breaklinks'.
(hyperref)                But driver `hdvips.def' does not suppport this.
(hyperref)                Expect trouble with the link areas of broken links.

\pdf@docset=\toks26
\pdf@box=\box60
\pdf@toks=\toks27
\pdf@defaulttoks=\toks28
\HyField@AnnotCount=\count291
\Fld@listcount=\count292
\c@bookmark@seq@number=\count293
(/usr/share/texmf-dist/tex/latex/rerunfilecheck/rerunfilecheck.sty
Package: rerunfilecheck 2022-07-10 v1.10 Rerun checks for auxiliary files (HO)

(/usr/share/texmf-dist/tex/latex/base/atveryend-ltx.sty
Package: atveryend-ltx 2020/08/19 v1.0a Emulation of the original atveryend pac
kage
with kernel methods
)
(/usr/share/texmf-dist/tex/generic/uniquecounter/uniquecounter.sty
Package: uniquecounter 2019/12/15 v1.4 Provide unlimited unique counter (HO)
)
Package uniquecounter Info: New unique counter `rerunfilecheck' on input line 2
85.
)
\Hy@SectionHShift=\skip56
))
\@indexfile=\write3
\openout3 = `afgv.idx'.


Writing index file afgv.idx
(/usr/share/texmf-dist/tex/latex/l3backend/l3backend-dvips.def
File: l3backend-dvips.def 2023-01-16 L3 backend support: dvips
\l__pdf_internal_box=\box61
\g__pdf_backend_object_int=\count294
\l__pdf_backend_content_box=\box62
\l__pdf_backend_model_box=\box63
\g__pdf_backend_annotation_int=\count295
\g__pdf_backend_link_int=\count296
\g__pdf_backend_link_sf_int=\count297
)

LaTeX Warning: Unused global option(s):
    [margin].

(./afgv.aux)
\openout1 = `afgv.aux'.

LaTeX Font Info:    Checking defaults for OML/cmm/m/it on input line 146.
LaTeX Font Info:    ... okay on input line 146.
LaTeX Font Info:    Checking defaults for OMS/cmsy/m/n on input line 146.
LaTeX Font Info:    ... okay on input line 146.
LaTeX Font Info:    Checking defaults for OT1/cmr/m/n on input line 146.
LaTeX Font Info:    ... okay on input line 146.
LaTeX Font Info:    Checking defaults for T1/cmr/m/n on input line 146.
LaTeX Font Info:    ... okay on input line 146.
LaTeX Font Info:    Checking defaults for TS1/cmr/m/n on input line 146.
LaTeX Font Info:    ... okay on input line 146.
LaTeX Font Info:    Checking defaults for OMX/cmex/m/n on input line 146.
LaTeX Font Info:    ... okay on input line 146.
LaTeX Font Info:    Checking defaults for U/cmr/m/n on input line 146.
LaTeX Font Info:    ... okay on input line 146.
LaTeX Font Info:    Checking defaults for PD1/pdf/m/n on input line 146.
LaTeX Font Info:    ... okay on input line 146.
LaTeX Font Info:    Checking defaults for PU/pdf/m/n on input line 146.
LaTeX Font Info:    ... okay on input line 146.
\c@lstlisting=\count298
Package hyperref Info: Link coloring ON on input line 146.
 (./afgv.out) (./afgv.out)
\@outlinefile=\write4
\openout4 = `afgv.out'.


(/usr/share/texmf-dist/tex/latex/listings/lstlang1.sty
File: lstlang1.sty 2023/02/27 1.9 listings language file
)
(/usr/share/texmf-dist/tex/latex/listings/lstmisc.sty
File: lstmisc.sty 2023/02/27 1.9 (Carsten Heinz)
)

LaTeX Font Warning: Font shape `TS1/cmr/m/sc' undefined
(Font)              using `TS1/cmr/m/n' instead
(Font)              for symbol `textcopyright' on input line 188.

[1


]

LaTeX Warning: Reference `CC_license' on page i undefined on input line 212.

[1] [2

] (./afgv.toc)
\tf@toc=\write5
\openout5 = `afgv.toc'.

 [3] [4

] (./Physics.tex
Chapter 1.
[1

] [2]

Package amsmath Warning: Foreign command \over;
(amsmath)                \frac or \genfrac should be used instead
(amsmath)                 on input line 49.

[3]
File: 002.eps Graphic file (type eps)
 <002.eps> [4]
File: shapes_05.eps Graphic file (type eps)
 <shapes_05.eps> [5]
File: shapes_01.eps Graphic file (type eps)
 <shapes_01.eps>
File: shapes_02.eps Graphic file (type eps)
 <shapes_02.eps>
File: shapes_03.eps Graphic file (type eps)

<shapes_03.eps> [6]
File: shapes_04.eps Graphic file (type eps)
 <shapes_04.eps> [7] [8] [9] [10] [11] [12] [13] [14]
[15] [16] [17] [18] [19] [20] [21] [22] [23] [24] [25] [26] [27] [28] [29]
[30]
File: energy_11.eps Graphic file (type eps)
 <energy_11.eps> [31] [32]
File: energy_06.eps Graphic file (type eps)
 <energy_06.eps> [33] [34]
File: energy_09.eps Graphic file (type eps)
 <energy_09.eps>
[35]
File: energy_07.eps Graphic file (type eps)
 <energy_07.eps> [36] [37] [38]
File: energy_03.eps Graphic file (type eps)
 <energy_03.eps> [39] [40] [41]
File: energy_04.eps Graphic file (type eps)

<energy_04.eps> [42] [43] [44]
File: energy_05.eps Graphic file (type eps)
 <energy_05.eps> [45] [46]
File: energy_01.eps Graphic file (type eps)
 <energy_01.eps>
[47]
File: energy_02.eps Graphic file (type eps)
 <energy_02.eps> [48] [49] [50] [51]
File: energy_08.eps Graphic file (type eps)
 <energy_08.eps> [52] [53] [54]
[55] [56] [57]
File: spring_01.eps Graphic file (type eps)
 <spring_01.eps> [58] [59]
File: rotation_01.eps Graphic file (type eps)
 <rotation_01.eps> [60] [61]
File: rotation_03.eps Graphic file (type eps)

<rotation_03.eps> [62]
File: rotation_04.eps Graphic file (type eps)
 <rotation_04.eps>
File: machine_12.eps Graphic file (type eps)
 <machine_12.eps> [63] [64] [65]
Overfull \hbox (14.64713pt too wide) detected at line 1441
[]
 []

[66]
File: rotation_02.eps Graphic file (type eps)
 <rotation_02.eps> [67]
File: machine_02.eps Graphic file (type eps)
 <machine_02.eps> [68]
File: machine_01.eps Graphic file (type eps)
 <machine_01.eps>
File: machine_03.eps Graphic file (type eps)

<machine_03.eps> [69]
File: machine_04.eps Graphic file (type eps)
 <machine_04.eps> [70]
File: machine_05.eps Graphic file (type eps)
 <machine_05.eps>
File: machine_06.eps Graphic file (type eps)
 <machine_06.eps>
[71] [72]
File: machine_07.eps Graphic file (type eps)
 <machine_07.eps>
File: machine_08.eps Graphic file (type eps)
 <machine_08.eps> [73] [74]
File: machine_16.eps Graphic file (type eps)
 <machine_16.eps>
File: machine_09.eps Graphic file (type eps)

<machine_09.eps> [75]
File: machine_20.eps Graphic file (type eps)
 <machine_20.eps> [76]
File: machine_21.eps Graphic file (type eps)
 <machine_21.eps> [77]
File: machine_10.eps Graphic file (type eps)

<machine_10.eps> [78]
File: machine_25.eps Graphic file (type eps)
 <machine_25.eps>
File: machine_23.eps Graphic file (type eps)
 <machine_23.eps>
File: machine_24.eps Graphic file (type eps)
 <machine_24.eps>
[79]
File: machine_35.eps Graphic file (type eps)
 <machine_35.eps>
File: machine_36.eps Graphic file (type eps)
 <machine_36.eps> [80]
File: machine_26.eps Graphic file (type eps)
 <machine_26.eps> [81] [82]
File: machine_33.eps Graphic file (type eps)

<machine_33.eps>
File: machine_27.eps Graphic file (type eps)
 <machine_27.eps>
File: machine_28.eps Graphic file (type eps)
 <machine_28.eps>
File: machine_29.eps Graphic file (type eps)
 <machine_29.eps> [83]
[84]
File: machine_30.eps Graphic file (type eps)
 <machine_30.eps>
File: machine_37.eps Graphic file (type eps)
 <machine_37.eps> [85]
File: valve88.eps Graphic file (type eps)
 <valve88.eps>
File: machine_34.eps Graphic file (type eps)
 <machine_34.eps>
[86]
File: machine_31.eps Graphic file (type eps)
 <machine_31.eps> [87]
File: machine_17.eps Graphic file (type eps)
 <machine_17.eps> [88]
File: machine_19.eps Graphic file (type eps)
 <machine_19.eps> [89]
File: machine_11.eps Graphic file (type eps)

<machine_11.eps>
File: machine_13.eps Graphic file (type eps)
 <machine_13.eps> [90] [91]
File: machine_15.eps Graphic file (type eps)
 <machine_15.eps> [92] [93]
File: machine_18.eps Graphic file (type eps)

<machine_18.eps> [94]
File: machine_14.eps Graphic file (type eps)
 <machine_14.eps>
File: machine_22.eps Graphic file (type eps)
 <machine_22.eps> [95] [96] [97] [98]
[99] [100] [101] [102]
Overfull \hbox (39.81955pt too wide) detected at line 2032
[]
 []

[103] [104] [105] [106]
File: heat_01.eps Graphic file (type eps)
 <heat_01.eps> [107] [108] [109]
File: heat_16.eps Graphic file (type eps)
 <heat_16.eps>
File: heat_17.eps Graphic file (type eps)

<heat_17.eps> [110]
File: heat_18.eps Graphic file (type eps)
 <heat_18.eps> [111]
File: heat_19.eps Graphic file (type eps)
 <heat_19.eps> [112] [113]
File: heat_20.eps Graphic file (type eps)

<heat_20.eps> [114]
File: heat_02.eps Graphic file (type eps)
 <heat_02.eps> [115]
File: heat_03.eps Graphic file (type eps)
 <heat_03.eps> [116] [117] [118]
[119] [120]
File: heat_04.eps Graphic file (type eps)
 <heat_04.eps> [121] [122]
File: heat_05.eps Graphic file (type eps)
 <heat_05.eps> [123] [124] [125]
File: heat_06.eps Graphic file (type eps)

<heat_06.eps> [126] [127] [128] [129] [130] [131] [132]
File: heat_21.eps Graphic file (type eps)
 <heat_21.eps> [133]
File: heat_07.eps Graphic file (type eps)

<heat_07.eps> [134] [135]
Overfull \vbox (0.19981pt too high) has occurred while \output is active []


[136] [137] [138]
File: heat_22.eps Graphic file (type eps)
 <heat_22.eps> [139]
File: heat_08.eps Graphic file (type eps)
 <heat_08.eps> [140] [141]
File: heat_23.eps Graphic file (type eps)
 <heat_23.eps>
[142]
File: heat_09.eps Graphic file (type eps)
 <heat_09.eps> [143] [144] [145] [146] [147] [148]
File: heat_10.eps Graphic file (type eps)
 <heat_10.eps> [149]
[150]
File: heat_11.eps Graphic file (type eps)
 <heat_11.eps> [151] [152]
File: heat_13.eps Graphic file (type eps)
 <heat_13.eps> [153] [154]
File: heat_14.eps Graphic file (type eps)
 <heat_14.eps>
[155] [156]
File: heat_12.eps Graphic file (type eps)
 <heat_12.eps> [157] [158]
File: heat_15.eps Graphic file (type eps)
 <heat_15.eps> [159]
File: heat_24.eps Graphic file (type eps)
 <heat_24.eps>
[160] [161]
File: heat_26.eps Graphic file (type eps)
 <heat_26.eps>
File: heat_25.eps Graphic file (type eps)
 <heat_25.eps> [162]
File: pressure01.eps Graphic file (type eps)
 <pressure01.eps> [163]
File: pressure02.eps Graphic file (type eps)

<pressure02.eps> [164] [165]
File: pressure03.eps Graphic file (type eps)
 <pressure03.eps> [166] [167]
File: pressure04.eps Graphic file (type eps)
 <pressure04.eps>
[168]
File: pressure05.eps Graphic file (type eps)
 <pressure05.eps>
File: pressure15.eps Graphic file (type eps)
 <pressure15.eps> [169] [170]
File: pressure16.eps Graphic file (type eps)
 <pressure16.eps> [171]
File: pressure17.eps Graphic file (type eps)

<pressure17.eps> [172]
File: pressure18.eps Graphic file (type eps)
 <pressure18.eps> [173] [174]
File: pressure73.eps Graphic file (type eps)
 <pressure73.eps> [175]
[176] [177] [178] [179]
File: pressure19.eps Graphic file (type eps)
 <pressure19.eps> [180] [181]
File: pressure20.eps Graphic file (type eps)
 <pressure20.eps>
File: pressure21.eps Graphic file (type eps)

<pressure21.eps> [182] [183]
File: pressure22.eps Graphic file (type eps)
 <pressure22.eps> [184] [185] [186] [187] [188]
[189]
File: fluids_36.eps Graphic file (type eps)
 <fluids_36.eps> [190]
File: fluids_37.eps Graphic file (type eps)
 <fluids_37.eps> [191]
File: fluids_38.eps Graphic file (type eps)
 <fluids_38.eps> [192]
[193]
File: fluids_10.eps Graphic file (type eps)
 <fluids_10.eps> [194]
File: fluids_11.eps Graphic file (type eps)
 <fluids_11.eps> [195] [196] [197]
File: fluids_22.eps Graphic file (type eps)
 <fluids_22.eps>
[198]
File: fluids_23.eps Graphic file (type eps)
 <fluids_23.eps> [199]
File: fluids_21.eps Graphic file (type eps)
 <fluids_21.eps> [200] [201]
File: fluids_24.eps Graphic file (type eps)
 <fluids_24.eps>
[202] [203] [204] [205]
File: fluids_09.eps Graphic file (type eps)
 <fluids_09.eps> [206] [207] [208] [209] [210]
File: fluids_04.eps Graphic file (type eps)

<fluids_04.eps>
File: fluids_05.eps Graphic file (type eps)
 <fluids_05.eps> [211] [212] [213] [214]
File: fluids_01.eps Graphic file (type eps)
 <fluids_01.eps>
[215] [216] [217] [218] [219] [220] [221]
File: fluids_12.eps Graphic file (type eps)
 <fluids_12.eps> [222] [223] [224]
[225] [226]
File: fluids_34.eps Graphic file (type eps)
 <fluids_34.eps> [227] [228]
File: fluids_35.eps Graphic file (type eps)
 <fluids_35.eps> [229]
File: fluids_20.eps Graphic file (type eps)
 <fluids_20.eps>
[230]
File: fluids_02.eps Graphic file (type eps)
 <fluids_02.eps> [231]
File: fluids_03.eps Graphic file (type eps)
 <fluids_03.eps> [232]
File: fluids_06.eps Graphic file (type eps)
 <fluids_06.eps>
File: fluids_07.eps Graphic file (type eps)

<fluids_07.eps> [233]
File: fluids_08.eps Graphic file (type eps)
 <fluids_08.eps> [234] [235] [236])
(./IntroductionToIndustrialInstrumentation.tex [237] [238

]
Chapter 2.
[239]
File: intro_00.eps Graphic file (type eps)
 <intro_00.eps> [240] [241] [242] [243]
File: intro_01.eps Graphic file (type eps)
 <intro_01.eps> [244] [245]
[246] [247] [248] [249]
File: intro_02.eps Graphic file (type eps)
 <intro_02.eps> [250] [251]
File: intro_03.eps Graphic file (type eps)
 <intro_03.eps> [252]
[253]

LaTeX Warning: Reference `using_thought_experiments' on page 254 undefined on i
nput line 420.


LaTeX Warning: Reference `using_thought_experiments' on page 254 undefined on i
nput line 420.

[254]
File: intro_30.eps Graphic file (type eps)
 <intro_30.eps> [255] [256] [257]
File: intro_04.eps Graphic file (type eps)
 <intro_04.eps> [258]
File: intro_26.eps Graphic file (type eps)
 <intro_26.eps>
File: intro_27.eps Graphic file (type eps)

<intro_27.eps> [259]
File: intro_22.eps Graphic file (type eps)
 <intro_22.eps> [260]
File: intro_31.eps Graphic file (type eps)
 <intro_31.eps> [261]
File: intro_32.eps Graphic file (type eps)
 <intro_32.eps>
[262] [263]
File: intro_33.eps Graphic file (type eps)
 <intro_33.eps>
File: intro_34.eps Graphic file (type eps)
 <intro_34.eps> [264]
File: intro_19.eps Graphic file (type eps)
 <intro_19.eps>
File: intro_20.eps Graphic file (type eps)
 <intro_20.eps>
[265]
File: intro_05.eps Graphic file (type eps)
 <intro_05.eps> [266] [267]
File: intro_06.eps Graphic file (type eps)
 <intro_06.eps>
File: intro_07.eps Graphic file (type eps)
 <intro_07.eps> [268] [269]
File: intro_08.eps Graphic file (type eps)

<intro_08.eps> [270] [271]
File: intro_10.eps Graphic file (type eps)
 <intro_10.eps> [272]
File: intro_21.eps Graphic file (type eps)
 <intro_21.eps> [273]
File: intro_28.eps Graphic file (type eps)

<intro_28.eps> [274]
File: intro_29.eps Graphic file (type eps)
 <intro_29.eps> [275]
File: intro_23.eps Graphic file (type eps)
 <intro_23.eps> [276] [277]
File: intro_24.eps Graphic file (type eps)

<intro_24.eps>
File: intro_25.eps Graphic file (type eps)
 <intro_25.eps> [278] [279] [280] [281])
(./InstrumentationDocuments.tex [282]
Chapter 3.
[283

] [284]
File: intro_11.eps Graphic file (type eps)
 <intro_11.eps> [285]
File: intro_12.eps Graphic file (type eps)
 <intro_12.eps> [286] [287]
File: intro_13.eps Graphic file (type eps)
 <intro_13.eps>
[288]
File: intro_09.eps Graphic file (type eps)
 <intro_09.eps> [289] [290] [291]
File: intro_18.eps Graphic file (type eps)
 <intro_18.eps> [292] [293]
File: intro_14.eps Graphic file (type eps)

<intro_14.eps>
File: intro_15.eps Graphic file (type eps)
 <intro_15.eps> [294]
File: intro_16.eps Graphic file (type eps)
 <intro_16.eps> [295]
File: intro_17.eps Graphic file (type eps)
 <intro_17.eps>
[296]
File: diagrams00.eps Graphic file (type eps)
 <diagrams00.eps> [297]
File: diagrams04.eps Graphic file (type eps)
 <diagrams04.eps>
File: diagrams01.eps Graphic file (type eps)
 <diagrams01.eps>
File: diagrams02.eps Graphic file (type eps)

<diagrams02.eps> [298]
File: diagrams03.eps Graphic file (type eps)
 <diagrams03.eps> [299]
File: diagrams05.eps Graphic file (type eps)
 <diagrams05.eps>
File: diagrams13.eps Graphic file (type eps)

<diagrams13.eps> [300]
File: diagrams06.eps Graphic file (type eps)
 <diagrams06.eps> [301]
File: diagrams14.eps Graphic file (type eps)
 <diagrams14.eps> [302]
File: diagrams07.eps Graphic file (type eps)

<diagrams07.eps> [303]
File: diagrams08.eps Graphic file (type eps)
 <diagrams08.eps> [304]
File: diagrams09.eps Graphic file (type eps)
 <diagrams09.eps> [305]
File: diagrams10.eps Graphic file (type eps)

<diagrams10.eps> [306]
File: diagrams11.eps Graphic file (type eps)
 <diagrams11.eps> [307]
File: diagrams12.eps Graphic file (type eps)
 <diagrams12.eps> [308] [309]
[310]
Overfull \hbox (21.54721pt too wide) in paragraph at lines 289--348
 [] 
 []

[311]
Overfull \vbox (16.59935pt too high) has occurred while \output is active []


[312] [313]
Overfull \hbox (21.97874pt too wide) detected at line 629
[]
 []

[314] [315]) (./InstrumentConnections.tex [316]
Chapter 4.
File: pipe_01.eps Graphic file (type eps)
<pipe_01.eps> [317

]
File: pipe_21.eps Graphic file (type eps)
 <pipe_21.eps> [318]
File: pipe_16.eps Graphic file (type eps)
 <pipe_16.eps>
File: pipe_17.eps Graphic file (type eps)
 <pipe_17.eps> [319]
File: pipe_02.eps Graphic file (type eps)

<pipe_02.eps> [320] [321]
File: pipe_15.eps Graphic file (type eps)
 <pipe_15.eps> [322] [323]
File: pipe_20.eps Graphic file (type eps)
 <pipe_20.eps>
File: pipe_18.eps Graphic file (type eps)

<pipe_18.eps> [324]
File: pipe_19.eps Graphic file (type eps)
 <pipe_19.eps> [325]
File: pipe_22.eps Graphic file (type eps)
 <pipe_22.eps> [326]
File: pipe_03.eps Graphic file (type eps)
 <pipe_03.eps>
File: pipe_04.eps Graphic file (type eps)

<pipe_04.eps> [327]
File: pipe_05.eps Graphic file (type eps)
 <pipe_05.eps> [328]
File: pipe_06.eps Graphic file (type eps)
 <pipe_06.eps>
File: pipe_07.eps Graphic file (type eps)
 <pipe_07.eps> [329]
File: pipe_08.eps Graphic file (type eps)

<pipe_08.eps> [330]
File: pipe_09.eps Graphic file (type eps)
 <pipe_09.eps> [331] [332]
File: pipe_10.eps Graphic file (type eps)
 <pipe_10.eps> [333]
File: pipe_11.eps Graphic file (type eps)

<pipe_11.eps> [334]
File: pipe_12.eps Graphic file (type eps)
 <pipe_12.eps> [335]
File: pipe_13.eps Graphic file (type eps)
 <pipe_13.eps>
File: pipe_14.eps Graphic file (type eps)
 <pipe_14.eps> [336]
[337]
File: tube_01.eps Graphic file (type eps)
 <tube_01.eps> [338]
File: tube_02.eps Graphic file (type eps)
 <tube_02.eps>
File: tube_03.eps Graphic file (type eps)
 <tube_03.eps> [339]
File: tube_13.eps Graphic file (type eps)
 <tube_13.eps>
[340]
File: tube_15.eps Graphic file (type eps)
 <tube_15.eps>
File: tube_14.eps Graphic file (type eps)
 <tube_14.eps> [341]
File: tube_23.eps Graphic file (type eps)
 <tube_23.eps> [342]
File: tube_04.eps Graphic file (type eps)
 <tube_04.eps>
[343]
File: tube_06.eps Graphic file (type eps)
 <tube_06.eps> [344]
File: tube_08.eps Graphic file (type eps)
 <tube_08.eps>
File: tube_09.eps Graphic file (type eps)
 <tube_09.eps> [345]
File: tube_10.eps Graphic file (type eps)
 <tube_10.eps>
File: tube_11.eps Graphic file (type eps)

<tube_11.eps> [346]
File: tube_07.eps Graphic file (type eps)
 <tube_07.eps> [347]
File: tube_12.eps Graphic file (type eps)
 <tube_12.eps>
File: valve_98.eps Graphic file (type eps)
 <valve_98.eps> [348]
File: tube_16.eps Graphic file (type eps)

<tube_16.eps> [349]
File: tube_17.eps Graphic file (type eps)
 <tube_17.eps>
File: tube_18.eps Graphic file (type eps)
 <tube_18.eps> [350]
File: tube_20.eps Graphic file (type eps)
 <tube_20.eps>
File: tube_19.eps Graphic file (type eps)

<tube_19.eps>
File: tube_21.eps Graphic file (type eps)
 <tube_21.eps>
File: tube_22.eps Graphic file (type eps)
 <tube_22.eps> [351] [352]
File: wiring_01.eps Graphic file (type eps)
 <wiring_01.eps>
File: wiring_02.eps Graphic file (type eps)

<wiring_02.eps> [353] [354]
File: wiring_03.eps Graphic file (type eps)
 <wiring_03.eps>
File: wiring_27.eps Graphic file (type eps)
 <wiring_27.eps> [355]
File: wiring_26.eps Graphic file (type eps)

<wiring_26.eps>
File: wiring_28.eps Graphic file (type eps)
 <wiring_28.eps> [356]
File: wiring_29.eps Graphic file (type eps)
 <wiring_29.eps> [357]
File: wiring_31.eps Graphic file (type eps)
 <wiring_31.eps>
[358]
File: wiring_30.eps Graphic file (type eps)
 <wiring_30.eps> [359]
File: wiring_06.eps Graphic file (type eps)
 <wiring_06.eps> [360]
File: wiring_04.eps Graphic file (type eps)
 <wiring_04.eps> [361]
File: wiring_05.eps Graphic file (type eps)

<wiring_05.eps> [362]
File: wiring_08.eps Graphic file (type eps)
 <wiring_08.eps>
File: wiring_24.eps Graphic file (type eps)
 <wiring_24.eps> [363]
File: wiring_25.eps Graphic file (type eps)
 <wiring_25.eps>
[364]
File: wiring_32.eps Graphic file (type eps)
 <wiring_32.eps>
File: wiring_37.eps Graphic file (type eps)
 <wiring_37.eps>
File: wiring_38.eps Graphic file (type eps)
 <wiring_38.eps> [365]
File: wiring_33.eps Graphic file (type eps)
 <wiring_33.eps>
File: wiring_34.eps Graphic file (type eps)

<wiring_34.eps>
File: wiring_35.eps Graphic file (type eps)
 <wiring_35.eps>
File: wiring_36.eps Graphic file (type eps)
 <wiring_36.eps> [366]
File: wiring_39.eps Graphic file (type eps)
 <wiring_39.eps>
File: wiring_40.eps Graphic file (type eps)

<wiring_40.eps>
File: wiring_41.eps Graphic file (type eps)
 <wiring_41.eps> [367]
File: wiring_42.eps Graphic file (type eps)
 <wiring_42.eps> [368]
File: wiring_46.eps Graphic file (type eps)
 <wiring_46.eps>
[369] [370]
File: wiring_48.eps Graphic file (type eps)
 <wiring_48.eps> [371]
File: wiring_43.eps Graphic file (type eps)
 <wiring_43.eps> [372] [373]
File: wiring_44.eps Graphic file (type eps)
 <wiring_44.eps>
File: wiring_45.eps Graphic file (type eps)

<wiring_45.eps> [374]
File: wiring_47.eps Graphic file (type eps)
 <wiring_47.eps> [375] [376]
File: wiring_49.eps Graphic file (type eps)
 <wiring_49.eps> [377]
File: wiring_15.eps Graphic file (type eps)

<wiring_15.eps> [378]
File: wiring_16.eps Graphic file (type eps)
 <wiring_16.eps> [379]
File: wiring_07.eps Graphic file (type eps)
 <wiring_07.eps>
File: wiring_23.eps Graphic file (type eps)
 <wiring_23.eps>
[380] [381]
File: wiring_09.eps Graphic file (type eps)
 <wiring_09.eps>
File: wiring_10.eps Graphic file (type eps)
 <wiring_10.eps> [382] [383]
File: wiring_11.eps Graphic file (type eps)
 <wiring_11.eps>
File: wiring_12.eps Graphic file (type eps)

<wiring_12.eps> [384] [385]
File: wiring_13.eps Graphic file (type eps)
 <wiring_13.eps>
File: wiring_17.eps Graphic file (type eps)
 <wiring_17.eps> [386]
File: wiring_14.eps Graphic file (type eps)

<wiring_14.eps> [387]
File: wiring_50.eps Graphic file (type eps)
 <wiring_50.eps> [388]
File: wiring_18.eps Graphic file (type eps)
 <wiring_18.eps>
File: wiring_19.eps Graphic file (type eps)
 <wiring_19.eps>
[389] [390]

LaTeX Warning: Reference `diff_signaling_noise' on page 391 undefined on input 
line 828.


LaTeX Warning: Reference `diff_signaling_noise' on page 391 undefined on input 
line 828.

File: wiring_20.eps Graphic file (type eps)
<wiring_20.eps> [391] [392]
File: wiring_21.eps Graphic file (type eps)
 <wiring_21.eps> [393]
File: wiring_22.eps Graphic file (type eps)
 <wiring_22.eps> [394]
[395]

LaTeX Warning: Reference `transmission_lines' on page 396 undefined on input li
ne 886.


LaTeX Warning: Reference `transmission_lines' on page 396 undefined on input li
ne 886.

[396] [397] [398]
File: fiberoptic_01.eps Graphic file (type eps)
 <fiberoptic_01.eps>
File: fiberoptic_05.eps Graphic file (type eps)
 <fiberoptic_05.eps> [399]
File: fiberoptic_04.eps Graphic file (type eps)

<fiberoptic_04.eps> [400] [401] [402]
File: turbineflowmeter4.eps Graphic file (type eps)
 <turbineflowmeter4.eps> [403]
File: turbineflowmeter5.eps Graphic file (type eps)

<turbineflowmeter5.eps> [404]
File: fiberoptic_02.eps Graphic file (type eps)
 <fiberoptic_02.eps> [405]
File: fiberoptic_03.eps Graphic file (type eps)
 <fiberoptic_03.eps>
[406] [407] [408]
File: fiberoptic_06.eps Graphic file (type eps)
 <fiberoptic_06.eps> [409]
File: fiberoptic_07.eps Graphic file (type eps)
 <fiberoptic_07.eps> [410]
File: fiberoptic_08.eps Graphic file (type eps)

<fiberoptic_08.eps> [411]
File: fiberoptic_16.eps Graphic file (type eps)
 <fiberoptic_16.eps> [412] [413]
File: fiberoptic_09.eps Graphic file (type eps)
 <fiberoptic_09.eps>
[414] [415]
File: fiberoptic_10.eps Graphic file (type eps)
 <fiberoptic_10.eps> [416] [417]
File: fiberoptic_04.eps Graphic file (type eps)
 <fiberoptic_04.eps> [418]
File: fiberoptic_11.eps Graphic file (type eps)

<fiberoptic_11.eps> [419] [420] [421] [422]
File: fiberoptic_13.eps Graphic file (type eps)
 <fiberoptic_13.eps>
File: fiberoptic_12.eps Graphic file (type eps)

<fiberoptic_12.eps> [423] [424]
File: fiberoptic_14.eps Graphic file (type eps)
 <fiberoptic_14.eps> [425] [426]
File: fiberoptic_15.eps Graphic file (type eps)

<fiberoptic_15.eps> [427] [428] [429] [430] [431] [432])
(./DiscreteProcessMeasurement.tex [433] [434

]
Chapter 5.
[435]
File: discrete01.eps Graphic file (type eps)
 <discrete01.eps>
File: discrete02.eps Graphic file (type eps)
 <discrete02.eps> [436]
File: discrete03.eps Graphic file (type eps)
 <discrete03.eps> [437] [438]
File: discrete32.eps Graphic file (type eps)

<discrete32.eps> [439] [440]
File: discrete33.eps Graphic file (type eps)
 <discrete33.eps> [441] [442]
File: discrete34.eps Graphic file (type eps)
 <discrete34.eps>
Overfull \hbox (52.83409pt too wide) detected at line 130
[]
 []

[443] [444]
File: discrete04.eps Graphic file (type eps)
 <discrete04.eps>
File: discrete05.eps Graphic file (type eps)
 <discrete05.eps> [445]
File: discrete06.eps Graphic file (type eps)
 <discrete06.eps> [446]
File: discrete28.eps Graphic file (type eps)

<discrete28.eps>
File: discrete27.eps Graphic file (type eps)
 <discrete27.eps> [447]
File: discrete10.eps Graphic file (type eps)
 <discrete10.eps> [448]
File: discrete07.eps Graphic file (type eps)

<discrete07.eps> [449]
File: form_c_contacts.eps Graphic file (type eps)
 <form_c_contacts.eps>
File: limit_switch_1.eps Graphic file (type eps)
 <limit_switch_1.eps> [450]
[451]
File: discrete08.eps Graphic file (type eps)
 <discrete08.eps> [452]
File: discrete09.eps Graphic file (type eps)
 <discrete09.eps> [453] [454]
File: discrete29.eps Graphic file (type eps)
 <discrete29.eps>
File: prox_switch_3.eps Graphic file (type eps)

<prox_switch_3.eps>
File: prox_switch_1.eps Graphic file (type eps)
 <prox_switch_1.eps> [455]
File: prox_switch_2.eps Graphic file (type eps)
 <prox_switch_2.eps> [456]
[457]
File: discrete11.eps Graphic file (type eps)
 <discrete11.eps>
File: press_switch_1.eps Graphic file (type eps)
 <press_switch_1.eps> [458]
File: pressure_switch_4.eps Graphic file (type eps)
 <pressure_switch_4.eps>
File: pressure_switch_5.eps Graphic file (type eps)

<pressure_switch_5.eps> [459]
File: tilt_switch_1.eps Graphic file (type eps)
 <tilt_switch_1.eps>
File: tilt_switch_2.eps Graphic file (type eps)
 <tilt_switch_2.eps> [460]
File: pressure_switch_3.eps Graphic file (type eps)

<pressure_switch_3.eps> [461] [462]
File: pressure_switch_2.eps Graphic file (type eps)
 <pressure_switch_2.eps> [463]
File: discrete12.eps Graphic file (type eps)

<discrete12.eps>
File: discrete12.eps Graphic file (type eps)
 <discrete12.eps> [464]
File: level_switch_1.eps Graphic file (type eps)
 <level_switch_1.eps> [465]
File: level_switch_8.eps Graphic file (type eps)

<level_switch_8.eps>
File: level_switch_9.eps Graphic file (type eps)
 <level_switch_9.eps> [466]
File: level_switch_2.eps Graphic file (type eps)
 <level_switch_2.eps> [467]
File: level_switch_5.eps Graphic file (type eps)

<level_switch_5.eps>
File: level_switch_3.eps Graphic file (type eps)
 <level_switch_3.eps> [468]
File: level_switch_4.eps Graphic file (type eps)
 <level_switch_4.eps> [469]
[470]
File: level_switch_6.eps Graphic file (type eps)
 <level_switch_6.eps> [471]
File: level_switch_7.eps Graphic file (type eps)
 <level_switch_7.eps> [472] [473]
File: discrete13.eps Graphic file (type eps)

<discrete13.eps>
File: temp_switch_1.eps Graphic file (type eps)
 <temp_switch_1.eps> [474] [475]
File: intro_21.eps Graphic file (type eps)
 <intro_21.eps> [476] [477]
File: discrete14.eps Graphic file (type eps)

<discrete14.eps>
File: flow_switch_1.eps Graphic file (type eps)
 <flow_switch_1.eps> [478] [479])
(./DiscreteControlElements.tex [480]
Chapter 6.
File: valve_54.eps Graphic file (type eps)
<valve_54.eps> [481

] [482]
File: valve_104.eps Graphic file (type eps)
 <valve_104.eps>
File: valve_105.eps Graphic file (type eps)
 <valve_105.eps>
File: valve_106.eps Graphic file (type eps)
 <valve_106.eps>
[483]
File: fluids_13.eps Graphic file (type eps)
 <fluids_13.eps> [484] [485]
File: fluids_14.eps Graphic file (type eps)
 <fluids_14.eps> [486]
File: fluids_15.eps Graphic file (type eps)
 <fluids_15.eps>
[487]
File: fluids_16.eps Graphic file (type eps)
 <fluids_16.eps> [488]
File: fluids_17.eps Graphic file (type eps)
 <fluids_17.eps>
File: fluids_18.eps Graphic file (type eps)
 <fluids_18.eps> [489] [490]
File: fluids_19.eps Graphic file (type eps)

<fluids_19.eps> [491]
File: fluids_27.eps Graphic file (type eps)
 <fluids_27.eps> [492] [493] [494]
File: fluids_25.eps Graphic file (type eps)
 <fluids_25.eps>
[495] [496]
File: fluids_26.eps Graphic file (type eps)
 <fluids_26.eps>
File: fluids_32.eps Graphic file (type eps)
 <fluids_32.eps> [497]
File: fluids_33.eps Graphic file (type eps)
 <fluids_33.eps> [498]
[499]
File: discrete15.eps Graphic file (type eps)
 <discrete15.eps> [500]
File: discrete30.eps Graphic file (type eps)
 <discrete30.eps> [501] [502]
File: discrete31.eps Graphic file (type eps)
 <discrete31.eps>
[503]
File: discrete16.eps Graphic file (type eps)
 <discrete16.eps> [504]
Overfull \hbox (26.26462pt too wide) detected at line 264
[]
 []

File: discrete17.eps Graphic file (type eps)
<discrete17.eps>
File: discrete18.eps Graphic file (type eps)
 <discrete18.eps> [505]
File: discrete19.eps Graphic file (type eps)
 <discrete19.eps>
File: discrete24.eps Graphic file (type eps)
 <discrete24.eps>
File: discrete25.eps Graphic file (type eps)

<discrete25.eps> [506]
File: discrete26.eps Graphic file (type eps)
 <discrete26.eps>
File: discrete22.eps Graphic file (type eps)
 <discrete22.eps> [507]
File: discrete23.eps Graphic file (type eps)

<discrete23.eps> [508]
File: fluids_28.eps Graphic file (type eps)
 <fluids_28.eps> [509]
File: fluids_30.eps Graphic file (type eps)
 <fluids_30.eps> [510]
File: fluids_29.eps Graphic file (type eps)

<fluids_29.eps>
File: fluids_31.eps Graphic file (type eps)
 <fluids_31.eps> [511] [512]
File: discrete20.eps Graphic file (type eps)
 <discrete20.eps> [513] [514]
File: discrete21.eps Graphic file (type eps)

<discrete21.eps> [515] [516]

LaTeX Warning: Reference `animation_blinking_lights' on page 517 undefined on i
nput line 415.


LaTeX Warning: Reference `animation_blinking_lights' on page 517 undefined on i
nput line 415.


LaTeX Warning: Reference `animation_3phase_motor' on page 517 undefined on inpu
t line 415.


LaTeX Warning: Reference `animation_3phase_motor' on page 517 undefined on inpu
t line 415.

File: 03232x01.eps Graphic file (type eps)
<03232x01.eps>
File: 03232x02.eps Graphic file (type eps)
 <03232x02.eps>
File: 03232x03.eps Graphic file (type eps)
 <03232x03.eps>
File: 03232x04.eps Graphic file (type eps)
 <03232x04.eps>
File: 03232x05.eps Graphic file (type eps)
 <03232x05.eps>
File: 03232x06.eps Graphic file (type eps)

<03232x06.eps>
File: 03232x07.eps Graphic file (type eps)
 <03232x07.eps>
File: 03232x08.eps Graphic file (type eps)
 <03232x08.eps> [517]
File: 03232x09.eps Graphic file (type eps)
 <03232x09.eps>
File: 03232x10.eps Graphic file (type eps)

<03232x10.eps>
File: 03232x11.eps Graphic file (type eps)
 <03232x11.eps>
File: 03232x12.eps Graphic file (type eps)
 <03232x12.eps> [518] [519] [520]
File: motor_43.eps Graphic file (type eps)
 <motor_43.eps>
[521] [522]
File: motor_02.eps Graphic file (type eps)
 <motor_02.eps> [523]

LaTeX Warning: Reference `animation_blinking_lights' on page 524 undefined on i
nput line 465.


LaTeX Warning: Reference `animation_blinking_lights' on page 524 undefined on i
nput line 465.

[524]
File: motor_44.eps Graphic file (type eps)
 <motor_44.eps> [525]
File: motor_45.eps Graphic file (type eps)
 <motor_45.eps> [526]
File: motor_46.eps Graphic file (type eps)
 <motor_46.eps> [527] [528]
File: motor_32.eps Graphic file (type eps)

<motor_32.eps> [529]
File: motor_03.eps Graphic file (type eps)
 <motor_03.eps>
File: motor_04.eps Graphic file (type eps)
 <motor_04.eps> [530]
File: motor_05.eps Graphic file (type eps)
 <motor_05.eps>
File: motor_06.eps Graphic file (type eps)

<motor_06.eps> [531]
File: motor_07.eps Graphic file (type eps)
 <motor_07.eps> [532]
File: motor_47.eps Graphic file (type eps)
 <motor_47.eps> [533] [534]
File: motor_08.eps Graphic file (type eps)

<motor_08.eps> [535]
File: motor_09.eps Graphic file (type eps)
 <motor_09.eps>
File: motor_10.eps Graphic file (type eps)
 <motor_10.eps> [536]
File: motor_14.eps Graphic file (type eps)
 <motor_14.eps>
[537]
File: motor_15.eps Graphic file (type eps)
 <motor_15.eps> [538]

LaTeX Warning: Reference `protective_relay_intro' on page 539 undefined on inpu
t line 603.


LaTeX Warning: Reference `protective_relay_intro' on page 539 undefined on inpu
t line 603.

[539]
File: motor_41.eps Graphic file (type eps)
 <motor_41.eps> [540]
File: motor_40.eps Graphic file (type eps)
 <motor_40.eps>
File: motor_11.eps Graphic file (type eps)
 <motor_11.eps> [541] [542]
File: motor_12.eps Graphic file (type eps)

<motor_12.eps> [543]
File: motor_13.eps Graphic file (type eps)
 <motor_13.eps> [544]
File: motor_42.eps Graphic file (type eps)
 <motor_42.eps> [545] [546]
File: motor_38.eps Graphic file (type eps)

<motor_38.eps> [547] [548]
File: motor_39.eps Graphic file (type eps)
 <motor_39.eps> [549] [550])
(./RelayControlSystems.tex [551] [552

]
Chapter 7.
File: gate_01.eps Graphic file (type eps)
<gate_01.eps> [553]
File: gate_02.eps Graphic file (type eps)
 <gate_02.eps>
File: gate_03.eps Graphic file (type eps)
 <gate_03.eps> [554]
File: gate_04.eps Graphic file (type eps)
 <gate_04.eps> [555]
File: relay_01.eps Graphic file (type eps)

<relay_01.eps>
File: relay_02.eps Graphic file (type eps)
 <relay_02.eps> [556]
File: relay_03.eps Graphic file (type eps)
 <relay_03.eps>
File: relay_04.eps Graphic file (type eps)
 <relay_04.eps> [557]
File: relay_05.eps Graphic file (type eps)

<relay_05.eps> [558]
File: relay_07.eps Graphic file (type eps)
 <relay_07.eps>
File: relay_06.eps Graphic file (type eps)
 <relay_06.eps> [559]
File: relay_08.eps Graphic file (type eps)
 <relay_08.eps>
File: relay_09.eps Graphic file (type eps)

<relay_09.eps> [560]
File: relay_10.eps Graphic file (type eps)
 <relay_10.eps>
File: relay_11.eps Graphic file (type eps)
 <relay_11.eps>
File: relay_12.eps Graphic file (type eps)
 <relay_12.eps> [561]
File: ladder_02.eps Graphic file (type eps)

<ladder_02.eps> [562]
File: ladder_01.eps Graphic file (type eps)
 <ladder_01.eps> [563] [564]
File: ladder_03.eps Graphic file (type eps)
 <ladder_03.eps> [565]
File: ladder_04.eps Graphic file (type eps)

<ladder_04.eps>
File: ladder_05.eps Graphic file (type eps)
 <ladder_05.eps> [566] [567]
File: ladder_06.eps Graphic file (type eps)
 <ladder_06.eps>
File: ladder_07.eps Graphic file (type eps)
 <ladder_07.eps>
[568]
File: ladder_08.eps Graphic file (type eps)
 <ladder_08.eps> [569]
File: relay_14.eps Graphic file (type eps)
 <relay_14.eps> [570] [571]
File: relay_13.eps Graphic file (type eps)
 <relay_13.eps> [572]
File: relay_15.eps Graphic file (type eps)

<relay_15.eps> [573] [574]) (./PLS.tex [575] [576

]
Chapter 8.
[577]
File: plc_001.eps Graphic file (type eps)
 <plc_001.eps> [578]
File: plc_002.eps Graphic file (type eps)
 <plc_002.eps> [579] [580]
File: plc_017.eps Graphic file (type eps)
 <plc_017.eps>
File: plc_018.eps Graphic file (type eps)

<plc_018.eps> [581] [582]
File: plc_003.eps Graphic file (type eps)
 <plc_003.eps>
File: plc_004.eps Graphic file (type eps)
 <plc_004.eps> [583] [584]
File: plc_005.eps Graphic file (type eps)

<plc_005.eps> [585]
File: plc_007.eps Graphic file (type eps)
 <plc_007.eps> [586]
File: plc_006.eps Graphic file (type eps)
 <plc_006.eps> [587]
File: plc_075.eps Graphic file (type eps)
 <plc_075.eps>
[588]
File: plc_008.eps Graphic file (type eps)
 <plc_008.eps> [589] [590]
File: plc_073.eps Graphic file (type eps)
 <plc_073.eps>
File: plc_074.eps Graphic file (type eps)
 <plc_074.eps> [591]
File: plc_009.eps Graphic file (type eps)

<plc_009.eps> [592]
File: plc_010.eps Graphic file (type eps)
 <plc_010.eps>
File: plc_011.eps Graphic file (type eps)
 <plc_011.eps> [593]
File: plc_012.eps Graphic file (type eps)
 <plc_012.eps> [594]
[595]
File: plc_013.eps Graphic file (type eps)
 <plc_013.eps>
File: plc_014.eps Graphic file (type eps)
 <plc_014.eps>
File: plc_015.eps Graphic file (type eps)
 <plc_015.eps> [596]
File: plc_021.eps Graphic file (type eps)
 <plc_021.eps> [597]
[598]
File: plc_019.eps Graphic file (type eps)
 <plc_019.eps>
File: plc_020.eps Graphic file (type eps)
 <plc_020.eps> [599] [600] [601] [602]
File: plc_065.eps Graphic file (type eps)
 <plc_065.eps>
[603]
File: plc_064.eps Graphic file (type eps)
 <plc_064.eps> [604] [605]
File: plc_055.eps Graphic file (type eps)
 <plc_055.eps> [606]
File: plc_056.eps Graphic file (type eps)
 <plc_056.eps> [607]
[608]
File: plc_057.eps Graphic file (type eps)
 <plc_057.eps>
File: plc_058.eps Graphic file (type eps)
 <plc_058.eps> [609] [610] [611] [612]
File: plc_062.eps Graphic file (type eps)
 <plc_062.eps>
[613] [614]
File: plc_016.eps Graphic file (type eps)
 <plc_016.eps> [615] [616]
File: plc_059.eps Graphic file (type eps)
 <plc_059.eps>
File: plc_063.eps Graphic file (type eps)
 <plc_063.eps> [617]
[618] [619]
File: plc_022.eps Graphic file (type eps)
 <plc_022.eps> [620] [621] [622]
File: plc_023.eps Graphic file (type eps)
 <plc_023.eps> [623] [624]
File: plc_024.eps Graphic file (type eps)

<plc_024.eps>
File: plc_078.eps Graphic file (type eps)
 <plc_078.eps> [625] [626]
File: plc_025.eps Graphic file (type eps)
 <plc_025.eps> [627]
File: plc_061.eps Graphic file (type eps)
 <plc_061.eps>
File: plc_026.eps Graphic file (type eps)

<plc_026.eps> [628]
File: plc_027.eps Graphic file (type eps)
 <plc_027.eps> [629] [630]
File: plc_028.eps Graphic file (type eps)
 <plc_028.eps> [631]
File: plc_029.eps Graphic file (type eps)

<plc_029.eps> [632] [633]
File: plc_030.eps Graphic file (type eps)
 <plc_030.eps> [634] [635]
File: plc_031.eps Graphic file (type eps)
 <plc_031.eps> [636]
File: plc_032.eps Graphic file (type eps)

<plc_032.eps> [637]
File: plc_033.eps Graphic file (type eps)
 <plc_033.eps> [638]
File: plc_034.eps Graphic file (type eps)
 <plc_034.eps> [639] [640]
File: plc_035.eps Graphic file (type eps)

<plc_035.eps> [641]
File: plc_036.eps Graphic file (type eps)
 <plc_036.eps> [642] [643]
File: plc_037.eps Graphic file (type eps)
 <plc_037.eps> [644] [645]
File: plc_038.eps Graphic file (type eps)

<plc_038.eps> [646]
File: plc_039.eps Graphic file (type eps)
 <plc_039.eps>
File: plc_042.eps Graphic file (type eps)
 <plc_042.eps> [647]
File: plc_040.eps Graphic file (type eps)
 <plc_040.eps>
File: plc_041.eps Graphic file (type eps)

<plc_041.eps> [648] [649]
File: plc_043.eps Graphic file (type eps)
 <plc_043.eps> [650] [651] [652]
File: plc_045.eps Graphic file (type eps)
 <plc_045.eps>
[653]
File: plc_044.eps Graphic file (type eps)
 <plc_044.eps> [654]
File: plc_046.eps Graphic file (type eps)
 <plc_046.eps> [655]
File: plc_047.eps Graphic file (type eps)
 <plc_047.eps> [656] [657]
File: plc_048.eps Graphic file (type eps)

<plc_048.eps> [658] [659]
File: plc_049.eps Graphic file (type eps)
 <plc_049.eps> [660] [661]
File: plc_052.eps Graphic file (type eps)
 <plc_052.eps> [662]
[663]
File: plc_053.eps Graphic file (type eps)
 <plc_053.eps> [664]
File: plc_054.eps Graphic file (type eps)
 <plc_054.eps> [665]
File: plc_050.eps Graphic file (type eps)
 <plc_050.eps> [666]
File: plc_051.eps Graphic file (type eps)

<plc_051.eps> [667]
File: plc_066.eps Graphic file (type eps)
 <plc_066.eps> [668] [669]
File: plc_067.eps Graphic file (type eps)
 <plc_067.eps> [670] [671]
File: plc_068.eps Graphic file (type eps)

<plc_068.eps> [672] [673]
File: plc_070.eps Graphic file (type eps)
 <plc_070.eps>
File: plc_071.eps Graphic file (type eps)
 <plc_071.eps> [674]
File: plc_069.eps Graphic file (type eps)
 <plc_069.eps>
[675] [676]
File: plc_072.eps Graphic file (type eps)
 <plc_072.eps> [677] [678] [679] [680] [681]

! LaTeX Error: Cannot determine size of graphic in ./SFC13.png (no BoundingBox)
.

See the LaTeX manual or LaTeX Companion for explanation.
Type  H <return>  for immediate help.
 ...                                              
                                                  
l.1255 ...aphics[width=0.5\textwidth]{./SFC13.png}
                                                  $$
? 
! Emergency stop.
 ...                                              
                                                  
l.1255 ...aphics[width=0.5\textwidth]{./SFC13.png}
                                                  $$
Try typing  <return>  to proceed.
If that doesn't work, type  X <return>  to quit.

 
Here is how much of TeX's memory you used:
 13429 strings out of 477986
 211938 string characters out of 5840084
 1873385 words of memory out of 5000000
 32964 multiletter control sequences out of 15000+600000
 521704 words of font info for 65 fonts, out of 8000000 for 9000
 14 hyphenation exceptions out of 8191
 75i,15n,76p,2868b,505s stack positions out of 10000i,1000n,20000p,200000b,200000s
Output written on afgv.dvi (686 pages, 1664008 bytes).
