\BOOKMARK [0][-]{chapter.1}{\376\377\000P\000h\000y\000s\000i\000c\000s}{}% 1
\BOOKMARK [1][-]{section.1.1}{\376\377\000T\000e\000r\000m\000s\000\040\000a\000n\000d\000\040\000D\000e\000f\000i\000n\000i\000t\000i\000o\000n\000s}{chapter.1}% 2
\BOOKMARK [1][-]{section.1.2}{\376\377\000M\000e\000t\000r\000i\000c\000\040\000p\000r\000e\000f\000i\000x\000e\000s}{chapter.1}% 3
\BOOKMARK [1][-]{section.1.3}{\376\377\000A\000r\000e\000a\000s\000\040\000a\000n\000d\000\040\000v\000o\000l\000u\000m\000e\000s}{chapter.1}% 4
\BOOKMARK [2][-]{subsection.1.3.1}{\376\377\000C\000o\000m\000m\000o\000n\000\040\000g\000e\000o\000m\000e\000t\000r\000i\000c\000\040\000s\000h\000a\000p\000e\000s}{section.1.3}% 5
\BOOKMARK [1][-]{section.1.4}{\376\377\000U\000n\000i\000t\000\040\000c\000o\000n\000v\000e\000r\000s\000i\000o\000n\000s\000\040\000a\000n\000d\000\040\000p\000h\000y\000s\000i\000c\000a\000l\000\040\000c\000o\000n\000s\000t\000a\000n\000t\000s}{chapter.1}% 6
\BOOKMARK [2][-]{subsection.1.4.1}{\376\377\000U\000n\000i\000t\000y\000\040\000f\000r\000a\000c\000t\000i\000o\000n\000s}{section.1.4}% 7
\BOOKMARK [2][-]{subsection.1.4.2}{\376\377\000C\000o\000n\000v\000e\000r\000s\000i\000o\000n\000\040\000f\000o\000r\000m\000u\000l\000a\000e\000\040\000f\000o\000r\000\040\000t\000e\000m\000p\000e\000r\000a\000t\000u\000r\000e}{section.1.4}% 8
\BOOKMARK [2][-]{subsection.1.4.3}{\376\377\000C\000o\000n\000v\000e\000r\000s\000i\000o\000n\000\040\000f\000a\000c\000t\000o\000r\000s\000\040\000f\000o\000r\000\040\000d\000i\000s\000t\000a\000n\000c\000e}{section.1.4}% 9
\BOOKMARK [2][-]{subsection.1.4.4}{\376\377\000C\000o\000n\000v\000e\000r\000s\000i\000o\000n\000\040\000f\000a\000c\000t\000o\000r\000s\000\040\000f\000o\000r\000\040\000v\000o\000l\000u\000m\000e}{section.1.4}% 10
\BOOKMARK [2][-]{subsection.1.4.5}{\376\377\000C\000o\000n\000v\000e\000r\000s\000i\000o\000n\000\040\000f\000a\000c\000t\000o\000r\000s\000\040\000f\000o\000r\000\040\000v\000e\000l\000o\000c\000i\000t\000y}{section.1.4}% 11
\BOOKMARK [2][-]{subsection.1.4.6}{\376\377\000C\000o\000n\000v\000e\000r\000s\000i\000o\000n\000\040\000f\000a\000c\000t\000o\000r\000s\000\040\000f\000o\000r\000\040\000m\000a\000s\000s}{section.1.4}% 12
\BOOKMARK [2][-]{subsection.1.4.7}{\376\377\000C\000o\000n\000v\000e\000r\000s\000i\000o\000n\000\040\000f\000a\000c\000t\000o\000r\000s\000\040\000f\000o\000r\000\040\000f\000o\000r\000c\000e}{section.1.4}% 13
\BOOKMARK [2][-]{subsection.1.4.8}{\376\377\000C\000o\000n\000v\000e\000r\000s\000i\000o\000n\000\040\000f\000a\000c\000t\000o\000r\000s\000\040\000f\000o\000r\000\040\000a\000r\000e\000a}{section.1.4}% 14
\BOOKMARK [2][-]{subsection.1.4.9}{\376\377\000C\000o\000n\000v\000e\000r\000s\000i\000o\000n\000\040\000f\000a\000c\000t\000o\000r\000s\000\040\000f\000o\000r\000\040\000p\000r\000e\000s\000s\000u\000r\000e\000\040\000\050\000e\000i\000t\000h\000e\000r\000\040\000a\000l\000l\000\040\000g\000a\000u\000g\000e\000\040\000o\000r\000\040\000a\000l\000l\000\040\000a\000b\000s\000o\000l\000u\000t\000e\000\051}{section.1.4}% 15
\BOOKMARK [2][-]{subsection.1.4.10}{\376\377\000C\000o\000n\000v\000e\000r\000s\000i\000o\000n\000\040\000f\000a\000c\000t\000o\000r\000s\000\040\000f\000o\000r\000\040\000p\000r\000e\000s\000s\000u\000r\000e\000\040\000\050\000a\000b\000s\000o\000l\000u\000t\000e\000\040\000p\000r\000e\000s\000s\000u\000r\000e\000\040\000u\000n\000i\000t\000s\000\040\000o\000n\000l\000y\000\051}{section.1.4}% 16
\BOOKMARK [2][-]{subsection.1.4.11}{\376\377\000C\000o\000n\000v\000e\000r\000s\000i\000o\000n\000\040\000f\000a\000c\000t\000o\000r\000s\000\040\000f\000o\000r\000\040\000e\000n\000e\000r\000g\000y\000\040\000o\000r\000\040\000w\000o\000r\000k}{section.1.4}% 17
\BOOKMARK [2][-]{subsection.1.4.12}{\376\377\000C\000o\000n\000v\000e\000r\000s\000i\000o\000n\000\040\000f\000a\000c\000t\000o\000r\000s\000\040\000f\000o\000r\000\040\000p\000o\000w\000e\000r}{section.1.4}% 18
\BOOKMARK [2][-]{subsection.1.4.13}{\376\377\000T\000e\000r\000r\000e\000s\000t\000r\000i\000a\000l\000\040\000c\000o\000n\000s\000t\000a\000n\000t\000s}{section.1.4}% 19
\BOOKMARK [2][-]{subsection.1.4.14}{\376\377\000P\000r\000o\000p\000e\000r\000t\000i\000e\000s\000\040\000o\000f\000\040\000w\000a\000t\000e\000r}{section.1.4}% 20
\BOOKMARK [2][-]{subsection.1.4.15}{\376\377\000M\000i\000s\000c\000e\000l\000l\000a\000n\000e\000o\000u\000s\000\040\000p\000h\000y\000s\000i\000c\000a\000l\000\040\000c\000o\000n\000s\000t\000a\000n\000t\000s}{section.1.4}% 21
\BOOKMARK [2][-]{subsection.1.4.16}{\376\377\000W\000e\000i\000g\000h\000t\000\040\000d\000e\000n\000s\000i\000t\000i\000e\000s\000\040\000o\000f\000\040\000c\000o\000m\000m\000o\000n\000\040\000m\000a\000t\000e\000r\000i\000a\000l\000s}{section.1.4}% 22
\BOOKMARK [1][-]{section.1.5}{\376\377\000D\000i\000m\000e\000n\000s\000i\000o\000n\000a\000l\000\040\000a\000n\000a\000l\000y\000s\000i\000s}{chapter.1}% 23
\BOOKMARK [1][-]{section.1.6}{\376\377\000T\000h\000e\000\040\000I\000n\000t\000e\000r\000n\000a\000t\000i\000o\000n\000a\000l\000\040\000S\000y\000s\000t\000e\000m\000\040\000o\000f\000\040\000U\000n\000i\000t\000s}{chapter.1}% 24
\BOOKMARK [1][-]{section.1.7}{\376\377\000C\000o\000n\000s\000e\000r\000v\000a\000t\000i\000o\000n\000\040\000L\000a\000w\000s}{chapter.1}% 25
\BOOKMARK [1][-]{section.1.8}{\376\377\000C\000l\000a\000s\000s\000i\000c\000a\000l\000\040\000m\000e\000c\000h\000a\000n\000i\000c\000s}{chapter.1}% 26
\BOOKMARK [2][-]{subsection.1.8.1}{\376\377\000N\000e\000w\000t\000o\000n\000'\000s\000\040\000L\000a\000w\000s\000\040\000o\000f\000\040\000M\000o\000t\000i\000o\000n}{section.1.8}% 27
\BOOKMARK [2][-]{subsection.1.8.2}{\376\377\000W\000o\000r\000k\000,\000\040\000e\000n\000e\000r\000g\000y\000,\000\040\000a\000n\000d\000\040\000p\000o\000w\000e\000r}{section.1.8}% 28
\BOOKMARK [2][-]{subsection.1.8.3}{\376\377\000M\000e\000c\000h\000a\000n\000i\000c\000a\000l\000\040\000s\000p\000r\000i\000n\000g\000s}{section.1.8}% 29
\BOOKMARK [2][-]{subsection.1.8.4}{\376\377\000R\000o\000t\000a\000t\000i\000o\000n\000a\000l\000\040\000m\000o\000t\000i\000o\000n}{section.1.8}% 30
\BOOKMARK [1][-]{section.1.9}{\376\377\000S\000i\000m\000p\000l\000e\000\040\000m\000a\000c\000h\000i\000n\000e\000s}{chapter.1}% 31
\BOOKMARK [2][-]{subsection.1.9.1}{\376\377\000L\000e\000v\000e\000r\000s}{section.1.9}% 32
\BOOKMARK [2][-]{subsection.1.9.2}{\376\377\000P\000u\000l\000l\000e\000y\000s}{section.1.9}% 33
\BOOKMARK [2][-]{subsection.1.9.3}{\376\377\000I\000n\000c\000l\000i\000n\000e\000d\000\040\000p\000l\000a\000n\000e\000s}{section.1.9}% 34
\BOOKMARK [2][-]{subsection.1.9.4}{\376\377\000G\000e\000a\000r\000s}{section.1.9}% 35
\BOOKMARK [2][-]{subsection.1.9.5}{\376\377\000B\000e\000l\000t\000\040\000d\000r\000i\000v\000e\000s}{section.1.9}% 36
\BOOKMARK [2][-]{subsection.1.9.6}{\376\377\000C\000h\000a\000i\000n\000\040\000d\000r\000i\000v\000e\000s}{section.1.9}% 37
\BOOKMARK [1][-]{section.1.10}{\376\377\000E\000l\000e\000m\000e\000n\000t\000a\000r\000y\000\040\000t\000h\000e\000r\000m\000o\000d\000y\000n\000a\000m\000i\000c\000s}{chapter.1}% 38
\BOOKMARK [2][-]{subsection.1.10.1}{\376\377\000H\000e\000a\000t\000\040\000v\000e\000r\000s\000u\000s\000\040\000T\000e\000m\000p\000e\000r\000a\000t\000u\000r\000e}{section.1.10}% 39
\BOOKMARK [2][-]{subsection.1.10.2}{\376\377\000T\000e\000m\000p\000e\000r\000a\000t\000u\000r\000e}{section.1.10}% 40
\BOOKMARK [2][-]{subsection.1.10.3}{\376\377\000H\000e\000a\000t}{section.1.10}% 41
\BOOKMARK [2][-]{subsection.1.10.4}{\376\377\000H\000e\000a\000t\000\040\000t\000r\000a\000n\000s\000f\000e\000r}{section.1.10}% 42
\BOOKMARK [2][-]{subsection.1.10.5}{\376\377\000S\000p\000e\000c\000i\000f\000i\000c\000\040\000h\000e\000a\000t\000\040\000a\000n\000d\000\040\000e\000n\000t\000h\000a\000l\000p\000y}{section.1.10}% 43
\BOOKMARK [2][-]{subsection.1.10.6}{\376\377\000P\000h\000a\000s\000e\000\040\000c\000h\000a\000n\000g\000e\000s}{section.1.10}% 44
\BOOKMARK [2][-]{subsection.1.10.7}{\376\377\000P\000h\000a\000s\000e\000\040\000d\000i\000a\000g\000r\000a\000m\000s\000\040\000a\000n\000d\000\040\000c\000r\000i\000t\000i\000c\000a\000l\000\040\000p\000o\000i\000n\000t\000s}{section.1.10}% 45
\BOOKMARK [2][-]{subsection.1.10.8}{\376\377\000S\000a\000t\000u\000r\000a\000t\000e\000d\000\040\000s\000t\000e\000a\000m\000\040\000t\000a\000b\000l\000e}{section.1.10}% 46
\BOOKMARK [2][-]{subsection.1.10.9}{\376\377\000T\000h\000e\000r\000m\000o\000d\000y\000n\000a\000m\000i\000c\000\040\000d\000e\000g\000r\000e\000e\000s\000\040\000o\000f\000\040\000f\000r\000e\000e\000d\000o\000m}{section.1.10}% 47
\BOOKMARK [2][-]{subsection.1.10.10}{\376\377\000A\000p\000p\000l\000i\000c\000a\000t\000i\000o\000n\000s\000\040\000o\000f\000\040\000p\000h\000a\000s\000e\000\040\000c\000h\000a\000n\000g\000e\000s}{section.1.10}% 48
\BOOKMARK [1][-]{section.1.11}{\376\377\000F\000l\000u\000i\000d\000\040\000m\000e\000c\000h\000a\000n\000i\000c\000s}{chapter.1}% 49
\BOOKMARK [2][-]{subsection.1.11.1}{\376\377\000P\000r\000e\000s\000s\000u\000r\000e}{section.1.11}% 50
\BOOKMARK [2][-]{subsection.1.11.2}{\376\377\000P\000a\000s\000c\000a\000l\000'\000s\000\040\000P\000r\000i\000n\000c\000i\000p\000l\000e\000\040\000a\000n\000d\000\040\000h\000y\000d\000r\000o\000s\000t\000a\000t\000i\000c\000\040\000p\000r\000e\000s\000s\000u\000r\000e}{section.1.11}% 51
\BOOKMARK [2][-]{subsection.1.11.3}{\376\377\000F\000l\000u\000i\000d\000\040\000d\000e\000n\000s\000i\000t\000y\000\040\000e\000x\000p\000r\000e\000s\000s\000i\000o\000n\000s}{section.1.11}% 52
\BOOKMARK [2][-]{subsection.1.11.4}{\376\377\000M\000a\000n\000o\000m\000e\000t\000e\000r\000s}{section.1.11}% 53
\BOOKMARK [2][-]{subsection.1.11.5}{\376\377\000S\000y\000s\000t\000e\000m\000s\000\040\000o\000f\000\040\000p\000r\000e\000s\000s\000u\000r\000e\000\040\000m\000e\000a\000s\000u\000r\000e\000m\000e\000n\000t}{section.1.11}% 54
\BOOKMARK [2][-]{subsection.1.11.6}{\376\377\000N\000e\000g\000a\000t\000i\000v\000e\000\040\000p\000r\000e\000s\000s\000u\000r\000e}{section.1.11}% 55
\BOOKMARK [2][-]{subsection.1.11.7}{\376\377\000B\000u\000o\000y\000a\000n\000c\000y}{section.1.11}% 56
\BOOKMARK [2][-]{subsection.1.11.8}{\376\377\000G\000a\000s\000\040\000L\000a\000w\000s}{section.1.11}% 57
\BOOKMARK [2][-]{subsection.1.11.9}{\376\377\000F\000l\000u\000i\000d\000\040\000v\000i\000s\000c\000o\000s\000i\000t\000y}{section.1.11}% 58
\BOOKMARK [2][-]{subsection.1.11.10}{\376\377\000R\000e\000y\000n\000o\000l\000d\000s\000\040\000n\000u\000m\000b\000e\000r}{section.1.11}% 59
\BOOKMARK [2][-]{subsection.1.11.11}{\376\377\000L\000a\000w\000\040\000o\000f\000\040\000C\000o\000n\000t\000i\000n\000u\000i\000t\000y}{section.1.11}% 60
\BOOKMARK [2][-]{subsection.1.11.12}{\376\377\000V\000i\000s\000c\000o\000u\000s\000\040\000f\000l\000o\000w}{section.1.11}% 61
\BOOKMARK [2][-]{subsection.1.11.13}{\376\377\000B\000e\000r\000n\000o\000u\000l\000l\000i\000'\000s\000\040\000e\000q\000u\000a\000t\000i\000o\000n}{section.1.11}% 62
\BOOKMARK [2][-]{subsection.1.11.14}{\376\377\000T\000o\000r\000r\000i\000c\000e\000l\000l\000i\000'\000s\000\040\000e\000q\000u\000a\000t\000i\000o\000n}{section.1.11}% 63
\BOOKMARK [2][-]{subsection.1.11.15}{\376\377\000F\000l\000o\000w\000\040\000t\000h\000r\000o\000u\000g\000h\000\040\000a\000\040\000v\000e\000n\000t\000u\000r\000i\000\040\000t\000u\000b\000e}{section.1.11}% 64
\BOOKMARK [0][-]{chapter.2}{\376\377\000I\000n\000t\000r\000o\000d\000u\000c\000t\000i\000o\000n\000\040\000t\000o\000\040\000i\000n\000d\000u\000s\000t\000r\000i\000a\000l\000\040\000i\000n\000s\000t\000r\000u\000m\000e\000n\000t\000a\000t\000i\000o\000n}{}% 65
\BOOKMARK [1][-]{section.2.1}{\376\377\000E\000x\000a\000m\000p\000l\000e\000:\000\040\000b\000o\000i\000l\000e\000r\000\040\000w\000a\000t\000e\000r\000\040\000l\000e\000v\000e\000l\000\040\000c\000o\000n\000t\000r\000o\000l\000\040\000s\000y\000s\000t\000e\000m}{chapter.2}% 66
\BOOKMARK [1][-]{section.2.2}{\376\377\000E\000x\000a\000m\000p\000l\000e\000:\000\040\000w\000a\000s\000t\000e\000w\000a\000t\000e\000r\000\040\000d\000i\000s\000i\000n\000f\000e\000c\000t\000i\000o\000n}{chapter.2}% 67
\BOOKMARK [1][-]{section.2.3}{\376\377\000E\000x\000a\000m\000p\000l\000e\000:\000\040\000c\000h\000e\000m\000i\000c\000a\000l\000\040\000r\000e\000a\000c\000t\000o\000r\000\040\000t\000e\000m\000p\000e\000r\000a\000t\000u\000r\000e\000\040\000c\000o\000n\000t\000r\000o\000l}{chapter.2}% 68
\BOOKMARK [1][-]{section.2.4}{\376\377\000O\000t\000h\000e\000r\000\040\000t\000y\000p\000e\000s\000\040\000o\000f\000\040\000i\000n\000s\000t\000r\000u\000m\000e\000n\000t\000s}{chapter.2}% 69
\BOOKMARK [2][-]{subsection.2.4.1}{\376\377\000I\000n\000d\000i\000c\000a\000t\000o\000r\000s}{section.2.4}% 70
\BOOKMARK [2][-]{subsection.2.4.2}{\376\377\000R\000e\000c\000o\000r\000d\000e\000r\000s}{section.2.4}% 71
\BOOKMARK [2][-]{subsection.2.4.3}{\376\377\000P\000r\000o\000c\000e\000s\000s\000\040\000s\000w\000i\000t\000c\000h\000e\000s\000\040\000a\000n\000d\000\040\000a\000l\000a\000r\000m\000s}{section.2.4}% 72
\BOOKMARK [1][-]{section.2.5}{\376\377\000S\000u\000m\000m\000a\000r\000y}{chapter.2}% 73
\BOOKMARK [1][-]{section.2.6}{\376\377\000R\000e\000v\000i\000e\000w\000\040\000o\000f\000\040\000f\000u\000n\000d\000a\000m\000e\000n\000t\000a\000l\000\040\000p\000r\000i\000n\000c\000i\000p\000l\000e\000s}{chapter.2}% 74
\BOOKMARK [0][-]{chapter.3}{\376\377\000I\000n\000s\000t\000r\000u\000m\000e\000n\000t\000a\000t\000i\000o\000n\000\040\000d\000o\000c\000u\000m\000e\000n\000t\000s}{}% 75
\BOOKMARK [1][-]{section.3.1}{\376\377\000P\000r\000o\000c\000e\000s\000s\000\040\000F\000l\000o\000w\000\040\000D\000i\000a\000g\000r\000a\000m\000s}{chapter.3}% 76
\BOOKMARK [1][-]{section.3.2}{\376\377\000P\000r\000o\000c\000e\000s\000s\000\040\000a\000n\000d\000\040\000I\000n\000s\000t\000r\000u\000m\000e\000n\000t\000\040\000D\000i\000a\000g\000r\000a\000m\000s}{chapter.3}% 77
\BOOKMARK [1][-]{section.3.3}{\376\377\000L\000o\000o\000p\000\040\000d\000i\000a\000g\000r\000a\000m\000s}{chapter.3}% 78
\BOOKMARK [1][-]{section.3.4}{\376\377\000F\000u\000n\000c\000t\000i\000o\000n\000a\000l\000\040\000d\000i\000a\000g\000r\000a\000m\000s}{chapter.3}% 79
\BOOKMARK [1][-]{section.3.5}{\376\377\000I\000n\000s\000t\000r\000u\000m\000e\000n\000t\000\040\000a\000n\000d\000\040\000p\000r\000o\000c\000e\000s\000s\000\040\000e\000q\000u\000i\000p\000m\000e\000n\000t\000\040\000s\000y\000m\000b\000o\000l\000s}{chapter.3}% 80
\BOOKMARK [2][-]{subsection.3.5.1}{\376\377\000L\000i\000n\000e\000\040\000t\000y\000p\000e\000s}{section.3.5}% 81
\BOOKMARK [2][-]{subsection.3.5.2}{\376\377\000P\000r\000o\000c\000e\000s\000s\000/\000I\000n\000s\000t\000r\000u\000m\000e\000n\000t\000\040\000l\000i\000n\000e\000\040\000c\000o\000n\000n\000e\000c\000t\000i\000o\000n\000s}{section.3.5}% 82
\BOOKMARK [2][-]{subsection.3.5.3}{\376\377\000I\000n\000s\000t\000r\000u\000m\000e\000n\000t\000\040\000b\000u\000b\000b\000l\000e\000s}{section.3.5}% 83
\BOOKMARK [2][-]{subsection.3.5.4}{\376\377\000P\000r\000o\000c\000e\000s\000s\000\040\000v\000a\000l\000v\000e\000\040\000t\000y\000p\000e\000s}{section.3.5}% 84
\BOOKMARK [2][-]{subsection.3.5.5}{\376\377\000V\000a\000l\000v\000e\000\040\000a\000c\000t\000u\000a\000t\000o\000r\000\040\000t\000y\000p\000e\000s}{section.3.5}% 85
\BOOKMARK [2][-]{subsection.3.5.6}{\376\377\000V\000a\000l\000v\000e\000\040\000f\000a\000i\000l\000u\000r\000e\000\040\000m\000o\000d\000e}{section.3.5}% 86
\BOOKMARK [2][-]{subsection.3.5.7}{\376\377\000L\000i\000q\000u\000i\000d\000\040\000l\000e\000v\000e\000l\000\040\000m\000e\000a\000s\000u\000r\000e\000m\000e\000n\000t\000\040\000d\000e\000v\000i\000c\000e\000s}{section.3.5}% 87
\BOOKMARK [2][-]{subsection.3.5.8}{\376\377\000F\000l\000o\000w\000\040\000m\000e\000a\000s\000u\000r\000e\000m\000e\000n\000t\000\040\000d\000e\000v\000i\000c\000e\000s\000\040\000\050\000f\000l\000o\000w\000i\000n\000g\000\040\000l\000e\000f\000t\000-\000t\000o\000-\000r\000i\000g\000h\000t\000\051}{section.3.5}% 88
\BOOKMARK [2][-]{subsection.3.5.9}{\376\377\000P\000r\000o\000c\000e\000s\000s\000\040\000e\000q\000u\000i\000p\000m\000e\000n\000t}{section.3.5}% 89
\BOOKMARK [2][-]{subsection.3.5.10}{\376\377\000F\000u\000n\000c\000t\000i\000o\000n\000a\000l\000\040\000d\000i\000a\000g\000r\000a\000m\000\040\000s\000y\000m\000b\000o\000l\000s}{section.3.5}% 90
\BOOKMARK [2][-]{subsection.3.5.11}{\376\377\000S\000i\000n\000g\000l\000e\000-\000l\000i\000n\000e\000\040\000e\000l\000e\000c\000t\000r\000i\000c\000a\000l\000\040\000d\000i\000a\000g\000r\000a\000m\000\040\000s\000y\000m\000b\000o\000l\000s}{section.3.5}% 91
\BOOKMARK [2][-]{subsection.3.5.12}{\376\377\000F\000l\000u\000i\000d\000\040\000p\000o\000w\000e\000r\000\040\000d\000i\000a\000g\000r\000a\000m\000\040\000s\000y\000m\000b\000o\000l\000s}{section.3.5}% 92
\BOOKMARK [1][-]{section.3.6}{\376\377\000I\000n\000s\000t\000r\000u\000m\000e\000n\000t\000\040\000i\000d\000e\000n\000t\000i\000f\000i\000s\000e\000r\000i\000n\000g\000s\000\040\000t\000a\000g}{chapter.3}% 93
\BOOKMARK [0][-]{chapter.4}{\376\377\000I\000n\000s\000t\000r\000u\000m\000e\000n\000t\000\040\000c\000o\000n\000n\000e\000c\000t\000i\000o\000n\000s}{}% 94
\BOOKMARK [1][-]{section.4.1}{\376\377\000P\000i\000p\000e\000\040\000a\000n\000d\000\040\000p\000i\000p\000e\000\040\000f\000i\000t\000t\000i\000n\000g\000s}{chapter.4}% 95
\BOOKMARK [2][-]{subsection.4.1.1}{\376\377\000F\000l\000a\000n\000g\000e\000d\000\040\000p\000i\000p\000e\000\040\000f\000i\000t\000t\000i\000n\000g\000s}{section.4.1}% 96
\BOOKMARK [2][-]{subsection.4.1.2}{\376\377\000T\000a\000p\000e\000r\000e\000d\000\040\000t\000h\000r\000e\000a\000d\000\040\000p\000i\000p\000e\000\040\000f\000i\000t\000t\000i\000n\000g\000s}{section.4.1}% 97
\BOOKMARK [2][-]{subsection.4.1.3}{\376\377\000P\000a\000r\000a\000l\000l\000e\000l\000\040\000t\000h\000r\000e\000a\000d\000\040\000p\000i\000p\000e\000\040\000f\000i\000t\000t\000i\000n\000g\000s}{section.4.1}% 98
\BOOKMARK [2][-]{subsection.4.1.4}{\376\377\000S\000a\000n\000i\000t\000a\000r\000y\000\040\000p\000i\000p\000e\000\040\000f\000i\000t\000t\000i\000n\000g\000s}{section.4.1}% 99
\BOOKMARK [1][-]{section.4.2}{\376\377\000T\000u\000b\000e\000\040\000a\000n\000d\000\040\000t\000u\000b\000e\000\040\000f\000i\000t\000t\000i\000n\000g\000s}{chapter.4}% 100
\BOOKMARK [2][-]{subsection.4.2.1}{\376\377\000C\000o\000m\000p\000r\000e\000s\000s\000i\000o\000n\000\040\000t\000u\000b\000e\000\040\000f\000i\000t\000t\000i\000n\000g\000s}{section.4.2}% 101
\BOOKMARK [2][-]{subsection.4.2.2}{\376\377\000C\000o\000m\000m\000o\000n\000\040\000t\000u\000b\000e\000\040\000f\000i\000t\000t\000i\000n\000g\000\040\000t\000y\000p\000e\000s\000\040\000a\000n\000d\000\040\000n\000a\000m\000e\000s}{section.4.2}% 102
\BOOKMARK [2][-]{subsection.4.2.3}{\376\377\000B\000e\000n\000d\000i\000n\000g\000\040\000i\000n\000s\000t\000r\000u\000m\000e\000n\000t\000\040\000t\000u\000b\000i\000n\000g}{section.4.2}% 103
\BOOKMARK [2][-]{subsection.4.2.4}{\376\377\000S\000p\000e\000c\000i\000a\000l\000\040\000t\000u\000b\000i\000n\000g\000\040\000t\000o\000o\000l\000s}{section.4.2}% 104
\BOOKMARK [1][-]{section.4.3}{\376\377\000E\000l\000e\000c\000t\000r\000i\000c\000a\000l\000\040\000s\000i\000g\000n\000a\000l\000\040\000a\000n\000d\000\040\000c\000o\000n\000t\000r\000o\000l\000\040\000w\000i\000r\000i\000n\000g}{chapter.4}% 105
\BOOKMARK [2][-]{subsection.4.3.1}{\376\377\000C\000o\000n\000n\000e\000c\000t\000i\000o\000n\000s\000\040\000a\000n\000d\000\040\000w\000i\000r\000e\000\040\000t\000e\000r\000m\000i\000n\000a\000t\000i\000o\000n\000s}{section.4.3}% 106
\BOOKMARK [2][-]{subsection.4.3.2}{\376\377\000D\000I\000N\000\040\000r\000a\000i\000l}{section.4.3}% 107
\BOOKMARK [2][-]{subsection.4.3.3}{\376\377\000C\000a\000b\000l\000e\000\040\000r\000o\000u\000t\000i\000n\000g}{section.4.3}% 108
\BOOKMARK [2][-]{subsection.4.3.4}{\376\377\000S\000i\000g\000n\000a\000l\000\040\000c\000o\000u\000p\000l\000i\000n\000g\000\040\000a\000n\000d\000\040\000c\000a\000b\000l\000e\000\040\000s\000e\000p\000a\000r\000a\000t\000i\000o\000n}{section.4.3}% 109
\BOOKMARK [2][-]{subsection.4.3.5}{\376\377\000E\000l\000e\000c\000t\000r\000i\000c\000\040\000f\000i\000e\000l\000d\000\040\000\050\000c\000a\000p\000a\000c\000i\000t\000i\000v\000e\000\051\000\040\000d\000e\000-\000c\000o\000u\000p\000l\000i\000n\000g}{section.4.3}% 110
\BOOKMARK [2][-]{subsection.4.3.6}{\376\377\000M\000a\000g\000n\000e\000t\000i\000c\000\040\000f\000i\000e\000l\000d\000\040\000\050\000i\000n\000d\000u\000c\000t\000i\000v\000e\000\051\000\040\000d\000e\000-\000c\000o\000u\000p\000l\000i\000n\000g}{section.4.3}% 111
\BOOKMARK [2][-]{subsection.4.3.7}{\376\377\000H\000i\000g\000h\000-\000f\000r\000e\000q\000u\000e\000n\000c\000y\000\040\000s\000i\000g\000n\000a\000l\000\040\000c\000a\000b\000l\000e\000s}{section.4.3}% 112
\BOOKMARK [1][-]{section.4.4}{\376\377\000F\000i\000b\000e\000r\000\040\000o\000p\000t\000i\000c\000s}{chapter.4}% 113
\BOOKMARK [2][-]{subsection.4.4.1}{\376\377\000F\000i\000b\000e\000r\000\040\000o\000p\000t\000i\000c\000\040\000d\000a\000t\000a\000\040\000c\000o\000m\000m\000u\000n\000i\000c\000a\000t\000i\000o\000n}{section.4.4}% 114
\BOOKMARK [2][-]{subsection.4.4.2}{\376\377\000F\000i\000b\000e\000r\000\040\000o\000p\000t\000i\000c\000\040\000s\000e\000n\000s\000i\000n\000g\000\040\000a\000p\000p\000l\000i\000c\000a\000t\000i\000o\000n\000s}{section.4.4}% 115
\BOOKMARK [2][-]{subsection.4.4.3}{\376\377\000F\000i\000b\000e\000r\000\040\000o\000p\000t\000i\000c\000\040\000c\000a\000b\000l\000e\000\040\000c\000o\000n\000s\000t\000r\000u\000c\000t\000i\000o\000n}{section.4.4}% 116
\BOOKMARK [2][-]{subsection.4.4.4}{\376\377\000M\000u\000l\000t\000i\000-\000m\000o\000d\000e\000\040\000a\000n\000d\000\040\000s\000i\000n\000g\000l\000e\000-\000m\000o\000d\000e\000\040\000o\000p\000t\000i\000c\000a\000l\000\040\000f\000i\000b\000e\000r\000s}{section.4.4}% 117
\BOOKMARK [2][-]{subsection.4.4.5}{\376\377\000F\000i\000b\000e\000r\000\040\000o\000p\000t\000i\000c\000\040\000c\000a\000b\000l\000e\000\040\000c\000o\000n\000n\000e\000c\000t\000o\000r\000s\000,\000\040\000r\000o\000u\000t\000i\000n\000g\000,\000\040\000a\000n\000d\000\040\000s\000a\000f\000e\000t\000y}{section.4.4}% 118
\BOOKMARK [2][-]{subsection.4.4.6}{\376\377\000F\000i\000b\000e\000r\000\040\000o\000p\000t\000i\000c\000\040\000c\000a\000b\000l\000e\000\040\000t\000e\000s\000t\000i\000n\000g}{section.4.4}% 119
\BOOKMARK [1][-]{section.4.5}{\376\377\000R\000e\000v\000i\000e\000w\000\040\000o\000f\000\040\000f\000u\000n\000d\000a\000m\000e\000n\000t\000a\000l\000\040\000p\000r\000i\000n\000c\000i\000p\000l\000e\000s}{chapter.4}% 120
\BOOKMARK [0][-]{chapter.5}{\376\377\000D\000i\000s\000c\000r\000e\000t\000e\000\040\000p\000r\000o\000c\000e\000s\000s\000\040\000m\000e\000a\000s\000u\000r\000e\000m\000e\000n\000t}{}% 121
\BOOKMARK [1][-]{section.5.1}{\376\377\000`\000`\000N\000o\000r\000m\000a\000l\000'\000'\000\040\000s\000t\000a\000t\000u\000s\000\040\000o\000f\000\040\000a\000\040\000s\000w\000i\000t\000c\000h}{chapter.5}% 122
\BOOKMARK [1][-]{section.5.2}{\376\377\000H\000a\000n\000d\000\040\000s\000w\000i\000t\000c\000h\000e\000s}{chapter.5}% 123
\BOOKMARK [1][-]{section.5.3}{\376\377\000L\000i\000m\000i\000t\000\040\000s\000w\000i\000t\000c\000h\000e\000s}{chapter.5}% 124
\BOOKMARK [1][-]{section.5.4}{\376\377\000P\000r\000o\000x\000i\000m\000i\000t\000y\000\040\000s\000w\000i\000t\000c\000h\000e\000s}{chapter.5}% 125
\BOOKMARK [1][-]{section.5.5}{\376\377\000P\000r\000e\000s\000s\000u\000r\000e\000\040\000s\000w\000i\000t\000c\000h\000e\000s}{chapter.5}% 126
\BOOKMARK [1][-]{section.5.6}{\376\377\000L\000e\000v\000e\000l\000\040\000s\000w\000i\000t\000c\000h\000e\000s}{chapter.5}% 127
\BOOKMARK [2][-]{subsection.5.6.1}{\376\377\000F\000l\000o\000a\000t\000-\000t\000y\000p\000e\000\040\000l\000e\000v\000e\000l\000\040\000s\000w\000i\000t\000c\000h\000e\000s}{section.5.6}% 128
\BOOKMARK [2][-]{subsection.5.6.2}{\376\377\000T\000u\000n\000i\000n\000g\000\040\000f\000o\000r\000k\000\040\000l\000e\000v\000e\000l\000\040\000s\000w\000i\000t\000c\000h\000e\000s}{section.5.6}% 129
\BOOKMARK [2][-]{subsection.5.6.3}{\376\377\000P\000a\000d\000d\000l\000e\000-\000w\000h\000e\000e\000l\000\040\000l\000e\000v\000e\000l\000\040\000s\000w\000i\000t\000c\000h\000e\000s}{section.5.6}% 130
\BOOKMARK [2][-]{subsection.5.6.4}{\376\377\000U\000l\000t\000r\000a\000s\000o\000n\000i\000c\000\040\000l\000e\000v\000e\000l\000\040\000s\000w\000i\000t\000c\000h\000e\000s}{section.5.6}% 131
\BOOKMARK [2][-]{subsection.5.6.5}{\376\377\000C\000a\000p\000a\000c\000i\000t\000i\000v\000e\000\040\000l\000e\000v\000e\000l\000\040\000s\000w\000i\000t\000c\000h\000e\000s}{section.5.6}% 132
\BOOKMARK [2][-]{subsection.5.6.6}{\376\377\000C\000o\000n\000d\000u\000c\000t\000i\000v\000e\000\040\000l\000e\000v\000e\000l\000\040\000s\000w\000i\000t\000c\000h\000e\000s}{section.5.6}% 133
\BOOKMARK [1][-]{section.5.7}{\376\377\000T\000e\000m\000p\000e\000r\000a\000t\000u\000r\000e\000\040\000s\000w\000i\000t\000c\000h\000e\000s}{chapter.5}% 134
\BOOKMARK [1][-]{section.5.8}{\376\377\000F\000l\000o\000w\000\040\000s\000w\000i\000t\000c\000h\000e\000s}{chapter.5}% 135
\BOOKMARK [1][-]{section.5.9}{\376\377\000R\000e\000v\000i\000e\000w\000\040\000o\000f\000\040\000f\000u\000n\000d\000a\000m\000e\000n\000t\000a\000l\000\040\000p\000r\000i\000n\000c\000i\000p\000l\000e\000s}{chapter.5}% 136
\BOOKMARK [0][-]{chapter.6}{\376\377\000D\000i\000s\000c\000r\000e\000t\000e\000\040\000c\000o\000n\000t\000r\000o\000l\000\040\000e\000l\000e\000m\000e\000n\000t\000s}{}% 137
\BOOKMARK [1][-]{section.6.1}{\376\377\000O\000n\000/\000o\000f\000f\000\040\000v\000a\000l\000v\000e\000s}{chapter.6}% 138
\BOOKMARK [1][-]{section.6.2}{\376\377\000F\000l\000u\000i\000d\000\040\000p\000o\000w\000e\000r\000\040\000s\000y\000s\000t\000e\000m\000s}{chapter.6}% 139
\BOOKMARK [1][-]{section.6.3}{\376\377\000S\000o\000l\000e\000n\000o\000i\000d\000\040\000v\000a\000l\000v\000e\000s}{chapter.6}% 140
\BOOKMARK [2][-]{subsection.6.3.1}{\376\377\0002\000-\000w\000a\000y\000\040\000s\000o\000l\000e\000n\000o\000i\000d\000\040\000v\000a\000l\000v\000e\000s}{section.6.3}% 141
\BOOKMARK [2][-]{subsection.6.3.2}{\376\377\0003\000-\000w\000a\000y\000\040\000s\000o\000l\000e\000n\000o\000i\000d\000\040\000v\000a\000l\000v\000e\000s}{section.6.3}% 142
\BOOKMARK [2][-]{subsection.6.3.3}{\376\377\0004\000-\000w\000a\000y\000\040\000s\000o\000l\000e\000n\000o\000i\000d\000\040\000v\000a\000l\000v\000e\000s}{section.6.3}% 143
\BOOKMARK [2][-]{subsection.6.3.4}{\376\377\000N\000o\000r\000m\000a\000l\000\040\000e\000n\000e\000r\000g\000i\000z\000a\000t\000i\000o\000n\000\040\000s\000t\000a\000t\000e\000s}{section.6.3}% 144
\BOOKMARK [1][-]{section.6.4}{\376\377\000O\000n\000/\000o\000f\000f\000\040\000e\000l\000e\000c\000t\000r\000i\000c\000\040\000m\000o\000t\000o\000r\000\040\000c\000o\000n\000t\000r\000o\000l\000\040\000c\000i\000r\000c\000u\000i\000t\000s}{chapter.6}% 145
\BOOKMARK [2][-]{subsection.6.4.1}{\376\377\000A\000C\000\040\000i\000n\000d\000u\000c\000t\000i\000o\000n\000\040\000m\000o\000t\000o\000r\000s}{section.6.4}% 146
\BOOKMARK [2][-]{subsection.6.4.2}{\376\377\000M\000o\000t\000o\000r\000\040\000c\000o\000n\000t\000a\000c\000t\000o\000r\000s}{section.6.4}% 147
\BOOKMARK [2][-]{subsection.6.4.3}{\376\377\000M\000o\000t\000o\000r\000\040\000p\000r\000o\000t\000e\000c\000t\000i\000o\000n}{section.6.4}% 148
\BOOKMARK [2][-]{subsection.6.4.4}{\376\377\000M\000o\000t\000o\000r\000\040\000c\000o\000n\000t\000r\000o\000l\000\040\000c\000i\000r\000c\000u\000i\000t\000\040\000w\000i\000r\000i\000n\000g}{section.6.4}% 149
\BOOKMARK [1][-]{section.6.5}{\376\377\000R\000e\000v\000i\000e\000w\000\040\000o\000f\000\040\000f\000u\000n\000d\000a\000m\000e\000n\000t\000a\000l\000\040\000p\000r\000i\000n\000c\000i\000p\000l\000e\000s}{chapter.6}% 150
\BOOKMARK [0][-]{chapter.7}{\376\377\000R\000e\000l\000a\000y\000\040\000c\000o\000n\000t\000r\000o\000l\000\040\000s\000y\000s\000t\000e\000m\000s}{}% 151
\BOOKMARK [1][-]{section.7.1}{\376\377\000C\000o\000n\000t\000r\000o\000l\000\040\000r\000e\000l\000a\000y\000s}{chapter.7}% 152
\BOOKMARK [1][-]{section.7.2}{\376\377\000R\000e\000l\000a\000y\000\040\000c\000i\000r\000c\000u\000i\000t\000s}{chapter.7}% 153
\BOOKMARK [1][-]{section.7.3}{\376\377\000I\000n\000t\000e\000r\000p\000o\000s\000i\000n\000g\000\040\000r\000e\000l\000a\000y\000s}{chapter.7}% 154
\BOOKMARK [1][-]{section.7.4}{\376\377\000R\000e\000v\000i\000e\000w\000\040\000o\000f\000\040\000f\000u\000n\000d\000a\000m\000e\000n\000t\000a\000l\000\040\000p\000r\000i\000n\000c\000i\000p\000l\000e\000s}{chapter.7}% 155
\BOOKMARK [0][-]{chapter.8}{\376\377\000P\000r\000o\000g\000r\000a\000m\000m\000e\000r\000b\000a\000r\000e\000\040\000L\000o\000g\000i\000s\000k\000e\000\040\000S\000t\000y\000r\000i\000n\000g\000e\000r}{}% 156
\BOOKMARK [1][-]{section.8.1}{\376\377\000P\000L\000S\000\040\000e\000k\000s\000e\000m\000p\000l\000e\000r}{chapter.8}% 157
\BOOKMARK [1][-]{section.8.2}{\376\377\000I\000n\000n\000g\000a\000n\000g\000s\000-\000\040\000o\000g\000\040\000u\000t\000g\000a\000n\000g\000s\000\040\000t\000i\000l\000k\000o\000b\000l\000i\000n\000g\000e\000r\000\040\000I\000O\000-\000e\000r\000\040}{chapter.8}% 158
\BOOKMARK [2][-]{subsection.8.2.1}{\376\377\000D\000i\000g\000i\000t\000a\000l\000e\000\040\000I\000O\000-\000e\000r}{section.8.2}% 159
\BOOKMARK [2][-]{subsection.8.2.2}{\376\377\000A\000n\000a\000l\000o\000g\000\040\000I\000/\000O}{section.8.2}% 160
\BOOKMARK [2][-]{subsection.8.2.3}{\376\377\000N\000e\000t\000w\000o\000r\000k\000\040\000I\000/\000O}{section.8.2}% 161
\BOOKMARK [1][-]{section.8.3}{}{chapter.8}% 162
\BOOKMARK [2][-]{subsection.8.3.1}{\376\377\000S\000a\000m\000m\000e\000n\000h\000e\000n\000g\000e\000n\000\040\000m\000e\000l\000l\000o\000m\000\040\000I\000O\000-\000s\000t\000a\000t\000u\000s\000\040\000o\000g\000\040\000v\000i\000r\000t\000u\000e\000l\000l\000e\000\040\000b\000r\000y\000t\000e\000r\000e}{section.8.3}% 163
\BOOKMARK [2][-]{subsection.8.3.2}{\376\377\000M\000e\000m\000o\000r\000y\000\040\000m\000a\000p\000s\000\040\000a\000n\000d\000\040\000I\000/\000O\000\040\000a\000d\000d\000r\000e\000s\000s\000i\000n\000g}{section.8.3}% 164
\BOOKMARK [1][-]{section.8.4}{\376\377\000L\000a\000d\000d\000e\000r\000\040\000D\000i\000a\000g\000r\000a\000m\000\040\000\050\000L\000D\000\051\000\040\000p\000r\000o\000g\000r\000a\000m\000m\000i\000n\000g}{chapter.8}% 165
\BOOKMARK [2][-]{subsection.8.4.1}{\376\377\000C\000o\000n\000t\000a\000c\000t\000s\000\040\000a\000n\000d\000\040\000c\000o\000i\000l\000s}{section.8.4}% 166
\BOOKMARK [2][-]{subsection.8.4.2}{\376\377\000C\000o\000u\000n\000t\000e\000r\000s}{section.8.4}% 167
\BOOKMARK [2][-]{subsection.8.4.3}{\376\377\000T\000i\000m\000e\000r\000s}{section.8.4}% 168
\BOOKMARK [2][-]{subsection.8.4.4}{\376\377\000D\000a\000t\000a\000\040\000c\000o\000m\000p\000a\000r\000i\000s\000o\000n\000\040\000i\000n\000s\000t\000r\000u\000c\000t\000i\000o\000n\000s}{section.8.4}% 169
\BOOKMARK [2][-]{subsection.8.4.5}{\376\377\000M\000a\000t\000h\000\040\000i\000n\000s\000t\000r\000u\000c\000t\000i\000o\000n\000s}{section.8.4}% 170
\BOOKMARK [2][-]{subsection.8.4.6}{\376\377\000S\000e\000q\000u\000e\000n\000c\000e\000r\000s}{section.8.4}% 171
\BOOKMARK [2][-]{subsection.8.4.7}{\376\377\000P\000I\000D\000\040\000r\000e\000g\000u\000l\000a\000t\000o\000r\000\040\000i\000\040\000P\000L\000S\000\040\000p\000r\000o\000g\000r\000a\000m\000m\000e\000r}{section.8.4}% 172
\BOOKMARK [1][-]{section.8.5}{\376\377\000S\000t\000r\000u\000c\000t\000u\000r\000e\000d\000\040\000T\000e\000x\000t\000\040\000\050\000S\000T\000\051\000\040\000p\000r\000o\000g\000r\000a\000m\000m\000i\000n\000g}{chapter.8}% 173
\BOOKMARK [1][-]{section.8.6}{\376\377\000I\000n\000s\000t\000r\000u\000c\000t\000i\000o\000n\000\040\000L\000i\000s\000t\000\040\000\050\000I\000L\000\051\000\040\000p\000r\000o\000g\000r\000a\000m\000m\000i\000n\000g}{chapter.8}% 174
\BOOKMARK [1][-]{section.8.7}{\376\377\000F\000u\000n\000c\000t\000i\000o\000n\000\040\000B\000l\000o\000c\000k\000\040\000D\000i\000a\000g\000r\000a\000m\000\040\000\050\000F\000B\000D\000\051\000\040\000p\000r\000o\000g\000r\000a\000m\000m\000i\000n\000g}{chapter.8}% 175
\BOOKMARK [1][-]{section.8.8}{\376\377\000S\000e\000q\000u\000e\000n\000t\000i\000a\000l\000\040\000F\000u\000n\000c\000t\000i\000o\000n\000\040\000C\000h\000a\000r\000t\000\040\000\050\000S\000F\000C\000\051\000\040\000p\000r\000o\000g\000r\000a\000m\000m\000e\000r\000i\000n\000g}{chapter.8}% 176
