This is pdfTeX, Version 3.141592653-2.6-1.40.22 (TeX Live 2021/Arch Linux) (preloaded format=pdflatex 2021.12.22)  10 JAN 2022 12:11
entering extended mode
 restricted \write18 enabled.
 %&-line parsing enabled.
**hbook.tex
(./hbook.tex
LaTeX2e <2020-10-01> patch level 4
L3 programming layer <2021-02-18>
(/usr/share/texmf-dist/tex/latex/base/article.cls
Document Class: article 2020/04/10 v1.4m Standard LaTeX document class
(/usr/share/texmf-dist/tex/latex/base/size10.clo
File: size10.clo 2020/04/10 v1.4m Standard LaTeX file (size option)
)
\c@part=\count179
\c@section=\count180
\c@subsection=\count181
\c@subsubsection=\count182
\c@paragraph=\count183
\c@subparagraph=\count184
\c@figure=\count185
\c@table=\count186
\abovecaptionskip=\skip47
\belowcaptionskip=\skip48
\bibindent=\dimen138
)
(/usr/share/texmf-dist/tex/latex/geometry/geometry.sty
Package: geometry 2020/01/02 v5.9 Page Geometry

(/usr/share/texmf-dist/tex/latex/graphics/keyval.sty
Package: keyval 2014/10/28 v1.15 key=value parser (DPC)
\KV@toks@=\toks15
)
(/usr/share/texmf-dist/tex/generic/iftex/ifvtex.sty
Package: ifvtex 2019/10/25 v1.7 ifvtex legacy package. Use iftex instead.

(/usr/share/texmf-dist/tex/generic/iftex/iftex.sty
Package: iftex 2020/03/06 v1.0d TeX engine tests
))
\Gm@cnth=\count187
\Gm@cntv=\count188
\c@Gm@tempcnt=\count189
\Gm@bindingoffset=\dimen139
\Gm@wd@mp=\dimen140
\Gm@odd@mp=\dimen141
\Gm@even@mp=\dimen142
\Gm@layoutwidth=\dimen143
\Gm@layoutheight=\dimen144
\Gm@layouthoffset=\dimen145
\Gm@layoutvoffset=\dimen146
\Gm@dimlist=\toks16
)
(/usr/share/texmf-dist/tex/latex/base/inputenc.sty
Package: inputenc 2020/08/01 v1.3d Input encoding file
\inpenc@prehook=\toks17
\inpenc@posthook=\toks18
)
(/usr/share/texmf-dist/tex/latex/base/fontenc.sty
Package: fontenc 2020/08/10 v2.0s Standard LaTeX package
)
(/usr/share/texmf-dist/tex/latex/graphics/graphicx.sty
Package: graphicx 2020/09/09 v1.2b Enhanced LaTeX Graphics (DPC,SPQR)

(/usr/share/texmf-dist/tex/latex/graphics/graphics.sty
Package: graphics 2020/08/30 v1.4c Standard LaTeX Graphics (DPC,SPQR)

(/usr/share/texmf-dist/tex/latex/graphics/trig.sty
Package: trig 2016/01/03 v1.10 sin cos tan (DPC)
)
(/usr/share/texmf-dist/tex/latex/graphics-cfg/graphics.cfg
File: graphics.cfg 2016/06/04 v1.11 sample graphics configuration
)
Package graphics Info: Driver file: pdftex.def on input line 105.

(/usr/share/texmf-dist/tex/latex/graphics-def/pdftex.def
File: pdftex.def 2020/10/05 v1.2a Graphics/color driver for pdftex
))
\Gin@req@height=\dimen147
\Gin@req@width=\dimen148
)
(/usr/share/texmf-dist/tex/latex/enumitem/enumitem.sty
Package: enumitem 2019/06/20 v3.9 Customized lists
\labelindent=\skip49
\enit@outerparindent=\dimen149
\enit@toks=\toks19
\enit@inbox=\box47
\enit@count@id=\count190
\enitdp@description=\count191
)
(/usr/share/texmf-dist/tex/latex/pdfpages/pdfpages.sty
Package: pdfpages 2021/03/06 v0.5t Insert pages of external PDF documents (AM)

(/usr/share/texmf-dist/tex/latex/base/ifthen.sty
Package: ifthen 2014/09/29 v1.1c Standard LaTeX ifthen package (DPC)
)
(/usr/share/texmf-dist/tex/latex/tools/calc.sty
Package: calc 2017/05/25 v4.3 Infix arithmetic (KKT,FJ)
\calc@Acount=\count192
\calc@Bcount=\count193
\calc@Adimen=\dimen150
\calc@Bdimen=\dimen151
\calc@Askip=\skip50
\calc@Bskip=\skip51
LaTeX Info: Redefining \setlength on input line 80.
LaTeX Info: Redefining \addtolength on input line 81.
\calc@Ccount=\count194
\calc@Cskip=\skip52
)
(/usr/share/texmf-dist/tex/latex/eso-pic/eso-pic.sty
Package: eso-pic 2020/10/14 v3.0a eso-pic (RN)
\ESO@tempdima=\dimen152
\ESO@tempdimb=\dimen153

(/usr/share/texmf-dist/tex/latex/xcolor/xcolor.sty
Package: xcolor 2016/05/11 v2.12 LaTeX color extensions (UK)

(/usr/share/texmf-dist/tex/latex/graphics-cfg/color.cfg
File: color.cfg 2016/01/02 v1.6 sample color configuration
)
Package xcolor Info: Driver file: pdftex.def on input line 225.
Package xcolor Info: Model `cmy' substituted by `cmy0' on input line 1348.
Package xcolor Info: Model `hsb' substituted by `rgb' on input line 1352.
Package xcolor Info: Model `RGB' extended on input line 1364.
Package xcolor Info: Model `HTML' substituted by `rgb' on input line 1366.
Package xcolor Info: Model `Hsb' substituted by `hsb' on input line 1367.
Package xcolor Info: Model `tHsb' substituted by `hsb' on input line 1368.
Package xcolor Info: Model `HSB' substituted by `hsb' on input line 1369.
Package xcolor Info: Model `Gray' substituted by `gray' on input line 1370.
Package xcolor Info: Model `wave' substituted by `hsb' on input line 1371.
))
\AM@pagewidth=\dimen154
\AM@pageheight=\dimen155
\AM@fboxrule=\dimen156

(/usr/share/texmf-dist/tex/latex/pdfpages/pppdftex.def
File: pppdftex.def 2021/03/06 v0.5t Pdfpages driver for pdfTeX (AM)
)
\pdfpages@includegraphics@status=\count195
\AM@pagebox=\box48
\AM@global@opts=\toks20
\AM@pagecnt=\count196
\AM@toc@title=\toks21
\c@AM@survey=\count197
\AM@templatesizebox=\box49
)
(/usr/share/texmf-dist/tex/latex/hyperref/hyperref.sty
Package: hyperref 2021-02-27 v7.00k Hypertext links for LaTeX

(/usr/share/texmf-dist/tex/generic/ltxcmds/ltxcmds.sty
Package: ltxcmds 2020-05-10 v1.25 LaTeX kernel commands for general use (HO)
)
(/usr/share/texmf-dist/tex/generic/pdftexcmds/pdftexcmds.sty
Package: pdftexcmds 2020-06-27 v0.33 Utility functions of pdfTeX for LuaTeX (HO
)

(/usr/share/texmf-dist/tex/generic/infwarerr/infwarerr.sty
Package: infwarerr 2019/12/03 v1.5 Providing info/warning/error messages (HO)
)
Package pdftexcmds Info: \pdf@primitive is available.
Package pdftexcmds Info: \pdf@ifprimitive is available.
Package pdftexcmds Info: \pdfdraftmode found.
)
(/usr/share/texmf-dist/tex/generic/kvsetkeys/kvsetkeys.sty
Package: kvsetkeys 2019/12/15 v1.18 Key value parser (HO)
)
(/usr/share/texmf-dist/tex/generic/kvdefinekeys/kvdefinekeys.sty
Package: kvdefinekeys 2019-12-19 v1.6 Define keys (HO)
)
(/usr/share/texmf-dist/tex/generic/pdfescape/pdfescape.sty
Package: pdfescape 2019/12/09 v1.15 Implements pdfTeX's escape features (HO)
)
(/usr/share/texmf-dist/tex/latex/hycolor/hycolor.sty
Package: hycolor 2020-01-27 v1.10 Color options for hyperref/bookmark (HO)
)
(/usr/share/texmf-dist/tex/latex/letltxmacro/letltxmacro.sty
Package: letltxmacro 2019/12/03 v1.6 Let assignment for LaTeX macros (HO)
)
(/usr/share/texmf-dist/tex/latex/auxhook/auxhook.sty
Package: auxhook 2019-12-17 v1.6 Hooks for auxiliary files (HO)
)
(/usr/share/texmf-dist/tex/latex/kvoptions/kvoptions.sty
Package: kvoptions 2020-10-07 v3.14 Key value format for package options (HO)
)
\@linkdim=\dimen157
\Hy@linkcounter=\count198
\Hy@pagecounter=\count199

(/usr/share/texmf-dist/tex/latex/hyperref/pd1enc.def
File: pd1enc.def 2021-02-27 v7.00k Hyperref: PDFDocEncoding definition (HO)
Now handling font encoding PD1 ...
... no UTF-8 mapping file for font encoding PD1
)
(/usr/share/texmf-dist/tex/latex/hyperref/hyperref-langpatches.def
File: hyperref-langpatches.def 2021-02-27 v7.00k Hyperref: patches for babel la
nguages
)
(/usr/share/texmf-dist/tex/generic/intcalc/intcalc.sty
Package: intcalc 2019/12/15 v1.3 Expandable calculations with integers (HO)
)
(/usr/share/texmf-dist/tex/generic/etexcmds/etexcmds.sty
Package: etexcmds 2019/12/15 v1.7 Avoid name clashes with e-TeX commands (HO)
)
\Hy@SavedSpaceFactor=\count266

(/usr/share/texmf-dist/tex/latex/hyperref/puenc.def
File: puenc.def 2021-02-27 v7.00k Hyperref: PDF Unicode definition (HO)
Now handling font encoding PU ...
... no UTF-8 mapping file for font encoding PU
)
Package hyperref Info: Hyper figures OFF on input line 4192.
Package hyperref Info: Link nesting OFF on input line 4197.
Package hyperref Info: Hyper index ON on input line 4200.
Package hyperref Info: Plain pages OFF on input line 4207.
Package hyperref Info: Backreferencing OFF on input line 4212.
Package hyperref Info: Implicit mode ON; LaTeX internals redefined.
Package hyperref Info: Bookmarks ON on input line 4445.
\c@Hy@tempcnt=\count267

(/usr/share/texmf-dist/tex/latex/url/url.sty
\Urlmuskip=\muskip16
Package: url 2013/09/16  ver 3.4  Verb mode for urls, etc.
)
LaTeX Info: Redefining \url on input line 4804.
\XeTeXLinkMargin=\dimen158

(/usr/share/texmf-dist/tex/generic/bitset/bitset.sty
Package: bitset 2019/12/09 v1.3 Handle bit-vector datatype (HO)

(/usr/share/texmf-dist/tex/generic/bigintcalc/bigintcalc.sty
Package: bigintcalc 2019/12/15 v1.5 Expandable calculations on big integers (HO
)
))
\Fld@menulength=\count268
\Field@Width=\dimen159
\Fld@charsize=\dimen160
Package hyperref Info: Hyper figures OFF on input line 6075.
Package hyperref Info: Link nesting OFF on input line 6080.
Package hyperref Info: Hyper index ON on input line 6083.
Package hyperref Info: backreferencing OFF on input line 6090.
Package hyperref Info: Link coloring OFF on input line 6095.
Package hyperref Info: Link coloring with OCG OFF on input line 6100.
Package hyperref Info: PDF/A mode OFF on input line 6105.
LaTeX Info: Redefining \ref on input line 6145.
LaTeX Info: Redefining \pageref on input line 6149.

(/usr/share/texmf-dist/tex/latex/base/atbegshi-ltx.sty
Package: atbegshi-ltx 2020/08/17 v1.0a Emulation of the original atbegshi packa
ge
with kernel methods
)
\Hy@abspage=\count269
\c@Item=\count270
\c@Hfootnote=\count271
)
Package hyperref Info: Driver (autodetected): hpdftex.

(/usr/share/texmf-dist/tex/latex/hyperref/hpdftex.def
File: hpdftex.def 2021-02-27 v7.00k Hyperref driver for pdfTeX

(/usr/share/texmf-dist/tex/latex/base/atveryend-ltx.sty
Package: atveryend-ltx 2020/08/19 v1.0a Emulation of the original atvery packag
e
with kernel methods
)
\Fld@listcount=\count272
\c@bookmark@seq@number=\count273

(/usr/share/texmf-dist/tex/latex/rerunfilecheck/rerunfilecheck.sty
Package: rerunfilecheck 2019/12/05 v1.9 Rerun checks for auxiliary files (HO)

(/usr/share/texmf-dist/tex/generic/uniquecounter/uniquecounter.sty
Package: uniquecounter 2019/12/15 v1.4 Provide unlimited unique counter (HO)
)
Package uniquecounter Info: New unique counter `rerunfilecheck' on input line 2
86.
)
\Hy@SectionHShift=\skip53
)
(/usr/share/texmf-dist/tex/latex/pgf/frontendlayer/tikz.sty
(/usr/share/texmf-dist/tex/latex/pgf/basiclayer/pgf.sty
(/usr/share/texmf-dist/tex/latex/pgf/utilities/pgfrcs.sty
(/usr/share/texmf-dist/tex/generic/pgf/utilities/pgfutil-common.tex
\pgfutil@everybye=\toks22
\pgfutil@tempdima=\dimen161
\pgfutil@tempdimb=\dimen162

(/usr/share/texmf-dist/tex/generic/pgf/utilities/pgfutil-common-lists.tex))
(/usr/share/texmf-dist/tex/generic/pgf/utilities/pgfutil-latex.def
\pgfutil@abb=\box50
)
(/usr/share/texmf-dist/tex/generic/pgf/utilities/pgfrcs.code.tex
(/usr/share/texmf-dist/tex/generic/pgf/pgf.revision.tex)
Package: pgfrcs 2020/12/27 v3.1.8b (3.1.8b)
))
Package: pgf 2020/12/27 v3.1.8b (3.1.8b)

(/usr/share/texmf-dist/tex/latex/pgf/basiclayer/pgfcore.sty
(/usr/share/texmf-dist/tex/latex/pgf/systemlayer/pgfsys.sty
(/usr/share/texmf-dist/tex/generic/pgf/systemlayer/pgfsys.code.tex
Package: pgfsys 2020/12/27 v3.1.8b (3.1.8b)

(/usr/share/texmf-dist/tex/generic/pgf/utilities/pgfkeys.code.tex
\pgfkeys@pathtoks=\toks23
\pgfkeys@temptoks=\toks24

(/usr/share/texmf-dist/tex/generic/pgf/utilities/pgfkeysfiltered.code.tex
\pgfkeys@tmptoks=\toks25
))
\pgf@x=\dimen163
\pgf@y=\dimen164
\pgf@xa=\dimen165
\pgf@ya=\dimen166
\pgf@xb=\dimen167
\pgf@yb=\dimen168
\pgf@xc=\dimen169
\pgf@yc=\dimen170
\pgf@xd=\dimen171
\pgf@yd=\dimen172
\w@pgf@writea=\write3
\r@pgf@reada=\read2
\c@pgf@counta=\count274
\c@pgf@countb=\count275
\c@pgf@countc=\count276
\c@pgf@countd=\count277
\t@pgf@toka=\toks26
\t@pgf@tokb=\toks27
\t@pgf@tokc=\toks28
\pgf@sys@id@count=\count278

(/usr/share/texmf-dist/tex/generic/pgf/systemlayer/pgf.cfg
File: pgf.cfg 2020/12/27 v3.1.8b (3.1.8b)
)
Driver file for pgf: pgfsys-pdftex.def

(/usr/share/texmf-dist/tex/generic/pgf/systemlayer/pgfsys-pdftex.def
File: pgfsys-pdftex.def 2020/12/27 v3.1.8b (3.1.8b)

(/usr/share/texmf-dist/tex/generic/pgf/systemlayer/pgfsys-common-pdf.def
File: pgfsys-common-pdf.def 2020/12/27 v3.1.8b (3.1.8b)
)))
(/usr/share/texmf-dist/tex/generic/pgf/systemlayer/pgfsyssoftpath.code.tex
File: pgfsyssoftpath.code.tex 2020/12/27 v3.1.8b (3.1.8b)
\pgfsyssoftpath@smallbuffer@items=\count279
\pgfsyssoftpath@bigbuffer@items=\count280
)
(/usr/share/texmf-dist/tex/generic/pgf/systemlayer/pgfsysprotocol.code.tex
File: pgfsysprotocol.code.tex 2020/12/27 v3.1.8b (3.1.8b)
))
(/usr/share/texmf-dist/tex/generic/pgf/basiclayer/pgfcore.code.tex
Package: pgfcore 2020/12/27 v3.1.8b (3.1.8b)

(/usr/share/texmf-dist/tex/generic/pgf/math/pgfmath.code.tex
(/usr/share/texmf-dist/tex/generic/pgf/math/pgfmathcalc.code.tex
(/usr/share/texmf-dist/tex/generic/pgf/math/pgfmathutil.code.tex)
(/usr/share/texmf-dist/tex/generic/pgf/math/pgfmathparser.code.tex
\pgfmath@dimen=\dimen173
\pgfmath@count=\count281
\pgfmath@box=\box51
\pgfmath@toks=\toks29
\pgfmath@stack@operand=\toks30
\pgfmath@stack@operation=\toks31
)
(/usr/share/texmf-dist/tex/generic/pgf/math/pgfmathfunctions.code.tex
(/usr/share/texmf-dist/tex/generic/pgf/math/pgfmathfunctions.basic.code.tex)
(/usr/share/texmf-dist/tex/generic/pgf/math/pgfmathfunctions.trigonometric.code
.tex)
(/usr/share/texmf-dist/tex/generic/pgf/math/pgfmathfunctions.random.code.tex)
(/usr/share/texmf-dist/tex/generic/pgf/math/pgfmathfunctions.comparison.code.te
x) (/usr/share/texmf-dist/tex/generic/pgf/math/pgfmathfunctions.base.code.tex)
(/usr/share/texmf-dist/tex/generic/pgf/math/pgfmathfunctions.round.code.tex)
(/usr/share/texmf-dist/tex/generic/pgf/math/pgfmathfunctions.misc.code.tex)
(/usr/share/texmf-dist/tex/generic/pgf/math/pgfmathfunctions.integerarithmetics
.code.tex))) (/usr/share/texmf-dist/tex/generic/pgf/math/pgfmathfloat.code.tex
\c@pgfmathroundto@lastzeros=\count282
)) (/usr/share/texmf-dist/tex/generic/pgf/math/pgfint.code.tex)
(/usr/share/texmf-dist/tex/generic/pgf/basiclayer/pgfcorepoints.code.tex
File: pgfcorepoints.code.tex 2020/12/27 v3.1.8b (3.1.8b)
\pgf@picminx=\dimen174
\pgf@picmaxx=\dimen175
\pgf@picminy=\dimen176
\pgf@picmaxy=\dimen177
\pgf@pathminx=\dimen178
\pgf@pathmaxx=\dimen179
\pgf@pathminy=\dimen180
\pgf@pathmaxy=\dimen181
\pgf@xx=\dimen182
\pgf@xy=\dimen183
\pgf@yx=\dimen184
\pgf@yy=\dimen185
\pgf@zx=\dimen186
\pgf@zy=\dimen187
)
(/usr/share/texmf-dist/tex/generic/pgf/basiclayer/pgfcorepathconstruct.code.tex
File: pgfcorepathconstruct.code.tex 2020/12/27 v3.1.8b (3.1.8b)
\pgf@path@lastx=\dimen188
\pgf@path@lasty=\dimen189
) (/usr/share/texmf-dist/tex/generic/pgf/basiclayer/pgfcorepathusage.code.tex
File: pgfcorepathusage.code.tex 2020/12/27 v3.1.8b (3.1.8b)
\pgf@shorten@end@additional=\dimen190
\pgf@shorten@start@additional=\dimen191
)
(/usr/share/texmf-dist/tex/generic/pgf/basiclayer/pgfcorescopes.code.tex
File: pgfcorescopes.code.tex 2020/12/27 v3.1.8b (3.1.8b)
\pgfpic=\box52
\pgf@hbox=\box53
\pgf@layerbox@main=\box54
\pgf@picture@serial@count=\count283
)
(/usr/share/texmf-dist/tex/generic/pgf/basiclayer/pgfcoregraphicstate.code.tex
File: pgfcoregraphicstate.code.tex 2020/12/27 v3.1.8b (3.1.8b)
\pgflinewidth=\dimen192
)
(/usr/share/texmf-dist/tex/generic/pgf/basiclayer/pgfcoretransformations.code.t
ex
File: pgfcoretransformations.code.tex 2020/12/27 v3.1.8b (3.1.8b)
\pgf@pt@x=\dimen193
\pgf@pt@y=\dimen194
\pgf@pt@temp=\dimen195
) (/usr/share/texmf-dist/tex/generic/pgf/basiclayer/pgfcorequick.code.tex
File: pgfcorequick.code.tex 2020/12/27 v3.1.8b (3.1.8b)
)
(/usr/share/texmf-dist/tex/generic/pgf/basiclayer/pgfcoreobjects.code.tex
File: pgfcoreobjects.code.tex 2020/12/27 v3.1.8b (3.1.8b)
)
(/usr/share/texmf-dist/tex/generic/pgf/basiclayer/pgfcorepathprocessing.code.te
x
File: pgfcorepathprocessing.code.tex 2020/12/27 v3.1.8b (3.1.8b)
) (/usr/share/texmf-dist/tex/generic/pgf/basiclayer/pgfcorearrows.code.tex
File: pgfcorearrows.code.tex 2020/12/27 v3.1.8b (3.1.8b)
\pgfarrowsep=\dimen196
)
(/usr/share/texmf-dist/tex/generic/pgf/basiclayer/pgfcoreshade.code.tex
File: pgfcoreshade.code.tex 2020/12/27 v3.1.8b (3.1.8b)
\pgf@max=\dimen197
\pgf@sys@shading@range@num=\count284
\pgf@shadingcount=\count285
)
(/usr/share/texmf-dist/tex/generic/pgf/basiclayer/pgfcoreimage.code.tex
File: pgfcoreimage.code.tex 2020/12/27 v3.1.8b (3.1.8b)

(/usr/share/texmf-dist/tex/generic/pgf/basiclayer/pgfcoreexternal.code.tex
File: pgfcoreexternal.code.tex 2020/12/27 v3.1.8b (3.1.8b)
\pgfexternal@startupbox=\box55
))
(/usr/share/texmf-dist/tex/generic/pgf/basiclayer/pgfcorelayers.code.tex
File: pgfcorelayers.code.tex 2020/12/27 v3.1.8b (3.1.8b)
)
(/usr/share/texmf-dist/tex/generic/pgf/basiclayer/pgfcoretransparency.code.tex
File: pgfcoretransparency.code.tex 2020/12/27 v3.1.8b (3.1.8b)
) (/usr/share/texmf-dist/tex/generic/pgf/basiclayer/pgfcorepatterns.code.tex
File: pgfcorepatterns.code.tex 2020/12/27 v3.1.8b (3.1.8b)
)
(/usr/share/texmf-dist/tex/generic/pgf/basiclayer/pgfcorerdf.code.tex
File: pgfcorerdf.code.tex 2020/12/27 v3.1.8b (3.1.8b)
)))
(/usr/share/texmf-dist/tex/generic/pgf/modules/pgfmoduleshapes.code.tex
File: pgfmoduleshapes.code.tex 2020/12/27 v3.1.8b (3.1.8b)
\pgfnodeparttextbox=\box56
)
(/usr/share/texmf-dist/tex/generic/pgf/modules/pgfmoduleplot.code.tex
File: pgfmoduleplot.code.tex 2020/12/27 v3.1.8b (3.1.8b)
)
(/usr/share/texmf-dist/tex/latex/pgf/compatibility/pgfcomp-version-0-65.sty
Package: pgfcomp-version-0-65 2020/12/27 v3.1.8b (3.1.8b)
\pgf@nodesepstart=\dimen198
\pgf@nodesepend=\dimen199
)
(/usr/share/texmf-dist/tex/latex/pgf/compatibility/pgfcomp-version-1-18.sty
Package: pgfcomp-version-1-18 2020/12/27 v3.1.8b (3.1.8b)
))
(/usr/share/texmf-dist/tex/latex/pgf/utilities/pgffor.sty
(/usr/share/texmf-dist/tex/latex/pgf/utilities/pgfkeys.sty
(/usr/share/texmf-dist/tex/generic/pgf/utilities/pgfkeys.code.tex))
(/usr/share/texmf-dist/tex/latex/pgf/math/pgfmath.sty
(/usr/share/texmf-dist/tex/generic/pgf/math/pgfmath.code.tex))
(/usr/share/texmf-dist/tex/generic/pgf/utilities/pgffor.code.tex
Package: pgffor 2020/12/27 v3.1.8b (3.1.8b)

(/usr/share/texmf-dist/tex/generic/pgf/math/pgfmath.code.tex)
\pgffor@iter=\dimen256
\pgffor@skip=\dimen257
\pgffor@stack=\toks32
\pgffor@toks=\toks33
))
(/usr/share/texmf-dist/tex/generic/pgf/frontendlayer/tikz/tikz.code.tex
Package: tikz 2020/12/27 v3.1.8b (3.1.8b)

(/usr/share/texmf-dist/tex/generic/pgf/libraries/pgflibraryplothandlers.code.te
x
File: pgflibraryplothandlers.code.tex 2020/12/27 v3.1.8b (3.1.8b)
\pgf@plot@mark@count=\count286
\pgfplotmarksize=\dimen258
)
\tikz@lastx=\dimen259
\tikz@lasty=\dimen260
\tikz@lastxsaved=\dimen261
\tikz@lastysaved=\dimen262
\tikz@lastmovetox=\dimen263
\tikz@lastmovetoy=\dimen264
\tikzleveldistance=\dimen265
\tikzsiblingdistance=\dimen266
\tikz@figbox=\box57
\tikz@figbox@bg=\box58
\tikz@tempbox=\box59
\tikz@tempbox@bg=\box60
\tikztreelevel=\count287
\tikznumberofchildren=\count288
\tikznumberofcurrentchild=\count289
\tikz@fig@count=\count290
 (/usr/share/texmf-dist/tex/generic/pgf/modules/pgfmodulematrix.code.tex
File: pgfmodulematrix.code.tex 2020/12/27 v3.1.8b (3.1.8b)
\pgfmatrixcurrentrow=\count291
\pgfmatrixcurrentcolumn=\count292
\pgf@matrix@numberofcolumns=\count293
)
\tikz@expandcount=\count294

(/usr/share/texmf-dist/tex/generic/pgf/frontendlayer/tikz/libraries/tikzlibrary
topaths.code.tex
File: tikzlibrarytopaths.code.tex 2020/12/27 v3.1.8b (3.1.8b)
))) (/usr/share/texmf-dist/tex/latex/attachfile/attachfile.sty
Package: attachfile 2016/09/18 v1.9 PDF 1.3+ file attachment

(/usr/share/texmf-dist/tex/generic/iftex/ifpdf.sty
Package: ifpdf 2019/10/25 v3.4 ifpdf legacy package. Use iftex instead.
)
\c@atfi@tmp=\count295
\atfi@appearancewidth=\skip54
\atfi@appearanceheight=\skip55
\atfi@appearancedepth=\skip56
\atfi@appearancebox=\box61
)
(/usr/share/texmf-dist/tex/generic/babel/babel.sty
Package: babel 2021/03/24 3.56 The Babel package

(/usr/share/texmf-dist/tex/generic/babel/babel.def
File: babel.def 2021/03/24 3.56 Babel common definitions
\babel@savecnt=\count296
\U@D=\dimen267
\l@babelnohyphens=\language87

(/usr/share/texmf-dist/tex/generic/babel/txtbabel.def)
\bbl@readstream=\read3
)
\bbl@dirlevel=\count297

(/usr/share/texmf-dist/tex/generic/babel-german/ngerman.ldf
Language: ngerman 2021/02/27 v2.13 German support for babel (post-1996 orthogra
phy)

(/usr/share/texmf-dist/tex/generic/babel-german/ngermanb.ldf
Language: ngermanb 2021/02/27 v2.13 German support for babel (post-1996 orthogr
aphy)
Package babel Info: Making " an active character on input line 122.
)))
(/usr/share/texmf-dist/tex/latex/epstopdf-pkg/epstopdf.sty
Package: epstopdf 2020-01-24 v2.11 Conversion with epstopdf on the fly (HO)

(/usr/share/texmf-dist/tex/latex/grfext/grfext.sty
Package: grfext 2019/12/03 v1.3 Manage graphics extensions (HO)
)
(/usr/share/texmf-dist/tex/latex/epstopdf-pkg/epstopdf-base.sty
Package: epstopdf-base 2020-01-24 v2.11 Base part for package epstopdf
Package epstopdf-base Info: Redefining graphics rule for `.eps' on input line 4
85.
Package grfext Info: Graphics extension search list:
(grfext)             [.pdf,.png,.jpg,.mps,.jpeg,.jbig2,.jb2,.PDF,.PNG,.JPG,.JPE
G,.JBIG2,.JB2,.eps]
(grfext)             \AppendGraphicsExtensions on input line 504.

(/usr/share/texmf-dist/tex/latex/latexconfig/epstopdf-sys.cfg
File: epstopdf-sys.cfg 2010/07/13 v1.3 Configuration of (r)epstopdf for TeX Liv
e
)))
(/usr/share/texmf-dist/tex/latex/tools/array.sty
Package: array 2020/10/01 v2.5c Tabular extension package (FMi)
\col@sep=\dimen268
\ar@mcellbox=\box62
\extrarowheight=\dimen269
\NC@list=\toks34
\extratabsurround=\skip57
\backup@length=\skip58
\ar@cellbox=\box63
)
(/usr/share/texmf-dist/tex/latex/tools/longtable.sty
Package: longtable 2020/01/07 v4.13 Multi-page Table package (DPC)
\LTleft=\skip59
\LTright=\skip60
\LTpre=\skip61
\LTpost=\skip62
\LTchunksize=\count298
\LTcapwidth=\dimen270
\LT@head=\box64
\LT@firsthead=\box65
\LT@foot=\box66
\LT@lastfoot=\box67
\LT@cols=\count299
\LT@rows=\count300
\c@LT@tables=\count301
\c@LT@chunks=\count302
\LT@p@ftn=\toks35
)
(/usr/share/texmf-dist/tex/latex/amsmath/amsmath.sty
Package: amsmath 2020/09/23 v2.17i AMS math features
\@mathmargin=\skip63

For additional information on amsmath, use the `?' option.
(/usr/share/texmf-dist/tex/latex/amsmath/amstext.sty
Package: amstext 2000/06/29 v2.01 AMS text

(/usr/share/texmf-dist/tex/latex/amsmath/amsgen.sty
File: amsgen.sty 1999/11/30 v2.0 generic functions
\@emptytoks=\toks36
\ex@=\dimen271
))
(/usr/share/texmf-dist/tex/latex/amsmath/amsbsy.sty
Package: amsbsy 1999/11/29 v1.2d Bold Symbols
\pmbraise@=\dimen272
)
(/usr/share/texmf-dist/tex/latex/amsmath/amsopn.sty
Package: amsopn 2016/03/08 v2.02 operator names
)
\inf@bad=\count303
LaTeX Info: Redefining \frac on input line 234.
\uproot@=\count304
\leftroot@=\count305
LaTeX Info: Redefining \overline on input line 399.
\classnum@=\count306
\DOTSCASE@=\count307
LaTeX Info: Redefining \ldots on input line 496.
LaTeX Info: Redefining \dots on input line 499.
LaTeX Info: Redefining \cdots on input line 620.
\Mathstrutbox@=\box68
\strutbox@=\box69
\big@size=\dimen273
LaTeX Font Info:    Redeclaring font encoding OML on input line 743.
LaTeX Font Info:    Redeclaring font encoding OMS on input line 744.
\macc@depth=\count308
\c@MaxMatrixCols=\count309
\dotsspace@=\muskip17
\c@parentequation=\count310
\dspbrk@lvl=\count311
\tag@help=\toks37
\row@=\count312
\column@=\count313
\maxfields@=\count314
\andhelp@=\toks38
\eqnshift@=\dimen274
\alignsep@=\dimen275
\tagshift@=\dimen276
\tagwidth@=\dimen277
\totwidth@=\dimen278
\lineht@=\dimen279
\@envbody=\toks39
\multlinegap=\skip64
\multlinetaggap=\skip65
\mathdisplay@stack=\toks40
LaTeX Info: Redefining \[ on input line 2923.
LaTeX Info: Redefining \] on input line 2924.
)
(/usr/share/texmf-dist/tex/latex/makecell/makecell.sty
Package: makecell 2009/08/03 V0.1e Managing of Tab Column Heads and Cells
\rotheadsize=\dimen280
\c@nlinenum=\count315
\TeXr@lab=\toks41
)
(/usr/share/texmf-dist/tex/latex/listings/listings.sty
\lst@mode=\count316
\lst@gtempboxa=\box70
\lst@token=\toks42
\lst@length=\count317
\lst@currlwidth=\dimen281
\lst@column=\count318
\lst@pos=\count319
\lst@lostspace=\dimen282
\lst@width=\dimen283
\lst@newlines=\count320
\lst@lineno=\count321
\lst@maxwidth=\dimen284

(/usr/share/texmf-dist/tex/latex/listings/lstmisc.sty
File: lstmisc.sty 2020/03/24 1.8d (Carsten Heinz)
\c@lstnumber=\count322
\lst@skipnumbers=\count323
\lst@framebox=\box71
)
(/usr/share/texmf-dist/tex/latex/listings/listings.cfg
File: listings.cfg 2020/03/24 1.8d listings configuration
))
Package: listings 2020/03/24 1.8d (Carsten Heinz)

(/usr/share/texmf-dist/tex/latex/microtype/microtype.sty
Package: microtype 2021/03/14 v2.8c Micro-typographical refinements (RS)
\MT@toks=\toks43
\MT@count=\count324
LaTeX Info: Redefining \textls on input line 790.
\MT@outer@kern=\dimen285
LaTeX Info: Redefining \textmicrotypecontext on input line 1374.
\MT@listname@count=\count325

(/usr/share/texmf-dist/tex/latex/microtype/microtype-pdftex.def
File: microtype-pdftex.def 2021/03/14 v2.8c Definitions specific to pdftex (RS)

LaTeX Info: Redefining \lsstyle on input line 915.
LaTeX Info: Redefining \lslig on input line 915.
\MT@outer@space=\skip66
)
Package microtype Info: Loading configuration file microtype.cfg.

(/usr/share/texmf-dist/tex/latex/microtype/microtype.cfg
File: microtype.cfg 2021/03/14 v2.8c microtype main configuration file (RS)
))
(../src/arduinoLanguage.tex (/usr/share/texmf-dist/tex/latex/psnfss/courier.sty
Package: courier 2020/03/25 PSNFSS-v9.3 (WaS) 
))
\@input{def.aux}
\openout2 = `def.aux'.

No file def.tex.
(/usr/share/texmf-dist/tex/latex/l3backend/l3backend-pdftex.def
File: l3backend-pdftex.def 2021-03-18 L3 backend support: PDF output (pdfTeX)
\l__color_backend_stack_int=\count326
\l__pdf_internal_box=\box72
) (./hbook.aux)
\openout1 = `hbook.aux'.

LaTeX Font Info:    Checking defaults for OML/cmm/m/it on input line 42.
LaTeX Font Info:    ... okay on input line 42.
LaTeX Font Info:    Checking defaults for OMS/cmsy/m/n on input line 42.
LaTeX Font Info:    ... okay on input line 42.
LaTeX Font Info:    Checking defaults for OT1/cmr/m/n on input line 42.
LaTeX Font Info:    ... okay on input line 42.
LaTeX Font Info:    Checking defaults for T1/cmr/m/n on input line 42.
LaTeX Font Info:    ... okay on input line 42.
LaTeX Font Info:    Checking defaults for TS1/cmr/m/n on input line 42.
LaTeX Font Info:    ... okay on input line 42.
LaTeX Font Info:    Checking defaults for OMX/cmex/m/n on input line 42.
LaTeX Font Info:    ... okay on input line 42.
LaTeX Font Info:    Checking defaults for U/cmr/m/n on input line 42.
LaTeX Font Info:    ... okay on input line 42.
LaTeX Font Info:    Checking defaults for PD1/pdf/m/n on input line 42.
LaTeX Font Info:    ... okay on input line 42.
LaTeX Font Info:    Checking defaults for PU/pdf/m/n on input line 42.
LaTeX Font Info:    ... okay on input line 42.

*geometry* driver: auto-detecting
*geometry* detected driver: pdftex
*geometry* verbose mode - [ preamble ] result:
* driver: pdftex
* paper: a5paper
* layout: <same size as paper>
* layoutoffset:(h,v)=(0.0pt,0.0pt)
* modes: 
* h-part:(L,W,R)=(28.45274pt, 341.43306pt, 51.21498pt)
* v-part:(T,H,B)=(28.45274pt, 526.37598pt, 42.67915pt)
* \paperwidth=421.10078pt
* \paperheight=597.50787pt
* \textwidth=341.43306pt
* \textheight=526.37598pt
* \oddsidemargin=-43.81725pt
* \evensidemargin=-42.67912pt
* \topmargin=-80.81725pt
* \headheight=12.0pt
* \headsep=25.0pt
* \topskip=10.0pt
* \footskip=30.0pt
* \marginparwidth=3.0pt
* \marginparsep=11.0pt
* \columnsep=10.0pt
* \skip\footins=9.0pt plus 4.0pt minus 2.0pt
* \hoffset=0.0pt
* \voffset=0.0pt
* \mag=1000
* \@twocolumnfalse
* \@twosidefalse
* \@mparswitchfalse
* \@reversemarginfalse
* (1in=72.27pt=25.4mm, 1cm=28.453pt)

(/usr/share/texmf-dist/tex/context/base/mkii/supp-pdf.mkii
[Loading MPS to PDF converter (version 2006.09.02).]
\scratchcounter=\count327
\scratchdimen=\dimen286
\scratchbox=\box73
\nofMPsegments=\count328
\nofMParguments=\count329
\everyMPshowfont=\toks44
\MPscratchCnt=\count330
\MPscratchDim=\dimen287
\MPnumerator=\count331
\makeMPintoPDFobject=\count332
\everyMPtoPDFconversion=\toks45
) (/usr/share/texmf-dist/tex/latex/pdflscape/pdflscape.sty
Package: pdflscape 2019/12/05 v0.12 Display of landscape pages in PDF (HO)

(/usr/share/texmf-dist/tex/latex/graphics/lscape.sty
Package: lscape 2020/05/28 v3.02 Landscape Pages (DPC)
)
Package pdflscape Info: Auto-detected driver: pdftex on input line 81.
)
Package hyperref Info: Link coloring OFF on input line 42.

(/usr/share/texmf-dist/tex/latex/hyperref/nameref.sty
Package: nameref 2021-04-02 v2.47 Cross-referencing by name of section

(/usr/share/texmf-dist/tex/latex/refcount/refcount.sty
Package: refcount 2019/12/15 v3.6 Data extraction from label references (HO)
)
(/usr/share/texmf-dist/tex/generic/gettitlestring/gettitlestring.sty
Package: gettitlestring 2019/12/15 v1.6 Cleanup title references (HO)
)
\c@section@level=\count333
)
LaTeX Info: Redefining \ref on input line 42.
LaTeX Info: Redefining \pageref on input line 42.
LaTeX Info: Redefining \nameref on input line 42.

(./hbook.out) (./hbook.out)
\@outlinefile=\write4
\openout4 = `hbook.out'.

\c@lstlisting=\count334
LaTeX Info: Redefining \microtypecontext on input line 42.
Package microtype Info: Generating PDF output.
Package microtype Info: Character protrusion enabled (level 2).
Package microtype Info: Using default protrusion set `alltext'.
Package microtype Info: Automatic font expansion enabled (level 2),
(microtype)             stretch: 20, shrink: 20, step: 1, non-selected.
Package microtype Info: Using default expansion set `alltext-nott'.
LaTeX Info: Redefining \showhyphens on input line 42.
Package microtype Info: No adjustment of tracking.
Package microtype Info: No adjustment of interword spacing.
Package microtype Info: No adjustment of character kerning.

(/usr/share/texmf-dist/tex/latex/microtype/mt-cmr.cfg
File: mt-cmr.cfg 2013/05/19 v2.2 microtype config. file: Computer Modern Roman 
(RS)
) [1




{/var/lib/texmf/fonts/map/pdftex/updmap/pdftex.map}] [2] [3]
LaTeX Font Info:    Trying to load font information for T1+pcr on input line 12
7.

(/usr/share/texmf-dist/tex/latex/psnfss/t1pcr.fd
File: t1pcr.fd 2001/06/04 font definitions for T1/pcr.
)
Package microtype Info: Loading generic protrusion settings for font family
(microtype)             `pcr' (encoding: T1).
(microtype)             For optimal results, create family-specific settings.
(microtype)             See the microtype manual for details.

Underfull \hbox (badness 5741) in paragraph at lines 167--167
[]|\T1/cmr/m/n/9 (+20) Forandring i
 []


Underfull \hbox (badness 4429) in paragraph at lines 181--181
[]|\T1/cmr/m/n/9 (+20) Radioaktiv strå-
 []


Underfull \hbox (badness 10000) in paragraph at lines 189--190
[]|\T1/cmr/m/n/9 (+20) Påvirkning på
 []


Overfull \hbox (4.34789pt too wide) in paragraph at lines 191--191
[]|\T1/cmr/m/n/9 (-20) Multipliserende| 
 []


Underfull \hbox (badness 5133) in paragraph at lines 193--193
[]|\T1/cmr/m/n/9 (+20) Uspesifiserte va-
 []


Underfull \hbox (badness 1867) in paragraph at lines 197--198
[]|\T1/cmr/m/n/9 (+20) Nødbetjening el-
 []

[4]
Underfull \hbox (badness 5133) in paragraph at lines 225--225
[]|\T1/cmr/m/n/9 (+20) Beskyttende ob-
 []


Underfull \hbox (badness 5133) in paragraph at lines 227--227
[]|\T1/cmr/m/n/9 (+20) Beskyttende ob-
 []


Underfull \hbox (badness 10000) in paragraph at lines 229--229
[]|\T1/cmr/m/n/9 (+20) Prossesring av
 []


Underfull \hbox (badness 1584) in paragraph at lines 239--239
[]|\T1/cmr/m/n/9 (+20) objekt som pre-
 []


Underfull \hbox (badness 1584) in paragraph at lines 241--241
[]|\T1/cmr/m/n/9 (+20) objekt som pre-
 []


Underfull \hbox (badness 2134) in paragraph at lines 243--243
[]|\T1/cmr/m/n/9 (+20) Objekt som be-
 []


Underfull \hbox (badness 10000) in paragraph at lines 247--247
[]|\T1/cmr/m/n/9 (+20) Transformerende
 []

[5] [6]
Package epstopdf Info: Source file: <diagrams00.eps>
(epstopdf)                    date: 2020-09-14 09:59:36
(epstopdf)                    size: 11713 bytes
(epstopdf)             Output file: <diagrams00-eps-converted-to.pdf>
(epstopdf)                    date: 2020-09-14 10:01:56
(epstopdf)                    size: 6302 bytes
(epstopdf)             Command: <repstopdf --outfile=diagrams00-eps-converted-t
o.pdf diagrams00.eps>
(epstopdf)             \includegraphics on input line 262.
Package epstopdf Info: Output file is already uptodate.
<diagrams00-eps-converted-to.pdf, id=174, 421.575pt x 107.40125pt>
File: diagrams00-eps-converted-to.pdf Graphic file (type pdf)
<use diagrams00-eps-converted-to.pdf>
Package pdftex.def Info: diagrams00-eps-converted-to.pdf  used on input line 26
2.
(pdftex.def)             Requested size: 341.43306pt x 86.98633pt.
Package epstopdf Info: Source file: <diagrams01.eps>
(epstopdf)                    date: 2020-09-14 09:59:36
(epstopdf)                    size: 11357 bytes
(epstopdf)             Output file: <diagrams01-eps-converted-to.pdf>
(epstopdf)                    date: 2020-09-14 10:01:57
(epstopdf)                    size: 5907 bytes
(epstopdf)             Command: <repstopdf --outfile=diagrams01-eps-converted-t
o.pdf diagrams01.eps>
(epstopdf)             \includegraphics on input line 263.
Package epstopdf Info: Output file is already uptodate.
<diagrams01-eps-converted-to.pdf, id=175, 455.7025pt x 104.39pt>
File: diagrams01-eps-converted-to.pdf Graphic file (type pdf)
<use diagrams01-eps-converted-to.pdf>
Package pdftex.def Info: diagrams01-eps-converted-to.pdf  used on input line 26
3.
(pdftex.def)             Requested size: 341.43306pt x 78.21584pt.
Package epstopdf Info: Source file: <diagrams02.eps>
(epstopdf)                    date: 2020-06-12 13:07:18
(epstopdf)                    size: 15320 bytes
(epstopdf)             Output file: <diagrams02-eps-converted-to.pdf>
(epstopdf)                    date: 2020-09-14 10:01:58
(epstopdf)                    size: 12948 bytes
(epstopdf)             Command: <repstopdf --outfile=diagrams02-eps-converted-t
o.pdf diagrams02.eps>
(epstopdf)             \includegraphics on input line 264.
Package epstopdf Info: Output file is already uptodate.
<diagrams02-eps-converted-to.pdf, id=176, 389.455pt x 468.75125pt>
File: diagrams02-eps-converted-to.pdf Graphic file (type pdf)
<use diagrams02-eps-converted-to.pdf>
Package pdftex.def Info: diagrams02-eps-converted-to.pdf  used on input line 26
4.
(pdftex.def)             Requested size: 341.43306pt x 410.96457pt.
Package epstopdf Info: Source file: <diagrams03.eps>
(epstopdf)                    date: 2020-06-12 13:07:18
(epstopdf)                    size: 11167 bytes
(epstopdf)             Output file: <diagrams03-eps-converted-to.pdf>
(epstopdf)                    date: 2020-09-14 10:01:58
(epstopdf)                    size: 6558 bytes
(epstopdf)             Command: <repstopdf --outfile=diagrams03-eps-converted-t
o.pdf diagrams03.eps>
(epstopdf)             \includegraphics on input line 265.
Package epstopdf Info: Output file is already uptodate.
<diagrams03-eps-converted-to.pdf, id=177, 391.4625pt x 309.155pt>
File: diagrams03-eps-converted-to.pdf Graphic file (type pdf)
<use diagrams03-eps-converted-to.pdf>
Package pdftex.def Info: diagrams03-eps-converted-to.pdf  used on input line 26
5.
(pdftex.def)             Requested size: 341.43306pt x 269.66083pt.
Package epstopdf Info: Source file: <diagrams04.eps>
(epstopdf)                    date: 2020-06-12 13:07:18
(epstopdf)                    size: 9051 bytes
(epstopdf)             Output file: <diagrams04-eps-converted-to.pdf>
(epstopdf)                    date: 2020-09-14 10:01:56
(epstopdf)                    size: 5393 bytes
(epstopdf)             Command: <repstopdf --outfile=diagrams04-eps-converted-t
o.pdf diagrams04.eps>
(epstopdf)             \includegraphics on input line 266.
Package epstopdf Info: Output file is already uptodate.
<diagrams04-eps-converted-to.pdf, id=178, 351.3125pt x 150.5625pt>
File: diagrams04-eps-converted-to.pdf Graphic file (type pdf)
<use diagrams04-eps-converted-to.pdf>
Package pdftex.def Info: diagrams04-eps-converted-to.pdf  used on input line 26
6.
(pdftex.def)             Requested size: 341.43306pt x 146.3395pt.
Package epstopdf Info: Source file: <diagrams05.eps>
(epstopdf)                    date: 2020-06-12 13:07:18
(epstopdf)                    size: 10915 bytes
(epstopdf)             Output file: <diagrams05-eps-converted-to.pdf>
(epstopdf)                    date: 2020-09-14 10:01:59
(epstopdf)                    size: 7329 bytes
(epstopdf)             Command: <repstopdf --outfile=diagrams05-eps-converted-t
o.pdf diagrams05.eps>
(epstopdf)             \includegraphics on input line 267.
Package epstopdf Info: Output file is already uptodate.
<diagrams05-eps-converted-to.pdf, id=179, 364.36125pt x 315.1775pt>
File: diagrams05-eps-converted-to.pdf Graphic file (type pdf)
<use diagrams05-eps-converted-to.pdf>
Package pdftex.def Info: diagrams05-eps-converted-to.pdf  used on input line 26
7.
(pdftex.def)             Requested size: 341.43306pt x 295.35313pt.
Package epstopdf Info: Source file: <diagrams06.eps>
(epstopdf)                    date: 2020-06-12 13:07:18
(epstopdf)                    size: 12281 bytes
(epstopdf)             Output file: <diagrams06-eps-converted-to.pdf>
(epstopdf)                    date: 2020-09-14 10:02:00
(epstopdf)                    size: 8190 bytes
(epstopdf)             Command: <repstopdf --outfile=diagrams06-eps-converted-t
o.pdf diagrams06.eps>
(epstopdf)             \includegraphics on input line 268.
Package epstopdf Info: Output file is already uptodate.
<diagrams06-eps-converted-to.pdf, id=180, 428.60126pt x 340.27126pt>
File: diagrams06-eps-converted-to.pdf Graphic file (type pdf)
<use diagrams06-eps-converted-to.pdf>
Package pdftex.def Info: diagrams06-eps-converted-to.pdf  used on input line 26
8.
(pdftex.def)             Requested size: 341.43306pt x 271.0699pt.
Package epstopdf Info: Source file: <diagrams07.eps>
(epstopdf)                    date: 2020-06-12 13:07:18
(epstopdf)                    size: 14793 bytes
(epstopdf)             Output file: <diagrams07-eps-converted-to.pdf>
(epstopdf)                    date: 2020-09-14 10:02:01
(epstopdf)                    size: 8043 bytes
(epstopdf)             Command: <repstopdf --outfile=diagrams07-eps-converted-t
o.pdf diagrams07.eps>
(epstopdf)             \includegraphics on input line 269.
Package epstopdf Info: Output file is already uptodate.
<diagrams07-eps-converted-to.pdf, id=181, 423.5825pt x 403.5075pt>
File: diagrams07-eps-converted-to.pdf Graphic file (type pdf)
<use diagrams07-eps-converted-to.pdf>
Package pdftex.def Info: diagrams07-eps-converted-to.pdf  used on input line 26
9.
(pdftex.def)             Requested size: 341.43306pt x 325.26309pt.
Package epstopdf Info: Source file: <diagrams10.eps>
(epstopdf)                    date: 2020-06-12 13:07:18
(epstopdf)                    size: 12574 bytes
(epstopdf)             Output file: <diagrams10-eps-converted-to.pdf>
(epstopdf)                    date: 2020-09-14 10:02:03
(epstopdf)                    size: 9300 bytes
(epstopdf)             Command: <repstopdf --outfile=diagrams10-eps-converted-t
o.pdf diagrams10.eps>
(epstopdf)             \includegraphics on input line 270.
Package epstopdf Info: Output file is already uptodate.
<diagrams10-eps-converted-to.pdf, id=182, 338.26375pt x 209.78375pt>
File: diagrams10-eps-converted-to.pdf Graphic file (type pdf)
<use diagrams10-eps-converted-to.pdf>
Package pdftex.def Info: diagrams10-eps-converted-to.pdf  used on input line 27
0.
(pdftex.def)             Requested size: 341.43306pt x 211.75505pt.
Package epstopdf Info: Source file: <diagrams11.eps>
(epstopdf)                    date: 2020-06-12 13:07:18
(epstopdf)                    size: 15262 bytes
(epstopdf)             Output file: <diagrams11-eps-converted-to.pdf>
(epstopdf)                    date: 2020-09-14 10:02:03
(epstopdf)                    size: 7957 bytes
(epstopdf)             Command: <repstopdf --outfile=diagrams11-eps-converted-t
o.pdf diagrams11.eps>
(epstopdf)             \includegraphics on input line 271.
Package epstopdf Info: Output file is already uptodate.
<diagrams11-eps-converted-to.pdf, id=183, 430.60875pt x 401.5pt>
File: diagrams11-eps-converted-to.pdf Graphic file (type pdf)
<use diagrams11-eps-converted-to.pdf>
Package pdftex.def Info: diagrams11-eps-converted-to.pdf  used on input line 27
1.
(pdftex.def)             Requested size: 341.43306pt x 318.35777pt.
Package epstopdf Info: Source file: <diagrams12.eps>
(epstopdf)                    date: 2020-06-12 13:07:18
(epstopdf)                    size: 15760 bytes
(epstopdf)             Output file: <diagrams12-eps-converted-to.pdf>
(epstopdf)                    date: 2020-09-14 10:02:04
(epstopdf)                    size: 8876 bytes
(epstopdf)             Command: <repstopdf --outfile=diagrams12-eps-converted-t
o.pdf diagrams12.eps>
(epstopdf)             \includegraphics on input line 272.
Package epstopdf Info: Output file is already uptodate.
<diagrams12-eps-converted-to.pdf, id=184, 396.48125pt x 350.30875pt>
File: diagrams12-eps-converted-to.pdf Graphic file (type pdf)
<use diagrams12-eps-converted-to.pdf>
Package pdftex.def Info: diagrams12-eps-converted-to.pdf  used on input line 27
2.
(pdftex.def)             Requested size: 341.43306pt x 301.67657pt.
Package epstopdf Info: Source file: <diagrams13.eps>
(epstopdf)                    date: 2020-06-12 13:07:18
(epstopdf)                    size: 12964 bytes
(epstopdf)             Output file: <diagrams13-eps-converted-to.pdf>
(epstopdf)                    date: 2020-09-14 10:01:59
(epstopdf)                    size: 7649 bytes
(epstopdf)             Command: <repstopdf --outfile=diagrams13-eps-converted-t
o.pdf diagrams13.eps>
(epstopdf)             \includegraphics on input line 273.
Package epstopdf Info: Output file is already uptodate.
<diagrams13-eps-converted-to.pdf, id=185, 432.61626pt x 403.5075pt>
File: diagrams13-eps-converted-to.pdf Graphic file (type pdf)
<use diagrams13-eps-converted-to.pdf>
Package pdftex.def Info: diagrams13-eps-converted-to.pdf  used on input line 27
3.
(pdftex.def)             Requested size: 341.43306pt x 318.4719pt.
Package epstopdf Info: Source file: <diagrams14.eps>
(epstopdf)                    date: 2020-06-12 13:07:18
(epstopdf)                    size: 10380 bytes
(epstopdf)             Output file: <diagrams14-eps-converted-to.pdf>
(epstopdf)                    date: 2020-09-14 10:02:00
(epstopdf)                    size: 5826 bytes
(epstopdf)             Command: <repstopdf --outfile=diagrams14-eps-converted-t
o.pdf diagrams14.eps>
(epstopdf)             \includegraphics on input line 274.
Package epstopdf Info: Output file is already uptodate.
<diagrams14-eps-converted-to.pdf, id=186, 391.4625pt x 222.8325pt>
File: diagrams14-eps-converted-to.pdf Graphic file (type pdf)
<use diagrams14-eps-converted-to.pdf>
Package pdftex.def Info: diagrams14-eps-converted-to.pdf  used on input line 27
4.
(pdftex.def)             Requested size: 341.43306pt x 194.36592pt.
 [7 <./diagrams00-eps-converted-to.pdf> <./diagrams01-eps-converted-to.pdf>] [8
 <./diagrams02-eps-converted-to.pdf>] [9 <./diagrams03-eps-converted-to.pdf> <.
/diagrams04-eps-converted-to.pdf>] [10 <./diagrams05-eps-converted-to.pdf>] [11
 <./diagrams06-eps-converted-to.pdf>] [12 <./diagrams07-eps-converted-to.pdf>] 
[13 <./diagrams10-eps-converted-to.pdf>] [14 <./diagrams11-eps-converted-to.pdf
>] [15 <./diagrams12-eps-converted-to.pdf>]
Underfull \hbox (badness 10000) in paragraph at lines 288--288
[]|\T1/cmr/m/n/10 (+20) Dødgang
 []


Underfull \hbox (badness 10000) in paragraph at lines 309--309
[]|\T1/cmr/m/n/10 (+20) Reproduser-
 []


Overfull \hbox (4.52562pt too wide) in paragraph at lines 311--311
[]|\T1/cmr/m/n/10 (-20) Repeterbarhet| 
 []


Overfull \hbox (8.21582pt too wide) in paragraph at lines 320--320
[]|\T1/cmr/m/n/10 (-20) Prosessvariabel| 
 []


Underfull \hbox (badness 10000) in paragraph at lines 322--322
[]|\T1/cmr/m/n/10 (+20) ProsessVerdi
 []

[16 <./diagrams13-eps-converted-to.pdf> <./diagrams14-eps-converted-to.pdf>]
Underfull \vbox (badness 10000) detected at line 323
 []


Underfull \hbox (badness 10000) in paragraph at lines 324--324
[]|\T1/cmr/m/n/10 (+20) Settpunkt
 []


Overfull \hbox (6.53401pt too wide) in paragraph at lines 326--326
[]|\T1/cmr/m/n/10 (-20) Manipulerende
 []


Overfull \hbox (1.30307pt too wide) in paragraph at lines 338--338
[]|\T1/cmr/m/n/10 (-20) Pådragsorgan| 
 []


Overfull \hbox (13.56618pt too wide) in paragraph at lines 340--340
[]|\T1/cmr/m/n/10 (-20) Forstillingsenhet| 
 []

[17]
Package epstopdf Info: Source file: <current63.eps>
(epstopdf)                    date: 2020-09-14 09:59:36
(epstopdf)                    size: 11923 bytes
(epstopdf)             Output file: <current63-eps-converted-to.pdf>
(epstopdf)                    date: 2020-09-14 10:05:42
(epstopdf)                    size: 7544 bytes
(epstopdf)             Command: <repstopdf --outfile=current63-eps-converted-to
.pdf current63.eps>
(epstopdf)             \includegraphics on input line 357.
Package epstopdf Info: Output file is already uptodate.
<current63-eps-converted-to.pdf, id=307, 264.99pt x 139.52126pt>
File: current63-eps-converted-to.pdf Graphic file (type pdf)
<use current63-eps-converted-to.pdf>
Package pdftex.def Info: current63-eps-converted-to.pdf  used on input line 357
.
(pdftex.def)             Requested size: 264.98935pt x 139.5209pt.
 [18]
Package epstopdf Info: Source file: <current59.eps>
(epstopdf)                    date: 2020-09-14 09:59:36
(epstopdf)                    size: 11285 bytes
(epstopdf)             Output file: <current59-eps-converted-to.pdf>
(epstopdf)                    date: 2020-09-14 10:05:42
(epstopdf)                    size: 10542 bytes
(epstopdf)             Command: <repstopdf --outfile=current59-eps-converted-to
.pdf current59.eps>
(epstopdf)             \includegraphics on input line 362.
Package epstopdf Info: Output file is already uptodate.
<current59-eps-converted-to.pdf, id=312, 321.2pt x 118.4425pt>
File: current59-eps-converted-to.pdf Graphic file (type pdf)
<use current59-eps-converted-to.pdf>
Package pdftex.def Info: current59-eps-converted-to.pdf  used on input line 362
.
(pdftex.def)             Requested size: 321.19922pt x 118.4422pt.
 [19 <./current63-eps-converted-to.pdf> <./current59-eps-converted-to.pdf>]
Package epstopdf Info: Source file: <./regblock.eps>
(epstopdf)                    date: 2022-01-04 21:12:03
(epstopdf)                    size: 47398 bytes
(epstopdf)             Output file: <./regblock-eps-converted-to.pdf>
(epstopdf)                    date: 2022-01-04 21:12:37
(epstopdf)                    size: 12675 bytes
(epstopdf)             Command: <repstopdf --outfile=./regblock-eps-converted-t
o.pdf ./regblock.eps>
(epstopdf)             \includegraphics on input line 366.
Package epstopdf Info: Output file is already uptodate.
<./regblock-eps-converted-to.pdf, id=342, 554.07pt x 273.02pt>
File: ./regblock-eps-converted-to.pdf Graphic file (type pdf)
<use ./regblock-eps-converted-to.pdf>
Package pdftex.def Info: ./regblock-eps-converted-to.pdf  used on input line 36
6.
(pdftex.def)             Requested size: 341.43306pt x 168.24165pt.
 [20 <./regblock-eps-converted-to.pdf>] [21]
Package epstopdf Info: Source file: <Sprang_selvregulerende.eps>
(epstopdf)                    date: 2021-12-22 13:34:50
(epstopdf)                    size: 11261 bytes
(epstopdf)             Output file: <Sprang_selvregulerende-eps-converted-to.pd
f>
(epstopdf)                    date: 2021-12-22 13:35:08
(epstopdf)                    size: 6404 bytes
(epstopdf)             Command: <repstopdf --outfile=Sprang_selvregulerende-eps
-converted-to.pdf Sprang_selvregulerende.eps>
(epstopdf)             \includegraphics on input line 452.
Package epstopdf Info: Output file is already uptodate.
<Sprang_selvregulerende-eps-converted-to.pdf, id=361, 216.81pt x 174.6525pt>
File: Sprang_selvregulerende-eps-converted-to.pdf Graphic file (type pdf)
<use Sprang_selvregulerende-eps-converted-to.pdf>
Package pdftex.def Info: Sprang_selvregulerende-eps-converted-to.pdf  used on i
nput line 452.
(pdftex.def)             Requested size: 216.80946pt x 174.65207pt.
 [22]
<Reg_step_response01.png, id=371, 1285.05093pt x 470.50781pt>
File: Reg_step_response01.png Graphic file (type png)
<use Reg_step_response01.png>
Package pdftex.def Info: Reg_step_response01.png  used on input line 464.
(pdftex.def)             Requested size: 341.43306pt x 125.00703pt.
 [23 <./Sprang_selvregulerende-eps-converted-to.pdf> <./Reg_step_response01.png
>]
<Reg_innreg_skogestad01.png, id=383, 1284.29813pt x 479.54156pt>
File: Reg_innreg_skogestad01.png Graphic file (type png)
<use Reg_innreg_skogestad01.png>
Package pdftex.def Info: Reg_innreg_skogestad01.png  used on input line 487.
(pdftex.def)             Requested size: 341.43306pt x 127.48767pt.
Package epstopdf Info: Source file: <Sprang_integrerendeprosess.eps>
(epstopdf)                    date: 2021-12-22 12:35:30
(epstopdf)                    size: 11289 bytes
(epstopdf)             Output file: <Sprang_integrerendeprosess-eps-converted-t
o.pdf>
(epstopdf)                    date: 2021-12-22 13:02:06
(epstopdf)                    size: 6310 bytes
(epstopdf)             Command: <repstopdf --outfile=Sprang_integrerendeprosess
-eps-converted-to.pdf Sprang_integrerendeprosess.eps>
(epstopdf)             \includegraphics on input line 493.
Package epstopdf Info: Output file is already uptodate.
<Sprang_integrerendeprosess-eps-converted-to.pdf, id=384, 216.81pt x 174.6525pt
>
File: Sprang_integrerendeprosess-eps-converted-to.pdf Graphic file (type pdf)
<use Sprang_integrerendeprosess-eps-converted-to.pdf>
Package pdftex.def Info: Sprang_integrerendeprosess-eps-converted-to.pdf  used 
on input line 493.
(pdftex.def)             Requested size: 216.80946pt x 174.65207pt.
<Reg_step_integrator.png, id=385, 1288.0622pt x 450.18187pt>
File: Reg_step_integrator.png Graphic file (type png)
<use Reg_step_integrator.png>
Package pdftex.def Info: Reg_step_integrator.png  used on input line 509.
(pdftex.def)             Requested size: 341.43306pt x 119.33197pt.
 [24 <./Reg_innreg_skogestad01.png> <./Sprang_integrerendeprosess-eps-converted
-to.pdf>]
<Reg_innreg_skogestad02.png, id=397, 1287.30937pt x 481.04718pt>
File: Reg_innreg_skogestad02.png Graphic file (type png)
<use Reg_innreg_skogestad02.png>
Package pdftex.def Info: Reg_innreg_skogestad02.png  used on input line 527.
(pdftex.def)             Requested size: 341.43306pt x 127.58699pt.
 [25 <./Reg_step_integrator.png> <./Reg_innreg_skogestad02.png>] [26]
<./GandRioTrainer.jpg, id=409, 4368.32pt x 2766.335pt>
File: ./GandRioTrainer.jpg Graphic file (type jpg)
<use ./GandRioTrainer.jpg>
Package pdftex.def Info: ./GandRioTrainer.jpg  used on input line 615.
(pdftex.def)             Requested size: 341.43306pt x 216.20381pt.
 [27 <./GandRioTrainer.jpg>] [28] [29]
Underfull \hbox (badness 10000) in paragraph at lines 681--682

 []


Underfull \hbox (badness 10000) in paragraph at lines 683--684

 []


Underfull \hbox (badness 10000) in paragraph at lines 687--688

 []


Underfull \hbox (badness 10000) in paragraph at lines 689--690

 []


Underfull \hbox (badness 10000) in paragraph at lines 691--692

 []


Underfull \hbox (badness 10000) in paragraph at lines 710--712

 []


Underfull \hbox (badness 10000) in paragraph at lines 713--715

 []

[30]
Underfull \hbox (badness 10000) in paragraph at lines 719--721

 []


Underfull \hbox (badness 10000) in paragraph at lines 722--725

 []


Underfull \hbox (badness 10000) in paragraph at lines 750--751

 []


Underfull \hbox (badness 10000) in paragraph at lines 753--755

 []

[31]
Underfull \hbox (badness 10000) in paragraph at lines 764--765

 []


Package amsmath Warning: Foreign command \over;
(amsmath)                \frac or \genfrac should be used instead
(amsmath)                 on input line 767.


Underfull \hbox (badness 10000) in paragraph at lines 766--768

 []


Underfull \hbox (badness 10000) in paragraph at lines 770--774

 []


Underfull \hbox (badness 10000) in paragraph at lines 770--774

 []


Underfull \hbox (badness 10000) in paragraph at lines 770--774

 []


Underfull \hbox (badness 10000) in paragraph at lines 775--776

 []


Underfull \hbox (badness 10000) in paragraph at lines 777--778

 []


Underfull \hbox (badness 10000) in paragraph at lines 779--780

 []


Underfull \hbox (badness 10000) in paragraph at lines 782--783

 []


Underfull \hbox (badness 10000) in paragraph at lines 784--785

 []


Underfull \hbox (badness 10000) in paragraph at lines 786--789

 []

[32]
Underfull \hbox (badness 10000) in paragraph at lines 790--796

 []


Underfull \hbox (badness 10000) in paragraph at lines 799--800

 []


Underfull \hbox (badness 10000) in paragraph at lines 801--804

 []

[33]
Package epstopdf Info: Source file: <002.eps>
(epstopdf)                    date: 2020-06-12 13:07:16
(epstopdf)                    size: 9379 bytes
(epstopdf)             Output file: <002-eps-converted-to.pdf>
(epstopdf)                    date: 2021-03-15 11:20:08
(epstopdf)                    size: 8553 bytes
(epstopdf)             Command: <repstopdf --outfile=002-eps-converted-to.pdf 0
02.eps>
(epstopdf)             \includegraphics on input line 806.
Package epstopdf Info: Output file is already uptodate.
<002-eps-converted-to.pdf, id=458, 300.12125pt x 133.49875pt>
File: 002-eps-converted-to.pdf Graphic file (type pdf)
<use 002-eps-converted-to.pdf>
Package pdftex.def Info: 002-eps-converted-to.pdf  used on input line 806.
(pdftex.def)             Requested size: 341.43306pt x 151.88661pt.
 [34 <./002-eps-converted-to.pdf>]
Package epstopdf Info: Source file: <./chemistry12.eps>
(epstopdf)                    date: 2020-06-12 13:07:18
(epstopdf)                    size: 51748 bytes
(epstopdf)             Output file: <./chemistry12-eps-converted-to.pdf>
(epstopdf)                    date: 2022-01-09 20:42:26
(epstopdf)                    size: 24855 bytes
(epstopdf)             Command: <repstopdf --outfile=./chemistry12-eps-converte
d-to.pdf ./chemistry12.eps>
(epstopdf)             \includegraphics on input line 808.
Package epstopdf Info: Output file is already uptodate.
<./chemistry12-eps-converted-to.pdf, id=474, 387.4475pt x 221.82875pt>
File: ./chemistry12-eps-converted-to.pdf Graphic file (type pdf)
<use ./chemistry12-eps-converted-to.pdf>
Package pdftex.def Info: ./chemistry12-eps-converted-to.pdf  used on input line
 808.
(pdftex.def)             Requested size: 387.44655pt x 221.82819pt.
 [35 <./chemistry12-eps-converted-to.pdf>]
Package epstopdf Info: Source file: <calibrate03.eps>
(epstopdf)                    date: 2021-09-06 11:13:59
(epstopdf)                    size: 13818 bytes
(epstopdf)             Output file: <calibrate03-eps-converted-to.pdf>
(epstopdf)                    date: 2021-09-07 07:37:31
(epstopdf)                    size: 15626 bytes
(epstopdf)             Command: <repstopdf --outfile=calibrate03-eps-converted-
to.pdf calibrate03.eps>
(epstopdf)             \includegraphics on input line 810.
Package epstopdf Info: Output file is already uptodate.
<calibrate03-eps-converted-to.pdf, id=495, 407.5225pt x 303.1325pt>
File: calibrate03-eps-converted-to.pdf Graphic file (type pdf)
<use calibrate03-eps-converted-to.pdf>
Package pdftex.def Info: calibrate03-eps-converted-to.pdf  used on input line 8
10.
(pdftex.def)             Requested size: 341.43306pt x 253.982pt.
Package epstopdf Info: Source file: <calibrate04.eps>
(epstopdf)                    date: 2020-06-12 13:07:17
(epstopdf)                    size: 14440 bytes
(epstopdf)             Output file: <calibrate04-eps-converted-to.pdf>
(epstopdf)                    date: 2020-09-14 10:08:54
(epstopdf)                    size: 11634 bytes
(epstopdf)             Command: <repstopdf --outfile=calibrate04-eps-converted-
to.pdf calibrate04.eps>
(epstopdf)             \includegraphics on input line 811.
Package epstopdf Info: Output file is already uptodate.
<calibrate04-eps-converted-to.pdf, id=496, 407.5225pt x 302.12875pt>
File: calibrate04-eps-converted-to.pdf Graphic file (type pdf)
<use calibrate04-eps-converted-to.pdf>
Package pdftex.def Info: calibrate04-eps-converted-to.pdf  used on input line 8
11.
(pdftex.def)             Requested size: 341.43306pt x 253.14099pt.
Package epstopdf Info: Source file: <calibrate26.eps>
(epstopdf)                    date: 2020-06-12 13:07:17
(epstopdf)                    size: 19562 bytes
(epstopdf)             Output file: <calibrate26-eps-converted-to.pdf>
(epstopdf)                    date: 2020-09-14 10:09:57
(epstopdf)                    size: 16088 bytes
(epstopdf)             Command: <repstopdf --outfile=calibrate26-eps-converted-
to.pdf calibrate26.eps>
(epstopdf)             \includegraphics on input line 812.
Package epstopdf Info: Output file is already uptodate.
<calibrate26-eps-converted-to.pdf, id=497, 262.9825pt x 257.96375pt>
File: calibrate26-eps-converted-to.pdf Graphic file (type pdf)
<use calibrate26-eps-converted-to.pdf>
Package pdftex.def Info: calibrate26-eps-converted-to.pdf  used on input line 8
12.
(pdftex.def)             Requested size: 341.43306pt x 334.93164pt.
Package epstopdf Info: Source file: <current09.eps>
(epstopdf)                    date: 2020-06-12 13:07:18
(epstopdf)                    size: 15030 bytes
(epstopdf)             Output file: <current09-eps-converted-to.pdf>
(epstopdf)                    date: 2020-09-14 10:05:51
(epstopdf)                    size: 9852 bytes
(epstopdf)             Command: <repstopdf --outfile=current09-eps-converted-to
.pdf current09.eps>
(epstopdf)             \includegraphics on input line 813.
Package epstopdf Info: Output file is already uptodate.
<current09-eps-converted-to.pdf, id=498, 366.36874pt x 211.79124pt>
File: current09-eps-converted-to.pdf Graphic file (type pdf)
<use current09-eps-converted-to.pdf>
Package pdftex.def Info: current09-eps-converted-to.pdf  used on input line 813
.
(pdftex.def)             Requested size: 170.71652pt x 98.68874pt.
Package epstopdf Info: Source file: <current10.eps>
(epstopdf)                    date: 2020-06-12 13:07:18
(epstopdf)                    size: 14929 bytes
(epstopdf)             Output file: <current10-eps-converted-to.pdf>
(epstopdf)                    date: 2020-09-14 10:05:51
(epstopdf)                    size: 7350 bytes
(epstopdf)             Command: <repstopdf --outfile=current10-eps-converted-to
.pdf current10.eps>
(epstopdf)             \includegraphics on input line 814.
Package epstopdf Info: Output file is already uptodate.
<current10-eps-converted-to.pdf, id=499, 319.1925pt x 211.79124pt>
File: current10-eps-converted-to.pdf Graphic file (type pdf)
<use current10-eps-converted-to.pdf>
Package pdftex.def Info: current10-eps-converted-to.pdf  used on input line 814
.
(pdftex.def)             Requested size: 170.71652pt x 113.27325pt.
Package epstopdf Info: Source file: <current11.eps>
(epstopdf)                    date: 2020-06-12 13:07:18
(epstopdf)                    size: 15014 bytes
(epstopdf)             Output file: <current11-eps-converted-to.pdf>
(epstopdf)                    date: 2020-09-14 10:05:52
(epstopdf)                    size: 9779 bytes
(epstopdf)             Command: <repstopdf --outfile=current11-eps-converted-to
.pdf current11.eps>
(epstopdf)             \includegraphics on input line 815.
Package epstopdf Info: Output file is already uptodate.
<current11-eps-converted-to.pdf, id=500, 384.43625pt x 211.79124pt>
File: current11-eps-converted-to.pdf Graphic file (type pdf)
<use current11-eps-converted-to.pdf>
Package pdftex.def Info: current11-eps-converted-to.pdf  used on input line 815
.
(pdftex.def)             Requested size: 170.71652pt x 94.05128pt.
Package epstopdf Info: Source file: <current12.eps>
(epstopdf)                    date: 2020-06-12 13:07:18
(epstopdf)                    size: 14419 bytes
(epstopdf)             Output file: <current12-eps-converted-to.pdf>
(epstopdf)                    date: 2020-09-14 10:05:52
(epstopdf)                    size: 11700 bytes
(epstopdf)             Command: <repstopdf --outfile=current12-eps-converted-to
.pdf current12.eps>
(epstopdf)             \includegraphics on input line 816.
Package epstopdf Info: Output file is already uptodate.
<current12-eps-converted-to.pdf, id=501, 414.54875pt x 226.8475pt>
File: current12-eps-converted-to.pdf Graphic file (type pdf)
<use current12-eps-converted-to.pdf>
Package pdftex.def Info: current12-eps-converted-to.pdf  used on input line 816
.
(pdftex.def)             Requested size: 170.71652pt x 93.41652pt.
Package epstopdf Info: Source file: <current13.eps>
(epstopdf)                    date: 2020-06-12 13:07:18
(epstopdf)                    size: 14993 bytes
(epstopdf)             Output file: <current13-eps-converted-to.pdf>
(epstopdf)                    date: 2020-09-14 10:06:00
(epstopdf)                    size: 11263 bytes
(epstopdf)             Command: <repstopdf --outfile=current13-eps-converted-to
.pdf current13.eps>
(epstopdf)             \includegraphics on input line 817.
Package epstopdf Info: Output file is already uptodate.
<current13-eps-converted-to.pdf, id=502, 423.5825pt x 215.80624pt>
File: current13-eps-converted-to.pdf Graphic file (type pdf)
<use current13-eps-converted-to.pdf>
Package pdftex.def Info: current13-eps-converted-to.pdf  used on input line 817
.
(pdftex.def)             Requested size: 170.71652pt x 86.97626pt.
Package epstopdf Info: Source file: <current29.eps>
(epstopdf)                    date: 2020-06-12 13:07:18
(epstopdf)                    size: 19041 bytes
(epstopdf)             Output file: <current29-eps-converted-to.pdf>
(epstopdf)                    date: 2020-09-14 10:06:01
(epstopdf)                    size: 16703 bytes
(epstopdf)             Command: <repstopdf --outfile=current29-eps-converted-to
.pdf current29.eps>
(epstopdf)             \includegraphics on input line 818.
Package epstopdf Info: Output file is already uptodate.
<current29-eps-converted-to.pdf, id=503, 373.395pt x 324.21124pt>
File: current29-eps-converted-to.pdf Graphic file (type pdf)
<use current29-eps-converted-to.pdf>
Package pdftex.def Info: current29-eps-converted-to.pdf  used on input line 818
.
(pdftex.def)             Requested size: 170.71652pt x 148.22871pt.
Package epstopdf Info: Source file: <current30.eps>
(epstopdf)                    date: 2020-06-12 13:07:18
(epstopdf)                    size: 17515 bytes
(epstopdf)             Output file: <current30-eps-converted-to.pdf>
(epstopdf)                    date: 2020-09-14 10:06:01
(epstopdf)                    size: 15408 bytes
(epstopdf)             Command: <repstopdf --outfile=current30-eps-converted-to
.pdf current30.eps>
(epstopdf)             \includegraphics on input line 819.
Package epstopdf Info: Output file is already uptodate.
<current30-eps-converted-to.pdf, id=504, 373.395pt x 217.81375pt>
File: current30-eps-converted-to.pdf Graphic file (type pdf)
<use current30-eps-converted-to.pdf>
Package pdftex.def Info: current30-eps-converted-to.pdf  used on input line 819
.
(pdftex.def)             Requested size: 170.71652pt x 99.58398pt.
Package epstopdf Info: Source file: <current31.eps>
(epstopdf)                    date: 2020-06-12 13:07:18
(epstopdf)                    size: 18939 bytes
(epstopdf)             Output file: <current31-eps-converted-to.pdf>
(epstopdf)                    date: 2020-09-14 10:06:03
(epstopdf)                    size: 16754 bytes
(epstopdf)             Command: <repstopdf --outfile=current31-eps-converted-to
.pdf current31.eps>
(epstopdf)             \includegraphics on input line 820.
Package epstopdf Info: Output file is already uptodate.
<current31-eps-converted-to.pdf, id=505, 391.4625pt x 324.21124pt>
File: current31-eps-converted-to.pdf Graphic file (type pdf)
<use current31-eps-converted-to.pdf>
Package pdftex.def Info: current31-eps-converted-to.pdf  used on input line 820
.
(pdftex.def)             Requested size: 170.71652pt x 141.38693pt.
Package epstopdf Info: Source file: <plc_048.eps>
(epstopdf)                    date: 2020-06-12 13:07:21
(epstopdf)                    size: 11660 bytes
(epstopdf)             Output file: <plc_048-eps-converted-to.pdf>
(epstopdf)                    date: 2020-06-13 10:06:38
(epstopdf)                    size: 6686 bytes
(epstopdf)             Command: <repstopdf --outfile=plc_048-eps-converted-to.p
df plc_048.eps>
(epstopdf)             \includegraphics on input line 821.
Package epstopdf Info: Output file is already uptodate.
<plc_048-eps-converted-to.pdf, id=506, 441.65pt x 251.94125pt>
File: plc_048-eps-converted-to.pdf Graphic file (type pdf)
<use plc_048-eps-converted-to.pdf>
Package pdftex.def Info: plc_048-eps-converted-to.pdf  used on input line 821.
(pdftex.def)             Requested size: 341.43306pt x 194.77959pt.
Package epstopdf Info: Source file: <plc_052.eps>
(epstopdf)                    date: 2020-06-12 13:07:21
(epstopdf)                    size: 16278 bytes
(epstopdf)             Output file: <plc_052-eps-converted-to.pdf>
(epstopdf)                    date: 2020-06-13 10:06:40
(epstopdf)                    size: 9290 bytes
(epstopdf)             Command: <repstopdf --outfile=plc_052-eps-converted-to.p
df plc_052.eps>
(epstopdf)             \includegraphics on input line 822.
Package epstopdf Info: Output file is already uptodate.
<plc_052-eps-converted-to.pdf, id=507, 354.32375pt x 419.5675pt>
File: plc_052-eps-converted-to.pdf Graphic file (type pdf)
<use plc_052-eps-converted-to.pdf>
Package pdftex.def Info: plc_052-eps-converted-to.pdf  used on input line 822.
(pdftex.def)             Requested size: 341.43306pt x 404.31032pt.
Package epstopdf Info: Source file: <pressure76.eps>
(epstopdf)                    date: 2020-06-12 13:07:22
(epstopdf)                    size: 15237 bytes
(epstopdf)             Output file: <pressure76-eps-converted-to.pdf>
(epstopdf)                    date: 2020-09-14 10:11:34
(epstopdf)                    size: 10530 bytes
(epstopdf)             Command: <repstopdf --outfile=pressure76-eps-converted-t
o.pdf pressure76.eps>
(epstopdf)             \includegraphics on input line 823.
Package epstopdf Info: Output file is already uptodate.
<pressure76-eps-converted-to.pdf, id=508, 437.635pt x 212.795pt>
File: pressure76-eps-converted-to.pdf Graphic file (type pdf)
<use pressure76-eps-converted-to.pdf>
Package pdftex.def Info: pressure76-eps-converted-to.pdf  used on input line 82
3.
(pdftex.def)             Requested size: 341.43306pt x 166.01837pt.

Overfull \hbox (2.22166pt too wide) in paragraph at lines 810--824
[] []
 []


Overfull \hbox (2.22166pt too wide) in paragraph at lines 810--824
[] []
 []


Overfull \hbox (2.22166pt too wide) in paragraph at lines 810--824
[] []
 []


Overfull \hbox (2.22166pt too wide) in paragraph at lines 810--824
[] []
 []

[36 <./calibrate03-eps-converted-to.pdf> <./calibrate04-eps-converted-to.pdf>]
[37 <./calibrate26-eps-converted-to.pdf> <./current09-eps-converted-to.pdf> <./
current10-eps-converted-to.pdf>] [38 <./current11-eps-converted-to.pdf> <./curr
ent12-eps-converted-to.pdf> <./current13-eps-converted-to.pdf> <./current29-eps
-converted-to.pdf> <./current30-eps-converted-to.pdf> <./current31-eps-converte
d-to.pdf>] [39 <./plc_048-eps-converted-to.pdf>] [40 <./plc_052-eps-converted-t
o.pdf>] [41 <./pressure76-eps-converted-to.pdf>] (./hbook.aux)
Package rerunfilecheck Info: File `hbook.out' has not changed.
(rerunfilecheck)             Checksum: 114FE4DE62386BDF49E3A2329400017B;4387.
 ) 
Here is how much of TeX's memory you used:
 25158 strings out of 478994
 442870 string characters out of 5864750
 811259 words of memory out of 5000000
 41890 multiletter control sequences out of 15000+600000
 424793 words of font info for 142 fonts, out of 8000000 for 9000
 1141 hyphenation exceptions out of 8191
 87i,15n,88p,1159b,509s stack positions out of 5000i,500n,10000p,200000b,80000s
{/usr/share/texmf-dist/fonts/enc/dvips/cm-super/cm-super-t1.enc}{/usr/share/t
exmf-dist/fonts/enc/dvips/base/8r.enc}{/usr/share/texmf-dist/fonts/enc/dvips/cm
-super/cm-super-ts1.enc}</usr/share/texmf-dist/fonts/type1/public/amsfonts/cm/c
mex10.pfb></usr/share/texmf-dist/fonts/type1/public/amsfonts/cm/cmmi10.pfb></us
r/share/texmf-dist/fonts/type1/public/amsfonts/cm/cmmi5.pfb></usr/share/texmf-d
ist/fonts/type1/public/amsfonts/cm/cmmi7.pfb></usr/share/texmf-dist/fonts/type1
/public/amsfonts/cm/cmr10.pfb></usr/share/texmf-dist/fonts/type1/public/amsfont
s/cm/cmr5.pfb></usr/share/texmf-dist/fonts/type1/public/amsfonts/cm/cmr7.pfb></
usr/share/texmf-dist/fonts/type1/public/amsfonts/cm/cmsy10.pfb></usr/share/texm
f-dist/fonts/type1/public/amsfonts/cm/cmsy7.pfb></usr/share/texmf-dist/fonts/ty
pe1/public/cm-super/sfbx1000.pfb></usr/share/texmf-dist/fonts/type1/public/cm-s
uper/sfbx1200.pfb></usr/share/texmf-dist/fonts/type1/public/cm-super/sfbx1440.p
fb></usr/share/texmf-dist/fonts/type1/public/cm-super/sfrm0600.pfb></usr/share/
texmf-dist/fonts/type1/public/cm-super/sfrm0700.pfb></usr/share/texmf-dist/font
s/type1/public/cm-super/sfrm0800.pfb></usr/share/texmf-dist/fonts/type1/public/
cm-super/sfrm0900.pfb></usr/share/texmf-dist/fonts/type1/public/cm-super/sfrm10
00.pfb></usr/share/texmf-dist/fonts/type1/public/cm-super/sfrm2074.pfb></usr/sh
are/texmf-dist/fonts/type1/public/cm-super/sfti0800.pfb></usr/share/texmf-dist/
fonts/type1/public/cm-super/sfti1000.pfb></usr/share/texmf-dist/fonts/type1/urw
/courier/ucrr8a.pfb>
Output written on hbook.pdf (41 pages, 2822068 bytes).
PDF statistics:
 786 PDF objects out of 1000 (max. 8388607)
 590 compressed objects within 6 object streams
 104 named destinations out of 1000 (max. 500000)
 46032 words of extra memory for PDF output out of 51595 (max. 10000000)

