\BOOKMARK [1][-]{section.1}{\376\377\000U\000t\000f\000\370\000r\000e\000l\000s\000e\000\040\000a\000v\000\040\000a\000r\000b\000e\000i\000d\000s\000o\000p\000p\000d\000r\000a\000g}{}% 1
\BOOKMARK [2][-]{subsection.1.1}{\376\377\000P\000l\000a\000n\000l\000e\000g\000g\000i\000n\000g}{section.1}% 2
\BOOKMARK [2][-]{subsection.1.2}{\376\377\000G\000j\000e\000n\000n\000o\000m\000f\000\370\000r\000i\000n\000g}{section.1}% 3
\BOOKMARK [2][-]{subsection.1.3}{\376\377\000D\000o\000k\000u\000m\000e\000n\000t\000a\000s\000j\000o\000n}{section.1}% 4
\BOOKMARK [1][-]{section.2}{\376\377\000K\000a\000p\000i\000t\000t\000e\000l\000\040\0002\000\040\000-\000\040\000D\000o\000k\000u\000m\000e\000n\000t\000a\000s\000j\000o\000n}{}% 5
\BOOKMARK [2][-]{subsection.2.1}{\376\377\000I\000n\000s\000t\000r\000u\000m\000e\000n\000t\000\040\000i\000d\000e\000n\000t\000i\000f\000i\000s\000e\000r\000i\000n\000g\000s\000\040\000t\000a\000g}{section.2}% 6
\BOOKMARK [2][-]{subsection.2.2}{\376\377\000R\000e\000f\000e\000r\000a\000n\000s\000e\000b\000e\000t\000e\000g\000n\000e\000l\000s\000e\000s\000s\000y\000s\000t\000e\000m}{section.2}% 7
\BOOKMARK [2][-]{subsection.2.3}{\376\377\000S\000y\000m\000b\000o\000l\000e\000r}{section.2}% 8
\BOOKMARK [3][-]{subsubsection.2.3.1}{\376\377\000s\000k\000a\000l\000l\000e\000r\000i\000n\000g}{subsection.2.3}% 9
\BOOKMARK [1][-]{section.3}{\376\377\000R\000e\000g\000u\000l\000e\000r\000i\000n\000g\000s\000t\000e\000k\000n\000i\000k\000k}{}% 10
\BOOKMARK [2][-]{subsection.3.1}{\376\377\000B\000l\000o\000k\000k\000s\000k\000j\000e\000m\000a\000\040\000f\000o\000r\000\040\000e\000t\000\040\000r\000e\000g\000u\000l\000e\000r\000i\000n\000g\000s\000s\000y\000s\000t\000e\000m}{section.3}% 11
\BOOKMARK [2][-]{subsection.3.2}{\376\377\000O\000p\000t\000i\000m\000a\000l\000i\000s\000e\000r\000i\000n\000g}{section.3}% 12
\BOOKMARK [3][-]{subsubsection.3.2.1}{\376\377\000T\000i\000m\000s\000\040\000r\000u\000l\000e\000\040\000o\000f\000\040\000t\000u\000m\000b}{subsection.3.2}% 13
\BOOKMARK [3][-]{subsubsection.3.2.2}{\376\377\000Z\000i\000e\000g\000l\000e\000r\000\137\000n\000i\000c\000h\000o\000l\000s\000\040\000s\000v\000i\000n\000g\000e\000m\000e\000t\000o\000d\000e}{subsection.3.2}% 14
\BOOKMARK [3][-]{subsubsection.3.2.3}{\376\377\000S\000k\000o\000g\000e\000s\000t\000a\000d\000s\000\040\000m\000e\000t\000o\000d\000e}{subsection.3.2}% 15
\BOOKMARK [1][-]{section.4}{\376\377\000I\000n\000d\000u\000s\000t\000r\000i\000r\000o\000b\000o\000t\000e\000r}{}% 16
\BOOKMARK [2][-]{subsection.4.1}{\376\377\000R\000o\000b\000o\000t\000s\000t\000u\000d\000i\000o}{section.4}% 17
\BOOKMARK [1][-]{section.5}{\376\377\000U\000t\000s\000t\000y\000r}{}% 18
\BOOKMARK [2][-]{subsection.5.1}{\376\377\000G\000a\000n\000d\000\040\000R\000I\000O\000-\000t\000r\000a\000i\000n\000e\000r}{section.5}% 19
\BOOKMARK [1][-]{section.6}{\376\377\000I\000n\000s\000t\000r\000u\000m\000e\000n\000t\000e\000r}{}% 20
\BOOKMARK [2][-]{subsection.6.1}{\376\377\000m\000u\000l\000t\000i\000m\000e\000t\000e\000r}{section.6}% 21
\BOOKMARK [2][-]{subsection.6.2}{\376\377\000l\000o\000o\000p\000\040\000c\000l\000a\000i\000b\000r\000a\000t\000o\000r}{section.6}% 22
\BOOKMARK [2][-]{subsection.6.3}{\376\377\000n\000e\000t\000t\000v\000e\000r\000k\000s\000t\000e\000s\000t\000e\000r}{section.6}% 23
\BOOKMARK [2][-]{subsection.6.4}{\376\377\000m\000e\000g\000g\000e\000r}{section.6}% 24
\BOOKMARK [2][-]{subsection.6.5}{\376\377\000k\000o\000n\000t\000i\000n\000u\000i\000t\000e\000t\000s\000t\000e\000s\000t\000e\000r}{section.6}% 25
\BOOKMARK [1][-]{section.7}{\376\377\000F\000o\000r\000m\000e\000l\000s\000a\000m\000l\000i\000n\000g}{}% 26
\BOOKMARK [2][-]{subsection.7.1}{\376\377\000E\000l\000e\000k\000t\000r\000o\000t\000e\000k\000n\000i\000k\000k}{section.7}% 27
\BOOKMARK [2][-]{subsection.7.2}{\376\377\000R\000e\000g\000u\000l\000e\000r\000i\000n\000g\000s\000t\000e\000k\000n\000i\000k\000k}{section.7}% 28
\BOOKMARK [2][-]{subsection.7.3}{\376\377\000M\000\345\000l\000e\000t\000e\000k\000n\000i\000k\000k}{section.7}% 29
\BOOKMARK [2][-]{subsection.7.4}{\376\377\000N\000i\000v\000\345\000m\000\345\000l\000i\000n\000g}{section.7}% 30
\BOOKMARK [2][-]{subsection.7.5}{\376\377\000T\000e\000m\000p\000e\000r\000a\000t\000u\000r\000m\000\345\000l\000i\000n\000g}{section.7}% 31
\BOOKMARK [1][-]{section.8}{\376\377\000T\000a\000b\000e\000l\000l\000e\000r}{}% 32
