\BOOKMARK [0][-]{chapter.1}{Kontinuerlig niv\345m\345lig}{}% 1
\BOOKMARK [1][-]{section.1.1}{Level gauges \(sightglasses\)}{chapter.1}% 2
\BOOKMARK [2][-]{subsection.1.1.1}{Basic concepts of sightglasses}{section.1.1}% 3
\BOOKMARK [2][-]{subsection.1.1.2}{Interface problems}{section.1.1}% 4
\BOOKMARK [2][-]{subsection.1.1.3}{Temperature problems}{section.1.1}% 5
\BOOKMARK [1][-]{section.1.2}{Float}{chapter.1}% 6
\BOOKMARK [1][-]{section.1.3}{Hydrostatic pressure}{chapter.1}% 7
\BOOKMARK [2][-]{subsection.1.3.1}{Pressure of a fluid column}{section.1.3}% 8
\BOOKMARK [2][-]{subsection.1.3.2}{Bubbler systems}{section.1.3}% 9
\BOOKMARK [2][-]{subsection.1.3.3}{Transmitter suppression and elevation}{section.1.3}% 10
\BOOKMARK [2][-]{subsection.1.3.4}{Compensated leg systems}{section.1.3}% 11
\BOOKMARK [2][-]{subsection.1.3.5}{Tank expert systems}{section.1.3}% 12
\BOOKMARK [2][-]{subsection.1.3.6}{Hydrostatic interface level measurement}{section.1.3}% 13
\BOOKMARK [1][-]{section.1.4}{Displacement}{chapter.1}% 14
\BOOKMARK [2][-]{subsection.1.4.1}{Buoyant-force instruments}{section.1.4}% 15
\BOOKMARK [2][-]{subsection.1.4.2}{Torque tubes}{section.1.4}% 16
\BOOKMARK [2][-]{subsection.1.4.3}{Displacement interface level measurement}{section.1.4}% 17
\BOOKMARK [1][-]{section.1.5}{Ekko}{chapter.1}% 18
\BOOKMARK [2][-]{subsection.1.5.1}{Ultralyd niv\345m\345ling}{section.1.5}% 19
\BOOKMARK [2][-]{subsection.1.5.2}{Radar level measurement}{section.1.5}% 20
\BOOKMARK [2][-]{subsection.1.5.3}{Laser level measurement}{section.1.5}% 21
\BOOKMARK [2][-]{subsection.1.5.4}{Magnetostrictive level measurement}{section.1.5}% 22
\BOOKMARK [1][-]{section.1.6}{Weight}{chapter.1}% 23
\BOOKMARK [1][-]{section.1.7}{Capacitive}{chapter.1}% 24
\BOOKMARK [1][-]{section.1.8}{Radiation}{chapter.1}% 25
\BOOKMARK [1][-]{section.1.9}{Level sensor accessories}{chapter.1}% 26
\BOOKMARK [1][-]{section.1.10}{Review of fundamental principles}{chapter.1}% 27
