This is pdfTeX, Version 3.14159265-2.6-1.40.19 (TeX Live 2019/dev/Debian) (preloaded format=pdftex 2020.4.28)  4 MAY 2020 20:40
entering extended mode
 restricted \write18 enabled.
 %&-line parsing enabled.
**liii.latex
(./liii.latex
! Undefined control sequence.
l.81 \documentclass
                   {book}
? 
! Undefined control sequence.
l.88 \usepackage
                {ulem}
? 
! Undefined control sequence.
l.91 \usepackage
                {makeidx}
? 
! Emergency stop.
l.91 \usepackage
                {makeidx}
End of file on the terminal!

!  ==> Fatal error occurred, no output PDF file produced!
