\BOOKMARK [0][-]{chapter*.2}{Preface}{}% 1
\BOOKMARK [0][-]{chapter.1}{Calculus}{}% 2
\BOOKMARK [1][-]{section.1.1}{Introduction to calculus}{chapter.1}% 3
\BOOKMARK [1][-]{section.1.2}{The concept of differentiation}{chapter.1}% 4
\BOOKMARK [1][-]{section.1.3}{The concept of integration}{chapter.1}% 5
\BOOKMARK [1][-]{section.1.4}{How derivatives and integrals relate to one another}{chapter.1}% 6
\BOOKMARK [1][-]{section.1.5}{Symbolic versus numerical calculus}{chapter.1}% 7
\BOOKMARK [1][-]{section.1.6}{Numerical differentiation}{chapter.1}% 8
\BOOKMARK [1][-]{section.1.7}{Numerical integration}{chapter.1}% 9
\BOOKMARK [0][-]{chapter.2}{Physics}{}% 10
\BOOKMARK [1][-]{section.2.1}{Terms and Definitions}{chapter.2}% 11
\BOOKMARK [1][-]{section.2.2}{Metric prefixes}{chapter.2}% 12
\BOOKMARK [1][-]{section.2.3}{Areas and volumes}{chapter.2}% 13
\BOOKMARK [2][-]{subsection.2.3.1}{Common geometric shapes}{section.2.3}% 14
\BOOKMARK [1][-]{section.2.4}{Unit conversions and physical constants}{chapter.2}% 15
\BOOKMARK [2][-]{subsection.2.4.1}{Unity fractions}{section.2.4}% 16
\BOOKMARK [2][-]{subsection.2.4.2}{Conversion formulae for temperature}{section.2.4}% 17
\BOOKMARK [2][-]{subsection.2.4.3}{Conversion factors for distance}{section.2.4}% 18
\BOOKMARK [2][-]{subsection.2.4.4}{Conversion factors for volume}{section.2.4}% 19
\BOOKMARK [2][-]{subsection.2.4.5}{Conversion factors for velocity}{section.2.4}% 20
\BOOKMARK [2][-]{subsection.2.4.6}{Conversion factors for mass}{section.2.4}% 21
\BOOKMARK [2][-]{subsection.2.4.7}{Conversion factors for force}{section.2.4}% 22
\BOOKMARK [2][-]{subsection.2.4.8}{Conversion factors for area}{section.2.4}% 23
\BOOKMARK [2][-]{subsection.2.4.9}{Conversion factors for pressure \(either all gauge or all absolute\)}{section.2.4}% 24
\BOOKMARK [2][-]{subsection.2.4.10}{Conversion factors for pressure \(absolute pressure units only\)}{section.2.4}% 25
\BOOKMARK [2][-]{subsection.2.4.11}{Conversion factors for energy or work}{section.2.4}% 26
\BOOKMARK [2][-]{subsection.2.4.12}{Conversion factors for power}{section.2.4}% 27
\BOOKMARK [2][-]{subsection.2.4.13}{Terrestrial constants}{section.2.4}% 28
\BOOKMARK [2][-]{subsection.2.4.14}{Properties of water}{section.2.4}% 29
\BOOKMARK [2][-]{subsection.2.4.15}{Miscellaneous physical constants}{section.2.4}% 30
\BOOKMARK [2][-]{subsection.2.4.16}{Weight densities of common materials}{section.2.4}% 31
\BOOKMARK [1][-]{section.2.5}{Dimensional analysis}{chapter.2}% 32
\BOOKMARK [1][-]{section.2.6}{The International System of Units}{chapter.2}% 33
\BOOKMARK [1][-]{section.2.7}{Conservation Laws}{chapter.2}% 34
\BOOKMARK [1][-]{section.2.8}{Classical mechanics}{chapter.2}% 35
\BOOKMARK [2][-]{subsection.2.8.1}{Newton's Laws of Motion}{section.2.8}% 36
\BOOKMARK [2][-]{subsection.2.8.2}{Work, energy, and power}{section.2.8}% 37
\BOOKMARK [2][-]{subsection.2.8.3}{Mechanical springs}{section.2.8}% 38
\BOOKMARK [2][-]{subsection.2.8.4}{Rotational motion}{section.2.8}% 39
\BOOKMARK [1][-]{section.2.9}{Simple machines}{chapter.2}% 40
\BOOKMARK [2][-]{subsection.2.9.1}{Levers}{section.2.9}% 41
\BOOKMARK [2][-]{subsection.2.9.2}{Pulleys}{section.2.9}% 42
\BOOKMARK [2][-]{subsection.2.9.3}{Inclined planes}{section.2.9}% 43
\BOOKMARK [2][-]{subsection.2.9.4}{Gears}{section.2.9}% 44
\BOOKMARK [2][-]{subsection.2.9.5}{Belt drives}{section.2.9}% 45
\BOOKMARK [2][-]{subsection.2.9.6}{Chain drives}{section.2.9}% 46
\BOOKMARK [1][-]{section.2.10}{Elementary thermodynamics}{chapter.2}% 47
\BOOKMARK [2][-]{subsection.2.10.1}{Heat versus Temperature}{section.2.10}% 48
\BOOKMARK [2][-]{subsection.2.10.2}{Temperature}{section.2.10}% 49
\BOOKMARK [2][-]{subsection.2.10.3}{Heat}{section.2.10}% 50
\BOOKMARK [2][-]{subsection.2.10.4}{Heat transfer}{section.2.10}% 51
\BOOKMARK [2][-]{subsection.2.10.5}{Specific heat and enthalpy}{section.2.10}% 52
\BOOKMARK [2][-]{subsection.2.10.6}{Phase changes}{section.2.10}% 53
\BOOKMARK [2][-]{subsection.2.10.7}{Phase diagrams and critical points}{section.2.10}% 54
\BOOKMARK [2][-]{subsection.2.10.8}{Saturated steam table}{section.2.10}% 55
\BOOKMARK [2][-]{subsection.2.10.9}{Thermodynamic degrees of freedom}{section.2.10}% 56
\BOOKMARK [2][-]{subsection.2.10.10}{Applications of phase changes}{section.2.10}% 57
\BOOKMARK [1][-]{section.2.11}{Fluid mechanics}{chapter.2}% 58
\BOOKMARK [2][-]{subsection.2.11.1}{Pressure}{section.2.11}% 59
\BOOKMARK [2][-]{subsection.2.11.2}{Pascal's Principle and hydrostatic pressure}{section.2.11}% 60
\BOOKMARK [2][-]{subsection.2.11.3}{Fluid density expressions}{section.2.11}% 61
\BOOKMARK [2][-]{subsection.2.11.4}{Manometers}{section.2.11}% 62
\BOOKMARK [2][-]{subsection.2.11.5}{Systems of pressure measurement}{section.2.11}% 63
\BOOKMARK [2][-]{subsection.2.11.6}{Negative pressure}{section.2.11}% 64
\BOOKMARK [2][-]{subsection.2.11.7}{Buoyancy}{section.2.11}% 65
\BOOKMARK [2][-]{subsection.2.11.8}{Gas Laws}{section.2.11}% 66
\BOOKMARK [2][-]{subsection.2.11.9}{Fluid viscosity}{section.2.11}% 67
\BOOKMARK [2][-]{subsection.2.11.10}{Reynolds number}{section.2.11}% 68
\BOOKMARK [2][-]{subsection.2.11.11}{Law of Continuity}{section.2.11}% 69
\BOOKMARK [2][-]{subsection.2.11.12}{Viscous flow}{section.2.11}% 70
\BOOKMARK [2][-]{subsection.2.11.13}{Bernoulli's equation}{section.2.11}% 71
\BOOKMARK [2][-]{subsection.2.11.14}{Torricelli's equation}{section.2.11}% 72
\BOOKMARK [2][-]{subsection.2.11.15}{Flow through a venturi tube}{section.2.11}% 73
\BOOKMARK [0][-]{chapter.3}{Chemistry}{}% 74
\BOOKMARK [1][-]{section.3.1}{Terms and Definitions}{chapter.3}% 75
\BOOKMARK [1][-]{section.3.2}{Atomic theory and chemical symbols}{chapter.3}% 76
\BOOKMARK [1][-]{section.3.3}{Periodic table of the elements}{chapter.3}% 77
\BOOKMARK [1][-]{section.3.4}{Electronic structure}{chapter.3}% 78
\BOOKMARK [1][-]{section.3.5}{Spectroscopy}{chapter.3}% 79
\BOOKMARK [2][-]{subsection.3.5.1}{Emission spectroscopy}{section.3.5}% 80
\BOOKMARK [2][-]{subsection.3.5.2}{Absorption spectroscopy}{section.3.5}% 81
\BOOKMARK [1][-]{section.3.6}{Formulae for common chemical compounds}{chapter.3}% 82
\BOOKMARK [1][-]{section.3.7}{Molecular quantities}{chapter.3}% 83
\BOOKMARK [1][-]{section.3.8}{Stoichiometry}{chapter.3}% 84
\BOOKMARK [2][-]{subsection.3.8.1}{Balancing chemical equations by trial-and-error}{section.3.8}% 85
\BOOKMARK [2][-]{subsection.3.8.2}{Balancing chemical equations using algebra}{section.3.8}% 86
\BOOKMARK [2][-]{subsection.3.8.3}{Stoichiometric ratios}{section.3.8}% 87
\BOOKMARK [1][-]{section.3.9}{Energy in chemical reactions}{chapter.3}% 88
\BOOKMARK [2][-]{subsection.3.9.1}{Heats of reaction and activation energy}{section.3.9}% 89
\BOOKMARK [2][-]{subsection.3.9.2}{Heats of formation and Hess's Law}{section.3.9}% 90
\BOOKMARK [1][-]{section.3.10}{Periodic table of the ions}{chapter.3}% 91
\BOOKMARK [1][-]{section.3.11}{Ions in liquid solutions}{chapter.3}% 92
\BOOKMARK [1][-]{section.3.12}{pH}{chapter.3}% 93
\BOOKMARK [0][-]{chapter.4}{DC electricity}{}% 94
\BOOKMARK [1][-]{section.4.1}{Electrical voltage}{chapter.4}% 95
\BOOKMARK [1][-]{section.4.2}{Electrical current}{chapter.4}% 96
\BOOKMARK [2][-]{subsection.4.2.1}{Electron versus conventional flow}{section.4.2}% 97
\BOOKMARK [1][-]{section.4.3}{Electrical sources and loads}{chapter.4}% 98
\BOOKMARK [1][-]{section.4.4}{Electrical power}{chapter.4}% 99
\BOOKMARK [1][-]{section.4.5}{Electrical resistance and Ohm's Law}{chapter.4}% 100
\BOOKMARK [1][-]{section.4.6}{Series versus parallel circuits}{chapter.4}% 101
\BOOKMARK [1][-]{section.4.7}{Kirchhoff's Laws}{chapter.4}% 102
\BOOKMARK [1][-]{section.4.8}{Circuit fault analysis}{chapter.4}% 103
\BOOKMARK [1][-]{section.4.9}{Bridge circuits}{chapter.4}% 104
\BOOKMARK [2][-]{subsection.4.9.1}{Component measurement}{section.4.9}% 105
\BOOKMARK [2][-]{subsection.4.9.2}{Sensor signal conditioning}{section.4.9}% 106
\BOOKMARK [1][-]{section.4.10}{Null-balance voltage measurement}{chapter.4}% 107
\BOOKMARK [1][-]{section.4.11}{Electromagnetism}{chapter.4}% 108
\BOOKMARK [1][-]{section.4.12}{Capacitors}{chapter.4}% 109
\BOOKMARK [1][-]{section.4.13}{Inductors}{chapter.4}% 110
\BOOKMARK [0][-]{chapter.5}{AC electricity}{}% 111
\BOOKMARK [1][-]{section.5.1}{RMS quantities}{chapter.5}% 112
\BOOKMARK [1][-]{section.5.2}{Resistance, Reactance, and Impedance}{chapter.5}% 113
\BOOKMARK [1][-]{section.5.3}{Series and parallel circuits}{chapter.5}% 114
\BOOKMARK [1][-]{section.5.4}{Transformers}{chapter.5}% 115
\BOOKMARK [2][-]{subsection.5.4.1}{Basic principles}{section.5.4}% 116
\BOOKMARK [2][-]{subsection.5.4.2}{Loading effects}{section.5.4}% 117
\BOOKMARK [2][-]{subsection.5.4.3}{Step ratios}{section.5.4}% 118
\BOOKMARK [2][-]{subsection.5.4.4}{Transformer impedance}{section.5.4}% 119
\BOOKMARK [1][-]{section.5.5}{Phasors}{chapter.5}% 120
\BOOKMARK [2][-]{subsection.5.5.1}{Circles, sine waves, and cosine waves}{section.5.5}% 121
\BOOKMARK [2][-]{subsection.5.5.2}{Phasor expressions of phase shifts}{section.5.5}% 122
\BOOKMARK [2][-]{subsection.5.5.3}{Phasor expressions of impedance}{section.5.5}% 123
\BOOKMARK [2][-]{subsection.5.5.4}{Phasor arithmetic}{section.5.5}% 124
\BOOKMARK [2][-]{subsection.5.5.5}{Phasors and circuit measurements}{section.5.5}% 125
\BOOKMARK [1][-]{section.5.6}{The s variable}{chapter.5}% 126
\BOOKMARK [2][-]{subsection.5.6.1}{Meaning of the s variable}{section.5.6}% 127
\BOOKMARK [2][-]{subsection.5.6.2}{Impedance expressed using the s variable}{section.5.6}% 128
\BOOKMARK [1][-]{section.5.7}{Transfer function analysis}{chapter.5}% 129
\BOOKMARK [2][-]{subsection.5.7.1}{Example: LR low-pass filter circuit}{section.5.7}% 130
\BOOKMARK [2][-]{subsection.5.7.2}{Example: RC high-pass filter circuit}{section.5.7}% 131
\BOOKMARK [2][-]{subsection.5.7.3}{Example: LC ``tank'' circuit}{section.5.7}% 132
\BOOKMARK [2][-]{subsection.5.7.4}{Example: RLC band-pass filter circuit}{section.5.7}% 133
\BOOKMARK [2][-]{subsection.5.7.5}{Summary of transfer function analysis}{section.5.7}% 134
\BOOKMARK [1][-]{section.5.8}{Polyphase AC power}{chapter.5}% 135
\BOOKMARK [2][-]{subsection.5.8.1}{Delta and Wye configurations}{section.5.8}% 136
\BOOKMARK [2][-]{subsection.5.8.2}{Power in three-phase circuits}{section.5.8}% 137
\BOOKMARK [2][-]{subsection.5.8.3}{Grounded three-phase circuits}{section.5.8}% 138
\BOOKMARK [2][-]{subsection.5.8.4}{Symmetrical components}{section.5.8}% 139
\BOOKMARK [1][-]{section.5.9}{Phasor analysis of transformer circuits}{chapter.5}% 140
\BOOKMARK [2][-]{subsection.5.9.1}{Phasors in single-phase transformer circuits}{section.5.9}% 141
\BOOKMARK [2][-]{subsection.5.9.2}{Phasors in three-phase transformer circuits}{section.5.9}% 142
\BOOKMARK [1][-]{section.5.10}{Transmission lines}{chapter.5}% 143
\BOOKMARK [2][-]{subsection.5.10.1}{Open-ended transmission lines}{section.5.10}% 144
\BOOKMARK [2][-]{subsection.5.10.2}{Shorted transmission lines}{section.5.10}% 145
\BOOKMARK [2][-]{subsection.5.10.3}{Properly terminated transmission lines}{section.5.10}% 146
\BOOKMARK [2][-]{subsection.5.10.4}{Discontinuities}{section.5.10}% 147
\BOOKMARK [2][-]{subsection.5.10.5}{Velocity factor}{section.5.10}% 148
\BOOKMARK [2][-]{subsection.5.10.6}{Cable losses}{section.5.10}% 149
\BOOKMARK [1][-]{section.5.11}{Antennas}{chapter.5}% 150
\BOOKMARK [2][-]{subsection.5.11.1}{Maxwell and Hertz}{section.5.11}% 151
\BOOKMARK [2][-]{subsection.5.11.2}{Antenna size}{section.5.11}% 152
\BOOKMARK [2][-]{subsection.5.11.3}{Antenna orientation and directionality}{section.5.11}% 153
\BOOKMARK [0][-]{chapter.6}{Introduction to industrial instrumentation}{}% 154
\BOOKMARK [1][-]{section.6.1}{Example: boiler water level control system}{chapter.6}% 155
\BOOKMARK [1][-]{section.6.2}{Example: wastewater disinfection}{chapter.6}% 156
\BOOKMARK [1][-]{section.6.3}{Example: chemical reactor temperature control}{chapter.6}% 157
\BOOKMARK [1][-]{section.6.4}{Other types of instruments}{chapter.6}% 158
\BOOKMARK [2][-]{subsection.6.4.1}{Indicators}{section.6.4}% 159
\BOOKMARK [2][-]{subsection.6.4.2}{Recorders}{section.6.4}% 160
\BOOKMARK [2][-]{subsection.6.4.3}{Process switches and alarms}{section.6.4}% 161
\BOOKMARK [1][-]{section.6.5}{Summary}{chapter.6}% 162
\BOOKMARK [1][-]{section.6.6}{Review of fundamental principles}{chapter.6}% 163
\BOOKMARK [0][-]{chapter.7}{Instrumentation documents}{}% 164
\BOOKMARK [1][-]{section.7.1}{Process Flow Diagrams}{chapter.7}% 165
\BOOKMARK [1][-]{section.7.2}{Process and Instrument Diagrams}{chapter.7}% 166
\BOOKMARK [1][-]{section.7.3}{Loop diagrams}{chapter.7}% 167
\BOOKMARK [1][-]{section.7.4}{Functional diagrams}{chapter.7}% 168
\BOOKMARK [1][-]{section.7.5}{Instrument and process equipment symbols}{chapter.7}% 169
\BOOKMARK [2][-]{subsection.7.5.1}{Line types}{section.7.5}% 170
\BOOKMARK [2][-]{subsection.7.5.2}{Process/Instrument line connections}{section.7.5}% 171
\BOOKMARK [2][-]{subsection.7.5.3}{Instrument bubbles}{section.7.5}% 172
\BOOKMARK [2][-]{subsection.7.5.4}{Process valve types}{section.7.5}% 173
\BOOKMARK [2][-]{subsection.7.5.5}{Valve actuator types}{section.7.5}% 174
\BOOKMARK [2][-]{subsection.7.5.6}{Valve failure mode}{section.7.5}% 175
\BOOKMARK [2][-]{subsection.7.5.7}{Liquid level measurement devices}{section.7.5}% 176
\BOOKMARK [2][-]{subsection.7.5.8}{Flow measurement devices \(flowing left-to-right\)}{section.7.5}% 177
\BOOKMARK [2][-]{subsection.7.5.9}{Process equipment}{section.7.5}% 178
\BOOKMARK [2][-]{subsection.7.5.10}{Functional diagram symbols}{section.7.5}% 179
\BOOKMARK [2][-]{subsection.7.5.11}{Single-line electrical diagram symbols}{section.7.5}% 180
\BOOKMARK [2][-]{subsection.7.5.12}{Fluid power diagram symbols}{section.7.5}% 181
\BOOKMARK [1][-]{section.7.6}{Instrument identification tags}{chapter.7}% 182
\BOOKMARK [0][-]{chapter.8}{Instrument connections}{}% 183
\BOOKMARK [1][-]{section.8.1}{Pipe and pipe fittings}{chapter.8}% 184
\BOOKMARK [2][-]{subsection.8.1.1}{Flanged pipe fittings}{section.8.1}% 185
\BOOKMARK [2][-]{subsection.8.1.2}{Tapered thread pipe fittings}{section.8.1}% 186
\BOOKMARK [2][-]{subsection.8.1.3}{Parallel thread pipe fittings}{section.8.1}% 187
\BOOKMARK [2][-]{subsection.8.1.4}{Sanitary pipe fittings}{section.8.1}% 188
\BOOKMARK [1][-]{section.8.2}{Tube and tube fittings}{chapter.8}% 189
\BOOKMARK [2][-]{subsection.8.2.1}{Compression tube fittings}{section.8.2}% 190
\BOOKMARK [2][-]{subsection.8.2.2}{Common tube fitting types and names}{section.8.2}% 191
\BOOKMARK [2][-]{subsection.8.2.3}{Bending instrument tubing}{section.8.2}% 192
\BOOKMARK [2][-]{subsection.8.2.4}{Special tubing tools}{section.8.2}% 193
\BOOKMARK [1][-]{section.8.3}{Electrical signal and control wiring}{chapter.8}% 194
\BOOKMARK [2][-]{subsection.8.3.1}{Connections and wire terminations}{section.8.3}% 195
\BOOKMARK [2][-]{subsection.8.3.2}{DIN rail}{section.8.3}% 196
\BOOKMARK [2][-]{subsection.8.3.3}{Cable routing}{section.8.3}% 197
\BOOKMARK [2][-]{subsection.8.3.4}{Signal coupling and cable separation}{section.8.3}% 198
\BOOKMARK [2][-]{subsection.8.3.5}{Electric field \(capacitive\) de-coupling}{section.8.3}% 199
\BOOKMARK [2][-]{subsection.8.3.6}{Magnetic field \(inductive\) de-coupling}{section.8.3}% 200
\BOOKMARK [2][-]{subsection.8.3.7}{High-frequency signal cables}{section.8.3}% 201
\BOOKMARK [1][-]{section.8.4}{Fiber optics}{chapter.8}% 202
\BOOKMARK [2][-]{subsection.8.4.1}{Fiber optic data communication}{section.8.4}% 203
\BOOKMARK [2][-]{subsection.8.4.2}{Fiber optic sensing applications}{section.8.4}% 204
\BOOKMARK [2][-]{subsection.8.4.3}{Fiber optic cable construction}{section.8.4}% 205
\BOOKMARK [2][-]{subsection.8.4.4}{Multi-mode and single-mode optical fibers}{section.8.4}% 206
\BOOKMARK [2][-]{subsection.8.4.5}{Fiber optic cable connectors, routing, and safety}{section.8.4}% 207
\BOOKMARK [2][-]{subsection.8.4.6}{Fiber optic cable testing}{section.8.4}% 208
\BOOKMARK [1][-]{section.8.5}{Review of fundamental principles}{chapter.8}% 209
\BOOKMARK [0][-]{chapter.9}{Discrete process measurement}{}% 210
\BOOKMARK [1][-]{section.9.1}{``Normal'' status of a switch}{chapter.9}% 211
\BOOKMARK [1][-]{section.9.2}{Hand switches}{chapter.9}% 212
\BOOKMARK [1][-]{section.9.3}{Limit switches}{chapter.9}% 213
\BOOKMARK [1][-]{section.9.4}{Proximity switches}{chapter.9}% 214
\BOOKMARK [1][-]{section.9.5}{Pressure switches}{chapter.9}% 215
\BOOKMARK [1][-]{section.9.6}{Level switches}{chapter.9}% 216
\BOOKMARK [2][-]{subsection.9.6.1}{Float-type level switches}{section.9.6}% 217
\BOOKMARK [2][-]{subsection.9.6.2}{Tuning fork level switches}{section.9.6}% 218
\BOOKMARK [2][-]{subsection.9.6.3}{Paddle-wheel level switches}{section.9.6}% 219
\BOOKMARK [2][-]{subsection.9.6.4}{Ultrasonic level switches}{section.9.6}% 220
\BOOKMARK [2][-]{subsection.9.6.5}{Capacitive level switches}{section.9.6}% 221
\BOOKMARK [2][-]{subsection.9.6.6}{Conductive level switches}{section.9.6}% 222
\BOOKMARK [1][-]{section.9.7}{Temperature switches}{chapter.9}% 223
\BOOKMARK [1][-]{section.9.8}{Flow switches}{chapter.9}% 224
\BOOKMARK [1][-]{section.9.9}{Review of fundamental principles}{chapter.9}% 225
\BOOKMARK [0][-]{chapter.10}{Discrete control elements}{}% 226
\BOOKMARK [1][-]{section.10.1}{On/off valves}{chapter.10}% 227
\BOOKMARK [1][-]{section.10.2}{Fluid power systems}{chapter.10}% 228
\BOOKMARK [1][-]{section.10.3}{Solenoid valves}{chapter.10}% 229
\BOOKMARK [2][-]{subsection.10.3.1}{2-way solenoid valves}{section.10.3}% 230
\BOOKMARK [2][-]{subsection.10.3.2}{3-way solenoid valves}{section.10.3}% 231
\BOOKMARK [2][-]{subsection.10.3.3}{4-way solenoid valves}{section.10.3}% 232
\BOOKMARK [2][-]{subsection.10.3.4}{Normal energization states}{section.10.3}% 233
\BOOKMARK [1][-]{section.10.4}{On/off electric motor control circuits}{chapter.10}% 234
\BOOKMARK [2][-]{subsection.10.4.1}{AC induction motors}{section.10.4}% 235
\BOOKMARK [2][-]{subsection.10.4.2}{Motor contactors}{section.10.4}% 236
\BOOKMARK [2][-]{subsection.10.4.3}{Motor protection}{section.10.4}% 237
\BOOKMARK [2][-]{subsection.10.4.4}{Motor control circuit wiring}{section.10.4}% 238
\BOOKMARK [1][-]{section.10.5}{Review of fundamental principles}{chapter.10}% 239
\BOOKMARK [0][-]{chapter.11}{Relay control systems}{}% 240
\BOOKMARK [1][-]{section.11.1}{Control relays}{chapter.11}% 241
\BOOKMARK [1][-]{section.11.2}{Relay circuits}{chapter.11}% 242
\BOOKMARK [1][-]{section.11.3}{Interposing relays}{chapter.11}% 243
\BOOKMARK [1][-]{section.11.4}{Review of fundamental principles}{chapter.11}% 244
\BOOKMARK [0][-]{chapter.12}{Programmable Logic Controllers}{}% 245
\BOOKMARK [1][-]{section.12.1}{PLC examples}{chapter.12}% 246
\BOOKMARK [1][-]{section.12.2}{Input/Output \(I/O\) capabilities}{chapter.12}% 247
\BOOKMARK [2][-]{subsection.12.2.1}{Discrete I/O}{section.12.2}% 248
\BOOKMARK [2][-]{subsection.12.2.2}{Analog I/O}{section.12.2}% 249
\BOOKMARK [2][-]{subsection.12.2.3}{Network I/O}{section.12.2}% 250
\BOOKMARK [1][-]{section.12.3}{Logic programming}{chapter.12}% 251
\BOOKMARK [2][-]{subsection.12.3.1}{Relating I/O status to virtual elements}{section.12.3}% 252
\BOOKMARK [2][-]{subsection.12.3.2}{Memory maps and I/O addressing}{section.12.3}% 253
\BOOKMARK [1][-]{section.12.4}{Ladder Diagram \(LD\) programming}{chapter.12}% 254
\BOOKMARK [2][-]{subsection.12.4.1}{Contacts and coils}{section.12.4}% 255
\BOOKMARK [2][-]{subsection.12.4.2}{Counters}{section.12.4}% 256
\BOOKMARK [2][-]{subsection.12.4.3}{Timers}{section.12.4}% 257
\BOOKMARK [2][-]{subsection.12.4.4}{Data comparison instructions}{section.12.4}% 258
\BOOKMARK [2][-]{subsection.12.4.5}{Math instructions}{section.12.4}% 259
\BOOKMARK [2][-]{subsection.12.4.6}{Sequencers}{section.12.4}% 260
\BOOKMARK [1][-]{section.12.5}{Structured Text \(ST\) programming}{chapter.12}% 261
\BOOKMARK [1][-]{section.12.6}{Instruction List \(IL\) programming}{chapter.12}% 262
\BOOKMARK [1][-]{section.12.7}{Function Block Diagram \(FBD\) programming}{chapter.12}% 263
\BOOKMARK [1][-]{section.12.8}{Sequential Function Chart \(SFC\) programming}{chapter.12}% 264
\BOOKMARK [1][-]{section.12.9}{Human-Machine Interfaces}{chapter.12}% 265
\BOOKMARK [1][-]{section.12.10}{How to teach yourself PLC programming}{chapter.12}% 266
\BOOKMARK [1][-]{section.12.11}{Review of fundamental principles}{chapter.12}% 267
\BOOKMARK [0][-]{chapter.13}{Analog electronic instrumentation}{}% 268
\BOOKMARK [1][-]{section.13.1}{4 to 20 mA analog current signals}{chapter.13}% 269
\BOOKMARK [1][-]{section.13.2}{Relating 4 to 20 mA signals to instrument variables}{chapter.13}% 270
\BOOKMARK [2][-]{subsection.13.2.1}{Example calculation: controller output to valve}{section.13.2}% 271
\BOOKMARK [2][-]{subsection.13.2.2}{Example calculation: flow transmitter}{section.13.2}% 272
\BOOKMARK [2][-]{subsection.13.2.3}{Example calculation: temperature transmitter}{section.13.2}% 273
\BOOKMARK [2][-]{subsection.13.2.4}{Example calculation: pH transmitter}{section.13.2}% 274
\BOOKMARK [2][-]{subsection.13.2.5}{Example calculation: reverse-acting I/P transducer signal}{section.13.2}% 275
\BOOKMARK [2][-]{subsection.13.2.6}{Example calculation: PLC analog input scaling}{section.13.2}% 276
\BOOKMARK [2][-]{subsection.13.2.7}{Graphical interpretation of signal ranges}{section.13.2}% 277
\BOOKMARK [2][-]{subsection.13.2.8}{Thinking in terms of per unit quantities}{section.13.2}% 278
\BOOKMARK [1][-]{section.13.3}{Controller output current loops}{chapter.13}% 279
\BOOKMARK [1][-]{section.13.4}{4-wire \(``self-powered''\) transmitter current loops}{chapter.13}% 280
\BOOKMARK [1][-]{section.13.5}{2-wire \(``loop-powered''\) transmitter current loops}{chapter.13}% 281
\BOOKMARK [1][-]{section.13.6}{4-wire ``passive'' versus ``active'' output transmitters}{chapter.13}% 282
\BOOKMARK [1][-]{section.13.7}{Troubleshooting current loops}{chapter.13}% 283
\BOOKMARK [2][-]{subsection.13.7.1}{Using a standard milliammeter to measure loop current}{section.13.7}% 284
\BOOKMARK [2][-]{subsection.13.7.2}{Using a clamp-on milliammeter to measure loop current}{section.13.7}% 285
\BOOKMARK [2][-]{subsection.13.7.3}{Using ``test'' diodes to measure loop current}{section.13.7}% 286
\BOOKMARK [2][-]{subsection.13.7.4}{Using shunt resistors to measure loop current}{section.13.7}% 287
\BOOKMARK [2][-]{subsection.13.7.5}{Troubleshooting current loops with voltage measurements}{section.13.7}% 288
\BOOKMARK [2][-]{subsection.13.7.6}{Using loop calibrators}{section.13.7}% 289
\BOOKMARK [2][-]{subsection.13.7.7}{NAMUR signal levels}{section.13.7}% 290
\BOOKMARK [1][-]{section.13.8}{Review of fundamental principles}{chapter.13}% 291
\BOOKMARK [0][-]{chapter.14}{Pneumatic instrumentation}{}% 292
\BOOKMARK [1][-]{section.14.1}{Pneumatic sensing elements}{chapter.14}% 293
\BOOKMARK [1][-]{section.14.2}{Self-balancing pneumatic instrument principles}{chapter.14}% 294
\BOOKMARK [1][-]{section.14.3}{Pilot valves and pneumatic amplifying relays}{chapter.14}% 295
\BOOKMARK [1][-]{section.14.4}{Analogy to opamp circuits}{chapter.14}% 296
\BOOKMARK [1][-]{section.14.5}{Analysis of practical pneumatic instruments}{chapter.14}% 297
\BOOKMARK [2][-]{subsection.14.5.1}{Foxboro model 13A differential pressure transmitter}{section.14.5}% 298
\BOOKMARK [2][-]{subsection.14.5.2}{Foxboro model E69 ``I/P'' electro-pneumatic transducer}{section.14.5}% 299
\BOOKMARK [2][-]{subsection.14.5.3}{Fisher model 546 ``I/P'' electro-pneumatic transducer}{section.14.5}% 300
\BOOKMARK [2][-]{subsection.14.5.4}{Fisher-Rosemount model 846 ``I/P'' electro-pneumatic transducer}{section.14.5}% 301
\BOOKMARK [1][-]{section.14.6}{Proper care and feeding of pneumatic instruments}{chapter.14}% 302
\BOOKMARK [1][-]{section.14.7}{Advantages and disadvantages of pneumatic instruments}{chapter.14}% 303
\BOOKMARK [1][-]{section.14.8}{Review of fundamental principles}{chapter.14}% 304
\BOOKMARK [0][-]{chapter.15}{Digital data acquisition and networks}{}% 305
\BOOKMARK [1][-]{section.15.1}{Digital representation of numerical data}{chapter.15}% 306
\BOOKMARK [2][-]{subsection.15.1.1}{Integer number formats}{section.15.1}% 307
\BOOKMARK [2][-]{subsection.15.1.2}{Fixed-point number formats}{section.15.1}% 308
\BOOKMARK [2][-]{subsection.15.1.3}{Floating-point number formats}{section.15.1}% 309
\BOOKMARK [2][-]{subsection.15.1.4}{Example of industrial number formats}{section.15.1}% 310
\BOOKMARK [1][-]{section.15.2}{Digital representation of text}{chapter.15}% 311
\BOOKMARK [2][-]{subsection.15.2.1}{Morse and Baudot codes}{section.15.2}% 312
\BOOKMARK [2][-]{subsection.15.2.2}{EBCDIC and ASCII}{section.15.2}% 313
\BOOKMARK [2][-]{subsection.15.2.3}{Unicode}{section.15.2}% 314
\BOOKMARK [1][-]{section.15.3}{Analog-digital conversion}{chapter.15}% 315
\BOOKMARK [2][-]{subsection.15.3.1}{Converter resolution}{section.15.3}% 316
\BOOKMARK [2][-]{subsection.15.3.2}{Converter sampling rate and aliasing}{section.15.3}% 317
\BOOKMARK [1][-]{section.15.4}{Analog signal conditioning and referencing}{chapter.15}% 318
\BOOKMARK [2][-]{subsection.15.4.1}{Instrumentation amplifiers}{section.15.4}% 319
\BOOKMARK [2][-]{subsection.15.4.2}{Analog input references and connections}{section.15.4}% 320
\BOOKMARK [1][-]{section.15.5}{Digital data communication theory}{chapter.15}% 321
\BOOKMARK [2][-]{subsection.15.5.1}{Serial communication principles}{section.15.5}% 322
\BOOKMARK [2][-]{subsection.15.5.2}{Physical encoding of bits}{section.15.5}% 323
\BOOKMARK [2][-]{subsection.15.5.3}{Communication speed}{section.15.5}% 324
\BOOKMARK [2][-]{subsection.15.5.4}{Data frames}{section.15.5}% 325
\BOOKMARK [2][-]{subsection.15.5.5}{Channel arbitration}{section.15.5}% 326
\BOOKMARK [2][-]{subsection.15.5.6}{The OSI Reference Model}{section.15.5}% 327
\BOOKMARK [1][-]{section.15.6}{EIA/TIA-232, 422, and 485 networks}{chapter.15}% 328
\BOOKMARK [2][-]{subsection.15.6.1}{EIA/TIA-232}{section.15.6}% 329
\BOOKMARK [2][-]{subsection.15.6.2}{EIA/TIA-422 and EIA/TIA-485}{section.15.6}% 330
\BOOKMARK [1][-]{section.15.7}{Ethernet networks}{chapter.15}% 331
\BOOKMARK [2][-]{subsection.15.7.1}{Repeaters \(hubs\)}{section.15.7}% 332
\BOOKMARK [2][-]{subsection.15.7.2}{Ethernet cabling}{section.15.7}% 333
\BOOKMARK [2][-]{subsection.15.7.3}{Switching hubs}{section.15.7}% 334
\BOOKMARK [1][-]{section.15.8}{Internet Protocol \(IP\)}{chapter.15}% 335
\BOOKMARK [2][-]{subsection.15.8.1}{IP addresses}{section.15.8}% 336
\BOOKMARK [2][-]{subsection.15.8.2}{Subnetworks and subnet masks}{section.15.8}% 337
\BOOKMARK [2][-]{subsection.15.8.3}{Routing tables}{section.15.8}% 338
\BOOKMARK [2][-]{subsection.15.8.4}{IP version 6}{section.15.8}% 339
\BOOKMARK [2][-]{subsection.15.8.5}{ARP}{section.15.8}% 340
\BOOKMARK [2][-]{subsection.15.8.6}{DNS}{section.15.8}% 341
\BOOKMARK [2][-]{subsection.15.8.7}{Command-line diagnostic utilities}{section.15.8}% 342
\BOOKMARK [1][-]{section.15.9}{Transmission Control Protocol \(TCP\) and User Datagram Protocol \(UDP\)}{chapter.15}% 343
\BOOKMARK [1][-]{section.15.10}{The HART digital/analog hybrid standard}{chapter.15}% 344
\BOOKMARK [2][-]{subsection.15.10.1}{Basic concept of HART}{section.15.10}% 345
\BOOKMARK [2][-]{subsection.15.10.2}{HART physical layer}{section.15.10}% 346
\BOOKMARK [2][-]{subsection.15.10.3}{HART multidrop mode}{section.15.10}% 347
\BOOKMARK [2][-]{subsection.15.10.4}{HART multi-variable transmitters and burst mode}{section.15.10}% 348
\BOOKMARK [1][-]{section.15.11}{Modbus}{chapter.15}% 349
\BOOKMARK [2][-]{subsection.15.11.1}{Modbus overview}{section.15.11}% 350
\BOOKMARK [2][-]{subsection.15.11.2}{Modbus data frames}{section.15.11}% 351
\BOOKMARK [2][-]{subsection.15.11.3}{Modbus function codes and addresses}{section.15.11}% 352
\BOOKMARK [2][-]{subsection.15.11.4}{Modbus relative addressing}{section.15.11}% 353
\BOOKMARK [2][-]{subsection.15.11.5}{Modbus function command formats}{section.15.11}% 354
\BOOKMARK [2][-]{subsection.15.11.6}{Floating-point values in Modbus}{section.15.11}% 355
\BOOKMARK [1][-]{section.15.12}{Review of fundamental principles}{chapter.15}% 356
\BOOKMARK [0][-]{chapter.16}{FOUNDATION Fieldbus instrumentation}{}% 357
\BOOKMARK [1][-]{section.16.1}{FF design philosophy}{chapter.16}% 358
\BOOKMARK [1][-]{section.16.2}{H1 FF Physical layer}{chapter.16}% 359
\BOOKMARK [2][-]{subsection.16.2.1}{Segment topology}{section.16.2}% 360
\BOOKMARK [2][-]{subsection.16.2.2}{Coupling devices}{section.16.2}% 361
\BOOKMARK [2][-]{subsection.16.2.3}{Electrical parameters}{section.16.2}% 362
\BOOKMARK [2][-]{subsection.16.2.4}{Cable types}{section.16.2}% 363
\BOOKMARK [2][-]{subsection.16.2.5}{Segment design}{section.16.2}% 364
\BOOKMARK [1][-]{section.16.3}{H1 FF Data Link layer}{chapter.16}% 365
\BOOKMARK [2][-]{subsection.16.3.1}{Device addressing}{section.16.3}% 366
\BOOKMARK [2][-]{subsection.16.3.2}{Communication management}{section.16.3}% 367
\BOOKMARK [2][-]{subsection.16.3.3}{Device capability}{section.16.3}% 368
\BOOKMARK [1][-]{section.16.4}{FF function blocks}{chapter.16}% 369
\BOOKMARK [2][-]{subsection.16.4.1}{Analog function blocks versus digital function blocks}{section.16.4}% 370
\BOOKMARK [2][-]{subsection.16.4.2}{Function block location}{section.16.4}% 371
\BOOKMARK [2][-]{subsection.16.4.3}{Standard function blocks}{section.16.4}% 372
\BOOKMARK [2][-]{subsection.16.4.4}{Device-specific function blocks}{section.16.4}% 373
\BOOKMARK [2][-]{subsection.16.4.5}{FF signal status}{section.16.4}% 374
\BOOKMARK [2][-]{subsection.16.4.6}{Function block modes}{section.16.4}% 375
\BOOKMARK [1][-]{section.16.5}{H1 FF device configuration and commissioning}{chapter.16}% 376
\BOOKMARK [2][-]{subsection.16.5.1}{Configuration files}{section.16.5}% 377
\BOOKMARK [2][-]{subsection.16.5.2}{Device commissioning}{section.16.5}% 378
\BOOKMARK [2][-]{subsection.16.5.3}{Calibration and ranging}{section.16.5}% 379
\BOOKMARK [1][-]{section.16.6}{H1 FF segment troubleshooting}{chapter.16}% 380
\BOOKMARK [2][-]{subsection.16.6.1}{Cable resistance}{section.16.6}% 381
\BOOKMARK [2][-]{subsection.16.6.2}{Signal strength}{section.16.6}% 382
\BOOKMARK [2][-]{subsection.16.6.3}{Electrical noise}{section.16.6}% 383
\BOOKMARK [2][-]{subsection.16.6.4}{Using an oscilloscope on H1 segments}{section.16.6}% 384
\BOOKMARK [2][-]{subsection.16.6.5}{Message re-transmissions}{section.16.6}% 385
\BOOKMARK [1][-]{section.16.7}{Review of fundamental principles}{chapter.16}% 386
\BOOKMARK [0][-]{chapter.17}{Wireless instrumentation}{}% 387
\BOOKMARK [1][-]{section.17.1}{Radio systems}{chapter.17}% 388
\BOOKMARK [2][-]{subsection.17.1.1}{Antennas}{section.17.1}% 389
\BOOKMARK [2][-]{subsection.17.1.2}{Decibels}{section.17.1}% 390
\BOOKMARK [2][-]{subsection.17.1.3}{Antenna radiation patterns}{section.17.1}% 391
\BOOKMARK [2][-]{subsection.17.1.4}{Antenna gain calculations}{section.17.1}% 392
\BOOKMARK [2][-]{subsection.17.1.5}{Effective radiated power}{section.17.1}% 393
\BOOKMARK [2][-]{subsection.17.1.6}{RF link budget}{section.17.1}% 394
\BOOKMARK [2][-]{subsection.17.1.7}{Link budget graph}{section.17.1}% 395
\BOOKMARK [2][-]{subsection.17.1.8}{Fresnel zones}{section.17.1}% 396
\BOOKMARK [1][-]{section.17.2}{WirelessHART}{chapter.17}% 397
\BOOKMARK [2][-]{subsection.17.2.1}{Introduction to WirelessHART}{section.17.2}% 398
\BOOKMARK [2][-]{subsection.17.2.2}{WirelessHART network protocol}{section.17.2}% 399
\BOOKMARK [2][-]{subsection.17.2.3}{WirelessHART network gateway device}{section.17.2}% 400
\BOOKMARK [2][-]{subsection.17.2.4}{WirelessHART device commissioning and configuration}{section.17.2}% 401
\BOOKMARK [1][-]{section.17.3}{Review of fundamental principles}{chapter.17}% 402
\BOOKMARK [0][-]{chapter.18}{Instrument calibration}{}% 403
\BOOKMARK [1][-]{section.18.1}{Calibration versus re-ranging}{chapter.18}% 404
\BOOKMARK [1][-]{section.18.2}{Zero and span adjustments \(analog instruments\)}{chapter.18}% 405
\BOOKMARK [1][-]{section.18.3}{Calibration errors and testing}{chapter.18}% 406
\BOOKMARK [2][-]{subsection.18.3.1}{Typical calibration errors}{section.18.3}% 407
\BOOKMARK [2][-]{subsection.18.3.2}{As-found and as-left documentation}{section.18.3}% 408
\BOOKMARK [2][-]{subsection.18.3.3}{Up-tests and Down-tests}{section.18.3}% 409
\BOOKMARK [2][-]{subsection.18.3.4}{Automated calibration}{section.18.3}% 410
\BOOKMARK [1][-]{section.18.4}{Damping adjustments}{chapter.18}% 411
\BOOKMARK [1][-]{section.18.5}{LRV and URV settings, digital trim \(digital transmitters\)}{chapter.18}% 412
\BOOKMARK [1][-]{section.18.6}{An analogy for calibration versus ranging}{chapter.18}% 413
\BOOKMARK [1][-]{section.18.7}{Calibration procedures}{chapter.18}% 414
\BOOKMARK [2][-]{subsection.18.7.1}{Linear instruments}{section.18.7}% 415
\BOOKMARK [2][-]{subsection.18.7.2}{Nonlinear instruments}{section.18.7}% 416
\BOOKMARK [2][-]{subsection.18.7.3}{Discrete instruments}{section.18.7}% 417
\BOOKMARK [1][-]{section.18.8}{Instrument turndown}{chapter.18}% 418
\BOOKMARK [1][-]{section.18.9}{NIST traceability}{chapter.18}% 419
\BOOKMARK [1][-]{section.18.10}{Practical calibration standards}{chapter.18}% 420
\BOOKMARK [2][-]{subsection.18.10.1}{Electrical standards}{section.18.10}% 421
\BOOKMARK [2][-]{subsection.18.10.2}{Temperature standards}{section.18.10}% 422
\BOOKMARK [2][-]{subsection.18.10.3}{Pressure standards}{section.18.10}% 423
\BOOKMARK [2][-]{subsection.18.10.4}{Flow standards}{section.18.10}% 424
\BOOKMARK [2][-]{subsection.18.10.5}{Analytical standards}{section.18.10}% 425
\BOOKMARK [1][-]{section.18.11}{Review of fundamental principles}{chapter.18}% 426
\BOOKMARK [0][-]{chapter.19}{Continuous pressure measurement}{}% 427
\BOOKMARK [1][-]{section.19.1}{Manometers}{chapter.19}% 428
\BOOKMARK [1][-]{section.19.2}{Mechanical pressure elements}{chapter.19}% 429
\BOOKMARK [1][-]{section.19.3}{Electrical pressure elements}{chapter.19}% 430
\BOOKMARK [2][-]{subsection.19.3.1}{Piezoresistive \(strain gauge\) sensors}{section.19.3}% 431
\BOOKMARK [2][-]{subsection.19.3.2}{Differential capacitance sensors}{section.19.3}% 432
\BOOKMARK [2][-]{subsection.19.3.3}{Resonant element sensors}{section.19.3}% 433
\BOOKMARK [2][-]{subsection.19.3.4}{Mechanical adaptations}{section.19.3}% 434
\BOOKMARK [1][-]{section.19.4}{Force-balance pressure transmitters}{chapter.19}% 435
\BOOKMARK [1][-]{section.19.5}{Differential pressure transmitters}{chapter.19}% 436
\BOOKMARK [2][-]{subsection.19.5.1}{DP transmitter construction and behavior}{section.19.5}% 437
\BOOKMARK [2][-]{subsection.19.5.2}{DP transmitter applications}{section.19.5}% 438
\BOOKMARK [2][-]{subsection.19.5.3}{Inferential measurement applications}{section.19.5}% 439
\BOOKMARK [1][-]{section.19.6}{Pressure sensor accessories}{chapter.19}% 440
\BOOKMARK [2][-]{subsection.19.6.1}{Valve manifolds}{section.19.6}% 441
\BOOKMARK [2][-]{subsection.19.6.2}{Bleed \(vent\) fittings}{section.19.6}% 442
\BOOKMARK [2][-]{subsection.19.6.3}{Pressure pulsation damping}{section.19.6}% 443
\BOOKMARK [2][-]{subsection.19.6.4}{Remote and chemical seals}{section.19.6}% 444
\BOOKMARK [2][-]{subsection.19.6.5}{Filled impulse lines}{section.19.6}% 445
\BOOKMARK [2][-]{subsection.19.6.6}{Purged impulse lines}{section.19.6}% 446
\BOOKMARK [2][-]{subsection.19.6.7}{Heat-traced impulse lines}{section.19.6}% 447
\BOOKMARK [2][-]{subsection.19.6.8}{Self-purged impulse lines}{section.19.6}% 448
\BOOKMARK [2][-]{subsection.19.6.9}{Water traps and pigtail siphons}{section.19.6}% 449
\BOOKMARK [2][-]{subsection.19.6.10}{Mounting brackets}{section.19.6}% 450
\BOOKMARK [2][-]{subsection.19.6.11}{Heated enclosures}{section.19.6}% 451
\BOOKMARK [1][-]{section.19.7}{Process/instrument suitability}{chapter.19}% 452
\BOOKMARK [1][-]{section.19.8}{Review of fundamental principles}{chapter.19}% 453
\BOOKMARK [0][-]{chapter.20}{Continuous level measurement}{}% 454
\BOOKMARK [1][-]{section.20.1}{Level gauges \(sightglasses\)}{chapter.20}% 455
\BOOKMARK [2][-]{subsection.20.1.1}{Basic concepts of sightglasses}{section.20.1}% 456
\BOOKMARK [2][-]{subsection.20.1.2}{Interface problems}{section.20.1}% 457
\BOOKMARK [2][-]{subsection.20.1.3}{Temperature problems}{section.20.1}% 458
\BOOKMARK [1][-]{section.20.2}{Float}{chapter.20}% 459
\BOOKMARK [1][-]{section.20.3}{Hydrostatic pressure}{chapter.20}% 460
\BOOKMARK [2][-]{subsection.20.3.1}{Pressure of a fluid column}{section.20.3}% 461
\BOOKMARK [2][-]{subsection.20.3.2}{Bubbler systems}{section.20.3}% 462
\BOOKMARK [2][-]{subsection.20.3.3}{Transmitter suppression and elevation}{section.20.3}% 463
\BOOKMARK [2][-]{subsection.20.3.4}{Compensated leg systems}{section.20.3}% 464
\BOOKMARK [2][-]{subsection.20.3.5}{Tank expert systems}{section.20.3}% 465
\BOOKMARK [2][-]{subsection.20.3.6}{Hydrostatic interface level measurement}{section.20.3}% 466
\BOOKMARK [1][-]{section.20.4}{Displacement}{chapter.20}% 467
\BOOKMARK [2][-]{subsection.20.4.1}{Buoyant-force instruments}{section.20.4}% 468
\BOOKMARK [2][-]{subsection.20.4.2}{Torque tubes}{section.20.4}% 469
\BOOKMARK [2][-]{subsection.20.4.3}{Displacement interface level measurement}{section.20.4}% 470
\BOOKMARK [1][-]{section.20.5}{Echo}{chapter.20}% 471
\BOOKMARK [2][-]{subsection.20.5.1}{Ultrasonic level measurement}{section.20.5}% 472
\BOOKMARK [2][-]{subsection.20.5.2}{Radar level measurement}{section.20.5}% 473
\BOOKMARK [2][-]{subsection.20.5.3}{Laser level measurement}{section.20.5}% 474
\BOOKMARK [2][-]{subsection.20.5.4}{Magnetostrictive level measurement}{section.20.5}% 475
\BOOKMARK [1][-]{section.20.6}{Weight}{chapter.20}% 476
\BOOKMARK [1][-]{section.20.7}{Capacitive}{chapter.20}% 477
\BOOKMARK [1][-]{section.20.8}{Radiation}{chapter.20}% 478
\BOOKMARK [1][-]{section.20.9}{Level sensor accessories}{chapter.20}% 479
\BOOKMARK [1][-]{section.20.10}{Review of fundamental principles}{chapter.20}% 480
\BOOKMARK [0][-]{chapter.21}{Continuous temperature measurement}{}% 481
\BOOKMARK [1][-]{section.21.1}{Bi-metal temperature sensors}{chapter.21}% 482
\BOOKMARK [1][-]{section.21.2}{Filled-bulb temperature sensors}{chapter.21}% 483
\BOOKMARK [1][-]{section.21.3}{Thermistors and Resistance Temperature Detectors \(RTDs\)}{chapter.21}% 484
\BOOKMARK [2][-]{subsection.21.3.1}{Temperature coefficient of resistance \(\)}{section.21.3}% 485
\BOOKMARK [2][-]{subsection.21.3.2}{Two-wire RTD circuits}{section.21.3}% 486
\BOOKMARK [2][-]{subsection.21.3.3}{Four-wire RTD circuits}{section.21.3}% 487
\BOOKMARK [2][-]{subsection.21.3.4}{Three-wire RTD circuits}{section.21.3}% 488
\BOOKMARK [2][-]{subsection.21.3.5}{Proper RTD sensor connections}{section.21.3}% 489
\BOOKMARK [2][-]{subsection.21.3.6}{Self-heating error}{section.21.3}% 490
\BOOKMARK [1][-]{section.21.4}{Thermocouples}{chapter.21}% 491
\BOOKMARK [2][-]{subsection.21.4.1}{Dissimilar metal junctions}{section.21.4}% 492
\BOOKMARK [2][-]{subsection.21.4.2}{Thermocouple types}{section.21.4}% 493
\BOOKMARK [2][-]{subsection.21.4.3}{Connector and tip styles}{section.21.4}% 494
\BOOKMARK [2][-]{subsection.21.4.4}{Manually interpreting thermocouple voltages}{section.21.4}% 495
\BOOKMARK [2][-]{subsection.21.4.5}{Reference junction compensation}{section.21.4}% 496
\BOOKMARK [2][-]{subsection.21.4.6}{Law of Intermediate Metals}{section.21.4}% 497
\BOOKMARK [2][-]{subsection.21.4.7}{Software compensation}{section.21.4}% 498
\BOOKMARK [2][-]{subsection.21.4.8}{Extension wire}{section.21.4}% 499
\BOOKMARK [2][-]{subsection.21.4.9}{Side-effects of reference junction compensation}{section.21.4}% 500
\BOOKMARK [2][-]{subsection.21.4.10}{Burnout detection}{section.21.4}% 501
\BOOKMARK [1][-]{section.21.5}{Non-contact temperature sensors}{chapter.21}% 502
\BOOKMARK [2][-]{subsection.21.5.1}{Concentrating pyrometers}{section.21.5}% 503
\BOOKMARK [2][-]{subsection.21.5.2}{Distance considerations}{section.21.5}% 504
\BOOKMARK [2][-]{subsection.21.5.3}{Emissivity}{section.21.5}% 505
\BOOKMARK [2][-]{subsection.21.5.4}{Thermal imaging}{section.21.5}% 506
\BOOKMARK [1][-]{section.21.6}{Temperature sensor accessories}{chapter.21}% 507
\BOOKMARK [1][-]{section.21.7}{Process/instrument suitability}{chapter.21}% 508
\BOOKMARK [1][-]{section.21.8}{Review of fundamental principles}{chapter.21}% 509
\BOOKMARK [0][-]{chapter.22}{Continuous fluid flow measurement}{}% 510
\BOOKMARK [1][-]{section.22.1}{Pressure-based flowmeters}{chapter.22}% 511
\BOOKMARK [2][-]{subsection.22.1.1}{Venturi tubes and basic principles}{section.22.1}% 512
\BOOKMARK [2][-]{subsection.22.1.2}{Volumetric flow calculations}{section.22.1}% 513
\BOOKMARK [2][-]{subsection.22.1.3}{Mass flow calculations}{section.22.1}% 514
\BOOKMARK [2][-]{subsection.22.1.4}{Square-root characterization}{section.22.1}% 515
\BOOKMARK [2][-]{subsection.22.1.5}{Orifice plates}{section.22.1}% 516
\BOOKMARK [2][-]{subsection.22.1.6}{Other differential producers}{section.22.1}% 517
\BOOKMARK [2][-]{subsection.22.1.7}{Proper installation}{section.22.1}% 518
\BOOKMARK [2][-]{subsection.22.1.8}{High-accuracy flow measurement}{section.22.1}% 519
\BOOKMARK [2][-]{subsection.22.1.9}{Equation summary}{section.22.1}% 520
\BOOKMARK [1][-]{section.22.2}{Laminar flowmeters}{chapter.22}% 521
\BOOKMARK [1][-]{section.22.3}{Variable-area flowmeters}{chapter.22}% 522
\BOOKMARK [2][-]{subsection.22.3.1}{Rotameters}{section.22.3}% 523
\BOOKMARK [2][-]{subsection.22.3.2}{Weirs and flumes}{section.22.3}% 524
\BOOKMARK [1][-]{section.22.4}{Velocity-based flowmeters}{chapter.22}% 525
\BOOKMARK [2][-]{subsection.22.4.1}{Turbine flowmeters}{section.22.4}% 526
\BOOKMARK [2][-]{subsection.22.4.2}{Vortex flowmeters}{section.22.4}% 527
\BOOKMARK [2][-]{subsection.22.4.3}{Magnetic flowmeters}{section.22.4}% 528
\BOOKMARK [2][-]{subsection.22.4.4}{Ultrasonic flowmeters}{section.22.4}% 529
\BOOKMARK [2][-]{subsection.22.4.5}{Optical flowmeters}{section.22.4}% 530
\BOOKMARK [1][-]{section.22.5}{Positive displacement flowmeters}{chapter.22}% 531
\BOOKMARK [1][-]{section.22.6}{Standardized volumetric flow}{chapter.22}% 532
\BOOKMARK [1][-]{section.22.7}{True mass flowmeters}{chapter.22}% 533
\BOOKMARK [2][-]{subsection.22.7.1}{Coriolis flowmeters}{section.22.7}% 534
\BOOKMARK [2][-]{subsection.22.7.2}{Thermal flowmeters}{section.22.7}% 535
\BOOKMARK [1][-]{section.22.8}{Weighfeeders}{chapter.22}% 536
\BOOKMARK [1][-]{section.22.9}{Change-of-quantity flow measurement}{chapter.22}% 537
\BOOKMARK [1][-]{section.22.10}{Insertion flowmeters}{chapter.22}% 538
\BOOKMARK [1][-]{section.22.11}{Process/instrument suitability}{chapter.22}% 539
\BOOKMARK [1][-]{section.22.12}{Review of fundamental principles}{chapter.22}% 540
\BOOKMARK [0][-]{chapter.23}{Continuous analytical measurement}{}% 541
\BOOKMARK [1][-]{section.23.1}{Conductivity measurement}{chapter.23}% 542
\BOOKMARK [2][-]{subsection.23.1.1}{Dissociation and ionization in aqueous solutions}{section.23.1}% 543
\BOOKMARK [2][-]{subsection.23.1.2}{Two-electrode conductivity probes}{section.23.1}% 544
\BOOKMARK [2][-]{subsection.23.1.3}{Four-electrode conductivity probes}{section.23.1}% 545
\BOOKMARK [2][-]{subsection.23.1.4}{Electrodeless conductivity probes}{section.23.1}% 546
\BOOKMARK [1][-]{section.23.2}{pH measurement}{chapter.23}% 547
\BOOKMARK [2][-]{subsection.23.2.1}{Colorimetric pH measurement}{section.23.2}% 548
\BOOKMARK [2][-]{subsection.23.2.2}{Potentiometric pH measurement}{section.23.2}% 549
\BOOKMARK [1][-]{section.23.3}{Chromatography}{chapter.23}% 550
\BOOKMARK [2][-]{subsection.23.3.1}{Manual chromatography methods}{section.23.3}% 551
\BOOKMARK [2][-]{subsection.23.3.2}{Automated chromatographs}{section.23.3}% 552
\BOOKMARK [2][-]{subsection.23.3.3}{Species identification}{section.23.3}% 553
\BOOKMARK [2][-]{subsection.23.3.4}{Chromatograph detectors}{section.23.3}% 554
\BOOKMARK [2][-]{subsection.23.3.5}{Measuring species concentration}{section.23.3}% 555
\BOOKMARK [2][-]{subsection.23.3.6}{Industrial applications of chromatographs}{section.23.3}% 556
\BOOKMARK [2][-]{subsection.23.3.7}{Chromatograph sample valves}{section.23.3}% 557
\BOOKMARK [2][-]{subsection.23.3.8}{Improving chromatograph analysis time}{section.23.3}% 558
\BOOKMARK [1][-]{section.23.4}{Introduction to optical analyses}{chapter.23}% 559
\BOOKMARK [1][-]{section.23.5}{Dispersive spectroscopy}{chapter.23}% 560
\BOOKMARK [1][-]{section.23.6}{Non-dispersive Luft detector spectroscopy}{chapter.23}% 561
\BOOKMARK [2][-]{subsection.23.6.1}{Single-beam analyzer}{section.23.6}% 562
\BOOKMARK [2][-]{subsection.23.6.2}{Dual-beam analyzer}{section.23.6}% 563
\BOOKMARK [2][-]{subsection.23.6.3}{Luft detectors}{section.23.6}% 564
\BOOKMARK [2][-]{subsection.23.6.4}{Filter cells}{section.23.6}% 565
\BOOKMARK [1][-]{section.23.7}{Gas Filter Correlation \(GFC\) spectroscopy}{chapter.23}% 566
\BOOKMARK [1][-]{section.23.8}{Laser spectroscopy}{chapter.23}% 567
\BOOKMARK [1][-]{section.23.9}{Fluorescence}{chapter.23}% 568
\BOOKMARK [1][-]{section.23.10}{Chemiluminescence}{chapter.23}% 569
\BOOKMARK [1][-]{section.23.11}{Analyzer sample systems}{chapter.23}% 570
\BOOKMARK [1][-]{section.23.12}{Safety gas analyzers}{chapter.23}% 571
\BOOKMARK [2][-]{subsection.23.12.1}{Oxygen gas}{section.23.12}% 572
\BOOKMARK [2][-]{subsection.23.12.2}{Lower explosive limit \(LEL\)}{section.23.12}% 573
\BOOKMARK [2][-]{subsection.23.12.3}{Hydrogen sulfide gas}{section.23.12}% 574
\BOOKMARK [2][-]{subsection.23.12.4}{Carbon monoxide gas}{section.23.12}% 575
\BOOKMARK [2][-]{subsection.23.12.5}{Chlorine gas}{section.23.12}% 576
\BOOKMARK [1][-]{section.23.13}{Review of fundamental principles}{chapter.23}% 577
\BOOKMARK [0][-]{chapter.24}{Machine vibration measurement}{}% 578
\BOOKMARK [1][-]{section.24.1}{Vibration physics}{chapter.24}% 579
\BOOKMARK [2][-]{subsection.24.1.1}{Sinusoidal vibrations}{section.24.1}% 580
\BOOKMARK [2][-]{subsection.24.1.2}{Non-sinusoidal vibrations}{section.24.1}% 581
\BOOKMARK [1][-]{section.24.2}{Vibration sensors}{chapter.24}% 582
\BOOKMARK [1][-]{section.24.3}{Monitoring hardware}{chapter.24}% 583
\BOOKMARK [1][-]{section.24.4}{Mechanical vibration switches}{chapter.24}% 584
\BOOKMARK [1][-]{section.24.5}{Review of fundamental principles}{chapter.24}% 585
\BOOKMARK [0][-]{chapter.25}{Electric power measurement and control}{}% 586
\BOOKMARK [1][-]{section.25.1}{Introduction to power system automation}{chapter.25}% 587
\BOOKMARK [1][-]{section.25.2}{Electrical power grids}{chapter.25}% 588
\BOOKMARK [1][-]{section.25.3}{Interconnected generators}{chapter.25}% 589
\BOOKMARK [1][-]{section.25.4}{Single-line electrical diagrams}{chapter.25}% 590
\BOOKMARK [1][-]{section.25.5}{Circuit breakers and disconnects}{chapter.25}% 591
\BOOKMARK [2][-]{subsection.25.5.1}{Low-voltage circuit breakers}{section.25.5}% 592
\BOOKMARK [2][-]{subsection.25.5.2}{Medium-voltage circuit breakers}{section.25.5}% 593
\BOOKMARK [2][-]{subsection.25.5.3}{High-voltage circuit breakers}{section.25.5}% 594
\BOOKMARK [2][-]{subsection.25.5.4}{Reclosers}{section.25.5}% 595
\BOOKMARK [1][-]{section.25.6}{Electrical sensors}{chapter.25}% 596
\BOOKMARK [2][-]{subsection.25.6.1}{Potential transformers}{section.25.6}% 597
\BOOKMARK [2][-]{subsection.25.6.2}{Current transformers}{section.25.6}% 598
\BOOKMARK [2][-]{subsection.25.6.3}{Transformer polarity}{section.25.6}% 599
\BOOKMARK [2][-]{subsection.25.6.4}{Instrument transformer safety}{section.25.6}% 600
\BOOKMARK [2][-]{subsection.25.6.5}{Instrument transformer test switches}{section.25.6}% 601
\BOOKMARK [2][-]{subsection.25.6.6}{Instrument transformer burden and accuracy}{section.25.6}% 602
\BOOKMARK [1][-]{section.25.7}{Introduction to protective relaying}{chapter.25}% 603
\BOOKMARK [1][-]{section.25.8}{ANSI/IEEE function number codes}{chapter.25}% 604
\BOOKMARK [1][-]{section.25.9}{Instantaneous and time-overcurrent \(50/51\) protection}{chapter.25}% 605
\BOOKMARK [1][-]{section.25.10}{Differential \(87\) current protection}{chapter.25}% 606
\BOOKMARK [1][-]{section.25.11}{Directional overcurrent \(67\) protection}{chapter.25}% 607
\BOOKMARK [1][-]{section.25.12}{Distance \(21\) protection}{chapter.25}% 608
\BOOKMARK [2][-]{subsection.25.12.1}{Zone overreach and underreach}{section.25.12}% 609
\BOOKMARK [2][-]{subsection.25.12.2}{Line impedance characteristics}{section.25.12}% 610
\BOOKMARK [2][-]{subsection.25.12.3}{Using impedance diagrams to characterize faults}{section.25.12}% 611
\BOOKMARK [2][-]{subsection.25.12.4}{Distance relay characteristics}{section.25.12}% 612
\BOOKMARK [1][-]{section.25.13}{Auxiliary and lockout \(86\) relays}{chapter.25}% 613
\BOOKMARK [1][-]{section.25.14}{Review of fundamental principles}{chapter.25}% 614
\BOOKMARK [0][-]{chapter.26}{Signal characterization}{}% 615
\BOOKMARK [1][-]{section.26.1}{Flow measurement from differential pressure}{chapter.26}% 616
\BOOKMARK [1][-]{section.26.2}{Flow measurement in open channels}{chapter.26}% 617
\BOOKMARK [1][-]{section.26.3}{Material volume measurement}{chapter.26}% 618
\BOOKMARK [1][-]{section.26.4}{Radiative temperature measurement}{chapter.26}% 619
\BOOKMARK [1][-]{section.26.5}{Analytical measurements}{chapter.26}% 620
\BOOKMARK [1][-]{section.26.6}{Review of fundamental principles}{chapter.26}% 621
\BOOKMARK [0][-]{chapter.27}{Control valves}{}% 622
\BOOKMARK [1][-]{section.27.1}{Sliding-stem valves}{chapter.27}% 623
\BOOKMARK [2][-]{subsection.27.1.1}{Globe valves}{section.27.1}% 624
\BOOKMARK [2][-]{subsection.27.1.2}{Gate valves}{section.27.1}% 625
\BOOKMARK [2][-]{subsection.27.1.3}{Diaphragm valves}{section.27.1}% 626
\BOOKMARK [1][-]{section.27.2}{Rotary-stem valves}{chapter.27}% 627
\BOOKMARK [2][-]{subsection.27.2.1}{Ball valves}{section.27.2}% 628
\BOOKMARK [2][-]{subsection.27.2.2}{Butterfly valves}{section.27.2}% 629
\BOOKMARK [2][-]{subsection.27.2.3}{Disk valves}{section.27.2}% 630
\BOOKMARK [1][-]{section.27.3}{Dampers and louvres}{chapter.27}% 631
\BOOKMARK [1][-]{section.27.4}{Valve packing}{chapter.27}% 632
\BOOKMARK [1][-]{section.27.5}{Valve seat leakage}{chapter.27}% 633
\BOOKMARK [1][-]{section.27.6}{Control valve actuators}{chapter.27}% 634
\BOOKMARK [2][-]{subsection.27.6.1}{Pneumatic actuators}{section.27.6}% 635
\BOOKMARK [2][-]{subsection.27.6.2}{Hydraulic actuators}{section.27.6}% 636
\BOOKMARK [2][-]{subsection.27.6.3}{Self-operated valves}{section.27.6}% 637
\BOOKMARK [2][-]{subsection.27.6.4}{Electric actuators}{section.27.6}% 638
\BOOKMARK [2][-]{subsection.27.6.5}{Hand \(manual\) actuators}{section.27.6}% 639
\BOOKMARK [1][-]{section.27.7}{Valve failure mode}{chapter.27}% 640
\BOOKMARK [2][-]{subsection.27.7.1}{Direct/reverse actions}{section.27.7}% 641
\BOOKMARK [2][-]{subsection.27.7.2}{Available failure modes}{section.27.7}% 642
\BOOKMARK [2][-]{subsection.27.7.3}{Selecting the proper failure mode}{section.27.7}% 643
\BOOKMARK [1][-]{section.27.8}{Actuator bench-set}{chapter.27}% 644
\BOOKMARK [1][-]{section.27.9}{Pneumatic actuator response}{chapter.27}% 645
\BOOKMARK [1][-]{section.27.10}{Valve positioners}{chapter.27}% 646
\BOOKMARK [2][-]{subsection.27.10.1}{Force-balance pneumatic positioners}{section.27.10}% 647
\BOOKMARK [2][-]{subsection.27.10.2}{Motion-balance pneumatic positioners}{section.27.10}% 648
\BOOKMARK [2][-]{subsection.27.10.3}{Electronic positioners}{section.27.10}% 649
\BOOKMARK [1][-]{section.27.11}{Split-ranging}{chapter.27}% 650
\BOOKMARK [2][-]{subsection.27.11.1}{Complementary valve sequencing}{section.27.11}% 651
\BOOKMARK [2][-]{subsection.27.11.2}{Exclusive valve sequencing}{section.27.11}% 652
\BOOKMARK [2][-]{subsection.27.11.3}{Progressive valve sequencing}{section.27.11}% 653
\BOOKMARK [2][-]{subsection.27.11.4}{Valve sequencing implementations}{section.27.11}% 654
\BOOKMARK [1][-]{section.27.12}{Control valve sizing}{chapter.27}% 655
\BOOKMARK [2][-]{subsection.27.12.1}{Physics of energy dissipation in a turbulent fluid stream}{section.27.12}% 656
\BOOKMARK [2][-]{subsection.27.12.2}{Importance of proper valve sizing}{section.27.12}% 657
\BOOKMARK [2][-]{subsection.27.12.3}{Gas valve sizing}{section.27.12}% 658
\BOOKMARK [2][-]{subsection.27.12.4}{Relative flow capacity}{section.27.12}% 659
\BOOKMARK [1][-]{section.27.13}{Control valve characterization}{chapter.27}% 660
\BOOKMARK [2][-]{subsection.27.13.1}{Inherent versus installed characteristics}{section.27.13}% 661
\BOOKMARK [2][-]{subsection.27.13.2}{Control valve performance with constant pressure}{section.27.13}% 662
\BOOKMARK [2][-]{subsection.27.13.3}{Control valve performance with varying pressure}{section.27.13}% 663
\BOOKMARK [2][-]{subsection.27.13.4}{Characterized valve trim}{section.27.13}% 664
\BOOKMARK [1][-]{section.27.14}{Control valve problems}{chapter.27}% 665
\BOOKMARK [2][-]{subsection.27.14.1}{Mechanical friction}{section.27.14}% 666
\BOOKMARK [2][-]{subsection.27.14.2}{Flashing}{section.27.14}% 667
\BOOKMARK [2][-]{subsection.27.14.3}{Cavitation}{section.27.14}% 668
\BOOKMARK [2][-]{subsection.27.14.4}{Choked flow}{section.27.14}% 669
\BOOKMARK [2][-]{subsection.27.14.5}{Valve noise}{section.27.14}% 670
\BOOKMARK [2][-]{subsection.27.14.6}{Erosion}{section.27.14}% 671
\BOOKMARK [2][-]{subsection.27.14.7}{Chemical attack}{section.27.14}% 672
\BOOKMARK [1][-]{section.27.15}{Review of fundamental principles}{chapter.27}% 673
\BOOKMARK [0][-]{chapter.28}{Variable-speed motor controls}{}% 674
\BOOKMARK [1][-]{section.28.1}{DC motor speed control}{chapter.28}% 675
\BOOKMARK [1][-]{section.28.2}{AC motor speed control}{chapter.28}% 676
\BOOKMARK [1][-]{section.28.3}{AC motor braking}{chapter.28}% 677
\BOOKMARK [2][-]{subsection.28.3.1}{DC injection braking}{section.28.3}% 678
\BOOKMARK [2][-]{subsection.28.3.2}{Dynamic braking}{section.28.3}% 679
\BOOKMARK [2][-]{subsection.28.3.3}{Regenerative braking}{section.28.3}% 680
\BOOKMARK [2][-]{subsection.28.3.4}{Plugging}{section.28.3}% 681
\BOOKMARK [1][-]{section.28.4}{Motor drive features}{chapter.28}% 682
\BOOKMARK [1][-]{section.28.5}{Use of line reactors}{chapter.28}% 683
\BOOKMARK [1][-]{section.28.6}{Metering pumps}{chapter.28}% 684
\BOOKMARK [1][-]{section.28.7}{Review of fundamental principles}{chapter.28}% 685
\BOOKMARK [0][-]{chapter.29}{Closed-loop control}{}% 686
\BOOKMARK [1][-]{section.29.1}{Basic feedback control principles}{chapter.29}% 687
\BOOKMARK [1][-]{section.29.2}{Diagnosing feedback control problems}{chapter.29}% 688
\BOOKMARK [1][-]{section.29.3}{On/off control}{chapter.29}% 689
\BOOKMARK [1][-]{section.29.4}{Proportional-only control}{chapter.29}% 690
\BOOKMARK [1][-]{section.29.5}{Proportional-only offset}{chapter.29}% 691
\BOOKMARK [1][-]{section.29.6}{Integral \(reset\) control}{chapter.29}% 692
\BOOKMARK [1][-]{section.29.7}{Derivative \(rate\) control}{chapter.29}% 693
\BOOKMARK [1][-]{section.29.8}{Summary of PID control terms}{chapter.29}% 694
\BOOKMARK [2][-]{subsection.29.8.1}{Proportional control mode \(P\)}{section.29.8}% 695
\BOOKMARK [2][-]{subsection.29.8.2}{Integral control mode \(I\)}{section.29.8}% 696
\BOOKMARK [2][-]{subsection.29.8.3}{Derivative control mode \(D\)}{section.29.8}% 697
\BOOKMARK [1][-]{section.29.9}{P, I, and D responses graphed}{chapter.29}% 698
\BOOKMARK [2][-]{subsection.29.9.1}{Responses to a single step-change}{section.29.9}% 699
\BOOKMARK [2][-]{subsection.29.9.2}{Responses to a momentary step-and-return}{section.29.9}% 700
\BOOKMARK [2][-]{subsection.29.9.3}{Responses to two momentary steps-and-returns}{section.29.9}% 701
\BOOKMARK [2][-]{subsection.29.9.4}{Responses to a ramp-and-hold}{section.29.9}% 702
\BOOKMARK [2][-]{subsection.29.9.5}{Responses to an up-and-down ramp}{section.29.9}% 703
\BOOKMARK [2][-]{subsection.29.9.6}{Responses to a multi-slope ramp}{section.29.9}% 704
\BOOKMARK [2][-]{subsection.29.9.7}{Responses to a multiple ramps and steps}{section.29.9}% 705
\BOOKMARK [2][-]{subsection.29.9.8}{Responses to a sine wavelet}{section.29.9}% 706
\BOOKMARK [2][-]{subsection.29.9.9}{Note to students regarding quantitative graphing}{section.29.9}% 707
\BOOKMARK [1][-]{section.29.10}{Different PID equations}{chapter.29}% 708
\BOOKMARK [2][-]{subsection.29.10.1}{Parallel PID equation}{section.29.10}% 709
\BOOKMARK [2][-]{subsection.29.10.2}{Ideal PID equation}{section.29.10}% 710
\BOOKMARK [2][-]{subsection.29.10.3}{Series PID equation}{section.29.10}% 711
\BOOKMARK [1][-]{section.29.11}{Pneumatic PID controllers}{chapter.29}% 712
\BOOKMARK [2][-]{subsection.29.11.1}{Proportional control action}{section.29.11}% 713
\BOOKMARK [2][-]{subsection.29.11.2}{Automatic and manual modes}{section.29.11}% 714
\BOOKMARK [2][-]{subsection.29.11.3}{Derivative control action}{section.29.11}% 715
\BOOKMARK [2][-]{subsection.29.11.4}{Integral control action}{section.29.11}% 716
\BOOKMARK [2][-]{subsection.29.11.5}{Fisher MultiTrol}{section.29.11}% 717
\BOOKMARK [2][-]{subsection.29.11.6}{Foxboro model 43AP}{section.29.11}% 718
\BOOKMARK [2][-]{subsection.29.11.7}{Foxboro model 130}{section.29.11}% 719
\BOOKMARK [2][-]{subsection.29.11.8}{External reset \(integral\) feedback}{section.29.11}% 720
\BOOKMARK [1][-]{section.29.12}{Analog electronic PID controllers}{chapter.29}% 721
\BOOKMARK [2][-]{subsection.29.12.1}{Proportional control action}{section.29.12}% 722
\BOOKMARK [2][-]{subsection.29.12.2}{Derivative and integral control actions}{section.29.12}% 723
\BOOKMARK [2][-]{subsection.29.12.3}{Full-PID circuit design}{section.29.12}% 724
\BOOKMARK [2][-]{subsection.29.12.4}{Single-loop analog controllers}{section.29.12}% 725
\BOOKMARK [2][-]{subsection.29.12.5}{Multi-loop analog control systems}{section.29.12}% 726
\BOOKMARK [1][-]{section.29.13}{Digital PID controllers}{chapter.29}% 727
\BOOKMARK [2][-]{subsection.29.13.1}{Stand-alone digital controllers}{section.29.13}% 728
\BOOKMARK [2][-]{subsection.29.13.2}{Direct digital control \(DDC\)}{section.29.13}% 729
\BOOKMARK [2][-]{subsection.29.13.3}{SCADA and telemetry systems}{section.29.13}% 730
\BOOKMARK [2][-]{subsection.29.13.4}{Distributed Control Systems \(DCS\)}{section.29.13}% 731
\BOOKMARK [2][-]{subsection.29.13.5}{Fieldbus control}{section.29.13}% 732
\BOOKMARK [1][-]{section.29.14}{Practical PID controller features}{chapter.29}% 733
\BOOKMARK [2][-]{subsection.29.14.1}{Manual and automatic modes}{section.29.14}% 734
\BOOKMARK [2][-]{subsection.29.14.2}{Output and setpoint tracking}{section.29.14}% 735
\BOOKMARK [2][-]{subsection.29.14.3}{Alarm capabilities}{section.29.14}% 736
\BOOKMARK [2][-]{subsection.29.14.4}{Output and setpoint limiting}{section.29.14}% 737
\BOOKMARK [2][-]{subsection.29.14.5}{Security}{section.29.14}% 738
\BOOKMARK [1][-]{section.29.15}{Digital PID algorithms}{chapter.29}% 739
\BOOKMARK [2][-]{subsection.29.15.1}{Introduction to pseudocode}{section.29.15}% 740
\BOOKMARK [2][-]{subsection.29.15.2}{Position versus velocity algorithms}{section.29.15}% 741
\BOOKMARK [1][-]{section.29.16}{Note to students}{chapter.29}% 742
\BOOKMARK [2][-]{subsection.29.16.1}{Proportional-only control action}{section.29.16}% 743
\BOOKMARK [2][-]{subsection.29.16.2}{Integral-only control action}{section.29.16}% 744
\BOOKMARK [2][-]{subsection.29.16.3}{Proportional plus integral control action}{section.29.16}% 745
\BOOKMARK [2][-]{subsection.29.16.4}{Proportional plus derivative control action}{section.29.16}% 746
\BOOKMARK [2][-]{subsection.29.16.5}{Full PID control action}{section.29.16}% 747
\BOOKMARK [1][-]{section.29.17}{Review of fundamental principles}{chapter.29}% 748
\BOOKMARK [0][-]{chapter.30}{Process dynamics and PID controller tuning}{}% 749
\BOOKMARK [1][-]{section.30.1}{Process characteristics}{chapter.30}% 750
\BOOKMARK [2][-]{subsection.30.1.1}{Self-regulating processes}{section.30.1}% 751
\BOOKMARK [2][-]{subsection.30.1.2}{Integrating processes}{section.30.1}% 752
\BOOKMARK [2][-]{subsection.30.1.3}{Runaway processes}{section.30.1}% 753
\BOOKMARK [2][-]{subsection.30.1.4}{Steady-state process gain}{section.30.1}% 754
\BOOKMARK [2][-]{subsection.30.1.5}{Lag time}{section.30.1}% 755
\BOOKMARK [2][-]{subsection.30.1.6}{Multiple lags \(orders\)}{section.30.1}% 756
\BOOKMARK [2][-]{subsection.30.1.7}{Dead time}{section.30.1}% 757
\BOOKMARK [2][-]{subsection.30.1.8}{Hysteresis}{section.30.1}% 758
\BOOKMARK [1][-]{section.30.2}{Before you tune . . .}{chapter.30}% 759
\BOOKMARK [2][-]{subsection.30.2.1}{Identifying operational needs}{section.30.2}% 760
\BOOKMARK [2][-]{subsection.30.2.2}{Identifying process and system hazards}{section.30.2}% 761
\BOOKMARK [2][-]{subsection.30.2.3}{Identifying the problem\(s\)}{section.30.2}% 762
\BOOKMARK [2][-]{subsection.30.2.4}{Final precautions}{section.30.2}% 763
\BOOKMARK [1][-]{section.30.3}{Quantitative PID tuning procedures}{chapter.30}% 764
\BOOKMARK [2][-]{subsection.30.3.1}{Ziegler-Nichols closed-loop \(``Ultimate Gain''\)}{section.30.3}% 765
\BOOKMARK [2][-]{subsection.30.3.2}{Ziegler-Nichols open-loop}{section.30.3}% 766
\BOOKMARK [1][-]{section.30.4}{Heuristic PID tuning procedures}{chapter.30}% 767
\BOOKMARK [2][-]{subsection.30.4.1}{Features of P, I, and D actions}{section.30.4}% 768
\BOOKMARK [2][-]{subsection.30.4.2}{Tuning recommendations based on process dynamics}{section.30.4}% 769
\BOOKMARK [2][-]{subsection.30.4.3}{Recognizing an over-tuned controller by phase shift}{section.30.4}% 770
\BOOKMARK [2][-]{subsection.30.4.4}{Recognizing a ``porpoising'' controller}{section.30.4}% 771
\BOOKMARK [1][-]{section.30.5}{Tuning techniques compared}{chapter.30}% 772
\BOOKMARK [2][-]{subsection.30.5.1}{Tuning a ``generic'' process}{section.30.5}% 773
\BOOKMARK [2][-]{subsection.30.5.2}{Tuning a liquid level process}{section.30.5}% 774
\BOOKMARK [2][-]{subsection.30.5.3}{Tuning a temperature process}{section.30.5}% 775
\BOOKMARK [1][-]{section.30.6}{Note to students}{chapter.30}% 776
\BOOKMARK [2][-]{subsection.30.6.1}{Electrically simulating a process}{section.30.6}% 777
\BOOKMARK [2][-]{subsection.30.6.2}{Building a ``Desktop Process'' unit}{section.30.6}% 778
\BOOKMARK [2][-]{subsection.30.6.3}{Simulating a process by computer}{section.30.6}% 779
\BOOKMARK [1][-]{section.30.7}{Review of fundamental principles}{chapter.30}% 780
\BOOKMARK [0][-]{chapter.31}{Basic process control strategies}{}% 781
\BOOKMARK [1][-]{section.31.1}{Supervisory control}{chapter.31}% 782
\BOOKMARK [1][-]{section.31.2}{Cascade control}{chapter.31}% 783
\BOOKMARK [1][-]{section.31.3}{Ratio control}{chapter.31}% 784
\BOOKMARK [1][-]{section.31.4}{Relation control}{chapter.31}% 785
\BOOKMARK [1][-]{section.31.5}{Feedforward control}{chapter.31}% 786
\BOOKMARK [2][-]{subsection.31.5.1}{Load Compensation}{section.31.5}% 787
\BOOKMARK [2][-]{subsection.31.5.2}{Proportioning feedforward action}{section.31.5}% 788
\BOOKMARK [1][-]{section.31.6}{Feedforward with dynamic compensation}{chapter.31}% 789
\BOOKMARK [2][-]{subsection.31.6.1}{Dead time compensation}{section.31.6}% 790
\BOOKMARK [2][-]{subsection.31.6.2}{Lag time compensation}{section.31.6}% 791
\BOOKMARK [2][-]{subsection.31.6.3}{Lead/Lag and dead time function blocks}{section.31.6}% 792
\BOOKMARK [1][-]{section.31.7}{Limit, Selector, and Override controls}{chapter.31}% 793
\BOOKMARK [2][-]{subsection.31.7.1}{Limit controls}{section.31.7}% 794
\BOOKMARK [2][-]{subsection.31.7.2}{Selector controls}{section.31.7}% 795
\BOOKMARK [2][-]{subsection.31.7.3}{Override controls}{section.31.7}% 796
\BOOKMARK [1][-]{section.31.8}{Techniques for analyzing control strategies}{chapter.31}% 797
\BOOKMARK [2][-]{subsection.31.8.1}{Explicitly denoting controller actions}{section.31.8}% 798
\BOOKMARK [2][-]{subsection.31.8.2}{Determining the design purpose of override controls}{section.31.8}% 799
\BOOKMARK [1][-]{section.31.9}{Review of fundamental principles}{chapter.31}% 800
\BOOKMARK [0][-]{chapter.32}{Process safety and instrumentation}{}% 801
\BOOKMARK [1][-]{section.32.1}{Classified areas and electrical safety measures}{chapter.32}% 802
\BOOKMARK [2][-]{subsection.32.1.1}{Classified area taxonomy}{section.32.1}% 803
\BOOKMARK [2][-]{subsection.32.1.2}{Explosive limits}{section.32.1}% 804
\BOOKMARK [2][-]{subsection.32.1.3}{Protective measures}{section.32.1}% 805
\BOOKMARK [1][-]{section.32.2}{Concepts of probability}{chapter.32}% 806
\BOOKMARK [2][-]{subsection.32.2.1}{Mathematical probability}{section.32.2}% 807
\BOOKMARK [2][-]{subsection.32.2.2}{Laws of probability}{section.32.2}% 808
\BOOKMARK [2][-]{subsection.32.2.3}{Applying probability laws to real systems}{section.32.2}% 809
\BOOKMARK [1][-]{section.32.3}{Practical measures of reliability}{chapter.32}% 810
\BOOKMARK [2][-]{subsection.32.3.1}{Failure rate and MTBF}{section.32.3}% 811
\BOOKMARK [2][-]{subsection.32.3.2}{The ``bathtub'' curve}{section.32.3}% 812
\BOOKMARK [2][-]{subsection.32.3.3}{Reliability}{section.32.3}% 813
\BOOKMARK [2][-]{subsection.32.3.4}{Probability of failure on demand \(PFD\)}{section.32.3}% 814
\BOOKMARK [1][-]{section.32.4}{High-reliability systems}{chapter.32}% 815
\BOOKMARK [2][-]{subsection.32.4.1}{Design and selection for reliability}{section.32.4}% 816
\BOOKMARK [2][-]{subsection.32.4.2}{Preventive maintenance}{section.32.4}% 817
\BOOKMARK [2][-]{subsection.32.4.3}{Component de-rating}{section.32.4}% 818
\BOOKMARK [2][-]{subsection.32.4.4}{Redundant components}{section.32.4}% 819
\BOOKMARK [2][-]{subsection.32.4.5}{Proof tests and self-diagnostics}{section.32.4}% 820
\BOOKMARK [1][-]{section.32.5}{Overpressure protection devices}{chapter.32}% 821
\BOOKMARK [2][-]{subsection.32.5.1}{Rupture disks}{section.32.5}% 822
\BOOKMARK [2][-]{subsection.32.5.2}{Direct-actuated safety and relief valves}{section.32.5}% 823
\BOOKMARK [2][-]{subsection.32.5.3}{Pilot-operated safety and relief valves}{section.32.5}% 824
\BOOKMARK [1][-]{section.32.6}{Safety Instrumented Functions and Systems}{chapter.32}% 825
\BOOKMARK [2][-]{subsection.32.6.1}{SIS sensors}{section.32.6}% 826
\BOOKMARK [2][-]{subsection.32.6.2}{SIS controllers \(logic solvers\)}{section.32.6}% 827
\BOOKMARK [2][-]{subsection.32.6.3}{SIS final control elements}{section.32.6}% 828
\BOOKMARK [2][-]{subsection.32.6.4}{Safety Integrity Levels}{section.32.6}% 829
\BOOKMARK [2][-]{subsection.32.6.5}{SIS example: burner management systems}{section.32.6}% 830
\BOOKMARK [2][-]{subsection.32.6.6}{SIS example: water treatment oxygen purge system}{section.32.6}% 831
\BOOKMARK [2][-]{subsection.32.6.7}{SIS example: nuclear reactor scram controls}{section.32.6}% 832
\BOOKMARK [1][-]{section.32.7}{Review of fundamental principles}{chapter.32}% 833
\BOOKMARK [0][-]{chapter.33}{Instrumentation cyber-security}{}% 834
\BOOKMARK [1][-]{section.33.1}{Stuxnet}{chapter.33}% 835
\BOOKMARK [2][-]{subsection.33.1.1}{A primer on uranium enrichment}{section.33.1}% 836
\BOOKMARK [2][-]{subsection.33.1.2}{Gas centrifuge vulnerabilities}{section.33.1}% 837
\BOOKMARK [2][-]{subsection.33.1.3}{The Natanz uranium enrichment facility}{section.33.1}% 838
\BOOKMARK [2][-]{subsection.33.1.4}{How Stuxnet worked}{section.33.1}% 839
\BOOKMARK [2][-]{subsection.33.1.5}{Stuxnet version 0.5}{section.33.1}% 840
\BOOKMARK [2][-]{subsection.33.1.6}{Stuxnet version 1.x}{section.33.1}% 841
\BOOKMARK [1][-]{section.33.2}{Motives}{chapter.33}% 842
\BOOKMARK [2][-]{subsection.33.2.1}{Technical challenge}{section.33.2}% 843
\BOOKMARK [2][-]{subsection.33.2.2}{Profit}{section.33.2}% 844
\BOOKMARK [2][-]{subsection.33.2.3}{Espionage}{section.33.2}% 845
\BOOKMARK [2][-]{subsection.33.2.4}{Sabotage}{section.33.2}% 846
\BOOKMARK [2][-]{subsection.33.2.5}{Terrorism}{section.33.2}% 847
\BOOKMARK [1][-]{section.33.3}{Lexicon of cyber-security terms}{chapter.33}% 848
\BOOKMARK [1][-]{section.33.4}{Design-based fortifications}{chapter.33}% 849
\BOOKMARK [2][-]{subsection.33.4.1}{Advanced authentication}{section.33.4}% 850
\BOOKMARK [2][-]{subsection.33.4.2}{Air gaps}{section.33.4}% 851
\BOOKMARK [2][-]{subsection.33.4.3}{Firewalls}{section.33.4}% 852
\BOOKMARK [2][-]{subsection.33.4.4}{Demilitarized Zones}{section.33.4}% 853
\BOOKMARK [2][-]{subsection.33.4.5}{Encryption}{section.33.4}% 854
\BOOKMARK [2][-]{subsection.33.4.6}{Read-only system access}{section.33.4}% 855
\BOOKMARK [2][-]{subsection.33.4.7}{Control platform diversity}{section.33.4}% 856
\BOOKMARK [1][-]{section.33.5}{Policy-based fortifications}{chapter.33}% 857
\BOOKMARK [2][-]{subsection.33.5.1}{Foster awareness}{section.33.5}% 858
\BOOKMARK [2][-]{subsection.33.5.2}{Employ security personnel}{section.33.5}% 859
\BOOKMARK [2][-]{subsection.33.5.3}{Utilize effective authentication}{section.33.5}% 860
\BOOKMARK [2][-]{subsection.33.5.4}{Cautiously grant authorization}{section.33.5}% 861
\BOOKMARK [2][-]{subsection.33.5.5}{Maintain good documentation}{section.33.5}% 862
\BOOKMARK [2][-]{subsection.33.5.6}{Close unnecessary access pathways}{section.33.5}% 863
\BOOKMARK [2][-]{subsection.33.5.7}{Maintain operating system software}{section.33.5}% 864
\BOOKMARK [2][-]{subsection.33.5.8}{Routinely archive critical data}{section.33.5}% 865
\BOOKMARK [2][-]{subsection.33.5.9}{Create response plans}{section.33.5}% 866
\BOOKMARK [2][-]{subsection.33.5.10}{Limit mobile device access}{section.33.5}% 867
\BOOKMARK [2][-]{subsection.33.5.11}{Secure all toolkits}{section.33.5}% 868
\BOOKMARK [2][-]{subsection.33.5.12}{Close abandoned accounts}{section.33.5}% 869
\BOOKMARK [1][-]{section.33.6}{Review of fundamental principles}{chapter.33}% 870
\BOOKMARK [0][-]{chapter.34}{Problem-solving and diagnostic strategies}{}% 871
\BOOKMARK [1][-]{section.34.1}{Learn principles, not procedures}{chapter.34}% 872
\BOOKMARK [1][-]{section.34.2}{Active reading}{chapter.34}% 873
\BOOKMARK [2][-]{subsection.34.2.1}{Don't limit yourself to one text!}{section.34.2}% 874
\BOOKMARK [2][-]{subsection.34.2.2}{Marking versus outlining a text}{section.34.2}% 875
\BOOKMARK [1][-]{section.34.3}{General problem-solving techniques}{chapter.34}% 876
\BOOKMARK [2][-]{subsection.34.3.1}{Identifying and classifying all ``known'' conditions}{section.34.3}% 877
\BOOKMARK [2][-]{subsection.34.3.2}{Re-cast the problem in a different format}{section.34.3}% 878
\BOOKMARK [2][-]{subsection.34.3.3}{Working backwards from a known solution}{section.34.3}% 879
\BOOKMARK [2][-]{subsection.34.3.4}{Using thought experiments}{section.34.3}% 880
\BOOKMARK [2][-]{subsection.34.3.5}{Explicitly annotating your thoughts}{section.34.3}% 881
\BOOKMARK [1][-]{section.34.4}{Mathematical problem-solving techniques}{chapter.34}% 882
\BOOKMARK [2][-]{subsection.34.4.1}{Manipulating algebraic equations}{section.34.4}% 883
\BOOKMARK [2][-]{subsection.34.4.2}{Linking formulae to solve mathematical problems}{section.34.4}% 884
\BOOKMARK [2][-]{subsection.34.4.3}{Double-checking calculations}{section.34.4}% 885
\BOOKMARK [2][-]{subsection.34.4.4}{Maintaining relevance of intermediate calculations}{section.34.4}% 886
\BOOKMARK [1][-]{section.34.5}{Problem-solving by simplification}{chapter.34}% 887
\BOOKMARK [2][-]{subsection.34.5.1}{Limiting cases}{section.34.5}% 888
\BOOKMARK [1][-]{section.34.6}{Scientific system diagnosis}{chapter.34}% 889
\BOOKMARK [2][-]{subsection.34.6.1}{Scientific method}{section.34.6}% 890
\BOOKMARK [2][-]{subsection.34.6.2}{Occam's Razor}{section.34.6}% 891
\BOOKMARK [2][-]{subsection.34.6.3}{Diagnosing intermittent problems}{section.34.6}% 892
\BOOKMARK [2][-]{subsection.34.6.4}{Strategy: tracing data paths}{section.34.6}% 893
\BOOKMARK [1][-]{section.34.7}{Common diagnostic mistakes}{chapter.34}% 894
\BOOKMARK [2][-]{subsection.34.7.1}{Failing to gather data}{section.34.7}% 895
\BOOKMARK [2][-]{subsection.34.7.2}{Failing to use relevant documentation}{section.34.7}% 896
\BOOKMARK [2][-]{subsection.34.7.3}{Fixating on the first hypothesis}{section.34.7}% 897
\BOOKMARK [2][-]{subsection.34.7.4}{Failing to build and test a new system in stages}{section.34.7}% 898
\BOOKMARK [1][-]{section.34.8}{Helpful ``tricks'' using a digital multimeter \(DMM\)}{chapter.34}% 899
\BOOKMARK [2][-]{subsection.34.8.1}{Recording unattended measurements}{section.34.8}% 900
\BOOKMARK [2][-]{subsection.34.8.2}{Avoiding ``phantom'' voltage readings}{section.34.8}% 901
\BOOKMARK [2][-]{subsection.34.8.3}{Non-contact AC voltage detection}{section.34.8}% 902
\BOOKMARK [2][-]{subsection.34.8.4}{Detecting AC power harmonics}{section.34.8}% 903
\BOOKMARK [2][-]{subsection.34.8.5}{Identifying noise in DC signal paths}{section.34.8}% 904
\BOOKMARK [2][-]{subsection.34.8.6}{Generating test voltages}{section.34.8}% 905
\BOOKMARK [2][-]{subsection.34.8.7}{Using the meter as a temporary jumper}{section.34.8}% 906
\BOOKMARK [0][-]{appendix.A}{Flip-book animations}{}% 907
\BOOKMARK [1][-]{section.A.1}{Polyphase light bulbs animated}{appendix.A}% 908
\BOOKMARK [1][-]{section.A.2}{Polyphase induction motor animated}{appendix.A}% 909
\BOOKMARK [1][-]{section.A.3}{Rotating phasor animated}{appendix.A}% 910
\BOOKMARK [1][-]{section.A.4}{Differentiation and integration animated}{appendix.A}% 911
\BOOKMARK [1][-]{section.A.5}{Guided-wave radar level measurement}{appendix.A}% 912
\BOOKMARK [1][-]{section.A.6}{Basic chromatograph operation}{appendix.A}% 913
\BOOKMARK [0][-]{appendix.B}{Doctor Strangeflow, or how I learned to relax and love Reynolds numbers}{}% 914
\BOOKMARK [0][-]{appendix.C}{Disassembly of a sliding-stem control valve}{}% 915
\BOOKMARK [0][-]{appendix.D}{How to use this book \205 some advice for teachers}{}% 916
\BOOKMARK [1][-]{section.D.1}{Teaching technical theory}{appendix.D}% 917
\BOOKMARK [2][-]{subsection.D.1.1}{The problem with lecture}{section.D.1}% 918
\BOOKMARK [2][-]{subsection.D.1.2}{A more accurate model of learning}{section.D.1}% 919
\BOOKMARK [2][-]{subsection.D.1.3}{The ultimate goal of education}{section.D.1}% 920
\BOOKMARK [1][-]{section.D.2}{Teaching technical practices \(labwork\)}{appendix.D}% 921
\BOOKMARK [1][-]{section.D.3}{Teaching diagnostic principles and practices}{appendix.D}% 922
\BOOKMARK [2][-]{subsection.D.3.1}{Deductive diagnostic exercises}{section.D.3}% 923
\BOOKMARK [2][-]{subsection.D.3.2}{Inductive diagnostic exercises}{section.D.3}% 924
\BOOKMARK [1][-]{section.D.4}{Practical topic coverage}{appendix.D}% 925
\BOOKMARK [1][-]{section.D.5}{Principles, not procedures}{appendix.D}% 926
\BOOKMARK [1][-]{section.D.6}{Assessing student learning}{appendix.D}% 927
\BOOKMARK [1][-]{section.D.7}{Common educational fallacies}{appendix.D}% 928
\BOOKMARK [2][-]{subsection.D.7.1}{Fallacy: the sufficiency of presentation}{section.D.7}% 929
\BOOKMARK [2][-]{subsection.D.7.2}{Fallacy: you need a well-equipped lab}{section.D.7}% 930
\BOOKMARK [2][-]{subsection.D.7.3}{Fallacy: teach what they'll most often do}{section.D.7}% 931
\BOOKMARK [2][-]{subsection.D.7.4}{Fallacy: successful completion equals learning}{section.D.7}% 932
\BOOKMARK [2][-]{subsection.D.7.5}{Fallacy: teamwork}{section.D.7}% 933
\BOOKMARK [2][-]{subsection.D.7.6}{Fallacy: tutoring as a panacea}{section.D.7}% 934
\BOOKMARK [2][-]{subsection.D.7.7}{Fallacy: learning styles}{section.D.7}% 935
\BOOKMARK [2][-]{subsection.D.7.8}{Fallacy: reductionistic course design}{section.D.7}% 936
\BOOKMARK [1][-]{section.D.8}{Summary}{appendix.D}% 937
\BOOKMARK [0][-]{appendix.E}{Contributors}{}% 938
\BOOKMARK [1][-]{section.E.1}{Error corrections}{appendix.E}% 939
\BOOKMARK [1][-]{section.E.2}{New content}{appendix.E}% 940
\BOOKMARK [0][-]{appendix.F}{Creative Commons Attribution License}{}% 941
\BOOKMARK [1][-]{section.F.1}{A simple explanation of your rights}{appendix.F}% 942
\BOOKMARK [1][-]{section.F.2}{Legal code}{appendix.F}% 943
