This is pdfTeX, Version 3.141592653-2.6-1.40.22 (TeX Live 2021/Arch Linux) (preloaded format=pdflatex 2021.12.22)  13 MAR 2022 07:37
entering extended mode
 restricted \write18 enabled.
 %&-line parsing enabled.
**pContinuousTemperatureMeasurement.tex
(./pContinuousTemperatureMeasurement.tex
LaTeX2e <2020-10-01> patch level 4
L3 programming layer <2021-02-18>
(/usr/share/texmf-dist/tex/latex/beamer/beamer.cls
Document Class: beamer 2021/03/19 v3.62 A class for typesetting presentations
(/usr/share/texmf-dist/tex/latex/beamer/beamerbasemodes.sty
(/usr/share/texmf-dist/tex/latex/etoolbox/etoolbox.sty
Package: etoolbox 2020/10/05 v2.5k e-TeX tools for LaTeX (JAW)
\etb@tempcnta=\count179
)
\beamer@tempbox=\box47
\beamer@tempcount=\count180
\c@beamerpauses=\count181

(/usr/share/texmf-dist/tex/latex/beamer/beamerbasedecode.sty
\beamer@slideinframe=\count182
\beamer@minimum=\count183
\beamer@decode@box=\box48
)
\beamer@commentbox=\box49
\beamer@modecount=\count184
)
(/usr/share/texmf-dist/tex/generic/iftex/ifpdf.sty
Package: ifpdf 2019/10/25 v3.4 ifpdf legacy package. Use iftex instead.

(/usr/share/texmf-dist/tex/generic/iftex/iftex.sty
Package: iftex 2020/03/06 v1.0d TeX engine tests
))
\headdp=\dimen138
\footheight=\dimen139
\sidebarheight=\dimen140
\beamer@tempdim=\dimen141
\beamer@finalheight=\dimen142
\beamer@animht=\dimen143
\beamer@animdp=\dimen144
\beamer@animwd=\dimen145
\beamer@leftmargin=\dimen146
\beamer@rightmargin=\dimen147
\beamer@leftsidebar=\dimen148
\beamer@rightsidebar=\dimen149
\beamer@boxsize=\dimen150
\beamer@vboxoffset=\dimen151
\beamer@descdefault=\dimen152
\beamer@descriptionwidth=\dimen153
\beamer@lastskip=\skip47
\beamer@areabox=\box50
\beamer@animcurrent=\box51
\beamer@animshowbox=\box52
\beamer@sectionbox=\box53
\beamer@logobox=\box54
\beamer@linebox=\box55
\beamer@sectioncount=\count185
\beamer@subsubsectionmax=\count186
\beamer@subsectionmax=\count187
\beamer@sectionmax=\count188
\beamer@totalheads=\count189
\beamer@headcounter=\count190
\beamer@partstartpage=\count191
\beamer@sectionstartpage=\count192
\beamer@subsectionstartpage=\count193
\beamer@animationtempa=\count194
\beamer@animationtempb=\count195
\beamer@xpos=\count196
\beamer@ypos=\count197
\beamer@ypos@offset=\count198
\beamer@showpartnumber=\count199
\beamer@currentsubsection=\count266
\beamer@coveringdepth=\count267
\beamer@sectionadjust=\count268
\beamer@tocsectionnumber=\count269

(/usr/share/texmf-dist/tex/latex/beamer/beamerbaseoptions.sty
(/usr/share/texmf-dist/tex/latex/graphics/keyval.sty
Package: keyval 2014/10/28 v1.15 key=value parser (DPC)
\KV@toks@=\toks15
))
\beamer@paperwidth=\skip48
\beamer@paperheight=\skip49

(/usr/share/texmf-dist/tex/latex/geometry/geometry.sty
Package: geometry 2020/01/02 v5.9 Page Geometry

(/usr/share/texmf-dist/tex/generic/iftex/ifvtex.sty
Package: ifvtex 2019/10/25 v1.7 ifvtex legacy package. Use iftex instead.
)
\Gm@cnth=\count270
\Gm@cntv=\count271
\c@Gm@tempcnt=\count272
\Gm@bindingoffset=\dimen154
\Gm@wd@mp=\dimen155
\Gm@odd@mp=\dimen156
\Gm@even@mp=\dimen157
\Gm@layoutwidth=\dimen158
\Gm@layoutheight=\dimen159
\Gm@layouthoffset=\dimen160
\Gm@layoutvoffset=\dimen161
\Gm@dimlist=\toks16
)
(/usr/share/texmf-dist/tex/latex/base/size11.clo
File: size11.clo 2020/04/10 v1.4m Standard LaTeX file (size option)
)
(/usr/share/texmf-dist/tex/latex/pgf/basiclayer/pgfcore.sty
(/usr/share/texmf-dist/tex/latex/graphics/graphicx.sty
Package: graphicx 2020/09/09 v1.2b Enhanced LaTeX Graphics (DPC,SPQR)

(/usr/share/texmf-dist/tex/latex/graphics/graphics.sty
Package: graphics 2020/08/30 v1.4c Standard LaTeX Graphics (DPC,SPQR)

(/usr/share/texmf-dist/tex/latex/graphics/trig.sty
Package: trig 2016/01/03 v1.10 sin cos tan (DPC)
)
(/usr/share/texmf-dist/tex/latex/graphics-cfg/graphics.cfg
File: graphics.cfg 2016/06/04 v1.11 sample graphics configuration
)
Package graphics Info: Driver file: pdftex.def on input line 105.

(/usr/share/texmf-dist/tex/latex/graphics-def/pdftex.def
File: pdftex.def 2020/10/05 v1.2a Graphics/color driver for pdftex
))
\Gin@req@height=\dimen162
\Gin@req@width=\dimen163
)
(/usr/share/texmf-dist/tex/latex/pgf/systemlayer/pgfsys.sty
(/usr/share/texmf-dist/tex/latex/pgf/utilities/pgfrcs.sty
(/usr/share/texmf-dist/tex/generic/pgf/utilities/pgfutil-common.tex
\pgfutil@everybye=\toks17
\pgfutil@tempdima=\dimen164
\pgfutil@tempdimb=\dimen165

(/usr/share/texmf-dist/tex/generic/pgf/utilities/pgfutil-common-lists.tex))
(/usr/share/texmf-dist/tex/generic/pgf/utilities/pgfutil-latex.def
\pgfutil@abb=\box56
)
(/usr/share/texmf-dist/tex/generic/pgf/utilities/pgfrcs.code.tex
(/usr/share/texmf-dist/tex/generic/pgf/pgf.revision.tex)
Package: pgfrcs 2020/12/27 v3.1.8b (3.1.8b)
))
(/usr/share/texmf-dist/tex/generic/pgf/systemlayer/pgfsys.code.tex
Package: pgfsys 2020/12/27 v3.1.8b (3.1.8b)

(/usr/share/texmf-dist/tex/generic/pgf/utilities/pgfkeys.code.tex
\pgfkeys@pathtoks=\toks18
\pgfkeys@temptoks=\toks19

(/usr/share/texmf-dist/tex/generic/pgf/utilities/pgfkeysfiltered.code.tex
\pgfkeys@tmptoks=\toks20
))
\pgf@x=\dimen166
\pgf@y=\dimen167
\pgf@xa=\dimen168
\pgf@ya=\dimen169
\pgf@xb=\dimen170
\pgf@yb=\dimen171
\pgf@xc=\dimen172
\pgf@yc=\dimen173
\pgf@xd=\dimen174
\pgf@yd=\dimen175
\w@pgf@writea=\write3
\r@pgf@reada=\read2
\c@pgf@counta=\count273
\c@pgf@countb=\count274
\c@pgf@countc=\count275
\c@pgf@countd=\count276
\t@pgf@toka=\toks21
\t@pgf@tokb=\toks22
\t@pgf@tokc=\toks23
\pgf@sys@id@count=\count277

(/usr/share/texmf-dist/tex/generic/pgf/systemlayer/pgf.cfg
File: pgf.cfg 2020/12/27 v3.1.8b (3.1.8b)
)
Driver file for pgf: pgfsys-pdftex.def

(/usr/share/texmf-dist/tex/generic/pgf/systemlayer/pgfsys-pdftex.def
File: pgfsys-pdftex.def 2020/12/27 v3.1.8b (3.1.8b)

(/usr/share/texmf-dist/tex/generic/pgf/systemlayer/pgfsys-common-pdf.def
File: pgfsys-common-pdf.def 2020/12/27 v3.1.8b (3.1.8b)
)))
(/usr/share/texmf-dist/tex/generic/pgf/systemlayer/pgfsyssoftpath.code.tex
File: pgfsyssoftpath.code.tex 2020/12/27 v3.1.8b (3.1.8b)
\pgfsyssoftpath@smallbuffer@items=\count278
\pgfsyssoftpath@bigbuffer@items=\count279
)
(/usr/share/texmf-dist/tex/generic/pgf/systemlayer/pgfsysprotocol.code.tex
File: pgfsysprotocol.code.tex 2020/12/27 v3.1.8b (3.1.8b)
))
(/usr/share/texmf-dist/tex/latex/xcolor/xcolor.sty
Package: xcolor 2016/05/11 v2.12 LaTeX color extensions (UK)

(/usr/share/texmf-dist/tex/latex/graphics-cfg/color.cfg
File: color.cfg 2016/01/02 v1.6 sample color configuration
)
Package xcolor Info: Driver file: pdftex.def on input line 225.
Package xcolor Info: Model `cmy' substituted by `cmy0' on input line 1348.
Package xcolor Info: Model `hsb' substituted by `rgb' on input line 1352.
Package xcolor Info: Model `RGB' extended on input line 1364.
Package xcolor Info: Model `HTML' substituted by `rgb' on input line 1366.
Package xcolor Info: Model `Hsb' substituted by `hsb' on input line 1367.
Package xcolor Info: Model `tHsb' substituted by `hsb' on input line 1368.
Package xcolor Info: Model `HSB' substituted by `hsb' on input line 1369.
Package xcolor Info: Model `Gray' substituted by `gray' on input line 1370.
Package xcolor Info: Model `wave' substituted by `hsb' on input line 1371.

(/usr/share/texmf-dist/tex/latex/graphics/dvipsnam.def
File: dvipsnam.def 2016/06/17 v3.0m Driver-dependent file (DPC,SPQR)
))
(/usr/share/texmf-dist/tex/generic/pgf/basiclayer/pgfcore.code.tex
Package: pgfcore 2020/12/27 v3.1.8b (3.1.8b)

(/usr/share/texmf-dist/tex/generic/pgf/math/pgfmath.code.tex
(/usr/share/texmf-dist/tex/generic/pgf/math/pgfmathcalc.code.tex
(/usr/share/texmf-dist/tex/generic/pgf/math/pgfmathutil.code.tex)
(/usr/share/texmf-dist/tex/generic/pgf/math/pgfmathparser.code.tex
\pgfmath@dimen=\dimen176
\pgfmath@count=\count280
\pgfmath@box=\box57
\pgfmath@toks=\toks24
\pgfmath@stack@operand=\toks25
\pgfmath@stack@operation=\toks26
)
(/usr/share/texmf-dist/tex/generic/pgf/math/pgfmathfunctions.code.tex
(/usr/share/texmf-dist/tex/generic/pgf/math/pgfmathfunctions.basic.code.tex)
(/usr/share/texmf-dist/tex/generic/pgf/math/pgfmathfunctions.trigonometric.code
.tex)
(/usr/share/texmf-dist/tex/generic/pgf/math/pgfmathfunctions.random.code.tex)
(/usr/share/texmf-dist/tex/generic/pgf/math/pgfmathfunctions.comparison.code.te
x) (/usr/share/texmf-dist/tex/generic/pgf/math/pgfmathfunctions.base.code.tex)
(/usr/share/texmf-dist/tex/generic/pgf/math/pgfmathfunctions.round.code.tex)
(/usr/share/texmf-dist/tex/generic/pgf/math/pgfmathfunctions.misc.code.tex)
(/usr/share/texmf-dist/tex/generic/pgf/math/pgfmathfunctions.integerarithmetics
.code.tex))) (/usr/share/texmf-dist/tex/generic/pgf/math/pgfmathfloat.code.tex
\c@pgfmathroundto@lastzeros=\count281
)) (/usr/share/texmf-dist/tex/generic/pgf/math/pgfint.code.tex)
(/usr/share/texmf-dist/tex/generic/pgf/basiclayer/pgfcorepoints.code.tex
File: pgfcorepoints.code.tex 2020/12/27 v3.1.8b (3.1.8b)
\pgf@picminx=\dimen177
\pgf@picmaxx=\dimen178
\pgf@picminy=\dimen179
\pgf@picmaxy=\dimen180
\pgf@pathminx=\dimen181
\pgf@pathmaxx=\dimen182
\pgf@pathminy=\dimen183
\pgf@pathmaxy=\dimen184
\pgf@xx=\dimen185
\pgf@xy=\dimen186
\pgf@yx=\dimen187
\pgf@yy=\dimen188
\pgf@zx=\dimen189
\pgf@zy=\dimen190
)
(/usr/share/texmf-dist/tex/generic/pgf/basiclayer/pgfcorepathconstruct.code.tex
File: pgfcorepathconstruct.code.tex 2020/12/27 v3.1.8b (3.1.8b)
\pgf@path@lastx=\dimen191
\pgf@path@lasty=\dimen192
) (/usr/share/texmf-dist/tex/generic/pgf/basiclayer/pgfcorepathusage.code.tex
File: pgfcorepathusage.code.tex 2020/12/27 v3.1.8b (3.1.8b)
\pgf@shorten@end@additional=\dimen193
\pgf@shorten@start@additional=\dimen194
)
(/usr/share/texmf-dist/tex/generic/pgf/basiclayer/pgfcorescopes.code.tex
File: pgfcorescopes.code.tex 2020/12/27 v3.1.8b (3.1.8b)
\pgfpic=\box58
\pgf@hbox=\box59
\pgf@layerbox@main=\box60
\pgf@picture@serial@count=\count282
)
(/usr/share/texmf-dist/tex/generic/pgf/basiclayer/pgfcoregraphicstate.code.tex
File: pgfcoregraphicstate.code.tex 2020/12/27 v3.1.8b (3.1.8b)
\pgflinewidth=\dimen195
)
(/usr/share/texmf-dist/tex/generic/pgf/basiclayer/pgfcoretransformations.code.t
ex
File: pgfcoretransformations.code.tex 2020/12/27 v3.1.8b (3.1.8b)
\pgf@pt@x=\dimen196
\pgf@pt@y=\dimen197
\pgf@pt@temp=\dimen198
) (/usr/share/texmf-dist/tex/generic/pgf/basiclayer/pgfcorequick.code.tex
File: pgfcorequick.code.tex 2020/12/27 v3.1.8b (3.1.8b)
)
(/usr/share/texmf-dist/tex/generic/pgf/basiclayer/pgfcoreobjects.code.tex
File: pgfcoreobjects.code.tex 2020/12/27 v3.1.8b (3.1.8b)
)
(/usr/share/texmf-dist/tex/generic/pgf/basiclayer/pgfcorepathprocessing.code.te
x
File: pgfcorepathprocessing.code.tex 2020/12/27 v3.1.8b (3.1.8b)
) (/usr/share/texmf-dist/tex/generic/pgf/basiclayer/pgfcorearrows.code.tex
File: pgfcorearrows.code.tex 2020/12/27 v3.1.8b (3.1.8b)
\pgfarrowsep=\dimen199
)
(/usr/share/texmf-dist/tex/generic/pgf/basiclayer/pgfcoreshade.code.tex
File: pgfcoreshade.code.tex 2020/12/27 v3.1.8b (3.1.8b)
\pgf@max=\dimen256
\pgf@sys@shading@range@num=\count283
\pgf@shadingcount=\count284
)
(/usr/share/texmf-dist/tex/generic/pgf/basiclayer/pgfcoreimage.code.tex
File: pgfcoreimage.code.tex 2020/12/27 v3.1.8b (3.1.8b)

(/usr/share/texmf-dist/tex/generic/pgf/basiclayer/pgfcoreexternal.code.tex
File: pgfcoreexternal.code.tex 2020/12/27 v3.1.8b (3.1.8b)
\pgfexternal@startupbox=\box61
))
(/usr/share/texmf-dist/tex/generic/pgf/basiclayer/pgfcorelayers.code.tex
File: pgfcorelayers.code.tex 2020/12/27 v3.1.8b (3.1.8b)
)
(/usr/share/texmf-dist/tex/generic/pgf/basiclayer/pgfcoretransparency.code.tex
File: pgfcoretransparency.code.tex 2020/12/27 v3.1.8b (3.1.8b)
) (/usr/share/texmf-dist/tex/generic/pgf/basiclayer/pgfcorepatterns.code.tex
File: pgfcorepatterns.code.tex 2020/12/27 v3.1.8b (3.1.8b)
)
(/usr/share/texmf-dist/tex/generic/pgf/basiclayer/pgfcorerdf.code.tex
File: pgfcorerdf.code.tex 2020/12/27 v3.1.8b (3.1.8b)
)))
(/usr/share/texmf-dist/tex/latex/pgf/utilities/xxcolor.sty
Package: xxcolor 2003/10/24 ver 0.1
\XC@nummixins=\count285
\XC@countmixins=\count286
)
(/usr/share/texmf-dist/tex/latex/base/atbegshi-ltx.sty
Package: atbegshi-ltx 2020/08/17 v1.0a Emulation of the original atbegshi packa
ge
with kernel methods
)
(/usr/share/texmf-dist/tex/latex/hyperref/hyperref.sty
Package: hyperref 2021-02-27 v7.00k Hypertext links for LaTeX

(/usr/share/texmf-dist/tex/generic/ltxcmds/ltxcmds.sty
Package: ltxcmds 2020-05-10 v1.25 LaTeX kernel commands for general use (HO)
)
(/usr/share/texmf-dist/tex/generic/pdftexcmds/pdftexcmds.sty
Package: pdftexcmds 2020-06-27 v0.33 Utility functions of pdfTeX for LuaTeX (HO
)

(/usr/share/texmf-dist/tex/generic/infwarerr/infwarerr.sty
Package: infwarerr 2019/12/03 v1.5 Providing info/warning/error messages (HO)
)
Package pdftexcmds Info: \pdf@primitive is available.
Package pdftexcmds Info: \pdf@ifprimitive is available.
Package pdftexcmds Info: \pdfdraftmode found.
)
(/usr/share/texmf-dist/tex/generic/kvsetkeys/kvsetkeys.sty
Package: kvsetkeys 2019/12/15 v1.18 Key value parser (HO)
)
(/usr/share/texmf-dist/tex/generic/kvdefinekeys/kvdefinekeys.sty
Package: kvdefinekeys 2019-12-19 v1.6 Define keys (HO)
)
(/usr/share/texmf-dist/tex/generic/pdfescape/pdfescape.sty
Package: pdfescape 2019/12/09 v1.15 Implements pdfTeX's escape features (HO)
)
(/usr/share/texmf-dist/tex/latex/hycolor/hycolor.sty
Package: hycolor 2020-01-27 v1.10 Color options for hyperref/bookmark (HO)
)
(/usr/share/texmf-dist/tex/latex/letltxmacro/letltxmacro.sty
Package: letltxmacro 2019/12/03 v1.6 Let assignment for LaTeX macros (HO)
)
(/usr/share/texmf-dist/tex/latex/auxhook/auxhook.sty
Package: auxhook 2019-12-17 v1.6 Hooks for auxiliary files (HO)
)
(/usr/share/texmf-dist/tex/latex/kvoptions/kvoptions.sty
Package: kvoptions 2020-10-07 v3.14 Key value format for package options (HO)
)
\@linkdim=\dimen257
\Hy@linkcounter=\count287
\Hy@pagecounter=\count288

(/usr/share/texmf-dist/tex/latex/hyperref/pd1enc.def
File: pd1enc.def 2021-02-27 v7.00k Hyperref: PDFDocEncoding definition (HO)
Now handling font encoding PD1 ...
... no UTF-8 mapping file for font encoding PD1
)
(/usr/share/texmf-dist/tex/latex/hyperref/hyperref-langpatches.def
File: hyperref-langpatches.def 2021-02-27 v7.00k Hyperref: patches for babel la
nguages
)
(/usr/share/texmf-dist/tex/generic/intcalc/intcalc.sty
Package: intcalc 2019/12/15 v1.3 Expandable calculations with integers (HO)
)
(/usr/share/texmf-dist/tex/generic/etexcmds/etexcmds.sty
Package: etexcmds 2019/12/15 v1.7 Avoid name clashes with e-TeX commands (HO)
)
\Hy@SavedSpaceFactor=\count289

(/usr/share/texmf-dist/tex/latex/hyperref/puenc.def
File: puenc.def 2021-02-27 v7.00k Hyperref: PDF Unicode definition (HO)
Now handling font encoding PU ...
... no UTF-8 mapping file for font encoding PU
)
Package hyperref Info: Option `bookmarks' set `true' on input line 4073.
Package hyperref Info: Option `bookmarksopen' set `true' on input line 4073.
Package hyperref Info: Option `implicit' set `false' on input line 4073.
Package hyperref Info: Hyper figures OFF on input line 4192.
Package hyperref Info: Link nesting OFF on input line 4197.
Package hyperref Info: Hyper index ON on input line 4200.
Package hyperref Info: Plain pages OFF on input line 4207.
Package hyperref Info: Backreferencing OFF on input line 4212.
Package hyperref Info: Implicit mode OFF; no redefinition of LaTeX internals.
Package hyperref Info: Bookmarks ON on input line 4445.
\c@Hy@tempcnt=\count290

(/usr/share/texmf-dist/tex/latex/url/url.sty
\Urlmuskip=\muskip16
Package: url 2013/09/16  ver 3.4  Verb mode for urls, etc.
)
LaTeX Info: Redefining \url on input line 4804.
\XeTeXLinkMargin=\dimen258

(/usr/share/texmf-dist/tex/generic/bitset/bitset.sty
Package: bitset 2019/12/09 v1.3 Handle bit-vector datatype (HO)

(/usr/share/texmf-dist/tex/generic/bigintcalc/bigintcalc.sty
Package: bigintcalc 2019/12/15 v1.5 Expandable calculations on big integers (HO
)
))
\Fld@menulength=\count291
\Field@Width=\dimen259
\Fld@charsize=\dimen260
Package hyperref Info: Hyper figures OFF on input line 6075.
Package hyperref Info: Link nesting OFF on input line 6080.
Package hyperref Info: Hyper index ON on input line 6083.
Package hyperref Info: backreferencing OFF on input line 6090.
Package hyperref Info: Link coloring OFF on input line 6095.
Package hyperref Info: Link coloring with OCG OFF on input line 6100.
Package hyperref Info: PDF/A mode OFF on input line 6105.
LaTeX Info: Redefining \ref on input line 6145.
LaTeX Info: Redefining \pageref on input line 6149.
\Hy@abspage=\count292


Package hyperref Message: Stopped early.

)
Package hyperref Info: Driver (autodetected): hpdftex.
 (/usr/share/texmf-dist/tex/latex/hyperref/hpdftex.def
File: hpdftex.def 2021-02-27 v7.00k Hyperref driver for pdfTeX

(/usr/share/texmf-dist/tex/latex/base/atveryend-ltx.sty
Package: atveryend-ltx 2020/08/19 v1.0a Emulation of the original atvery packag
e
with kernel methods
)
\Fld@listcount=\count293
\c@bookmark@seq@number=\count294

(/usr/share/texmf-dist/tex/latex/rerunfilecheck/rerunfilecheck.sty
Package: rerunfilecheck 2019/12/05 v1.9 Rerun checks for auxiliary files (HO)

(/usr/share/texmf-dist/tex/generic/uniquecounter/uniquecounter.sty
Package: uniquecounter 2019/12/15 v1.4 Provide unlimited unique counter (HO)
)
Package uniquecounter Info: New unique counter `rerunfilecheck' on input line 2
86.
))
(/usr/share/texmf-dist/tex/latex/beamer/beamerbaserequires.sty
(/usr/share/texmf-dist/tex/latex/beamer/beamerbasecompatibility.sty)
(/usr/share/texmf-dist/tex/latex/beamer/beamerbasefont.sty
(/usr/share/texmf-dist/tex/latex/amsfonts/amssymb.sty
Package: amssymb 2013/01/14 v3.01 AMS font symbols

(/usr/share/texmf-dist/tex/latex/amsfonts/amsfonts.sty
Package: amsfonts 2013/01/14 v3.01 Basic AMSFonts support
\@emptytoks=\toks27
\symAMSa=\mathgroup4
\symAMSb=\mathgroup5
LaTeX Font Info:    Redeclaring math symbol \hbar on input line 98.
LaTeX Font Info:    Overwriting math alphabet `\mathfrak' in version `bold'
(Font)                  U/euf/m/n --> U/euf/b/n on input line 106.
))
(/usr/share/texmf-dist/tex/latex/sansmathaccent/sansmathaccent.sty
Package: sansmathaccent 2020/01/31

(/usr/share/texmf-dist/tex/latex/koma-script/scrlfile.sty
Package: scrlfile 2021/03/17 v3.33 KOMA-Script package (file load hooks)

(/usr/share/texmf-dist/tex/latex/koma-script/scrlfile-hook.sty
Package: scrlfile-hook 2021/03/17 v3.33 KOMA-Script package (using LaTeX hooks)


LaTeX3 Info: Defining command \BeforeFile with sig. 'm' on line 61.


LaTeX3 Info: Defining command \AfterFile with sig. 'm' on line 65.


LaTeX3 Info: Defining command \BeforeClass with sig. 'm' on line 69.


LaTeX3 Info: Defining command \BeforePackage with sig. 'm' on line 73.


LaTeX3 Info: Defining command \AfterAtEndOfClass with sig. 'smo+m' on line 83.


LaTeX3 Info: Defining command \AfterAtEndOfPackage with sig. 'smo+m' on line
(LaTeX3)     93.


LaTeX3 Info: Defining command \scrlfile@AfterClass with sig. 'smo+m' on line
(LaTeX3)     173.


LaTeX3 Info: Defining command \AfterClass with sig. '' on line 174.


LaTeX3 Info: Defining command \scrlfile@AfterPackage with sig. 'smo+m' on line
(LaTeX3)     191.


LaTeX3 Info: Defining command \AfterPackage with sig. '' on line 192.


LaTeX3 Info: Defining command \ReplaceInput with sig. '' on line 193.


LaTeX3 Info: Defining command \ReplaceClass with sig. 'mm' on line 196.


LaTeX3 Info: Defining command \ReplacePackage with sig. 'mm' on line 199.


LaTeX3 Info: Defining command \UnReplaceInput with sig. '' on line 200.


LaTeX3 Info: Defining command \UnReplaceClass with sig. 'm' on line 203.


LaTeX3 Info: Defining command \UnReplacePackage with sig. 'mm' on line 206.


LaTeX3 Info: Defining command \PreventPackageFromLoading with sig. 's+om' on
(LaTeX3)     line 234.


LaTeX3 Info: Defining command \StorePreventPackageFromLoading with sig. 'm' on
(LaTeX3)     line 242.


LaTeX3 Info: Defining command \ResetPreventPackageFromLoading with sig. '' on
(LaTeX3)     line 247.


LaTeX3 Info: Defining command \UnPreventPackageFromLoading with sig. 'sm' on
(LaTeX3)     line 261.


LaTeX3 Info: Defining command \BeforeClosingMainAux with sig. 'om' on line
(LaTeX3)     274.


LaTeX3 Info: Defining command \AfterReadingMainAux with sig. 'om' on line 287.


LaTeX3 Info: Defining command \protected@immediate@write with sig. 'm+m+m' on
(LaTeX3)     line 298.


(/usr/share/texmf-dist/tex/latex/koma-script/scrlogo.sty
Package: scrlogo 2021/03/17 v3.33 KOMA-Script package (logo)
)))))
(/usr/share/texmf-dist/tex/latex/beamer/beamerbasetranslator.sty
(/usr/share/texmf-dist/tex/latex/translator/translator.sty
Package: translator 2020-08-03 v1.12c Easy translation of strings in LaTeX
))
(/usr/share/texmf-dist/tex/latex/beamer/beamerbasemisc.sty)
(/usr/share/texmf-dist/tex/latex/beamer/beamerbasetwoscreens.sty)
(/usr/share/texmf-dist/tex/latex/beamer/beamerbaseoverlay.sty
\beamer@argscount=\count295
\beamer@lastskipcover=\skip50
\beamer@trivlistdepth=\count296
)
(/usr/share/texmf-dist/tex/latex/beamer/beamerbasetitle.sty)
(/usr/share/texmf-dist/tex/latex/beamer/beamerbasesection.sty
\c@lecture=\count297
\c@part=\count298
\c@section=\count299
\c@subsection=\count300
\c@subsubsection=\count301
)
(/usr/share/texmf-dist/tex/latex/beamer/beamerbaseframe.sty
\beamer@framebox=\box62
\beamer@frametitlebox=\box63
\beamer@zoombox=\box64
\beamer@zoomcount=\count302
\beamer@zoomframecount=\count303
\beamer@frametextheight=\dimen261
\c@subsectionslide=\count304
\beamer@frametopskip=\skip51
\beamer@framebottomskip=\skip52
\beamer@frametopskipautobreak=\skip53
\beamer@framebottomskipautobreak=\skip54
\beamer@envbody=\toks28
\framewidth=\dimen262
\c@framenumber=\count305
)
(/usr/share/texmf-dist/tex/latex/beamer/beamerbaseverbatim.sty
\beamer@verbatimfileout=\write4
)
(/usr/share/texmf-dist/tex/latex/beamer/beamerbaseframesize.sty
\beamer@splitbox=\box65
\beamer@autobreakcount=\count306
\beamer@autobreaklastheight=\dimen263
\beamer@frametitletoks=\toks29
\beamer@framesubtitletoks=\toks30
)
(/usr/share/texmf-dist/tex/latex/beamer/beamerbaseframecomponents.sty
\beamer@footins=\box66
)
(/usr/share/texmf-dist/tex/latex/beamer/beamerbasecolor.sty)
(/usr/share/texmf-dist/tex/latex/beamer/beamerbasenotes.sty
\beamer@frameboxcopy=\box67
)
(/usr/share/texmf-dist/tex/latex/beamer/beamerbasetoc.sty)
(/usr/share/texmf-dist/tex/latex/beamer/beamerbasetemplates.sty
\beamer@sbttoks=\toks31

(/usr/share/texmf-dist/tex/latex/beamer/beamerbaseauxtemplates.sty
(/usr/share/texmf-dist/tex/latex/beamer/beamerbaseboxes.sty
\bmb@box=\box68
\bmb@colorbox=\box69
\bmb@boxwidth=\dimen264
\bmb@boxheight=\dimen265
\bmb@prevheight=\dimen266
\bmb@temp=\dimen267
\bmb@dima=\dimen268
\bmb@dimb=\dimen269
\bmb@prevheight=\dimen270
)
\beamer@blockheadheight=\dimen271
))
(/usr/share/texmf-dist/tex/latex/beamer/beamerbaselocalstructure.sty
(/usr/share/texmf-dist/tex/latex/tools/enumerate.sty
Package: enumerate 2015/07/23 v3.00 enumerate extensions (DPC)
\@enLab=\toks32
)
\beamer@bibiconwidth=\skip55
\c@figure=\count307
\c@table=\count308
\abovecaptionskip=\skip56
\belowcaptionskip=\skip57
)
(/usr/share/texmf-dist/tex/latex/beamer/beamerbasenavigation.sty
\beamer@section@min@dim=\dimen272
)
(/usr/share/texmf-dist/tex/latex/beamer/beamerbasetheorems.sty
(/usr/share/texmf-dist/tex/latex/amsmath/amsmath.sty
Package: amsmath 2020/09/23 v2.17i AMS math features
\@mathmargin=\skip58

For additional information on amsmath, use the `?' option.
(/usr/share/texmf-dist/tex/latex/amsmath/amstext.sty
Package: amstext 2000/06/29 v2.01 AMS text

(/usr/share/texmf-dist/tex/latex/amsmath/amsgen.sty
File: amsgen.sty 1999/11/30 v2.0 generic functions
\@emptytoks=\toks33
\ex@=\dimen273
))
(/usr/share/texmf-dist/tex/latex/amsmath/amsbsy.sty
Package: amsbsy 1999/11/29 v1.2d Bold Symbols
\pmbraise@=\dimen274
)
(/usr/share/texmf-dist/tex/latex/amsmath/amsopn.sty
Package: amsopn 2016/03/08 v2.02 operator names
)
\inf@bad=\count309
LaTeX Info: Redefining \frac on input line 234.
\uproot@=\count310
\leftroot@=\count311
LaTeX Info: Redefining \overline on input line 399.
\classnum@=\count312
\DOTSCASE@=\count313
LaTeX Info: Redefining \ldots on input line 496.
LaTeX Info: Redefining \dots on input line 499.
LaTeX Info: Redefining \cdots on input line 620.
\Mathstrutbox@=\box70
\strutbox@=\box71
\big@size=\dimen275
LaTeX Font Info:    Redeclaring font encoding OML on input line 743.
LaTeX Font Info:    Redeclaring font encoding OMS on input line 744.
\macc@depth=\count314
\c@MaxMatrixCols=\count315
\dotsspace@=\muskip17
\c@parentequation=\count316
\dspbrk@lvl=\count317
\tag@help=\toks34
\row@=\count318
\column@=\count319
\maxfields@=\count320
\andhelp@=\toks35
\eqnshift@=\dimen276
\alignsep@=\dimen277
\tagshift@=\dimen278
\tagwidth@=\dimen279
\totwidth@=\dimen280
\lineht@=\dimen281
\@envbody=\toks36
\multlinegap=\skip59
\multlinetaggap=\skip60
\mathdisplay@stack=\toks37
LaTeX Info: Redefining \[ on input line 2923.
LaTeX Info: Redefining \] on input line 2924.
)
(/usr/share/texmf-dist/tex/latex/amscls/amsthm.sty
Package: amsthm 2020/05/29 v2.20.6
\thm@style=\toks38
\thm@bodyfont=\toks39
\thm@headfont=\toks40
\thm@notefont=\toks41
\thm@headpunct=\toks42
\thm@preskip=\skip61
\thm@postskip=\skip62
\thm@headsep=\skip63
\dth@everypar=\toks43
)
\c@theorem=\count321
)
(/usr/share/texmf-dist/tex/latex/beamer/beamerbasethemes.sty))
(/usr/share/texmf-dist/tex/latex/beamer/beamerthemedefault.sty
(/usr/share/texmf-dist/tex/latex/beamer/beamerfontthemedefault.sty)
(/usr/share/texmf-dist/tex/latex/beamer/beamercolorthemedefault.sty)
(/usr/share/texmf-dist/tex/latex/beamer/beamerinnerthemedefault.sty
\beamer@dima=\dimen282
\beamer@dimb=\dimen283
)
(/usr/share/texmf-dist/tex/latex/beamer/beamerouterthemedefault.sty)))
(/usr/share/texmf-dist/tex/latex/booktabs/booktabs.sty
Package: booktabs 2020/01/12 v1.61803398 Publication quality tables
\heavyrulewidth=\dimen284
\lightrulewidth=\dimen285
\cmidrulewidth=\dimen286
\belowrulesep=\dimen287
\belowbottomsep=\dimen288
\aboverulesep=\dimen289
\abovetopsep=\dimen290
\cmidrulesep=\dimen291
\cmidrulekern=\dimen292
\defaultaddspace=\dimen293
\@cmidla=\count322
\@cmidlb=\count323
\@aboverulesep=\dimen294
\@belowrulesep=\dimen295
\@thisruleclass=\count324
\@lastruleclass=\count325
\@thisrulewidth=\dimen296
)
(/usr/share/texmf-dist/tex/latex/l3backend/l3backend-pdftex.def
File: l3backend-pdftex.def 2021-03-18 L3 backend support: PDF output (pdfTeX)
\l__color_backend_stack_int=\count326
\l__pdf_internal_box=\box72
)
(./pContinuousTemperatureMeasurement.aux)
\openout1 = `pContinuousTemperatureMeasurement.aux'.

LaTeX Font Info:    Checking defaults for OML/cmm/m/it on input line 32.
LaTeX Font Info:    ... okay on input line 32.
LaTeX Font Info:    Checking defaults for OMS/cmsy/m/n on input line 32.
LaTeX Font Info:    ... okay on input line 32.
LaTeX Font Info:    Checking defaults for OT1/cmr/m/n on input line 32.
LaTeX Font Info:    ... okay on input line 32.
LaTeX Font Info:    Checking defaults for T1/cmr/m/n on input line 32.
LaTeX Font Info:    ... okay on input line 32.
LaTeX Font Info:    Checking defaults for TS1/cmr/m/n on input line 32.
LaTeX Font Info:    ... okay on input line 32.
LaTeX Font Info:    Checking defaults for OMX/cmex/m/n on input line 32.
LaTeX Font Info:    ... okay on input line 32.
LaTeX Font Info:    Checking defaults for U/cmr/m/n on input line 32.
LaTeX Font Info:    ... okay on input line 32.
LaTeX Font Info:    Checking defaults for PD1/pdf/m/n on input line 32.
LaTeX Font Info:    ... okay on input line 32.
LaTeX Font Info:    Checking defaults for PU/pdf/m/n on input line 32.
LaTeX Font Info:    ... okay on input line 32.

*geometry* driver: auto-detecting
*geometry* detected driver: pdftex
*geometry* verbose mode - [ preamble ] result:
* driver: pdftex
* paper: custom
* layout: <same size as paper>
* layoutoffset:(h,v)=(0.0pt,0.0pt)
* modes: includehead includefoot 
* h-part:(L,W,R)=(28.45274pt, 398.3386pt, 28.45274pt)
* v-part:(T,H,B)=(0.0pt, 256.0748pt, 0.0pt)
* \paperwidth=455.24408pt
* \paperheight=256.0748pt
* \textwidth=398.3386pt
* \textheight=227.62207pt
* \oddsidemargin=-43.81725pt
* \evensidemargin=-43.81725pt
* \topmargin=-72.26999pt
* \headheight=14.22636pt
* \headsep=0.0pt
* \topskip=11.0pt
* \footskip=14.22636pt
* \marginparwidth=4.0pt
* \marginparsep=10.0pt
* \columnsep=10.0pt
* \skip\footins=10.0pt plus 4.0pt minus 2.0pt
* \hoffset=0.0pt
* \voffset=0.0pt
* \mag=1000
* \@twocolumnfalse
* \@twosidefalse
* \@mparswitchfalse
* \@reversemarginfalse
* (1in=72.27pt=25.4mm, 1cm=28.453pt)

(/usr/share/texmf-dist/tex/context/base/mkii/supp-pdf.mkii
[Loading MPS to PDF converter (version 2006.09.02).]
\scratchcounter=\count327
\scratchdimen=\dimen297
\scratchbox=\box73
\nofMPsegments=\count328
\nofMParguments=\count329
\everyMPshowfont=\toks44
\MPscratchCnt=\count330
\MPscratchDim=\dimen298
\MPnumerator=\count331
\makeMPintoPDFobject=\count332
\everyMPtoPDFconversion=\toks45
) (/usr/share/texmf-dist/tex/latex/epstopdf-pkg/epstopdf-base.sty
Package: epstopdf-base 2020-01-24 v2.11 Base part for package epstopdf
Package epstopdf-base Info: Redefining graphics rule for `.eps' on input line 4
85.

(/usr/share/texmf-dist/tex/latex/latexconfig/epstopdf-sys.cfg
File: epstopdf-sys.cfg 2010/07/13 v1.3 Configuration of (r)epstopdf for TeX Liv
e
))
Package hyperref Info: Link coloring OFF on input line 32.

(/usr/share/texmf-dist/tex/latex/hyperref/nameref.sty
Package: nameref 2021-04-02 v2.47 Cross-referencing by name of section

(/usr/share/texmf-dist/tex/latex/refcount/refcount.sty
Package: refcount 2019/12/15 v3.6 Data extraction from label references (HO)
)
(/usr/share/texmf-dist/tex/generic/gettitlestring/gettitlestring.sty
Package: gettitlestring 2019/12/15 v1.6 Cleanup title references (HO)
)
\c@section@level=\count333
)
LaTeX Info: Redefining \ref on input line 32.
LaTeX Info: Redefining \pageref on input line 32.
LaTeX Info: Redefining \nameref on input line 32.

(./pContinuousTemperatureMeasurement.out)
(./pContinuousTemperatureMeasurement.out)
\@outlinefile=\write5
\openout5 = `pContinuousTemperatureMeasurement.out'.

LaTeX Font Info:    Overwriting symbol font `operators' in version `normal'
(Font)                  OT1/cmr/m/n --> OT1/cmss/m/n on input line 32.
LaTeX Font Info:    Overwriting symbol font `operators' in version `bold'
(Font)                  OT1/cmr/bx/n --> OT1/cmss/b/n on input line 32.
\symnumbers=\mathgroup6
\sympureletters=\mathgroup7
LaTeX Font Info:    Overwriting math alphabet `\mathrm' in version `normal'
(Font)                  OT1/cmss/m/n --> OT1/cmr/m/n on input line 32.
LaTeX Font Info:    Redeclaring math alphabet \mathbf on input line 32.
LaTeX Font Info:    Overwriting math alphabet `\mathbf' in version `normal'
(Font)                  OT1/cmr/bx/n --> OT1/cmss/b/n on input line 32.
LaTeX Font Info:    Overwriting math alphabet `\mathbf' in version `bold'
(Font)                  OT1/cmr/bx/n --> OT1/cmss/b/n on input line 32.
LaTeX Font Info:    Redeclaring math alphabet \mathsf on input line 32.
LaTeX Font Info:    Overwriting math alphabet `\mathsf' in version `normal'
(Font)                  OT1/cmss/m/n --> OT1/cmss/m/n on input line 32.
LaTeX Font Info:    Overwriting math alphabet `\mathsf' in version `bold'
(Font)                  OT1/cmss/bx/n --> OT1/cmss/m/n on input line 32.
LaTeX Font Info:    Redeclaring math alphabet \mathit on input line 32.
LaTeX Font Info:    Overwriting math alphabet `\mathit' in version `normal'
(Font)                  OT1/cmr/m/it --> OT1/cmss/m/it on input line 32.
LaTeX Font Info:    Overwriting math alphabet `\mathit' in version `bold'
(Font)                  OT1/cmr/bx/it --> OT1/cmss/m/it on input line 32.
LaTeX Font Info:    Redeclaring math alphabet \mathtt on input line 32.
LaTeX Font Info:    Overwriting math alphabet `\mathtt' in version `normal'
(Font)                  OT1/cmtt/m/n --> OT1/cmtt/m/n on input line 32.
LaTeX Font Info:    Overwriting math alphabet `\mathtt' in version `bold'
(Font)                  OT1/cmtt/m/n --> OT1/cmtt/m/n on input line 32.
LaTeX Font Info:    Overwriting symbol font `numbers' in version `bold'
(Font)                  OT1/cmss/m/n --> OT1/cmss/b/n on input line 32.
LaTeX Font Info:    Overwriting symbol font `pureletters' in version `bold'
(Font)                  OT1/cmss/m/it --> OT1/cmss/b/it on input line 32.
LaTeX Font Info:    Overwriting math alphabet `\mathrm' in version `bold'
(Font)                  OT1/cmss/b/n --> OT1/cmr/b/n on input line 32.
LaTeX Font Info:    Overwriting math alphabet `\mathbf' in version `bold'
(Font)                  OT1/cmss/b/n --> OT1/cmss/b/n on input line 32.
LaTeX Font Info:    Overwriting math alphabet `\mathsf' in version `bold'
(Font)                  OT1/cmss/m/n --> OT1/cmss/b/n on input line 32.
LaTeX Font Info:    Overwriting math alphabet `\mathit' in version `bold'
(Font)                  OT1/cmss/m/it --> OT1/cmss/b/it on input line 32.
LaTeX Font Info:    Overwriting math alphabet `\mathtt' in version `bold'
(Font)                  OT1/cmtt/m/n --> OT1/cmtt/b/n on input line 32.
LaTeX Font Info:    Redeclaring symbol font `pureletters' on input line 32.
LaTeX Font Info:    Overwriting symbol font `pureletters' in version `normal'
(Font)                  OT1/cmss/m/it --> OT1/mathkerncmss/m/sl on input line 3
2.
LaTeX Font Info:    Overwriting symbol font `pureletters' in version `bold'
(Font)                  OT1/cmss/b/it --> OT1/mathkerncmss/m/sl on input line 3
2.
LaTeX Font Info:    Overwriting symbol font `pureletters' in version `bold'
(Font)                  OT1/mathkerncmss/m/sl --> OT1/mathkerncmss/bx/sl on inp
ut line 32.

(/usr/share/texmf-dist/tex/latex/translator/translator-basic-dictionary-English
.dict
Dictionary: translator-basic-dictionary, Language: English 
)
(/usr/share/texmf-dist/tex/latex/translator/translator-bibliography-dictionary-
English.dict
Dictionary: translator-bibliography-dictionary, Language: English 
)
(/usr/share/texmf-dist/tex/latex/translator/translator-environment-dictionary-E
nglish.dict
Dictionary: translator-environment-dictionary, Language: English 
)
(/usr/share/texmf-dist/tex/latex/translator/translator-months-dictionary-Englis
h.dict
Dictionary: translator-months-dictionary, Language: English 
)
(/usr/share/texmf-dist/tex/latex/translator/translator-numbers-dictionary-Engli
sh.dict
Dictionary: translator-numbers-dictionary, Language: English 
)
(/usr/share/texmf-dist/tex/latex/translator/translator-theorem-dictionary-Engli
sh.dict
Dictionary: translator-theorem-dictionary, Language: English 
) (./pContinuousTemperatureMeasurement.nav) [1

{/var/lib/texmf/fonts/map/pdftex/updmap/pdftex.map}]
LaTeX Font Info:    Trying to load font information for U+msa on input line 56.

 (/usr/share/texmf-dist/tex/latex/amsfonts/umsa.fd
File: umsa.fd 2013/01/14 v3.01 AMS symbols A
)
LaTeX Font Info:    Trying to load font information for U+msb on input line 56.


(/usr/share/texmf-dist/tex/latex/amsfonts/umsb.fd
File: umsb.fd 2013/01/14 v3.01 AMS symbols B
)
LaTeX Font Info:    Trying to load font information for OT1+mathkerncmss on inp
ut line 56.

(/usr/share/texmf-dist/tex/latex/sansmathaccent/ot1mathkerncmss.fd
File: ot1mathkerncmss.fd 2020/01/31 Fontinst v1.933 font definitions for OT1/ma
thkerncmss.
)

Package amsmath Warning: Foreign command \over;
(amsmath)                \frac or \genfrac should be used instead
(amsmath)                 on input line 56.

[2

] [3

] [4

] [5

]
Package epstopdf Info: Source file: <temp01.eps>
(epstopdf)                    date: 2020-06-12 13:07:23
(epstopdf)                    size: 8470 bytes
(epstopdf)             Output file: <temp01-eps-converted-to.pdf>
(epstopdf)                    date: 2020-09-14 10:13:14
(epstopdf)                    size: 5659 bytes
(epstopdf)             Command: <repstopdf --outfile=temp01-eps-converted-to.pd
f temp01.eps>
(epstopdf)             \includegraphics on input line 154.
Package epstopdf Info: Output file is already uptodate.
<temp01-eps-converted-to.pdf, id=152, 325.215pt x 35.13126pt>
File: temp01-eps-converted-to.pdf Graphic file (type pdf)
<use temp01-eps-converted-to.pdf>
Package pdftex.def Info: temp01-eps-converted-to.pdf  used on input line 154.
(pdftex.def)             Requested size: 325.2142pt x 35.13115pt.
Package epstopdf Info: Source file: <temp02.eps>
(epstopdf)                    date: 2020-06-12 13:07:23
(epstopdf)                    size: 9049 bytes
(epstopdf)             Output file: <temp02-eps-converted-to.pdf>
(epstopdf)                    date: 2020-09-14 10:13:15
(epstopdf)                    size: 5578 bytes
(epstopdf)             Command: <repstopdf --outfile=temp02-eps-converted-to.pd
f temp02.eps>
(epstopdf)             \includegraphics on input line 154.
Package epstopdf Info: Output file is already uptodate.
<temp02-eps-converted-to.pdf, id=153, 276.03125pt x 44.165pt>
File: temp02-eps-converted-to.pdf Graphic file (type pdf)
<use temp02-eps-converted-to.pdf>
Package pdftex.def Info: temp02-eps-converted-to.pdf  used on input line 154.
(pdftex.def)             Requested size: 276.03056pt x 44.16487pt.
 [6

 <./temp01-eps-converted-to.pdf> <./temp02-eps-converted-to.pdf>]
Package epstopdf Info: Source file: <temp10.eps>
(epstopdf)                    date: 2020-06-12 13:07:23
(epstopdf)                    size: 8999 bytes
(epstopdf)             Output file: <temp10-eps-converted-to.pdf>
(epstopdf)                    date: 2020-09-14 10:13:19
(epstopdf)                    size: 4621 bytes
(epstopdf)             Command: <repstopdf --outfile=temp10-eps-converted-to.pd
f temp10.eps>
(epstopdf)             \includegraphics on input line 237.
Package epstopdf Info: Output file is already uptodate.
<temp10-eps-converted-to.pdf, id=193, 253.94875pt x 82.3075pt>
File: temp10-eps-converted-to.pdf Graphic file (type pdf)
<use temp10-eps-converted-to.pdf>
Package pdftex.def Info: temp10-eps-converted-to.pdf  used on input line 237.
(pdftex.def)             Requested size: 398.3386pt x 129.11pt.
 [7

 <./temp10-eps-converted-to.pdf>] [8

] [9

]
Package epstopdf Info: Source file: <temp11.eps>
(epstopdf)                    date: 2020-06-12 13:07:23
(epstopdf)                    size: 10438 bytes
(epstopdf)             Output file: <temp11-eps-converted-to.pdf>
(epstopdf)                    date: 2020-09-14 10:13:20
(epstopdf)                    size: 10483 bytes
(epstopdf)             Command: <repstopdf --outfile=temp11-eps-converted-to.pd
f temp11.eps>
(epstopdf)             \includegraphics on input line 326.
Package epstopdf Info: Output file is already uptodate.
<temp11-eps-converted-to.pdf, id=275, 423.5825pt x 235.88126pt>
File: temp11-eps-converted-to.pdf Graphic file (type pdf)
<use temp11-eps-converted-to.pdf>
Package pdftex.def Info: temp11-eps-converted-to.pdf  used on input line 326.
(pdftex.def)             Requested size: 398.3386pt x 221.83278pt.

Overfull \vbox (17.23149pt too high) detected at line 326
 []

[10

 <./temp11-eps-converted-to.pdf>]
Package epstopdf Info: Source file: <temp17.eps>
(epstopdf)                    date: 2020-06-12 13:07:23
(epstopdf)                    size: 11678 bytes
(epstopdf)             Output file: <temp17-eps-converted-to.pdf>
(epstopdf)                    date: 2020-09-14 10:13:20
(epstopdf)                    size: 11068 bytes
(epstopdf)             Command: <repstopdf --outfile=temp17-eps-converted-to.pd
f temp17.eps>
(epstopdf)             \includegraphics on input line 351.
Package epstopdf Info: Output file is already uptodate.
<temp17-eps-converted-to.pdf, id=315, 424.58624pt x 166.6225pt>
File: temp17-eps-converted-to.pdf Graphic file (type pdf)
<use temp17-eps-converted-to.pdf>
Package pdftex.def Info: temp17-eps-converted-to.pdf  used on input line 351.
(pdftex.def)             Requested size: 322.65327pt x 126.62677pt.
 [11

 <./temp17-eps-converted-to.pdf>]
Package epstopdf Info: Source file: <temp18.eps>
(epstopdf)                    date: 2020-06-12 13:07:23
(epstopdf)                    size: 11380 bytes
(epstopdf)             Output file: <temp18-eps-converted-to.pdf>
(epstopdf)                    date: 2020-09-14 10:13:21
(epstopdf)                    size: 11139 bytes
(epstopdf)             Command: <repstopdf --outfile=temp18-eps-converted-to.pd
f temp18.eps>
(epstopdf)             \includegraphics on input line 377.
Package epstopdf Info: Output file is already uptodate.
<temp18-eps-converted-to.pdf, id=355, 417.56pt x 159.59625pt>
File: temp18-eps-converted-to.pdf Graphic file (type pdf)
<use temp18-eps-converted-to.pdf>
Package pdftex.def Info: temp18-eps-converted-to.pdf  used on input line 377.
(pdftex.def)             Requested size: 398.3386pt x 152.25845pt.

[12

 <./temp18-eps-converted-to.pdf>]
Package epstopdf Info: Source file: <temp31.eps>
(epstopdf)                    date: 2020-06-12 13:07:23
(epstopdf)                    size: 43589 bytes
(epstopdf)             Output file: <temp31-eps-converted-to.pdf>
(epstopdf)                    date: 2020-09-14 10:13:22
(epstopdf)                    size: 36357 bytes
(epstopdf)             Command: <repstopdf --outfile=temp31-eps-converted-to.pd
f temp31.eps>
(epstopdf)             \includegraphics on input line 413.
Package epstopdf Info: Output file is already uptodate.
<temp31-eps-converted-to.pdf, id=396, 557.08125pt x 704.6325pt>
File: temp31-eps-converted-to.pdf Graphic file (type pdf)
<use temp31-eps-converted-to.pdf>
Package pdftex.def Info: temp31-eps-converted-to.pdf  used on input line 413.
(pdftex.def)             Requested size: 157.46074pt x 199.16928pt.
 [13

 <./temp31-eps-converted-to.pdf>]
Package epstopdf Info: Source file: <temp53.eps>
(epstopdf)                    date: 2020-06-12 13:07:23
(epstopdf)                    size: 17430 bytes
(epstopdf)             Output file: <temp53-eps-converted-to.pdf>
(epstopdf)                    date: 2020-09-14 10:13:23
(epstopdf)                    size: 9448 bytes
(epstopdf)             Command: <repstopdf --outfile=temp53-eps-converted-to.pd
f temp53.eps>
(epstopdf)             \includegraphics on input line 436.
Package epstopdf Info: Output file is already uptodate.
<temp53-eps-converted-to.pdf, id=425, 420.57124pt x 175.65625pt>
File: temp53-eps-converted-to.pdf Graphic file (type pdf)
<use temp53-eps-converted-to.pdf>
Package pdftex.def Info: temp53-eps-converted-to.pdf  used on input line 436.
(pdftex.def)             Requested size: 398.3386pt x 166.37126pt.

[14

 <./temp53-eps-converted-to.pdf>]
Package epstopdf Info: Source file: <temp54.eps>
(epstopdf)                    date: 2020-06-12 13:07:23
(epstopdf)                    size: 22396 bytes
(epstopdf)             Output file: <temp54-eps-converted-to.pdf>
(epstopdf)                    date: 2020-09-14 10:13:23
(epstopdf)                    size: 14321 bytes
(epstopdf)             Command: <repstopdf --outfile=temp54-eps-converted-to.pd
f temp54.eps>
(epstopdf)             \includegraphics on input line 453.
Package epstopdf Info: Output file is already uptodate.
<temp54-eps-converted-to.pdf, id=458, 329.23pt x 397.485pt>
File: temp54-eps-converted-to.pdf Graphic file (type pdf)
<use temp54-eps-converted-to.pdf>
Package pdftex.def Info: temp54-eps-converted-to.pdf  used on input line 453.
(pdftex.def)             Requested size: 164.97127pt x 199.16928pt.
 [15

 <./temp54-eps-converted-to.pdf>]
Package epstopdf Info: Source file: <temp55.eps>
(epstopdf)                    date: 2020-06-12 13:07:23
(epstopdf)                    size: 12873 bytes
(epstopdf)             Output file: <temp55-eps-converted-to.pdf>
(epstopdf)                    date: 2020-09-14 10:13:24
(epstopdf)                    size: 10410 bytes
(epstopdf)             Command: <repstopdf --outfile=temp55-eps-converted-to.pd
f temp55.eps>
(epstopdf)             \includegraphics on input line 466.
Package epstopdf Info: Output file is already uptodate.
<temp55-eps-converted-to.pdf, id=495, 141.52875pt x 188.705pt>
File: temp55-eps-converted-to.pdf Graphic file (type pdf)
<use temp55-eps-converted-to.pdf>
Package pdftex.def Info: temp55-eps-converted-to.pdf  used on input line 466.
(pdftex.def)             Requested size: 149.3762pt x 199.16928pt.

[16

 <./temp55-eps-converted-to.pdf>]
Package epstopdf Info: Source file: <temp56.eps>
(epstopdf)                    date: 2020-06-12 13:07:23
(epstopdf)                    size: 15882 bytes
(epstopdf)             Output file: <temp56-eps-converted-to.pdf>
(epstopdf)                    date: 2020-09-14 10:13:25
(epstopdf)                    size: 8934 bytes
(epstopdf)             Command: <repstopdf --outfile=temp56-eps-converted-to.pd
f temp56.eps>
(epstopdf)             \includegraphics on input line 479.
Package epstopdf Info: Output file is already uptodate.
<temp56-eps-converted-to.pdf, id=531, 333.245pt x 188.705pt>
File: temp56-eps-converted-to.pdf Graphic file (type pdf)
<use temp56-eps-converted-to.pdf>
Package pdftex.def Info: temp56-eps-converted-to.pdf  used on input line 479.
(pdftex.def)             Requested size: 351.7227pt x 199.16928pt.
 [17

 <./temp56-eps-converted-to.pdf>]
Package epstopdf Info: Source file: <temp03.eps>
(epstopdf)                    date: 2020-06-12 13:07:23
(epstopdf)                    size: 8725 bytes
(epstopdf)             Output file: <temp03-eps-converted-to.pdf>
(epstopdf)                    date: 2020-09-14 10:13:25
(epstopdf)                    size: 5190 bytes
(epstopdf)             Command: <repstopdf --outfile=temp03-eps-converted-to.pd
f temp03.eps>
(epstopdf)             \includegraphics on input line 529.
Package epstopdf Info: Output file is already uptodate.
<temp03-eps-converted-to.pdf, id=564, 268.00125pt x 92.345pt>
File: temp03-eps-converted-to.pdf Graphic file (type pdf)
<use temp03-eps-converted-to.pdf>
Package pdftex.def Info: temp03-eps-converted-to.pdf  used on input line 529.
(pdftex.def)             Requested size: 398.3386pt x 137.25461pt.

[18

 <./temp03-eps-converted-to.pdf>]
Package epstopdf Info: Source file: <temp04.eps>
(epstopdf)                    date: 2020-06-12 13:07:23
(epstopdf)                    size: 9321 bytes
(epstopdf)             Output file: <temp04-eps-converted-to.pdf>
(epstopdf)                    date: 2020-09-14 10:13:26
(epstopdf)                    size: 6142 bytes
(epstopdf)             Command: <repstopdf --outfile=temp04-eps-converted-to.pd
f temp04.eps>
(epstopdf)             \includegraphics on input line 538.
Package epstopdf Info: Output file is already uptodate.
<temp04-eps-converted-to.pdf, id=595, 316.18124pt x 139.52126pt>
File: temp04-eps-converted-to.pdf Graphic file (type pdf)
<use temp04-eps-converted-to.pdf>
Package pdftex.def Info: temp04-eps-converted-to.pdf  used on input line 538.
(pdftex.def)             Requested size: 398.3386pt x 175.78705pt.
 [19

 <./temp04-eps-converted-to.pdf>]
[20

]
Package epstopdf Info: Source file: <temp28.eps>
(epstopdf)                    date: 2020-06-12 13:07:23
(epstopdf)                    size: 48117 bytes
(epstopdf)             Output file: <temp28-eps-converted-to.pdf>
(epstopdf)                    date: 2020-09-14 10:13:26
(epstopdf)                    size: 39921 bytes
(epstopdf)             Command: <repstopdf --outfile=temp28-eps-converted-to.pd
f temp28.eps>
(epstopdf)             \includegraphics on input line 622.
Package epstopdf Info: Output file is already uptodate.
<temp28-eps-converted-to.pdf, id=656, 557.08125pt x 370.38374pt>
File: temp28-eps-converted-to.pdf Graphic file (type pdf)
<use temp28-eps-converted-to.pdf>
Package pdftex.def Info: temp28-eps-converted-to.pdf  used on input line 622.
(pdftex.def)             Requested size: 299.56984pt x 199.16928pt.
 [21

 <./temp28-eps-converted-to.pdf>]
Package epstopdf Info: Source file: <temp29.eps>
(epstopdf)                    date: 2020-06-12 13:07:23
(epstopdf)                    size: 137230 bytes
(epstopdf)             Output file: <temp29-eps-converted-to.pdf>
(epstopdf)                    date: 2020-09-14 10:13:27
(epstopdf)                    size: 110109 bytes
(epstopdf)             Command: <repstopdf --outfile=temp29-eps-converted-to.pd
f temp29.eps>
(epstopdf)             \includegraphics on input line 637.
Package epstopdf Info: Output file is already uptodate.
<temp29-eps-converted-to.pdf, id=684, 557.08125pt x 255.95625pt>
File: temp29-eps-converted-to.pdf Graphic file (type pdf)
<use temp29-eps-converted-to.pdf>
Package pdftex.def Info: temp29-eps-converted-to.pdf  used on input line 637.
(pdftex.def)             Requested size: 433.48459pt x 199.16928pt.

Overfull \hbox (35.146pt too wide) detected at line 637
[]
 []

[22

 <./temp29-eps-converted-to.pdf>]
Package epstopdf Info: Source file: <temp33.eps>
(epstopdf)                    date: 2020-06-12 13:07:23
(epstopdf)                    size: 41784 bytes
(epstopdf)             Output file: <temp33-eps-converted-to.pdf>
(epstopdf)                    date: 2020-09-14 10:13:28
(epstopdf)                    size: 34942 bytes
(epstopdf)             Command: <repstopdf --outfile=temp33-eps-converted-to.pd
f temp33.eps>
(epstopdf)             \includegraphics on input line 650.
Package epstopdf Info: Output file is already uptodate.
<temp33-eps-converted-to.pdf, id=713, 557.08125pt x 251.94125pt>
File: temp33-eps-converted-to.pdf Graphic file (type pdf)
<use temp33-eps-converted-to.pdf>
Package pdftex.def Info: temp33-eps-converted-to.pdf  used on input line 650.
(pdftex.def)             Requested size: 440.39539pt x 199.16928pt.

Overfull \hbox (42.0568pt too wide) detected at line 650
[]
 []

[23

 <./temp33-eps-converted-to.pdf>]
Package epstopdf Info: Source file: <temp34.eps>
(epstopdf)                    date: 2020-06-12 13:07:23
(epstopdf)                    size: 94332 bytes
(epstopdf)             Output file: <temp34-eps-converted-to.pdf>
(epstopdf)                    date: 2020-09-14 10:13:28
(epstopdf)                    size: 76325 bytes
(epstopdf)             Command: <repstopdf --outfile=temp34-eps-converted-to.pd
f temp34.eps>
(epstopdf)             \includegraphics on input line 663.
Package epstopdf Info: Output file is already uptodate.
<temp34-eps-converted-to.pdf, id=741, 557.08125pt x 554.07pt>
File: temp34-eps-converted-to.pdf Graphic file (type pdf)
<use temp34-eps-converted-to.pdf>
Package pdftex.def Info: temp34-eps-converted-to.pdf  used on input line 663.
(pdftex.def)             Requested size: 200.25159pt x 199.16928pt.
 [24

 <./temp34-eps-converted-to.pdf>]
Package epstopdf Info: Source file: <temp30.eps>
(epstopdf)                    date: 2020-06-12 13:07:23
(epstopdf)                    size: 9633 bytes
(epstopdf)             Output file: <temp30-eps-converted-to.pdf>
(epstopdf)                    date: 2020-09-14 10:13:29
(epstopdf)                    size: 6019 bytes
(epstopdf)             Command: <repstopdf --outfile=temp30-eps-converted-to.pd
f temp30.eps>
(epstopdf)             \includegraphics on input line 684.
Package epstopdf Info: Output file is already uptodate.
<temp30-eps-converted-to.pdf, id=769, 348.30125pt x 178.6675pt>
File: temp30-eps-converted-to.pdf Graphic file (type pdf)
<use temp30-eps-converted-to.pdf>
Package pdftex.def Info: temp30-eps-converted-to.pdf  used on input line 684.
(pdftex.def)             Requested size: 388.28777pt x 199.16928pt.

[25

 <./temp30-eps-converted-to.pdf>]
Package epstopdf Info: Source file: <temp32.eps>
(epstopdf)                    date: 2020-06-12 13:07:23
(epstopdf)                    size: 12905 bytes
(epstopdf)             Output file: <temp32-eps-converted-to.pdf>
(epstopdf)                    date: 2020-09-14 10:13:29
(epstopdf)                    size: 11589 bytes
(epstopdf)             Command: <repstopdf --outfile=temp32-eps-converted-to.pd
f temp32.eps>
(epstopdf)             \includegraphics on input line 707.
Package epstopdf Info: Output file is already uptodate.
<temp32-eps-converted-to.pdf, id=800, 379.4175pt x 222.8325pt>
File: temp32-eps-converted-to.pdf Graphic file (type pdf)
<use temp32-eps-converted-to.pdf>
Package pdftex.def Info: temp32-eps-converted-to.pdf  used on input line 707.
(pdftex.def)             Requested size: 290.68185pt x 170.71652pt.
 [26

 <./temp32-eps-converted-to.pdf>]
Package epstopdf Info: Source file: <temp05.eps>
(epstopdf)                    date: 2020-06-12 13:07:23
(epstopdf)                    size: 9469 bytes
(epstopdf)             Output file: <temp05-eps-converted-to.pdf>
(epstopdf)                    date: 2020-09-14 10:13:30
(epstopdf)                    size: 6452 bytes
(epstopdf)             Command: <repstopdf --outfile=temp05-eps-converted-to.pd
f temp05.eps>
(epstopdf)             \includegraphics on input line 738.
Package epstopdf Info: Output file is already uptodate.
<temp05-eps-converted-to.pdf, id=840, 316.18124pt x 107.40125pt>
File: temp05-eps-converted-to.pdf Graphic file (type pdf)
<use temp05-eps-converted-to.pdf>
Package pdftex.def Info: temp05-eps-converted-to.pdf  used on input line 738.
(pdftex.def)             Requested size: 398.3386pt x 135.31807pt.

[27

 <./temp05-eps-converted-to.pdf>]
Package epstopdf Info: Source file: <temp06.eps>
(epstopdf)                    date: 2020-06-12 13:07:23
(epstopdf)                    size: 9769 bytes
(epstopdf)             Output file: <temp06-eps-converted-to.pdf>
(epstopdf)                    date: 2020-09-14 10:13:31
(epstopdf)                    size: 10660 bytes
(epstopdf)             Command: <repstopdf --outfile=temp06-eps-converted-to.pd
f temp06.eps>
(epstopdf)             \includegraphics on input line 755.
Package epstopdf Info: Output file is already uptodate.
<temp06-eps-converted-to.pdf, id=873, 316.18124pt x 158.5925pt>
File: temp06-eps-converted-to.pdf Graphic file (type pdf)
<use temp06-eps-converted-to.pdf>
Package pdftex.def Info: temp06-eps-converted-to.pdf  used on input line 755.
(pdftex.def)             Requested size: 397.11197pt x 199.16928pt.
 [28

 <./temp06-eps-converted-to.pdf>]
[29

]
Package epstopdf Info: Source file: <temp45.eps>
(epstopdf)                    date: 2020-06-12 13:07:23
(epstopdf)                    size: 13832 bytes
(epstopdf)             Output file: <temp45-eps-converted-to.pdf>
(epstopdf)                    date: 2020-09-14 10:13:31
(epstopdf)                    size: 14884 bytes
(epstopdf)             Command: <repstopdf --outfile=temp45-eps-converted-to.pd
f temp45.eps>
(epstopdf)             \includegraphics on input line 788.
Package epstopdf Info: Output file is already uptodate.
<temp45-eps-converted-to.pdf, id=939, 381.425pt x 256.96pt>
File: temp45-eps-converted-to.pdf Graphic file (type pdf)
<use temp45-eps-converted-to.pdf>
Package pdftex.def Info: temp45-eps-converted-to.pdf  used on input line 788.
(pdftex.def)             Requested size: 295.64787pt x 199.16928pt.
 [30

 <./temp45-eps-converted-to.pdf>]
Package epstopdf Info: Source file: <temp36.eps>
(epstopdf)                    date: 2020-06-12 13:07:23
(epstopdf)                    size: 11930 bytes
(epstopdf)             Output file: <temp36-eps-converted-to.pdf>
(epstopdf)                    date: 2020-09-14 10:13:36
(epstopdf)                    size: 10558 bytes
(epstopdf)             Command: <repstopdf --outfile=temp36-eps-converted-to.pd
f temp36.eps>
(epstopdf)             \includegraphics on input line 917.
Package epstopdf Info: Output file is already uptodate.
<temp36-eps-converted-to.pdf, id=978, 399.4925pt x 268.00125pt>
File: temp36-eps-converted-to.pdf Graphic file (type pdf)
<use temp36-eps-converted-to.pdf>
Package pdftex.def Info: temp36-eps-converted-to.pdf  used on input line 917.
(pdftex.def)             Requested size: 296.88773pt x 199.16928pt.
 [31

 <./temp36-eps-converted-to.pdf>]
Package epstopdf Info: Source file: <temp35.eps>
(epstopdf)                    date: 2020-06-12 13:07:23
(epstopdf)                    size: 15529 bytes
(epstopdf)             Output file: <temp35-eps-converted-to.pdf>
(epstopdf)                    date: 2020-09-14 10:13:36
(epstopdf)                    size: 12060 bytes
(epstopdf)             Command: <repstopdf --outfile=temp35-eps-converted-to.pd
f temp35.eps>
(epstopdf)             \includegraphics on input line 931.
Package epstopdf Info: Output file is already uptodate.
<temp35-eps-converted-to.pdf, id=1016, 441.65pt x 265.99374pt>
File: temp35-eps-converted-to.pdf Graphic file (type pdf)
<use temp35-eps-converted-to.pdf>
Package pdftex.def Info: temp35-eps-converted-to.pdf  used on input line 931.
(pdftex.def)             Requested size: 330.70428pt x 199.16928pt.

[32

 <./temp35-eps-converted-to.pdf>]
Package epstopdf Info: Source file: <temp37.eps>
(epstopdf)                    date: 2020-06-12 13:07:23
(epstopdf)                    size: 15498 bytes
(epstopdf)             Output file: <temp37-eps-converted-to.pdf>
(epstopdf)                    date: 2020-09-14 10:13:37
(epstopdf)                    size: 10978 bytes
(epstopdf)             Command: <repstopdf --outfile=temp37-eps-converted-to.pd
f temp37.eps>
(epstopdf)             \includegraphics on input line 946.
Package epstopdf Info: Output file is already uptodate.
<temp37-eps-converted-to.pdf, id=1053, 423.5825pt x 265.99374pt>
File: temp37-eps-converted-to.pdf Graphic file (type pdf)
<use temp37-eps-converted-to.pdf>
Package pdftex.def Info: temp37-eps-converted-to.pdf  used on input line 946.
(pdftex.def)             Requested size: 317.17549pt x 199.16928pt.
 [33

 <./temp37-eps-converted-to.pdf>]
Package epstopdf Info: Source file: <temp38.eps>
(epstopdf)                    date: 2020-06-12 13:07:23
(epstopdf)                    size: 15505 bytes
(epstopdf)             Output file: <temp38-eps-converted-to.pdf>
(epstopdf)                    date: 2020-09-14 10:13:38
(epstopdf)                    size: 11360 bytes
(epstopdf)             Command: <repstopdf --outfile=temp38-eps-converted-to.pd
f temp38.eps>
(epstopdf)             \includegraphics on input line 963.
Package epstopdf Info: Output file is already uptodate.
<temp38-eps-converted-to.pdf, id=1089, 423.5825pt x 265.99374pt>
File: temp38-eps-converted-to.pdf Graphic file (type pdf)
<use temp38-eps-converted-to.pdf>
Package pdftex.def Info: temp38-eps-converted-to.pdf  used on input line 963.
(pdftex.def)             Requested size: 317.17549pt x 199.16928pt.

[34

 <./temp38-eps-converted-to.pdf>] [35

]
Package epstopdf Info: Source file: <temp39.eps>
(epstopdf)                    date: 2020-06-12 13:07:23
(epstopdf)                    size: 10729 bytes
(epstopdf)             Output file: <temp39-eps-converted-to.pdf>
(epstopdf)                    date: 2020-09-14 10:13:45
(epstopdf)                    size: 10020 bytes
(epstopdf)             Command: <repstopdf --outfile=temp39-eps-converted-to.pd
f temp39.eps>
(epstopdf)             \includegraphics on input line 1115.
Package epstopdf Info: Output file is already uptodate.
<temp39-eps-converted-to.pdf, id=1150, 289.08pt x 213.79875pt>
File: temp39-eps-converted-to.pdf Graphic file (type pdf)
<use temp39-eps-converted-to.pdf>
Package pdftex.def Info: temp39-eps-converted-to.pdf  used on input line 1115.
(pdftex.def)             Requested size: 269.30035pt x 199.16928pt.
 [36

 <./temp39-eps-converted-to.pdf>]
Package epstopdf Info: Source file: <temp51.eps>
(epstopdf)                    date: 2020-06-12 13:07:23
(epstopdf)                    size: 837917 bytes
(epstopdf)             Output file: <temp51-eps-converted-to.pdf>
(epstopdf)                    date: 2020-09-14 10:13:52
(epstopdf)                    size: 663707 bytes
(epstopdf)             Command: <repstopdf --outfile=temp51-eps-converted-to.pd
f temp51.eps>
(epstopdf)             \includegraphics on input line 1376.
Package epstopdf Info: Output file is already uptodate.
<temp51-eps-converted-to.pdf, id=1187, 557.08125pt x 418.56375pt>
File: temp51-eps-converted-to.pdf Graphic file (type pdf)
<use temp51-eps-converted-to.pdf>
Package pdftex.def Info: temp51-eps-converted-to.pdf  used on input line 1376.
(pdftex.def)             Requested size: 265.07536pt x 199.16928pt.

[37

 <./temp51-eps-converted-to.pdf>]
Package epstopdf Info: Source file: <temp52.eps>
(epstopdf)                    date: 2020-06-12 13:07:23
(epstopdf)                    size: 854317 bytes
(epstopdf)             Output file: <temp52-eps-converted-to.pdf>
(epstopdf)                    date: 2020-09-14 10:13:57
(epstopdf)                    size: 676630 bytes
(epstopdf)             Command: <repstopdf --outfile=temp52-eps-converted-to.pd
f temp52.eps>
(epstopdf)             \includegraphics on input line 1390.
Package epstopdf Info: Output file is already uptodate.
<temp52-eps-converted-to.pdf, id=1216, 557.08125pt x 418.56375pt>
File: temp52-eps-converted-to.pdf Graphic file (type pdf)
<use temp52-eps-converted-to.pdf>
Package pdftex.def Info: temp52-eps-converted-to.pdf  used on input line 1390.
(pdftex.def)             Requested size: 265.07536pt x 199.16928pt.
 [38

 <./temp52-eps-converted-to.pdf>]
Package epstopdf Info: Source file: <temp20.eps>
(epstopdf)                    date: 2020-06-12 13:07:23
(epstopdf)                    size: 14965 bytes
(epstopdf)             Output file: <temp20-eps-converted-to.pdf>
(epstopdf)                    date: 2020-09-14 10:14:02
(epstopdf)                    size: 7391 bytes
(epstopdf)             Command: <repstopdf --outfile=temp20-eps-converted-to.pd
f temp20.eps>
(epstopdf)             \includegraphics on input line 1423.
Package epstopdf Info: Output file is already uptodate.
<temp20-eps-converted-to.pdf, id=1244, 222.8325pt x 326.21875pt>
File: temp20-eps-converted-to.pdf Graphic file (type pdf)
<use temp20-eps-converted-to.pdf>
Package pdftex.def Info: temp20-eps-converted-to.pdf  used on input line 1423.
(pdftex.def)             Requested size: 136.05342pt x 199.16928pt.

[39

 <./temp20-eps-converted-to.pdf>]
Package epstopdf Info: Source file: <temp21.eps>
(epstopdf)                    date: 2020-06-12 13:07:23
(epstopdf)                    size: 14898 bytes
(epstopdf)             Output file: <temp21-eps-converted-to.pdf>
(epstopdf)                    date: 2020-09-14 10:14:03
(epstopdf)                    size: 7332 bytes
(epstopdf)             Command: <repstopdf --outfile=temp21-eps-converted-to.pd
f temp21.eps>
(epstopdf)             \includegraphics on input line 1435.
Package epstopdf Info: Output file is already uptodate.
<temp21-eps-converted-to.pdf, id=1274, 275.0275pt x 338.26375pt>
File: temp21-eps-converted-to.pdf Graphic file (type pdf)
<use temp21-eps-converted-to.pdf>
Package pdftex.def Info: temp21-eps-converted-to.pdf  used on input line 1435.
(pdftex.def)             Requested size: 161.94168pt x 199.16928pt.
 [40

 <./temp21-eps-converted-to.pdf>]
Package epstopdf Info: Source file: <thermowell_1.eps>
(epstopdf)                    date: 2020-06-12 13:07:23
(epstopdf)                    size: 45010 bytes
(epstopdf)             Output file: <thermowell_1-eps-converted-to.pdf>
(epstopdf)                    date: 2020-09-14 10:14:03
(epstopdf)                    size: 37475 bytes
(epstopdf)             Command: <repstopdf --outfile=thermowell_1-eps-converted
-to.pdf thermowell_1.eps>
(epstopdf)             \includegraphics on input line 1445.
Package epstopdf Info: Output file is already uptodate.
<thermowell_1-eps-converted-to.pdf, id=1305, 557.08125pt x 370.38374pt>
File: thermowell_1-eps-converted-to.pdf Graphic file (type pdf)
<use thermowell_1-eps-converted-to.pdf>
Package pdftex.def Info: thermowell_1-eps-converted-to.pdf  used on input line 
1445.
(pdftex.def)             Requested size: 180.67499pt x 120.12462pt.
Package epstopdf Info: Source file: <thermowell_1_closeup.eps>
(epstopdf)                    date: 2020-06-12 13:07:23
(epstopdf)                    size: 56228 bytes
(epstopdf)             Output file: <thermowell_1_closeup-eps-converted-to.pdf>

(epstopdf)                    date: 2020-09-14 10:14:04
(epstopdf)                    size: 46312 bytes
(epstopdf)             Command: <repstopdf --outfile=thermowell_1_closeup-eps-c
onverted-to.pdf thermowell_1_closeup.eps>
(epstopdf)             \includegraphics on input line 1445.
Package epstopdf Info: Output file is already uptodate.
<thermowell_1_closeup-eps-converted-to.pdf, id=1306, 557.08125pt x 370.38374pt>

File: thermowell_1_closeup-eps-converted-to.pdf Graphic file (type pdf)
<use thermowell_1_closeup-eps-converted-to.pdf>
Package pdftex.def Info: thermowell_1_closeup-eps-converted-to.pdf  used on inp
ut line 1445.
(pdftex.def)             Requested size: 180.67499pt x 120.12462pt.

[41

 <./thermowell_1-eps-converted-to.pdf> <./thermowell_1_closeup-eps-converted-to
.pdf>]
Package epstopdf Info: Source file: <rtd_head.eps>
(epstopdf)                    date: 2020-06-12 13:07:23
(epstopdf)                    size: 71532 bytes
(epstopdf)             Output file: <rtd_head-eps-converted-to.pdf>
(epstopdf)                    date: 2020-09-14 10:14:04
(epstopdf)                    size: 58361 bytes
(epstopdf)             Command: <repstopdf --outfile=rtd_head-eps-converted-to.
pdf rtd_head.eps>
(epstopdf)             \includegraphics on input line 1456.
Package epstopdf Info: Output file is already uptodate.
<rtd_head-eps-converted-to.pdf, id=1336, 557.08125pt x 370.38374pt>
File: rtd_head-eps-converted-to.pdf Graphic file (type pdf)
<use rtd_head-eps-converted-to.pdf>
Package pdftex.def Info: rtd_head-eps-converted-to.pdf  used on input line 1456
.
(pdftex.def)             Requested size: 361.34999pt x 240.25488pt.

Overfull \vbox (35.6536pt too high) detected at line 1456
 []

[42

 <./rtd_head-eps-converted-to.pdf>]
Package epstopdf Info: Source file: <rtd_xmtr.eps>
(epstopdf)                    date: 2020-06-12 13:07:23
(epstopdf)                    size: 164485 bytes
(epstopdf)             Output file: <rtd_xmtr-eps-converted-to.pdf>
(epstopdf)                    date: 2020-09-14 10:14:05
(epstopdf)                    size: 155305 bytes
(epstopdf)             Command: <repstopdf --outfile=rtd_xmtr-eps-converted-to.
pdf rtd_xmtr.eps>
(epstopdf)             \includegraphics on input line 1466.
Package epstopdf Info: Output file is already uptodate.
<rtd_xmtr-eps-converted-to.pdf, id=1364, 557.08125pt x 370.38374pt>
File: rtd_xmtr-eps-converted-to.pdf Graphic file (type pdf)
<use rtd_xmtr-eps-converted-to.pdf>
Package pdftex.def Info: rtd_xmtr-eps-converted-to.pdf  used on input line 1466
.
(pdftex.def)             Requested size: 361.34999pt x 240.25488pt.

Overfull \vbox (35.6536pt too high) detected at line 1466
 []

[43

 <./rtd_xmtr-eps-converted-to.pdf>] [44

]
\tf@nav=\write6
\openout6 = `pContinuousTemperatureMeasurement.nav'.

\tf@toc=\write7
\openout7 = `pContinuousTemperatureMeasurement.toc'.

\tf@snm=\write8
\openout8 = `pContinuousTemperatureMeasurement.snm'.


(./pContinuousTemperatureMeasurement.aux)
Package rerunfilecheck Info: File `pContinuousTemperatureMeasurement.out' has n
ot changed.
(rerunfilecheck)             Checksum: D41D8CD98F00B204E9800998ECF8427E;0.
 ) 
Here is how much of TeX's memory you used:
 20881 strings out of 478994
 382406 string characters out of 5864750
 680562 words of memory out of 5000000
 37797 multiletter control sequences out of 15000+600000
 414934 words of font info for 68 fonts, out of 8000000 for 9000
 1141 hyphenation exceptions out of 8191
 131i,14n,132p,2236b,546s stack positions out of 5000i,500n,10000p,200000b,80000s
</usr/share/texmf-dist/fonts/type1/public/amsfonts/cm/cmmi10.pfb></usr/share/
texmf-dist/fonts/type1/public/amsfonts/cm/cmmi12.pfb></usr/share/texmf-dist/fon
ts/type1/public/amsfonts/cm/cmss10.pfb></usr/share/texmf-dist/fonts/type1/publi
c/amsfonts/cm/cmss12.pfb></usr/share/texmf-dist/fonts/type1/public/amsfonts/cm/
cmss8.pfb></usr/share/texmf-dist/fonts/type1/public/amsfonts/cm/cmssbx10.pfb></
usr/share/texmf-dist/fonts/type1/public/amsfonts/cm/cmssi10.pfb></usr/share/tex
mf-dist/fonts/type1/public/amsfonts/cm/cmssi8.pfb></usr/share/texmf-dist/fonts/
type1/public/amsfonts/cm/cmsy10.pfb></usr/share/texmf-dist/fonts/type1/public/a
msfonts/cm/cmsy8.pfb></usr/share/texmf-dist/fonts/type1/public/amsfonts/symbols
/msam10.pfb>
Output written on pContinuousTemperatureMeasurement.pdf (44 pages, 2226516 byte
s).
PDF statistics:
 1476 PDF objects out of 1728 (max. 8388607)
 1292 compressed objects within 13 object streams
 89 named destinations out of 1000 (max. 500000)
 218 words of extra memory for PDF output out of 10000 (max. 10000000)

