This is pdfTeX, Version 3.141592653-2.6-1.40.27 (TeX Live 2026/dev/Arch Linux) (preloaded format=pdflatex 2025.4.12)  27 SEP 2025 11:10
entering extended mode
 restricted \write18 enabled.
 %&-line parsing enabled.
**pContinuousPressureMeasurement.tex
(./pContinuousPressureMeasurement.tex
LaTeX2e <2024-11-01> patch level 2
L3 programming layer <2025-01-18>
(/usr/share/texmf-dist/tex/latex/beamer/beamer.cls
Document Class: beamer 2025/02/04 v3.72 A class for typesetting presentations
(/usr/share/texmf-dist/tex/latex/beamer/beamerbasemodes.sty
(/usr/share/texmf-dist/tex/latex/etoolbox/etoolbox.sty
Package: etoolbox 2025/02/11 v2.5l e-TeX tools for LaTeX (JAW)
\etb@tempcnta=\count196
)
\beamer@tempbox=\box52
\beamer@tempcount=\count197
\c@beamerpauses=\count198

(/usr/share/texmf-dist/tex/latex/beamer/beamerbasedecode.sty
\beamer@slideinframe=\count199
\beamer@minimum=\count266
\beamer@decode@box=\box53
)
\beamer@commentbox=\box54
\beamer@modecount=\count267
)
(/usr/share/texmf-dist/tex/generic/iftex/iftex.sty
Package: iftex 2024/12/12 v1.0g TeX engine tests
)
\headdp=\dimen141
\footheight=\dimen142
\sidebarheight=\dimen143
\beamer@tempdim=\dimen144
\beamer@finalheight=\dimen145
\beamer@animht=\dimen146
\beamer@animdp=\dimen147
\beamer@animwd=\dimen148
\beamer@leftmargin=\dimen149
\beamer@rightmargin=\dimen150
\beamer@leftsidebar=\dimen151
\beamer@rightsidebar=\dimen152
\beamer@boxsize=\dimen153
\beamer@vboxoffset=\dimen154
\beamer@descdefault=\dimen155
\beamer@descriptionwidth=\dimen156
\beamer@lastskip=\skip49
\beamer@areabox=\box55
\beamer@animcurrent=\box56
\beamer@animshowbox=\box57
\beamer@sectionbox=\box58
\beamer@logobox=\box59
\beamer@linebox=\box60
\beamer@sectioncount=\count268
\beamer@subsubsectionmax=\count269
\beamer@subsectionmax=\count270
\beamer@sectionmax=\count271
\beamer@totalheads=\count272
\beamer@headcounter=\count273
\beamer@partstartpage=\count274
\beamer@sectionstartpage=\count275
\beamer@subsectionstartpage=\count276
\beamer@animationtempa=\count277
\beamer@animationtempb=\count278
\beamer@xpos=\count279
\beamer@ypos=\count280
\beamer@ypos@offset=\count281
\beamer@showpartnumber=\count282
\beamer@currentsubsection=\count283
\beamer@coveringdepth=\count284
\beamer@sectionadjust=\count285
\beamer@toclastsection=\count286
\beamer@tocsectionnumber=\count287

(/usr/share/texmf-dist/tex/latex/beamer/beamerbaseoptions.sty
(/usr/share/texmf-dist/tex/latex/graphics/keyval.sty
Package: keyval 2022/05/29 v1.15 key=value parser (DPC)
\KV@toks@=\toks17
))
\beamer@paperwidth=\skip50
\beamer@paperheight=\skip51

(/usr/share/texmf-dist/tex/latex/geometry/geometry.sty
Package: geometry 2020/01/02 v5.9 Page Geometry

(/usr/share/texmf-dist/tex/generic/iftex/ifvtex.sty
Package: ifvtex 2019/10/25 v1.7 ifvtex legacy package. Use iftex instead.
)
\Gm@cnth=\count288
\Gm@cntv=\count289
\c@Gm@tempcnt=\count290
\Gm@bindingoffset=\dimen157
\Gm@wd@mp=\dimen158
\Gm@odd@mp=\dimen159
\Gm@even@mp=\dimen160
\Gm@layoutwidth=\dimen161
\Gm@layoutheight=\dimen162
\Gm@layouthoffset=\dimen163
\Gm@layoutvoffset=\dimen164
\Gm@dimlist=\toks18
)
(/usr/share/texmf-dist/tex/latex/pgf/math/pgfmath.sty
(/usr/share/texmf-dist/tex/latex/pgf/utilities/pgfrcs.sty
(/usr/share/texmf-dist/tex/generic/pgf/utilities/pgfutil-common.tex
\pgfutil@everybye=\toks19
\pgfutil@tempdima=\dimen165
\pgfutil@tempdimb=\dimen166
)
(/usr/share/texmf-dist/tex/generic/pgf/utilities/pgfutil-latex.def
\pgfutil@abb=\box61
)
(/usr/share/texmf-dist/tex/generic/pgf/utilities/pgfrcs.code.tex
(/usr/share/texmf-dist/tex/generic/pgf/pgf.revision.tex)
Package: pgfrcs 2023-01-15 v3.1.10 (3.1.10)
))
(/usr/share/texmf-dist/tex/latex/pgf/utilities/pgfkeys.sty
(/usr/share/texmf-dist/tex/generic/pgf/utilities/pgfkeys.code.tex
\pgfkeys@pathtoks=\toks20
\pgfkeys@temptoks=\toks21

(/usr/share/texmf-dist/tex/generic/pgf/utilities/pgfkeyslibraryfiltered.code.te
x
\pgfkeys@tmptoks=\toks22
))) (/usr/share/texmf-dist/tex/generic/pgf/math/pgfmath.code.tex
(/usr/share/texmf-dist/tex/generic/pgf/math/pgfmathutil.code.tex
\pgf@x=\dimen167
\pgf@xa=\dimen168
\pgf@xb=\dimen169
\pgf@xc=\dimen170
\pgf@y=\dimen171
\pgf@ya=\dimen172
\pgf@yb=\dimen173
\pgf@yc=\dimen174
\c@pgf@counta=\count291
\c@pgf@countb=\count292
\c@pgf@countc=\count293
\c@pgf@countd=\count294
)
(/usr/share/texmf-dist/tex/generic/pgf/math/pgfmathparser.code.tex
\pgfmath@dimen=\dimen175
\pgfmath@count=\count295
\pgfmath@box=\box62
\pgfmath@toks=\toks23
\pgfmath@stack@operand=\toks24
\pgfmath@stack@operation=\toks25
)
(/usr/share/texmf-dist/tex/generic/pgf/math/pgfmathfunctions.code.tex)
(/usr/share/texmf-dist/tex/generic/pgf/math/pgfmathfunctions.basic.code.tex)
(/usr/share/texmf-dist/tex/generic/pgf/math/pgfmathfunctions.trigonometric.code
.tex)
(/usr/share/texmf-dist/tex/generic/pgf/math/pgfmathfunctions.random.code.tex)
(/usr/share/texmf-dist/tex/generic/pgf/math/pgfmathfunctions.comparison.code.te
x) (/usr/share/texmf-dist/tex/generic/pgf/math/pgfmathfunctions.base.code.tex)
(/usr/share/texmf-dist/tex/generic/pgf/math/pgfmathfunctions.round.code.tex)
(/usr/share/texmf-dist/tex/generic/pgf/math/pgfmathfunctions.misc.code.tex)
(/usr/share/texmf-dist/tex/generic/pgf/math/pgfmathfunctions.integerarithmetics
.code.tex) (/usr/share/texmf-dist/tex/generic/pgf/math/pgfmathcalc.code.tex)
(/usr/share/texmf-dist/tex/generic/pgf/math/pgfmathfloat.code.tex
\c@pgfmathroundto@lastzeros=\count296
)))
(/usr/share/texmf-dist/tex/latex/base/size11.clo
File: size11.clo 2024/06/29 v1.4n Standard LaTeX file (size option)
)
(/usr/share/texmf-dist/tex/latex/pgf/basiclayer/pgfcore.sty
(/usr/share/texmf-dist/tex/latex/graphics/graphicx.sty
Package: graphicx 2021/09/16 v1.2d Enhanced LaTeX Graphics (DPC,SPQR)

(/usr/share/texmf-dist/tex/latex/graphics/graphics.sty
Package: graphics 2024/08/06 v1.4g Standard LaTeX Graphics (DPC,SPQR)

(/usr/share/texmf-dist/tex/latex/graphics/trig.sty
Package: trig 2023/12/02 v1.11 sin cos tan (DPC)
)
(/usr/share/texmf-dist/tex/latex/graphics-cfg/graphics.cfg
File: graphics.cfg 2016/06/04 v1.11 sample graphics configuration
)
Package graphics Info: Driver file: pdftex.def on input line 106.

(/usr/share/texmf-dist/tex/latex/graphics-def/pdftex.def
File: pdftex.def 2024/04/13 v1.2c Graphics/color driver for pdftex
))
\Gin@req@height=\dimen176
\Gin@req@width=\dimen177
)
(/usr/share/texmf-dist/tex/latex/pgf/systemlayer/pgfsys.sty
(/usr/share/texmf-dist/tex/generic/pgf/systemlayer/pgfsys.code.tex
Package: pgfsys 2023-01-15 v3.1.10 (3.1.10)
\pgf@x=\dimen178
\pgf@y=\dimen179
\pgf@xa=\dimen180
\pgf@ya=\dimen181
\pgf@xb=\dimen182
\pgf@yb=\dimen183
\pgf@xc=\dimen184
\pgf@yc=\dimen185
\pgf@xd=\dimen186
\pgf@yd=\dimen187
\w@pgf@writea=\write3
\r@pgf@reada=\read2
\c@pgf@counta=\count297
\c@pgf@countb=\count298
\c@pgf@countc=\count299
\c@pgf@countd=\count300
\t@pgf@toka=\toks26
\t@pgf@tokb=\toks27
\t@pgf@tokc=\toks28
\pgf@sys@id@count=\count301

(/usr/share/texmf-dist/tex/generic/pgf/systemlayer/pgf.cfg
File: pgf.cfg 2023-01-15 v3.1.10 (3.1.10)
)
Driver file for pgf: pgfsys-pdftex.def

(/usr/share/texmf-dist/tex/generic/pgf/systemlayer/pgfsys-pdftex.def
File: pgfsys-pdftex.def 2023-01-15 v3.1.10 (3.1.10)

(/usr/share/texmf-dist/tex/generic/pgf/systemlayer/pgfsys-common-pdf.def
File: pgfsys-common-pdf.def 2023-01-15 v3.1.10 (3.1.10)
)))
(/usr/share/texmf-dist/tex/generic/pgf/systemlayer/pgfsyssoftpath.code.tex
File: pgfsyssoftpath.code.tex 2023-01-15 v3.1.10 (3.1.10)
\pgfsyssoftpath@smallbuffer@items=\count302
\pgfsyssoftpath@bigbuffer@items=\count303
)
(/usr/share/texmf-dist/tex/generic/pgf/systemlayer/pgfsysprotocol.code.tex
File: pgfsysprotocol.code.tex 2023-01-15 v3.1.10 (3.1.10)
))
(/usr/share/texmf-dist/tex/latex/xcolor/xcolor.sty
Package: xcolor 2024/09/29 v3.02 LaTeX color extensions (UK)

(/usr/share/texmf-dist/tex/latex/graphics-cfg/color.cfg
File: color.cfg 2016/01/02 v1.6 sample color configuration
)
Package xcolor Info: Driver file: pdftex.def on input line 274.

(/usr/share/texmf-dist/tex/latex/graphics/mathcolor.ltx)
Package xcolor Info: Model `cmy' substituted by `cmy0' on input line 1349.
Package xcolor Info: Model `hsb' substituted by `rgb' on input line 1353.
Package xcolor Info: Model `RGB' extended on input line 1365.
Package xcolor Info: Model `HTML' substituted by `rgb' on input line 1367.
Package xcolor Info: Model `Hsb' substituted by `hsb' on input line 1368.
Package xcolor Info: Model `tHsb' substituted by `hsb' on input line 1369.
Package xcolor Info: Model `HSB' substituted by `hsb' on input line 1370.
Package xcolor Info: Model `Gray' substituted by `gray' on input line 1371.
Package xcolor Info: Model `wave' substituted by `hsb' on input line 1372.
)
(/usr/share/texmf-dist/tex/latex/graphics/dvipsnam.def
File: dvipsnam.def 2016/06/17 v3.0m Driver-dependent file (DPC,SPQR)
)
(/usr/share/texmf-dist/tex/generic/pgf/basiclayer/pgfcore.code.tex
Package: pgfcore 2023-01-15 v3.1.10 (3.1.10)

(/usr/share/texmf-dist/tex/generic/pgf/math/pgfint.code.tex)
(/usr/share/texmf-dist/tex/generic/pgf/basiclayer/pgfcorepoints.code.tex
File: pgfcorepoints.code.tex 2023-01-15 v3.1.10 (3.1.10)
\pgf@picminx=\dimen188
\pgf@picmaxx=\dimen189
\pgf@picminy=\dimen190
\pgf@picmaxy=\dimen191
\pgf@pathminx=\dimen192
\pgf@pathmaxx=\dimen193
\pgf@pathminy=\dimen194
\pgf@pathmaxy=\dimen195
\pgf@xx=\dimen196
\pgf@xy=\dimen197
\pgf@yx=\dimen198
\pgf@yy=\dimen199
\pgf@zx=\dimen256
\pgf@zy=\dimen257
)
(/usr/share/texmf-dist/tex/generic/pgf/basiclayer/pgfcorepathconstruct.code.tex
File: pgfcorepathconstruct.code.tex 2023-01-15 v3.1.10 (3.1.10)
\pgf@path@lastx=\dimen258
\pgf@path@lasty=\dimen259
) (/usr/share/texmf-dist/tex/generic/pgf/basiclayer/pgfcorepathusage.code.tex
File: pgfcorepathusage.code.tex 2023-01-15 v3.1.10 (3.1.10)
\pgf@shorten@end@additional=\dimen260
\pgf@shorten@start@additional=\dimen261
)
(/usr/share/texmf-dist/tex/generic/pgf/basiclayer/pgfcorescopes.code.tex
File: pgfcorescopes.code.tex 2023-01-15 v3.1.10 (3.1.10)
\pgfpic=\box63
\pgf@hbox=\box64
\pgf@layerbox@main=\box65
\pgf@picture@serial@count=\count304
)
(/usr/share/texmf-dist/tex/generic/pgf/basiclayer/pgfcoregraphicstate.code.tex
File: pgfcoregraphicstate.code.tex 2023-01-15 v3.1.10 (3.1.10)
\pgflinewidth=\dimen262
)
(/usr/share/texmf-dist/tex/generic/pgf/basiclayer/pgfcoretransformations.code.t
ex
File: pgfcoretransformations.code.tex 2023-01-15 v3.1.10 (3.1.10)
\pgf@pt@x=\dimen263
\pgf@pt@y=\dimen264
\pgf@pt@temp=\dimen265
) (/usr/share/texmf-dist/tex/generic/pgf/basiclayer/pgfcorequick.code.tex
File: pgfcorequick.code.tex 2023-01-15 v3.1.10 (3.1.10)
)
(/usr/share/texmf-dist/tex/generic/pgf/basiclayer/pgfcoreobjects.code.tex
File: pgfcoreobjects.code.tex 2023-01-15 v3.1.10 (3.1.10)
)
(/usr/share/texmf-dist/tex/generic/pgf/basiclayer/pgfcorepathprocessing.code.te
x
File: pgfcorepathprocessing.code.tex 2023-01-15 v3.1.10 (3.1.10)
) (/usr/share/texmf-dist/tex/generic/pgf/basiclayer/pgfcorearrows.code.tex
File: pgfcorearrows.code.tex 2023-01-15 v3.1.10 (3.1.10)
\pgfarrowsep=\dimen266
)
(/usr/share/texmf-dist/tex/generic/pgf/basiclayer/pgfcoreshade.code.tex
File: pgfcoreshade.code.tex 2023-01-15 v3.1.10 (3.1.10)
\pgf@max=\dimen267
\pgf@sys@shading@range@num=\count305
\pgf@shadingcount=\count306
)
(/usr/share/texmf-dist/tex/generic/pgf/basiclayer/pgfcoreimage.code.tex
File: pgfcoreimage.code.tex 2023-01-15 v3.1.10 (3.1.10)
)
(/usr/share/texmf-dist/tex/generic/pgf/basiclayer/pgfcoreexternal.code.tex
File: pgfcoreexternal.code.tex 2023-01-15 v3.1.10 (3.1.10)
\pgfexternal@startupbox=\box66
)
(/usr/share/texmf-dist/tex/generic/pgf/basiclayer/pgfcorelayers.code.tex
File: pgfcorelayers.code.tex 2023-01-15 v3.1.10 (3.1.10)
)
(/usr/share/texmf-dist/tex/generic/pgf/basiclayer/pgfcoretransparency.code.tex
File: pgfcoretransparency.code.tex 2023-01-15 v3.1.10 (3.1.10)
) (/usr/share/texmf-dist/tex/generic/pgf/basiclayer/pgfcorepatterns.code.tex
File: pgfcorepatterns.code.tex 2023-01-15 v3.1.10 (3.1.10)
)
(/usr/share/texmf-dist/tex/generic/pgf/basiclayer/pgfcorerdf.code.tex
File: pgfcorerdf.code.tex 2023-01-15 v3.1.10 (3.1.10)
)))
(/usr/share/texmf-dist/tex/latex/pgf/utilities/xxcolor.sty
Package: xxcolor 2003/10/24 ver 0.1
\XC@nummixins=\count307
\XC@countmixins=\count308
)
(/usr/share/texmf-dist/tex/latex/base/atbegshi-ltx.sty
Package: atbegshi-ltx 2021/01/10 v1.0c Emulation of the original atbegshi
package with kernel methods
)
(/usr/share/texmf-dist/tex/latex/hyperref/hyperref.sty
Package: hyperref 2024-11-05 v7.01l Hypertext links for LaTeX

(/usr/share/texmf-dist/tex/latex/kvsetkeys/kvsetkeys.sty
Package: kvsetkeys 2022-10-05 v1.19 Key value parser (HO)
)
(/usr/share/texmf-dist/tex/generic/kvdefinekeys/kvdefinekeys.sty
Package: kvdefinekeys 2019-12-19 v1.6 Define keys (HO)
)
(/usr/share/texmf-dist/tex/generic/pdfescape/pdfescape.sty
Package: pdfescape 2019/12/09 v1.15 Implements pdfTeX's escape features (HO)

(/usr/share/texmf-dist/tex/generic/ltxcmds/ltxcmds.sty
Package: ltxcmds 2023-12-04 v1.26 LaTeX kernel commands for general use (HO)
)
(/usr/share/texmf-dist/tex/generic/pdftexcmds/pdftexcmds.sty
Package: pdftexcmds 2020-06-27 v0.33 Utility functions of pdfTeX for LuaTeX (HO
)

(/usr/share/texmf-dist/tex/generic/infwarerr/infwarerr.sty
Package: infwarerr 2019/12/03 v1.5 Providing info/warning/error messages (HO)
)
Package pdftexcmds Info: \pdf@primitive is available.
Package pdftexcmds Info: \pdf@ifprimitive is available.
Package pdftexcmds Info: \pdfdraftmode found.
))
(/usr/share/texmf-dist/tex/latex/hycolor/hycolor.sty
Package: hycolor 2020-01-27 v1.10 Color options for hyperref/bookmark (HO)
)
(/usr/share/texmf-dist/tex/latex/hyperref/nameref.sty
Package: nameref 2023-11-26 v2.56 Cross-referencing by name of section

(/usr/share/texmf-dist/tex/latex/refcount/refcount.sty
Package: refcount 2019/12/15 v3.6 Data extraction from label references (HO)
)
(/usr/share/texmf-dist/tex/generic/gettitlestring/gettitlestring.sty
Package: gettitlestring 2019/12/15 v1.6 Cleanup title references (HO)

(/usr/share/texmf-dist/tex/latex/kvoptions/kvoptions.sty
Package: kvoptions 2022-06-15 v3.15 Key value format for package options (HO)
))
\c@section@level=\count309
)
(/usr/share/texmf-dist/tex/generic/stringenc/stringenc.sty
Package: stringenc 2019/11/29 v1.12 Convert strings between diff. encodings (HO
)
)
\@linkdim=\dimen268
\Hy@linkcounter=\count310
\Hy@pagecounter=\count311

(/usr/share/texmf-dist/tex/latex/hyperref/pd1enc.def
File: pd1enc.def 2024-11-05 v7.01l Hyperref: PDFDocEncoding definition (HO)
Now handling font encoding PD1 ...
... no UTF-8 mapping file for font encoding PD1
)
(/usr/share/texmf-dist/tex/generic/intcalc/intcalc.sty
Package: intcalc 2019/12/15 v1.3 Expandable calculations with integers (HO)
)
\Hy@SavedSpaceFactor=\count312

(/usr/share/texmf-dist/tex/latex/hyperref/puenc.def
File: puenc.def 2024-11-05 v7.01l Hyperref: PDF Unicode definition (HO)
Now handling font encoding PU ...
... no UTF-8 mapping file for font encoding PU
)
Package hyperref Info: Option `bookmarks' set `true' on input line 4040.
Package hyperref Info: Option `bookmarksopen' set `true' on input line 4040.
Package hyperref Info: Option `implicit' set `false' on input line 4040.
Package hyperref Info: Hyper figures OFF on input line 4157.
Package hyperref Info: Link nesting OFF on input line 4162.
Package hyperref Info: Hyper index ON on input line 4165.
Package hyperref Info: Plain pages OFF on input line 4172.
Package hyperref Info: Backreferencing OFF on input line 4177.
Package hyperref Info: Implicit mode OFF; no redefinition of LaTeX internals.
Package hyperref Info: Bookmarks ON on input line 4424.
\c@Hy@tempcnt=\count313

(/usr/share/texmf-dist/tex/latex/url/url.sty
\Urlmuskip=\muskip17
Package: url 2013/09/16  ver 3.4  Verb mode for urls, etc.
)
LaTeX Info: Redefining \url on input line 4763.
\XeTeXLinkMargin=\dimen269

(/usr/share/texmf-dist/tex/generic/bitset/bitset.sty
Package: bitset 2019/12/09 v1.3 Handle bit-vector datatype (HO)

(/usr/share/texmf-dist/tex/generic/bigintcalc/bigintcalc.sty
Package: bigintcalc 2019/12/15 v1.5 Expandable calculations on big integers (HO
)
))
\Fld@menulength=\count314
\Field@Width=\dimen270
\Fld@charsize=\dimen271
Package hyperref Info: Hyper figures OFF on input line 6042.
Package hyperref Info: Link nesting OFF on input line 6047.
Package hyperref Info: Hyper index ON on input line 6050.
Package hyperref Info: backreferencing OFF on input line 6057.
Package hyperref Info: Link coloring OFF on input line 6062.
Package hyperref Info: Link coloring with OCG OFF on input line 6067.
Package hyperref Info: PDF/A mode OFF on input line 6072.
\Hy@abspage=\count315


Package hyperref Message: Stopped early.

)
Package hyperref Info: Driver (autodetected): hpdftex.
 (/usr/share/texmf-dist/tex/latex/hyperref/hpdftex.def
File: hpdftex.def 2024-11-05 v7.01l Hyperref driver for pdfTeX

(/usr/share/texmf-dist/tex/latex/base/atveryend-ltx.sty
Package: atveryend-ltx 2020/08/19 v1.0a Emulation of the original atveryend pac
kage
with kernel methods
)
\Fld@listcount=\count316
\c@bookmark@seq@number=\count317

(/usr/share/texmf-dist/tex/latex/rerunfilecheck/rerunfilecheck.sty
Package: rerunfilecheck 2022-07-10 v1.10 Rerun checks for auxiliary files (HO)

(/usr/share/texmf-dist/tex/generic/uniquecounter/uniquecounter.sty
Package: uniquecounter 2019/12/15 v1.4 Provide unlimited unique counter (HO)
)
Package uniquecounter Info: New unique counter `rerunfilecheck' on input line 2
85.
))
(/usr/share/texmf-dist/tex/latex/beamer/beamerbaserequires.sty
(/usr/share/texmf-dist/tex/latex/beamer/beamerbasecompatibility.sty)
(/usr/share/texmf-dist/tex/latex/beamer/beamerbasefont.sty
(/usr/share/texmf-dist/tex/latex/amsfonts/amssymb.sty
Package: amssymb 2013/01/14 v3.01 AMS font symbols

(/usr/share/texmf-dist/tex/latex/amsfonts/amsfonts.sty
Package: amsfonts 2013/01/14 v3.01 Basic AMSFonts support
\@emptytoks=\toks29
\symAMSa=\mathgroup4
\symAMSb=\mathgroup5
LaTeX Font Info:    Redeclaring math symbol \hbar on input line 98.
LaTeX Font Info:    Overwriting math alphabet `\mathfrak' in version `bold'
(Font)                  U/euf/m/n --> U/euf/b/n on input line 106.
))
(/usr/share/texmf-dist/tex/latex/sansmathaccent/sansmathaccent.sty
Package: sansmathaccent 2020/01/31

(/usr/share/texmf-dist/tex/latex/koma-script/scrlfile.sty
Package: scrlfile 2024/10/24 v3.43 KOMA-Script package (file load hooks)

(/usr/share/texmf-dist/tex/latex/koma-script/scrlfile-hook.sty
Package: scrlfile-hook 2024/10/24 v3.43 KOMA-Script package (using LaTeX hooks)


(/usr/share/texmf-dist/tex/latex/koma-script/scrlogo.sty
Package: scrlogo 2024/10/24 v3.43 KOMA-Script package (logo)
)))))
(/usr/share/texmf-dist/tex/latex/beamer/beamerbasetranslator.sty
(/usr/share/texmf-dist/tex/latex/translator/translator.sty
Package: translator 2021-05-31 v1.12d Easy translation of strings in LaTeX
))
(/usr/share/texmf-dist/tex/latex/beamer/beamerbasemisc.sty)
(/usr/share/texmf-dist/tex/latex/beamer/beamerbasetwoscreens.sty)
(/usr/share/texmf-dist/tex/latex/beamer/beamerbaseoverlay.sty
\beamer@argscount=\count318
\beamer@lastskipcover=\skip52
\beamer@trivlistdepth=\count319
)
(/usr/share/texmf-dist/tex/latex/beamer/beamerbasetitle.sty)
(/usr/share/texmf-dist/tex/latex/beamer/beamerbasesection.sty
\c@lecture=\count320
\c@part=\count321
\c@section=\count322
\c@subsection=\count323
\c@subsubsection=\count324
)
(/usr/share/texmf-dist/tex/latex/beamer/beamerbaseframe.sty
\beamer@framebox=\box67
\beamer@frametitlebox=\box68
\beamer@zoombox=\box69
\beamer@zoomcount=\count325
\beamer@zoomframecount=\count326
\beamer@frametextheight=\dimen272
\c@subsectionslide=\count327
\beamer@frametopskip=\skip53
\beamer@framebottomskip=\skip54
\beamer@frametopskipautobreak=\skip55
\beamer@framebottomskipautobreak=\skip56
\beamer@envbody=\toks30
\framewidth=\dimen273
\c@framenumber=\count328
)
(/usr/share/texmf-dist/tex/latex/beamer/beamerbaseverbatim.sty
\beamer@verbatimfileout=\write4
)
(/usr/share/texmf-dist/tex/latex/beamer/beamerbaseframesize.sty
\beamer@splitbox=\box70
\beamer@autobreakcount=\count329
\beamer@autobreaklastheight=\dimen274
\beamer@frametitletoks=\toks31
\beamer@framesubtitletoks=\toks32
)
(/usr/share/texmf-dist/tex/latex/beamer/beamerbaseframecomponents.sty
\beamer@footins=\box71
)
(/usr/share/texmf-dist/tex/latex/beamer/beamerbasecolor.sty)
(/usr/share/texmf-dist/tex/latex/beamer/beamerbasenotes.sty
\beamer@frameboxcopy=\box72
)
(/usr/share/texmf-dist/tex/latex/beamer/beamerbasetoc.sty)
(/usr/share/texmf-dist/tex/latex/beamer/beamerbasetemplates.sty
\beamer@sbttoks=\toks33

(/usr/share/texmf-dist/tex/latex/beamer/beamerbaseauxtemplates.sty
(/usr/share/texmf-dist/tex/latex/beamer/beamerbaseboxes.sty
\bmb@box=\box73
\bmb@colorbox=\box74
\bmb@boxwidth=\dimen275
\bmb@boxheight=\dimen276
\bmb@prevheight=\dimen277
\bmb@temp=\dimen278
\bmb@dima=\dimen279
\bmb@dimb=\dimen280
\bmb@prevheight=\dimen281
)
\beamer@blockheadheight=\dimen282
))
(/usr/share/texmf-dist/tex/latex/beamer/beamerbaselocalstructure.sty
(/usr/share/texmf-dist/tex/latex/tools/enumerate.sty
Package: enumerate 2023/07/04 v3.00 enumerate extensions (DPC)
\@enLab=\toks34
)
\beamer@bibiconwidth=\skip57
\c@figure=\count330
\c@table=\count331
\abovecaptionskip=\skip58
\belowcaptionskip=\skip59
)
(/usr/share/texmf-dist/tex/latex/beamer/beamerbasenavigation.sty
(/usr/share/texmf-dist/tex/latex/beamer/beamerbasenavigationsymbols.tex)
\beamer@section@min@dim=\dimen283
)
(/usr/share/texmf-dist/tex/latex/beamer/beamerbasetheorems.sty
(/usr/share/texmf-dist/tex/latex/amsmath/amsmath.sty
Package: amsmath 2024/11/05 v2.17t AMS math features
\@mathmargin=\skip60

For additional information on amsmath, use the `?' option.
(/usr/share/texmf-dist/tex/latex/amsmath/amstext.sty
Package: amstext 2021/08/26 v2.01 AMS text

(/usr/share/texmf-dist/tex/latex/amsmath/amsgen.sty
File: amsgen.sty 1999/11/30 v2.0 generic functions
\@emptytoks=\toks35
\ex@=\dimen284
))
(/usr/share/texmf-dist/tex/latex/amsmath/amsbsy.sty
Package: amsbsy 1999/11/29 v1.2d Bold Symbols
\pmbraise@=\dimen285
)
(/usr/share/texmf-dist/tex/latex/amsmath/amsopn.sty
Package: amsopn 2022/04/08 v2.04 operator names
)
\inf@bad=\count332
LaTeX Info: Redefining \frac on input line 233.
\uproot@=\count333
\leftroot@=\count334
LaTeX Info: Redefining \overline on input line 398.
LaTeX Info: Redefining \colon on input line 409.
\classnum@=\count335
\DOTSCASE@=\count336
LaTeX Info: Redefining \ldots on input line 495.
LaTeX Info: Redefining \dots on input line 498.
LaTeX Info: Redefining \cdots on input line 619.
\Mathstrutbox@=\box75
\strutbox@=\box76
LaTeX Info: Redefining \big on input line 721.
LaTeX Info: Redefining \Big on input line 722.
LaTeX Info: Redefining \bigg on input line 723.
LaTeX Info: Redefining \Bigg on input line 724.
\big@size=\dimen286
LaTeX Font Info:    Redeclaring font encoding OML on input line 742.
LaTeX Font Info:    Redeclaring font encoding OMS on input line 743.
\macc@depth=\count337
LaTeX Info: Redefining \bmod on input line 904.
LaTeX Info: Redefining \pmod on input line 909.
LaTeX Info: Redefining \smash on input line 939.
LaTeX Info: Redefining \relbar on input line 969.
LaTeX Info: Redefining \Relbar on input line 970.
\c@MaxMatrixCols=\count338
\dotsspace@=\muskip18
\c@parentequation=\count339
\dspbrk@lvl=\count340
\tag@help=\toks36
\row@=\count341
\column@=\count342
\maxfields@=\count343
\andhelp@=\toks37
\eqnshift@=\dimen287
\alignsep@=\dimen288
\tagshift@=\dimen289
\tagwidth@=\dimen290
\totwidth@=\dimen291
\lineht@=\dimen292
\@envbody=\toks38
\multlinegap=\skip61
\multlinetaggap=\skip62
\mathdisplay@stack=\toks39
LaTeX Info: Redefining \[ on input line 2953.
LaTeX Info: Redefining \] on input line 2954.
)
(/usr/share/texmf-dist/tex/latex/amscls/amsthm.sty
Package: amsthm 2020/05/29 v2.20.6
\thm@style=\toks40
\thm@bodyfont=\toks41
\thm@headfont=\toks42
\thm@notefont=\toks43
\thm@headpunct=\toks44
\thm@preskip=\skip63
\thm@postskip=\skip64
\thm@headsep=\skip65
\dth@everypar=\toks45
)
\c@theorem=\count344
)
(/usr/share/texmf-dist/tex/latex/beamer/beamerbasethemes.sty))
(/usr/share/texmf-dist/tex/latex/beamer/beamerthemedefault.sty
(/usr/share/texmf-dist/tex/latex/beamer/beamerfontthemedefault.sty)
(/usr/share/texmf-dist/tex/latex/beamer/beamercolorthemedefault.sty)
(/usr/share/texmf-dist/tex/latex/beamer/beamerinnerthemedefault.sty
\beamer@dima=\dimen293
\beamer@dimb=\dimen294
)
(/usr/share/texmf-dist/tex/latex/beamer/beamerouterthemedefault.sty)))
(/usr/share/texmf-dist/tex/latex/booktabs/booktabs.sty
Package: booktabs 2020/01/12 v1.61803398 Publication quality tables
\heavyrulewidth=\dimen295
\lightrulewidth=\dimen296
\cmidrulewidth=\dimen297
\belowrulesep=\dimen298
\belowbottomsep=\dimen299
\aboverulesep=\dimen300
\abovetopsep=\dimen301
\cmidrulesep=\dimen302
\cmidrulekern=\dimen303
\defaultaddspace=\dimen304
\@cmidla=\count345
\@cmidlb=\count346
\@aboverulesep=\dimen305
\@belowrulesep=\dimen306
\@thisruleclass=\count347
\@lastruleclass=\count348
\@thisrulewidth=\dimen307
)
(/usr/share/texmf-dist/tex/latex/l3backend/l3backend-pdftex.def
File: l3backend-pdftex.def 2024-05-08 L3 backend support: PDF output (pdfTeX)
\l__color_backend_stack_int=\count349
\l__pdf_internal_box=\box77
)
(./pContinuousPressureMeasurement.aux)
\openout1 = `pContinuousPressureMeasurement.aux'.

LaTeX Font Info:    Checking defaults for OML/cmm/m/it on input line 31.
LaTeX Font Info:    ... okay on input line 31.
LaTeX Font Info:    Checking defaults for OMS/cmsy/m/n on input line 31.
LaTeX Font Info:    ... okay on input line 31.
LaTeX Font Info:    Checking defaults for OT1/cmr/m/n on input line 31.
LaTeX Font Info:    ... okay on input line 31.
LaTeX Font Info:    Checking defaults for T1/cmr/m/n on input line 31.
LaTeX Font Info:    ... okay on input line 31.
LaTeX Font Info:    Checking defaults for TS1/cmr/m/n on input line 31.
LaTeX Font Info:    ... okay on input line 31.
LaTeX Font Info:    Checking defaults for OMX/cmex/m/n on input line 31.
LaTeX Font Info:    ... okay on input line 31.
LaTeX Font Info:    Checking defaults for U/cmr/m/n on input line 31.
LaTeX Font Info:    ... okay on input line 31.
LaTeX Font Info:    Checking defaults for PD1/pdf/m/n on input line 31.
LaTeX Font Info:    ... okay on input line 31.
LaTeX Font Info:    Checking defaults for PU/pdf/m/n on input line 31.
LaTeX Font Info:    ... okay on input line 31.

*geometry* driver: auto-detecting
*geometry* detected driver: pdftex
*geometry* verbose mode - [ preamble ] result:
* driver: pdftex
* paper: custom
* layout: <same size as paper>
* layoutoffset:(h,v)=(0.0pt,0.0pt)
* modes: includehead includefoot 
* h-part:(L,W,R)=(28.45274pt, 398.3386pt, 28.45274pt)
* v-part:(T,H,B)=(0.0pt, 256.0748pt, 0.0pt)
* \paperwidth=455.24408pt
* \paperheight=256.0748pt
* \textwidth=398.3386pt
* \textheight=227.62207pt
* \oddsidemargin=-43.81725pt
* \evensidemargin=-43.81725pt
* \topmargin=-72.26999pt
* \headheight=14.22636pt
* \headsep=0.0pt
* \topskip=11.0pt
* \footskip=14.22636pt
* \marginparwidth=4.0pt
* \marginparsep=10.0pt
* \columnsep=10.0pt
* \skip\footins=10.0pt plus 4.0pt minus 2.0pt
* \hoffset=0.0pt
* \voffset=0.0pt
* \mag=1000
* \@twocolumnfalse
* \@twosidefalse
* \@mparswitchfalse
* \@reversemarginfalse
* (1in=72.27pt=25.4mm, 1cm=28.453pt)

(/usr/share/texmf-dist/tex/context/base/mkii/supp-pdf.mkii
[Loading MPS to PDF converter (version 2006.09.02).]
\scratchcounter=\count350
\scratchdimen=\dimen308
\scratchbox=\box78
\nofMPsegments=\count351
\nofMParguments=\count352
\everyMPshowfont=\toks46
\MPscratchCnt=\count353
\MPscratchDim=\dimen309
\MPnumerator=\count354
\makeMPintoPDFobject=\count355
\everyMPtoPDFconversion=\toks47
) (/usr/share/texmf-dist/tex/latex/epstopdf-pkg/epstopdf-base.sty
Package: epstopdf-base 2020-01-24 v2.11 Base part for package epstopdf
Package epstopdf-base Info: Redefining graphics rule for `.eps' on input line 4
85.

(/usr/share/texmf-dist/tex/latex/latexconfig/epstopdf-sys.cfg
File: epstopdf-sys.cfg 2010/07/13 v1.3 Configuration of (r)epstopdf for TeX Liv
e
))
Package hyperref Info: Link coloring OFF on input line 31.

(./pContinuousPressureMeasurement.out) (./pContinuousPressureMeasurement.out)
\@outlinefile=\write5
\openout5 = `pContinuousPressureMeasurement.out'.

LaTeX Font Info:    Overwriting symbol font `operators' in version `normal'
(Font)                  OT1/cmr/m/n --> OT1/cmss/m/n on input line 31.
LaTeX Font Info:    Overwriting symbol font `operators' in version `bold'
(Font)                  OT1/cmr/bx/n --> OT1/cmss/b/n on input line 31.
\symnumbers=\mathgroup6
\sympureletters=\mathgroup7
LaTeX Font Info:    Overwriting math alphabet `\mathrm' in version `normal'
(Font)                  OT1/cmss/m/n --> OT1/cmr/m/n on input line 31.
LaTeX Font Info:    Redeclaring math alphabet \mathbf on input line 31.
LaTeX Font Info:    Overwriting math alphabet `\mathbf' in version `normal'
(Font)                  OT1/cmr/bx/n --> OT1/cmss/b/n on input line 31.
LaTeX Font Info:    Overwriting math alphabet `\mathbf' in version `bold'
(Font)                  OT1/cmr/bx/n --> OT1/cmss/b/n on input line 31.
LaTeX Font Info:    Redeclaring math alphabet \mathsf on input line 31.
LaTeX Font Info:    Overwriting math alphabet `\mathsf' in version `normal'
(Font)                  OT1/cmss/m/n --> OT1/cmss/m/n on input line 31.
LaTeX Font Info:    Overwriting math alphabet `\mathsf' in version `bold'
(Font)                  OT1/cmss/bx/n --> OT1/cmss/m/n on input line 31.
LaTeX Font Info:    Redeclaring math alphabet \mathit on input line 31.
LaTeX Font Info:    Overwriting math alphabet `\mathit' in version `normal'
(Font)                  OT1/cmr/m/it --> OT1/cmss/m/it on input line 31.
LaTeX Font Info:    Overwriting math alphabet `\mathit' in version `bold'
(Font)                  OT1/cmr/bx/it --> OT1/cmss/m/it on input line 31.
LaTeX Font Info:    Redeclaring math alphabet \mathtt on input line 31.
LaTeX Font Info:    Overwriting math alphabet `\mathtt' in version `normal'
(Font)                  OT1/cmtt/m/n --> OT1/cmtt/m/n on input line 31.
LaTeX Font Info:    Overwriting math alphabet `\mathtt' in version `bold'
(Font)                  OT1/cmtt/m/n --> OT1/cmtt/m/n on input line 31.
LaTeX Font Info:    Overwriting symbol font `numbers' in version `bold'
(Font)                  OT1/cmss/m/n --> OT1/cmss/b/n on input line 31.
LaTeX Font Info:    Overwriting symbol font `pureletters' in version `bold'
(Font)                  OT1/cmss/m/it --> OT1/cmss/b/it on input line 31.
LaTeX Font Info:    Overwriting math alphabet `\mathrm' in version `bold'
(Font)                  OT1/cmss/b/n --> OT1/cmr/b/n on input line 31.
LaTeX Font Info:    Overwriting math alphabet `\mathbf' in version `bold'
(Font)                  OT1/cmss/b/n --> OT1/cmss/b/n on input line 31.
LaTeX Font Info:    Overwriting math alphabet `\mathsf' in version `bold'
(Font)                  OT1/cmss/m/n --> OT1/cmss/b/n on input line 31.
LaTeX Font Info:    Overwriting math alphabet `\mathit' in version `bold'
(Font)                  OT1/cmss/m/it --> OT1/cmss/b/it on input line 31.
LaTeX Font Info:    Overwriting math alphabet `\mathtt' in version `bold'
(Font)                  OT1/cmtt/m/n --> OT1/cmtt/b/n on input line 31.
LaTeX Font Info:    Redeclaring symbol font `pureletters' on input line 31.
LaTeX Font Info:    Overwriting symbol font `pureletters' in version `normal'
(Font)                  OT1/cmss/m/it --> OT1/mathkerncmss/m/sl on input line 3
1.
LaTeX Font Info:    Overwriting symbol font `pureletters' in version `bold'
(Font)                  OT1/cmss/b/it --> OT1/mathkerncmss/m/sl on input line 3
1.
LaTeX Font Info:    Overwriting symbol font `pureletters' in version `bold'
(Font)                  OT1/mathkerncmss/m/sl --> OT1/mathkerncmss/bx/sl on inp
ut line 31.

(/usr/share/texmf-dist/tex/latex/translator/translator-basic-dictionary-English
.dict
Dictionary: translator-basic-dictionary, Language: English 
)
(/usr/share/texmf-dist/tex/latex/translator/translator-bibliography-dictionary-
English.dict
Dictionary: translator-bibliography-dictionary, Language: English 
)
(/usr/share/texmf-dist/tex/latex/translator/translator-environment-dictionary-E
nglish.dict
Dictionary: translator-environment-dictionary, Language: English 
)
(/usr/share/texmf-dist/tex/latex/translator/translator-months-dictionary-Englis
h.dict
Dictionary: translator-months-dictionary, Language: English 
)
(/usr/share/texmf-dist/tex/latex/translator/translator-numbers-dictionary-Engli
sh.dict
Dictionary: translator-numbers-dictionary, Language: English 
)
(/usr/share/texmf-dist/tex/latex/translator/translator-theorem-dictionary-Engli
sh.dict
Dictionary: translator-theorem-dictionary, Language: English 
) (./pContinuousPressureMeasurement.nav)

[1

{/var/lib/texmf/fonts/map/pdftex/updmap/pdftex.map}]
LaTeX Font Info:    Trying to load font information for U+msa on input line 59.


(/usr/share/texmf-dist/tex/latex/amsfonts/umsa.fd
File: umsa.fd 2013/01/14 v3.01 AMS symbols A
)
LaTeX Font Info:    Trying to load font information for U+msb on input line 59.


(/usr/share/texmf-dist/tex/latex/amsfonts/umsb.fd
File: umsb.fd 2013/01/14 v3.01 AMS symbols B
)
LaTeX Font Info:    Trying to load font information for OT1+mathkerncmss on inp
ut line 59.

(/usr/share/texmf-dist/tex/latex/sansmathaccent/ot1mathkerncmss.fd
File: ot1mathkerncmss.fd 2020/01/31 Fontinst v1.933 font definitions for OT1/ma
thkerncmss.
)
Package epstopdf Info: Source file: <pressure01.eps>
(epstopdf)                    date: 2023-02-05 16:06:59
(epstopdf)                    size: 11381 bytes
(epstopdf)             Output file: <pressure01-eps-converted-to.pdf>
(epstopdf)                    date: 2023-12-03 12:35:52
(epstopdf)                    size: 8049 bytes
(epstopdf)             Command: <repstopdf --outfile=pressure01-eps-converted-t
o.pdf pressure01.eps>
(epstopdf)             \includegraphics on input line 59.
Package epstopdf Info: Output file is already uptodate.
<pressure01-eps-converted-to.pdf, id=44, 257.96375pt x 248.93pt>
File: pressure01-eps-converted-to.pdf Graphic file (type pdf)
<use pressure01-eps-converted-to.pdf>
Package pdftex.def Info: pressure01-eps-converted-to.pdf  used on input line 59
.
(pdftex.def)             Requested size: 206.40276pt x 199.16928pt.


[2

 <./pressure01-eps-converted-to.pdf>]

[3

]
Package epstopdf Info: Source file: <pressure02.eps>
(epstopdf)                    date: 2023-02-05 16:06:59
(epstopdf)                    size: 11860 bytes
(epstopdf)             Output file: <pressure02-eps-converted-to.pdf>
(epstopdf)                    date: 2023-12-03 12:35:52
(epstopdf)                    size: 8975 bytes
(epstopdf)             Command: <repstopdf --outfile=pressure02-eps-converted-t
o.pdf pressure02.eps>
(epstopdf)             \includegraphics on input line 78.
Package epstopdf Info: Output file is already uptodate.
<pressure02-eps-converted-to.pdf, id=103, 271.0125pt x 194.7275pt>
File: pressure02-eps-converted-to.pdf Graphic file (type pdf)
<use pressure02-eps-converted-to.pdf>
Package pdftex.def Info: pressure02-eps-converted-to.pdf  used on input line 78
.
(pdftex.def)             Requested size: 237.60263pt x 170.71652pt.


Package amsmath Warning: Foreign command \over;
(amsmath)                \frac or \genfrac should be used instead
(amsmath)                 on input line 78.



[4

 <./pressure02-eps-converted-to.pdf>]
Package epstopdf Info: Source file: <pressure03.eps>
(epstopdf)                    date: 2023-02-05 16:06:59
(epstopdf)                    size: 11461 bytes
(epstopdf)             Output file: <pressure03-eps-converted-to.pdf>
(epstopdf)                    date: 2023-12-03 12:35:52
(epstopdf)                    size: 8372 bytes
(epstopdf)             Command: <repstopdf --outfile=pressure03-eps-converted-t
o.pdf pressure03.eps>
(epstopdf)             \includegraphics on input line 97.
Package epstopdf Info: Output file is already uptodate.
<pressure03-eps-converted-to.pdf, id=139, 269.005pt x 313.17pt>
File: pressure03-eps-converted-to.pdf Graphic file (type pdf)
<use pressure03-eps-converted-to.pdf>
Package pdftex.def Info: pressure03-eps-converted-to.pdf  used on input line 97
.
(pdftex.def)             Requested size: 146.6438pt x 170.71652pt.


[5

 <./pressure03-eps-converted-to.pdf>]
Package epstopdf Info: Source file: <pressure04.eps>
(epstopdf)                    date: 2023-02-05 16:06:59
(epstopdf)                    size: 9275 bytes
(epstopdf)             Output file: <pressure04-eps-converted-to.pdf>
(epstopdf)                    date: 2023-12-03 12:35:52
(epstopdf)                    size: 7631 bytes
(epstopdf)             Command: <repstopdf --outfile=pressure04-eps-converted-t
o.pdf pressure04.eps>
(epstopdf)             \includegraphics on input line 117.
Package epstopdf Info: Output file is already uptodate.
<pressure04-eps-converted-to.pdf, id=173, 278.03876pt x 286.06876pt>
File: pressure04-eps-converted-to.pdf Graphic file (type pdf)
<use pressure04-eps-converted-to.pdf>
Package pdftex.def Info: pressure04-eps-converted-to.pdf  used on input line 11
7.
(pdftex.def)             Requested size: 165.92511pt x 170.71652pt.


[6

 <./pressure04-eps-converted-to.pdf>]
Package epstopdf Info: Source file: <pressure05.eps>
(epstopdf)                    date: 2023-02-05 16:06:59
(epstopdf)                    size: 8910 bytes
(epstopdf)             Output file: <pressure05-eps-converted-to.pdf>
(epstopdf)                    date: 2023-12-03 12:35:53
(epstopdf)                    size: 5646 bytes
(epstopdf)             Command: <repstopdf --outfile=pressure05-eps-converted-t
o.pdf pressure05.eps>
(epstopdf)             \includegraphics on input line 129.
Package epstopdf Info: Output file is already uptodate.
<pressure05-eps-converted-to.pdf, id=207, 289.08pt x 91.34125pt>
File: pressure05-eps-converted-to.pdf Graphic file (type pdf)
<use pressure05-eps-converted-to.pdf>
Package pdftex.def Info: pressure05-eps-converted-to.pdf  used on input line 12
9.
(pdftex.def)             Requested size: 398.3386pt x 125.86986pt.


[7

 <./pressure05-eps-converted-to.pdf>]
Package epstopdf Info: Source file: <pressure15.eps>
(epstopdf)                    date: 2023-02-05 16:06:59
(epstopdf)                    size: 12001 bytes
(epstopdf)             Output file: <pressure15-eps-converted-to.pdf>
(epstopdf)                    date: 2023-12-03 12:35:53
(epstopdf)                    size: 11098 bytes
(epstopdf)             Command: <repstopdf --outfile=pressure15-eps-converted-t
o.pdf pressure15.eps>
(epstopdf)             \includegraphics on input line 154.
Package epstopdf Info: Output file is already uptodate.
<pressure15-eps-converted-to.pdf, id=239, 355.3275pt x 195.73125pt>
File: pressure15-eps-converted-to.pdf Graphic file (type pdf)
<use pressure15-eps-converted-to.pdf>
Package pdftex.def Info: pressure15-eps-converted-to.pdf  used on input line 15
4.
(pdftex.def)             Requested size: 309.93484pt x 170.71652pt.


[8

 <./pressure15-eps-converted-to.pdf>]
Package epstopdf Info: Source file: <pressure16.eps>
(epstopdf)                    date: 2023-02-05 16:06:59
(epstopdf)                    size: 12170 bytes
(epstopdf)             Output file: <pressure16-eps-converted-to.pdf>
(epstopdf)                    date: 2023-12-03 12:35:53
(epstopdf)                    size: 7210 bytes
(epstopdf)             Command: <repstopdf --outfile=pressure16-eps-converted-t
o.pdf pressure16.eps>
(epstopdf)             \includegraphics on input line 171.
Package epstopdf Info: Output file is already uptodate.
<pressure16-eps-converted-to.pdf, id=278, 192.72pt x 260.975pt>
File: pressure16-eps-converted-to.pdf Graphic file (type pdf)
<use pressure16-eps-converted-to.pdf>
Package pdftex.def Info: pressure16-eps-converted-to.pdf  used on input line 17
1.
(pdftex.def)             Requested size: 126.0693pt x 170.71652pt.


[9

 <./pressure16-eps-converted-to.pdf>]
Package epstopdf Info: Source file: <pressure17.eps>
(epstopdf)                    date: 2023-02-05 16:06:59
(epstopdf)                    size: 12476 bytes
(epstopdf)             Output file: <pressure17-eps-converted-to.pdf>
(epstopdf)                    date: 2023-12-03 12:35:53
(epstopdf)                    size: 7861 bytes
(epstopdf)             Command: <repstopdf --outfile=pressure17-eps-converted-t
o.pdf pressure17.eps>
(epstopdf)             \includegraphics on input line 188.
Package epstopdf Info: Output file is already uptodate.
<pressure17-eps-converted-to.pdf, id=310, 193.72375pt x 257.96375pt>
File: pressure17-eps-converted-to.pdf Graphic file (type pdf)
<use pressure17-eps-converted-to.pdf>
Package pdftex.def Info: pressure17-eps-converted-to.pdf  used on input line 18
8.
(pdftex.def)             Requested size: 128.20686pt x 170.71652pt.


[10

 <./pressure17-eps-converted-to.pdf>]
Package epstopdf Info: Source file: <pressure18.eps>
(epstopdf)                    date: 2023-02-05 16:06:59
(epstopdf)                    size: 9429 bytes
(epstopdf)             Output file: <pressure18-eps-converted-to.pdf>
(epstopdf)                    date: 2023-12-03 12:35:53
(epstopdf)                    size: 5219 bytes
(epstopdf)             Command: <repstopdf --outfile=pressure18-eps-converted-t
o.pdf pressure18.eps>
(epstopdf)             \includegraphics on input line 212.
Package epstopdf Info: Output file is already uptodate.
<pressure18-eps-converted-to.pdf, id=342, 355.3275pt x 125.46875pt>
File: pressure18-eps-converted-to.pdf Graphic file (type pdf)
<use pressure18-eps-converted-to.pdf>
Package pdftex.def Info: pressure18-eps-converted-to.pdf  used on input line 21
2.
(pdftex.def)             Requested size: 398.3386pt x 140.65994pt.


[11

 <./pressure18-eps-converted-to.pdf>]
Package epstopdf Info: Source file: <pressure73.eps>
(epstopdf)                    date: 2023-02-05 16:06:59
(epstopdf)                    size: 11601 bytes
(epstopdf)             Output file: <pressure73-eps-converted-to.pdf>
(epstopdf)                    date: 2023-12-03 12:35:53
(epstopdf)                    size: 9629 bytes
(epstopdf)             Command: <repstopdf --outfile=pressure73-eps-converted-t
o.pdf pressure73.eps>
(epstopdf)             \includegraphics on input line 256.
Package epstopdf Info: Output file is already uptodate.
<pressure73-eps-converted-to.pdf, id=378, 195.73125pt x 127.47626pt>
File: pressure73-eps-converted-to.pdf Graphic file (type pdf)
<use pressure73-eps-converted-to.pdf>
Package pdftex.def Info: pressure73-eps-converted-to.pdf  used on input line 25
6.
(pdftex.def)             Requested size: 305.82631pt x 199.16928pt.


[12

 <./pressure73-eps-converted-to.pdf>]
Package epstopdf Info: Source file: <pressure19.eps>
(epstopdf)                    date: 2023-02-05 16:06:59
(epstopdf)                    size: 12903 bytes
(epstopdf)             Output file: <pressure19-eps-converted-to.pdf>
(epstopdf)                    date: 2023-12-03 12:35:53
(epstopdf)                    size: 9063 bytes
(epstopdf)             Command: <repstopdf --outfile=pressure19-eps-converted-t
o.pdf pressure19.eps>
(epstopdf)             \includegraphics on input line 349.
Package epstopdf Info: Output file is already uptodate.
<pressure19-eps-converted-to.pdf, id=419, 436.63126pt x 190.7125pt>
File: pressure19-eps-converted-to.pdf Graphic file (type pdf)
<use pressure19-eps-converted-to.pdf>
Package pdftex.def Info: pressure19-eps-converted-to.pdf  used on input line 34
9.
(pdftex.def)             Requested size: 390.86583pt x 170.71652pt.


[13

 <./pressure19-eps-converted-to.pdf>]
Package epstopdf Info: Source file: <005.eps>
(epstopdf)                    date: 2023-02-05 16:06:58
(epstopdf)                    size: 9817 bytes
(epstopdf)             Output file: <005-eps-converted-to.pdf>
(epstopdf)                    date: 2023-12-03 12:37:40
(epstopdf)                    size: 8208 bytes
(epstopdf)             Command: <repstopdf --outfile=005-eps-converted-to.pdf 0
05.eps>
(epstopdf)             \includegraphics on input line 589.
Package epstopdf Info: Output file is already uptodate.
<005-eps-converted-to.pdf, id=457, 218.8175pt x 231.86626pt>
File: 005-eps-converted-to.pdf Graphic file (type pdf)
<use 005-eps-converted-to.pdf>
Package pdftex.def Info: 005-eps-converted-to.pdf  used on input line 589.
(pdftex.def)             Requested size: 187.96568pt x 199.16928pt.


[14

 <./005-eps-converted-to.pdf>]
Package epstopdf Info: Source file: <006.eps>
(epstopdf)                    date: 2023-02-05 16:06:58
(epstopdf)                    size: 9048 bytes
(epstopdf)             Output file: <006-eps-converted-to.pdf>
(epstopdf)                    date: 2023-12-03 12:37:40
(epstopdf)                    size: 5678 bytes
(epstopdf)             Command: <repstopdf --outfile=006-eps-converted-to.pdf 0
06.eps>
(epstopdf)             \includegraphics on input line 603.
Package epstopdf Info: Output file is already uptodate.
<006-eps-converted-to.pdf, id=492, 292.09125pt x 246.9225pt>
File: 006-eps-converted-to.pdf Graphic file (type pdf)
<use 006-eps-converted-to.pdf>
Package pdftex.def Info: 006-eps-converted-to.pdf  used on input line 603.
(pdftex.def)             Requested size: 235.5987pt x 199.16928pt.


[15

 <./006-eps-converted-to.pdf>]
Package epstopdf Info: Source file: <003.eps>
(epstopdf)                    date: 2023-02-05 16:06:58
(epstopdf)                    size: 10816 bytes
(epstopdf)             Output file: <003-eps-converted-to.pdf>
(epstopdf)                    date: 2023-12-03 12:37:41
(epstopdf)                    size: 7501 bytes
(epstopdf)             Command: <repstopdf --outfile=003-eps-converted-to.pdf 0
03.eps>
(epstopdf)             \includegraphics on input line 646.
Package epstopdf Info: Output file is already uptodate.
<003-eps-converted-to.pdf, id=526, 427.5975pt x 180.675pt>
File: 003-eps-converted-to.pdf Graphic file (type pdf)
<use 003-eps-converted-to.pdf>
Package pdftex.def Info: 003-eps-converted-to.pdf  used on input line 646.
(pdftex.def)             Requested size: 398.3386pt x 168.31271pt.


[16

 <./003-eps-converted-to.pdf>]
Package epstopdf Info: Source file: <./gauge_diaphragm.eps>
(epstopdf)                    date: 2023-02-05 16:06:59
(epstopdf)                    size: 121136 bytes
(epstopdf)             Output file: <./gauge_diaphragm-eps-converted-to.pdf>
(epstopdf)                    date: 2023-12-03 12:37:41
(epstopdf)                    size: 97436 bytes
(epstopdf)             Command: <repstopdf --outfile=./gauge_diaphragm-eps-conv
erted-to.pdf ./gauge_diaphragm.eps>
(epstopdf)             \includegraphics on input line 664.
Package epstopdf Info: Output file is already uptodate.
<./gauge_diaphragm-eps-converted-to.pdf, id=560, 557.08125pt x 370.38374pt>
File: ./gauge_diaphragm-eps-converted-to.pdf Graphic file (type pdf)
<use ./gauge_diaphragm-eps-converted-to.pdf>
Package pdftex.def Info: ./gauge_diaphragm-eps-converted-to.pdf  used on input 
line 664.
(pdftex.def)             Requested size: 299.56984pt x 199.16928pt.


[17

 <./gauge_diaphragm-eps-converted-to.pdf>]
Package epstopdf Info: Source file: <020.eps>
(epstopdf)                    date: 2023-02-05 16:06:58
(epstopdf)                    size: 1033807 bytes
(epstopdf)             Output file: <020-eps-converted-to.pdf>
(epstopdf)                    date: 2023-12-03 12:37:41
(epstopdf)                    size: 138446 bytes
(epstopdf)             Command: <repstopdf --outfile=020-eps-converted-to.pdf 0
20.eps>
(epstopdf)             \includegraphics on input line 684.
Package epstopdf Info: Output file is already uptodate.
<020-eps-converted-to.pdf, id=589, 636.3775pt x 645.41125pt>
File: 020-eps-converted-to.pdf Graphic file (type pdf)
<use 020-eps-converted-to.pdf>
Package pdftex.def Info: 020-eps-converted-to.pdf  used on input line 684.
(pdftex.def)             Requested size: 196.38164pt x 199.16928pt.


[18

 <./020-eps-converted-to.pdf>]
Package epstopdf Info: Source file: <./bourdon_tube_closeup.eps>
(epstopdf)                    date: 2023-02-05 16:06:58
(epstopdf)                    size: 115316 bytes
(epstopdf)             Output file: <./bourdon_tube_closeup-eps-converted-to.pd
f>
(epstopdf)                    date: 2023-12-03 12:37:42
(epstopdf)                    size: 92862 bytes
(epstopdf)             Command: <repstopdf --outfile=./bourdon_tube_closeup-eps
-converted-to.pdf ./bourdon_tube_closeup.eps>
(epstopdf)             \includegraphics on input line 700.
Package epstopdf Info: Output file is already uptodate.
<./bourdon_tube_closeup-eps-converted-to.pdf, id=617, 536.0025pt x 805.0075pt>
File: ./bourdon_tube_closeup-eps-converted-to.pdf Graphic file (type pdf)
<use ./bourdon_tube_closeup-eps-converted-to.pdf>
Package pdftex.def Info: ./bourdon_tube_closeup-eps-converted-to.pdf  used on i
nput line 700.
(pdftex.def)             Requested size: 132.60991pt x 199.16928pt.


[19

 <./bourdon_tube_closeup-eps-converted-to.pdf>]
Package epstopdf Info: Source file: <019.eps>
(epstopdf)                    date: 2023-02-05 16:06:58
(epstopdf)                    size: 10776 bytes
(epstopdf)             Output file: <019-eps-converted-to.pdf>
(epstopdf)                    date: 2023-12-03 12:37:42
(epstopdf)                    size: 8301 bytes
(epstopdf)             Command: <repstopdf --outfile=019-eps-converted-to.pdf 0
19.eps>
(epstopdf)             \includegraphics on input line 719.
Package epstopdf Info: Output file is already uptodate.
<019-eps-converted-to.pdf, id=646, 408.52625pt x 243.91125pt>
File: 019-eps-converted-to.pdf Graphic file (type pdf)
<use 019-eps-converted-to.pdf>
Package pdftex.def Info: 019-eps-converted-to.pdf  used on input line 719.
(pdftex.def)             Requested size: 333.59113pt x 199.16928pt.


[20

 <./019-eps-converted-to.pdf>]

[21

]
Package epstopdf Info: Source file: <bridge08.eps>
(epstopdf)                    date: 2023-02-05 16:06:58
(epstopdf)                    size: 67647 bytes
(epstopdf)             Output file: <bridge08-eps-converted-to.pdf>
(epstopdf)                    date: 2023-12-03 12:37:42
(epstopdf)                    size: 55308 bytes
(epstopdf)             Command: <repstopdf --outfile=bridge08-eps-converted-to.
pdf bridge08.eps>
(epstopdf)             \includegraphics on input line 777.
Package epstopdf Info: Output file is already uptodate.
<bridge08-eps-converted-to.pdf, id=707, 557.08125pt x 341.275pt>
File: bridge08-eps-converted-to.pdf Graphic file (type pdf)
<use bridge08-eps-converted-to.pdf>
Package pdftex.def Info: bridge08-eps-converted-to.pdf  used on input line 777.

(pdftex.def)             Requested size: 325.12193pt x 199.16928pt.


[22

 <./bridge08-eps-converted-to.pdf>]
Package epstopdf Info: Source file: <bridge05.eps>
(epstopdf)                    date: 2023-02-05 16:06:58
(epstopdf)                    size: 12407 bytes
(epstopdf)             Output file: <bridge05-eps-converted-to.pdf>
(epstopdf)                    date: 2023-12-03 12:37:42
(epstopdf)                    size: 9291 bytes
(epstopdf)             Command: <repstopdf --outfile=bridge05-eps-converted-to.
pdf bridge05.eps>
(epstopdf)             \includegraphics on input line 787.
Package epstopdf Info: Output file is already uptodate.
<bridge05-eps-converted-to.pdf, id=735, 344.28625pt x 215.80624pt>
File: bridge05-eps-converted-to.pdf Graphic file (type pdf)
<use bridge05-eps-converted-to.pdf>
Package pdftex.def Info: bridge05-eps-converted-to.pdf  used on input line 787.

(pdftex.def)             Requested size: 317.75583pt x 199.16928pt.


[23

 <./bridge05-eps-converted-to.pdf>]
Package epstopdf Info: Source file: <./pressure49.eps>
(epstopdf)                    date: 2023-02-05 16:06:59
(epstopdf)                    size: 10421 bytes
(epstopdf)             Output file: <./pressure49-eps-converted-to.pdf>
(epstopdf)                    date: 2023-12-03 12:37:42
(epstopdf)                    size: 9104 bytes
(epstopdf)             Command: <repstopdf --outfile=./pressure49-eps-converted
-to.pdf ./pressure49.eps>
(epstopdf)             \includegraphics on input line 807.
Package epstopdf Info: Output file is already uptodate.
<./pressure49-eps-converted-to.pdf, id=773, 248.93pt x 214.8025pt>
File: ./pressure49-eps-converted-to.pdf Graphic file (type pdf)
<use ./pressure49-eps-converted-to.pdf>
Package pdftex.def Info: ./pressure49-eps-converted-to.pdf  used on input line 
807.
(pdftex.def)             Requested size: 230.81499pt x 199.16928pt.


[24

 <./pressure49-eps-converted-to.pdf>]
Package epstopdf Info: Source file: <pressure31.eps>
(epstopdf)                    date: 2023-02-05 16:06:59
(epstopdf)                    size: 14814 bytes
(epstopdf)             Output file: <pressure31-eps-converted-to.pdf>
(epstopdf)                    date: 2023-12-03 12:37:43
(epstopdf)                    size: 7596 bytes
(epstopdf)             Command: <repstopdf --outfile=pressure31-eps-converted-t
o.pdf pressure31.eps>
(epstopdf)             \includegraphics on input line 845.
Package epstopdf Info: Output file is already uptodate.
<pressure31-eps-converted-to.pdf, id=811, 288.07625pt x 224.84pt>
File: pressure31-eps-converted-to.pdf Graphic file (type pdf)
<use pressure31-eps-converted-to.pdf>
Package pdftex.def Info: pressure31-eps-converted-to.pdf  used on input line 84
5.
(pdftex.def)             Requested size: 255.19582pt x 199.16928pt.


[25

 <./pressure31-eps-converted-to.pdf>]
Package epstopdf Info: Source file: <pressure32.eps>
(epstopdf)                    date: 2023-02-05 16:06:59
(epstopdf)                    size: 15660 bytes
(epstopdf)             Output file: <pressure32-eps-converted-to.pdf>
(epstopdf)                    date: 2023-12-03 12:37:43
(epstopdf)                    size: 11351 bytes
(epstopdf)             Command: <repstopdf --outfile=pressure32-eps-converted-t
o.pdf pressure32.eps>
(epstopdf)             \includegraphics on input line 859.
Package epstopdf Info: Output file is already uptodate.
<pressure32-eps-converted-to.pdf, id=844, 382.42876pt x 188.705pt>
File: pressure32-eps-converted-to.pdf Graphic file (type pdf)
<use pressure32-eps-converted-to.pdf>
Package pdftex.def Info: pressure32-eps-converted-to.pdf  used on input line 85
9.
(pdftex.def)             Requested size: 403.63359pt x 199.16928pt.

Overfull \hbox (5.295pt too wide) detected at line 859
[]
 []



[26

 <./pressure32-eps-converted-to.pdf>]
Package epstopdf Info: Source file: <diff_capacitance_1.eps>
(epstopdf)                    date: 2023-02-05 16:06:58
(epstopdf)                    size: 240531 bytes
(epstopdf)             Output file: <diff_capacitance_1-eps-converted-to.pdf>
(epstopdf)                    date: 2023-12-03 12:37:43
(epstopdf)                    size: 214922 bytes
(epstopdf)             Command: <repstopdf --outfile=diff_capacitance_1-eps-con
verted-to.pdf diff_capacitance_1.eps>
(epstopdf)             \includegraphics on input line 877.
Package epstopdf Info: Output file is already uptodate.
<diff_capacitance_1-eps-converted-to.pdf, id=885, 557.08125pt x 370.38374pt>
File: diff_capacitance_1-eps-converted-to.pdf Graphic file (type pdf)
<use diff_capacitance_1-eps-converted-to.pdf>
Package pdftex.def Info: diff_capacitance_1-eps-converted-to.pdf  used on input
 line 877.
(pdftex.def)             Requested size: 299.56984pt x 199.16928pt.


[27

 <./diff_capacitance_1-eps-converted-to.pdf>]
Package epstopdf Info: Source file: <diff_capacitance_3.eps>
(epstopdf)                    date: 2023-02-05 16:06:58
(epstopdf)                    size: 199772 bytes
(epstopdf)             Output file: <diff_capacitance_3-eps-converted-to.pdf>
(epstopdf)                    date: 2023-12-03 12:37:43
(epstopdf)                    size: 159361 bytes
(epstopdf)             Command: <repstopdf --outfile=diff_capacitance_3-eps-con
verted-to.pdf diff_capacitance_3.eps>
(epstopdf)             \includegraphics on input line 882.
Package epstopdf Info: Output file is already uptodate.
<diff_capacitance_3-eps-converted-to.pdf, id=913, 557.08125pt x 370.38374pt>
File: diff_capacitance_3-eps-converted-to.pdf Graphic file (type pdf)
<use diff_capacitance_3-eps-converted-to.pdf>
Package pdftex.def Info: diff_capacitance_3-eps-converted-to.pdf  used on input
 line 882.
(pdftex.def)             Requested size: 299.56984pt x 199.16928pt.


[28

 <./diff_capacitance_3-eps-converted-to.pdf>]
Package epstopdf Info: Source file: <diff_capacitance_4.eps>
(epstopdf)                    date: 2023-02-05 16:06:58
(epstopdf)                    size: 131941 bytes
(epstopdf)             Output file: <diff_capacitance_4-eps-converted-to.pdf>
(epstopdf)                    date: 2023-12-03 12:37:43
(epstopdf)                    size: 105948 bytes
(epstopdf)             Command: <repstopdf --outfile=diff_capacitance_4-eps-con
verted-to.pdf diff_capacitance_4.eps>
(epstopdf)             \includegraphics on input line 887.
Package epstopdf Info: Output file is already uptodate.
<diff_capacitance_4-eps-converted-to.pdf, id=942, 557.08125pt x 370.38374pt>
File: diff_capacitance_4-eps-converted-to.pdf Graphic file (type pdf)
<use diff_capacitance_4-eps-converted-to.pdf>
Package pdftex.def Info: diff_capacitance_4-eps-converted-to.pdf  used on input
 line 887.
(pdftex.def)             Requested size: 299.56984pt x 199.16928pt.


[29

 <./diff_capacitance_4-eps-converted-to.pdf>]
Package epstopdf Info: Source file: <diff_capacitance_5.eps>
(epstopdf)                    date: 2023-02-05 16:06:58
(epstopdf)                    size: 599662 bytes
(epstopdf)             Output file: <diff_capacitance_5-eps-converted-to.pdf>
(epstopdf)                    date: 2023-12-03 12:37:44
(epstopdf)                    size: 474296 bytes
(epstopdf)             Command: <repstopdf --outfile=diff_capacitance_5-eps-con
verted-to.pdf diff_capacitance_5.eps>
(epstopdf)             \includegraphics on input line 892.
Package epstopdf Info: Output file is already uptodate.
<diff_capacitance_5-eps-converted-to.pdf, id=970, 557.08125pt x 570.13pt>
File: diff_capacitance_5-eps-converted-to.pdf Graphic file (type pdf)
<use diff_capacitance_5-eps-converted-to.pdf>
Package pdftex.def Info: diff_capacitance_5-eps-converted-to.pdf  used on input
 line 892.
(pdftex.def)             Requested size: 194.60735pt x 199.16928pt.


[30

 <./diff_capacitance_5-eps-converted-to.pdf>]
Package epstopdf Info: Source file: <diff_capacitance_2.eps>
(epstopdf)                    date: 2023-02-05 16:06:58
(epstopdf)                    size: 169368 bytes
(epstopdf)             Output file: <diff_capacitance_2-eps-converted-to.pdf>
(epstopdf)                    date: 2023-12-03 12:37:44
(epstopdf)                    size: 158372 bytes
(epstopdf)             Command: <repstopdf --outfile=diff_capacitance_2-eps-con
verted-to.pdf diff_capacitance_2.eps>
(epstopdf)             \includegraphics on input line 930.
Package epstopdf Info: Output file is already uptodate.
<diff_capacitance_2-eps-converted-to.pdf, id=998, 557.08125pt x 370.38374pt>
File: diff_capacitance_2-eps-converted-to.pdf Graphic file (type pdf)
<use diff_capacitance_2-eps-converted-to.pdf>
Package pdftex.def Info: diff_capacitance_2-eps-converted-to.pdf  used on input
 line 930.
(pdftex.def)             Requested size: 299.56984pt x 199.16928pt.


[31

 <./diff_capacitance_2-eps-converted-to.pdf>]
Package epstopdf Info: Source file: <pressure71.eps>
(epstopdf)                    date: 2023-02-05 16:06:59
(epstopdf)                    size: 15567 bytes
(epstopdf)             Output file: <pressure71-eps-converted-to.pdf>
(epstopdf)                    date: 2023-12-03 12:37:44
(epstopdf)                    size: 9912 bytes
(epstopdf)             Command: <repstopdf --outfile=pressure71-eps-converted-t
o.pdf pressure71.eps>
(epstopdf)             \includegraphics on input line 943.
Package epstopdf Info: Output file is already uptodate.
<pressure71-eps-converted-to.pdf, id=1027, 348.30125pt x 306.14375pt>
File: pressure71-eps-converted-to.pdf Graphic file (type pdf)
<use pressure71-eps-converted-to.pdf>
Package pdftex.def Info: pressure71-eps-converted-to.pdf  used on input line 94
3.
(pdftex.def)             Requested size: 226.59508pt x 199.16928pt.


[32

 <./pressure71-eps-converted-to.pdf>]
Package epstopdf Info: Source file: <diff_capacitance_6.eps>
(epstopdf)                    date: 2023-02-05 16:06:58
(epstopdf)                    size: 165747 bytes
(epstopdf)             Output file: <diff_capacitance_6-eps-converted-to.pdf>
(epstopdf)                    date: 2023-12-03 12:37:44
(epstopdf)                    size: 132575 bytes
(epstopdf)             Command: <repstopdf --outfile=diff_capacitance_6-eps-con
verted-to.pdf diff_capacitance_6.eps>
(epstopdf)             \includegraphics on input line 956.
Package epstopdf Info: Output file is already uptodate.
<diff_capacitance_6-eps-converted-to.pdf, id=1062, 557.08125pt x 462.72874pt>
File: diff_capacitance_6-eps-converted-to.pdf Graphic file (type pdf)
<use diff_capacitance_6-eps-converted-to.pdf>
Package pdftex.def Info: diff_capacitance_6-eps-converted-to.pdf  used on input
 line 956.
(pdftex.def)             Requested size: 239.77827pt x 199.16928pt.


[33

 <./diff_capacitance_6-eps-converted-to.pdf>]
Package epstopdf Info: Source file: <pressure23.eps>
(epstopdf)                    date: 2023-02-05 16:06:59
(epstopdf)                    size: 11482 bytes
(epstopdf)             Output file: <pressure23-eps-converted-to.pdf>
(epstopdf)                    date: 2023-12-03 12:37:45
(epstopdf)                    size: 8913 bytes
(epstopdf)             Command: <repstopdf --outfile=pressure23-eps-converted-t
o.pdf pressure23.eps>
(epstopdf)             \includegraphics on input line 1096.
Package epstopdf Info: Output file is already uptodate.
<pressure23-eps-converted-to.pdf, id=1090, 378.41376pt x 152.57pt>
File: pressure23-eps-converted-to.pdf Graphic file (type pdf)
<use pressure23-eps-converted-to.pdf>
Package pdftex.def Info: pressure23-eps-converted-to.pdf  used on input line 10
96.
(pdftex.def)             Requested size: 398.3386pt x 160.60597pt.


[34

 <./pressure23-eps-converted-to.pdf>]
Package epstopdf Info: Source file: <dpcell_1.eps>
(epstopdf)                    date: 2023-02-05 16:06:58
(epstopdf)                    size: 148111 bytes
(epstopdf)             Output file: <dpcell_1-eps-converted-to.pdf>
(epstopdf)                    date: 2023-12-03 12:37:45
(epstopdf)                    size: 139169 bytes
(epstopdf)             Command: <repstopdf --outfile=dpcell_1-eps-converted-to.
pdf dpcell_1.eps>
(epstopdf)             \includegraphics on input line 1107.
Package epstopdf Info: Output file is already uptodate.
<dpcell_1-eps-converted-to.pdf, id=1124, 557.08125pt x 370.38374pt>
File: dpcell_1-eps-converted-to.pdf Graphic file (type pdf)
<use dpcell_1-eps-converted-to.pdf>
Package pdftex.def Info: dpcell_1-eps-converted-to.pdf  used on input line 1107
.
(pdftex.def)             Requested size: 180.67499pt x 120.12462pt.
Package epstopdf Info: Source file: <dpcell_2.eps>
(epstopdf)                    date: 2023-02-05 16:06:58
(epstopdf)                    size: 132286 bytes
(epstopdf)             Output file: <dpcell_2-eps-converted-to.pdf>
(epstopdf)                    date: 2023-12-03 12:37:45
(epstopdf)                    size: 128634 bytes
(epstopdf)             Command: <repstopdf --outfile=dpcell_2-eps-converted-to.
pdf dpcell_2.eps>
(epstopdf)             \includegraphics on input line 1107.
Package epstopdf Info: Output file is already uptodate.
<dpcell_2-eps-converted-to.pdf, id=1125, 557.08125pt x 370.38374pt>
File: dpcell_2-eps-converted-to.pdf Graphic file (type pdf)
<use dpcell_2-eps-converted-to.pdf>
Package pdftex.def Info: dpcell_2-eps-converted-to.pdf  used on input line 1107
.
(pdftex.def)             Requested size: 180.67499pt x 120.12462pt.


[35

 <./dpcell_1-eps-converted-to.pdf> <./dpcell_2-eps-converted-to.pdf>]
Package epstopdf Info: Source file: <pressure66.eps>
(epstopdf)                    date: 2023-02-05 16:06:59
(epstopdf)                    size: 64219 bytes
(epstopdf)             Output file: <pressure66-eps-converted-to.pdf>
(epstopdf)                    date: 2023-12-03 12:37:46
(epstopdf)                    size: 52602 bytes
(epstopdf)             Command: <repstopdf --outfile=pressure66-eps-converted-t
o.pdf pressure66.eps>
(epstopdf)             \includegraphics on input line 1125.
Package epstopdf Info: Output file is already uptodate.
<pressure66-eps-converted-to.pdf, id=1155, 557.08125pt x 251.94125pt>
File: pressure66-eps-converted-to.pdf Graphic file (type pdf)
<use pressure66-eps-converted-to.pdf>
Package pdftex.def Info: pressure66-eps-converted-to.pdf  used on input line 11
25.
(pdftex.def)             Requested size: 398.3386pt x 180.152pt.


[36

 <./pressure66-eps-converted-to.pdf>]
Package epstopdf Info: Source file: <pressure65.eps>
(epstopdf)                    date: 2023-02-05 16:06:59
(epstopdf)                    size: 10892 bytes
(epstopdf)             Output file: <pressure65-eps-converted-to.pdf>
(epstopdf)                    date: 2023-12-03 12:37:46
(epstopdf)                    size: 9040 bytes
(epstopdf)             Command: <repstopdf --outfile=pressure65-eps-converted-t
o.pdf pressure65.eps>
(epstopdf)             \includegraphics on input line 1137.
Package epstopdf Info: Output file is already uptodate.
<pressure65-eps-converted-to.pdf, id=1184, 428.60126pt x 151.56625pt>
File: pressure65-eps-converted-to.pdf Graphic file (type pdf)
<use pressure65-eps-converted-to.pdf>
Package pdftex.def Info: pressure65-eps-converted-to.pdf  used on input line 11
37.
(pdftex.def)             Requested size: 398.3386pt x 140.86494pt.


[37

 <./pressure65-eps-converted-to.pdf>]
Package epstopdf Info: Source file: <pressure25.eps>
(epstopdf)                    date: 2023-02-05 16:06:59
(epstopdf)                    size: 10272 bytes
(epstopdf)             Output file: <pressure25-eps-converted-to.pdf>
(epstopdf)                    date: 2023-12-03 12:37:46
(epstopdf)                    size: 10030 bytes
(epstopdf)             Command: <repstopdf --outfile=pressure25-eps-converted-t
o.pdf pressure25.eps>
(epstopdf)             \includegraphics on input line 1156.
Package epstopdf Info: Output file is already uptodate.
<pressure25-eps-converted-to.pdf, id=1219, 323.2075pt x 100.375pt>
File: pressure25-eps-converted-to.pdf Graphic file (type pdf)
<use pressure25-eps-converted-to.pdf>
Package pdftex.def Info: pressure25-eps-converted-to.pdf  used on input line 11
56.
(pdftex.def)             Requested size: 398.3386pt x 123.71474pt.


[38

 <./pressure25-eps-converted-to.pdf>]
Package epstopdf Info: Source file: <pressure26.eps>
(epstopdf)                    date: 2023-02-05 16:06:59
(epstopdf)                    size: 16832 bytes
(epstopdf)             Output file: <pressure26-eps-converted-to.pdf>
(epstopdf)                    date: 2023-12-03 12:37:46
(epstopdf)                    size: 10343 bytes
(epstopdf)             Command: <repstopdf --outfile=pressure26-eps-converted-t
o.pdf pressure26.eps>
(epstopdf)             \includegraphics on input line 1220.
Package epstopdf Info: Output file is already uptodate.
<pressure26-eps-converted-to.pdf, id=1256, 418.56375pt x 284.06125pt>
File: pressure26-eps-converted-to.pdf Graphic file (type pdf)
<use pressure26-eps-converted-to.pdf>
Package pdftex.def Info: pressure26-eps-converted-to.pdf  used on input line 12
20.
(pdftex.def)             Requested size: 293.48439pt x 199.16928pt.


[39

 <./pressure26-eps-converted-to.pdf>]
Package epstopdf Info: Source file: <pressure59.eps>
(epstopdf)                    date: 2023-02-05 16:06:59
(epstopdf)                    size: 14709 bytes
(epstopdf)             Output file: <pressure59-eps-converted-to.pdf>
(epstopdf)                    date: 2023-12-03 12:37:47
(epstopdf)                    size: 11305 bytes
(epstopdf)             Command: <repstopdf --outfile=pressure59-eps-converted-t
o.pdf pressure59.eps>
(epstopdf)             \includegraphics on input line 1240.
Package epstopdf Info: Output file is already uptodate.
<pressure59-eps-converted-to.pdf, id=1291, 406.51875pt x 328.22626pt>
File: pressure59-eps-converted-to.pdf Graphic file (type pdf)
<use pressure59-eps-converted-to.pdf>
Package pdftex.def Info: pressure59-eps-converted-to.pdf  used on input line 12
40.
(pdftex.def)             Requested size: 246.67964pt x 199.16928pt.


[40

 <./pressure59-eps-converted-to.pdf>]
Package epstopdf Info: Source file: <dpcell_7.eps>
(epstopdf)                    date: 2023-02-05 16:06:58
(epstopdf)                    size: 141708 bytes
(epstopdf)             Output file: <dpcell_7-eps-converted-to.pdf>
(epstopdf)                    date: 2023-12-03 12:37:47
(epstopdf)                    size: 113635 bytes
(epstopdf)             Command: <repstopdf --outfile=dpcell_7-eps-converted-to.
pdf dpcell_7.eps>
(epstopdf)             \includegraphics on input line 1255.
Package epstopdf Info: Output file is already uptodate.
<dpcell_7-eps-converted-to.pdf, id=1326, 557.08125pt x 370.38374pt>
File: dpcell_7-eps-converted-to.pdf Graphic file (type pdf)
<use dpcell_7-eps-converted-to.pdf>
Package pdftex.def Info: dpcell_7-eps-converted-to.pdf  used on input line 1255
.
(pdftex.def)             Requested size: 299.56984pt x 199.16928pt.


[41

 <./dpcell_7-eps-converted-to.pdf>]
Package epstopdf Info: Source file: <dpcell_8.eps>
(epstopdf)                    date: 2023-02-05 16:06:58
(epstopdf)                    size: 112616 bytes
(epstopdf)             Output file: <dpcell_8-eps-converted-to.pdf>
(epstopdf)                    date: 2023-12-03 12:37:47
(epstopdf)                    size: 90722 bytes
(epstopdf)             Command: <repstopdf --outfile=dpcell_8-eps-converted-to.
pdf dpcell_8.eps>
(epstopdf)             \includegraphics on input line 1267.
Package epstopdf Info: Output file is already uptodate.
<dpcell_8-eps-converted-to.pdf, id=1354, 557.08125pt x 370.38374pt>
File: dpcell_8-eps-converted-to.pdf Graphic file (type pdf)
<use dpcell_8-eps-converted-to.pdf>
Package pdftex.def Info: dpcell_8-eps-converted-to.pdf  used on input line 1267
.
(pdftex.def)             Requested size: 299.56984pt x 199.16928pt.


[42

 <./dpcell_8-eps-converted-to.pdf>]
Package epstopdf Info: Source file: <pressure61.eps>
(epstopdf)                    date: 2023-02-05 16:06:59
(epstopdf)                    size: 9378 bytes
(epstopdf)             Output file: <pressure61-eps-converted-to.pdf>
(epstopdf)                    date: 2023-12-03 12:37:47
(epstopdf)                    size: 7858 bytes
(epstopdf)             Command: <repstopdf --outfile=pressure61-eps-converted-t
o.pdf pressure61.eps>
(epstopdf)             \includegraphics on input line 1282.
Package epstopdf Info: Output file is already uptodate.
<pressure61-eps-converted-to.pdf, id=1382, 231.86626pt x 94.3525pt>
File: pressure61-eps-converted-to.pdf Graphic file (type pdf)
<use pressure61-eps-converted-to.pdf>
Package pdftex.def Info: pressure61-eps-converted-to.pdf  used on input line 12
82.
(pdftex.def)             Requested size: 398.3386pt x 162.10889pt.


[43

 <./pressure61-eps-converted-to.pdf>]
Package epstopdf Info: Source file: <pressure60.eps>
(epstopdf)                    date: 2023-02-05 16:06:59
(epstopdf)                    size: 15401 bytes
(epstopdf)             Output file: <pressure60-eps-converted-to.pdf>
(epstopdf)                    date: 2023-12-03 12:37:47
(epstopdf)                    size: 11675 bytes
(epstopdf)             Command: <repstopdf --outfile=pressure60-eps-converted-t
o.pdf pressure60.eps>
(epstopdf)             \includegraphics on input line 1305.
Package epstopdf Info: Output file is already uptodate.
<pressure60-eps-converted-to.pdf, id=1418, 406.51875pt x 328.22626pt>
File: pressure60-eps-converted-to.pdf Graphic file (type pdf)
<use pressure60-eps-converted-to.pdf>
Package pdftex.def Info: pressure60-eps-converted-to.pdf  used on input line 13
05.
(pdftex.def)             Requested size: 246.67964pt x 199.16928pt.


[44

 <./pressure60-eps-converted-to.pdf>]
Package epstopdf Info: Source file: <pressure62.eps>
(epstopdf)                    date: 2023-02-05 16:06:59
(epstopdf)                    size: 11011 bytes
(epstopdf)             Output file: <pressure62-eps-converted-to.pdf>
(epstopdf)                    date: 2023-12-03 12:37:47
(epstopdf)                    size: 6061 bytes
(epstopdf)             Command: <repstopdf --outfile=pressure62-eps-converted-t
o.pdf pressure62.eps>
(epstopdf)             \includegraphics on input line 1343.
Package epstopdf Info: Output file is already uptodate.
<pressure62-eps-converted-to.pdf, id=1453, 355.3275pt x 226.8475pt>
File: pressure62-eps-converted-to.pdf Graphic file (type pdf)
<use pressure62-eps-converted-to.pdf>
Package pdftex.def Info: pressure62-eps-converted-to.pdf  used on input line 13
43.
(pdftex.def)             Requested size: 267.40582pt x 170.71652pt.


[45

 <./pressure62-eps-converted-to.pdf>]
Package epstopdf Info: Source file: <pressure63.eps>
(epstopdf)                    date: 2023-02-05 16:06:59
(epstopdf)                    size: 11070 bytes
(epstopdf)             Output file: <pressure63-eps-converted-to.pdf>
(epstopdf)                    date: 2023-12-03 12:37:47
(epstopdf)                    size: 6264 bytes
(epstopdf)             Command: <repstopdf --outfile=pressure63-eps-converted-t
o.pdf pressure63.eps>
(epstopdf)             \includegraphics on input line 1360.
Package epstopdf Info: Output file is already uptodate.
<pressure63-eps-converted-to.pdf, id=1485, 355.3275pt x 189.70876pt>
File: pressure63-eps-converted-to.pdf Graphic file (type pdf)
<use pressure63-eps-converted-to.pdf>
Package pdftex.def Info: pressure63-eps-converted-to.pdf  used on input line 13
60.
(pdftex.def)             Requested size: 319.75925pt x 170.71652pt.


[46

 <./pressure63-eps-converted-to.pdf>]
Package epstopdf Info: Source file: <pressure64.eps>
(epstopdf)                    date: 2023-02-05 16:06:59
(epstopdf)                    size: 11581 bytes
(epstopdf)             Output file: <pressure64-eps-converted-to.pdf>
(epstopdf)                    date: 2023-12-03 12:37:47
(epstopdf)                    size: 7039 bytes
(epstopdf)             Command: <repstopdf --outfile=pressure64-eps-converted-t
o.pdf pressure64.eps>
(epstopdf)             \includegraphics on input line 1385.
Package epstopdf Info: Output file is already uptodate.
<pressure64-eps-converted-to.pdf, id=1517, 270.00874pt x 187.70125pt>
File: pressure64-eps-converted-to.pdf Graphic file (type pdf)
<use pressure64-eps-converted-to.pdf>
Package pdftex.def Info: pressure64-eps-converted-to.pdf  used on input line 13
85.
(pdftex.def)             Requested size: 245.59297pt x 170.71652pt.


[47

 <./pressure64-eps-converted-to.pdf>]

[48

]
Package epstopdf Info: Source file: <pressure27.eps>
(epstopdf)                    date: 2023-02-05 16:06:59
(epstopdf)                    size: 10608 bytes
(epstopdf)             Output file: <pressure27-eps-converted-to.pdf>
(epstopdf)                    date: 2023-12-03 12:37:48
(epstopdf)                    size: 6676 bytes
(epstopdf)             Command: <repstopdf --outfile=pressure27-eps-converted-t
o.pdf pressure27.eps>
(epstopdf)             \includegraphics on input line 1420.
Package epstopdf Info: Output file is already uptodate.
<pressure27-eps-converted-to.pdf, id=1573, 269.005pt x 164.615pt>
File: pressure27-eps-converted-to.pdf Graphic file (type pdf)
<use pressure27-eps-converted-to.pdf>
Package pdftex.def Info: pressure27-eps-converted-to.pdf  used on input line 14
20.
(pdftex.def)             Requested size: 325.48062pt x 199.16928pt.


[49

 <./pressure27-eps-converted-to.pdf>]
Package epstopdf Info: Source file: <dpcell_3.eps>
(epstopdf)                    date: 2023-02-05 16:06:58
(epstopdf)                    size: 125669 bytes
(epstopdf)             Output file: <dpcell_3-eps-converted-to.pdf>
(epstopdf)                    date: 2023-12-03 12:36:51
(epstopdf)                    size: 100995 bytes
(epstopdf)             Command: <repstopdf --outfile=dpcell_3-eps-converted-to.
pdf dpcell_3.eps>
(epstopdf)             \includegraphics on input line 1434.
Package epstopdf Info: Output file is already uptodate.
<dpcell_3-eps-converted-to.pdf, id=1605, 557.08125pt x 370.38374pt>
File: dpcell_3-eps-converted-to.pdf Graphic file (type pdf)
<use dpcell_3-eps-converted-to.pdf>
Package pdftex.def Info: dpcell_3-eps-converted-to.pdf  used on input line 1434
.
(pdftex.def)             Requested size: 299.56984pt x 199.16928pt.


[50

 <./dpcell_3-eps-converted-to.pdf>]
Package epstopdf Info: Source file: <pressure28.eps>
(epstopdf)                    date: 2023-02-05 16:06:59
(epstopdf)                    size: 10964 bytes
(epstopdf)             Output file: <pressure28-eps-converted-to.pdf>
(epstopdf)                    date: 2023-12-03 12:37:48
(epstopdf)                    size: 8065 bytes
(epstopdf)             Command: <repstopdf --outfile=pressure28-eps-converted-t
o.pdf pressure28.eps>
(epstopdf)             \includegraphics on input line 1448.
Package epstopdf Info: Output file is already uptodate.
<pressure28-eps-converted-to.pdf, id=1634, 295.1025pt x 168.63pt>
File: pressure28-eps-converted-to.pdf Graphic file (type pdf)
<use pressure28-eps-converted-to.pdf>
Package pdftex.def Info: pressure28-eps-converted-to.pdf  used on input line 14
48.
(pdftex.def)             Requested size: 348.55563pt x 199.16928pt.


[51

 <./pressure28-eps-converted-to.pdf>]
Package epstopdf Info: Source file: <./pressure29.eps>
(epstopdf)                    date: 2023-02-05 16:06:59
(epstopdf)                    size: 11250 bytes
(epstopdf)             Output file: <./pressure29-eps-converted-to.pdf>
(epstopdf)                    date: 2023-12-03 12:37:48
(epstopdf)                    size: 7245 bytes
(epstopdf)             Command: <repstopdf --outfile=./pressure29-eps-converted
-to.pdf ./pressure29.eps>
(epstopdf)             \includegraphics on input line 1462.
Package epstopdf Info: Output file is already uptodate.
<./pressure29-eps-converted-to.pdf, id=1668, 336.25626pt x 196.735pt>
File: ./pressure29-eps-converted-to.pdf Graphic file (type pdf)
<use ./pressure29-eps-converted-to.pdf>
Package pdftex.def Info: ./pressure29-eps-converted-to.pdf  used on input line 
1462.
(pdftex.def)             Requested size: 340.41655pt x 199.16928pt.


[52

 <./pressure29-eps-converted-to.pdf>]
Package epstopdf Info: Source file: <./pressure30.eps>
(epstopdf)                    date: 2023-02-05 16:06:59
(epstopdf)                    size: 11682 bytes
(epstopdf)             Output file: <./pressure30-eps-converted-to.pdf>
(epstopdf)                    date: 2023-12-03 12:37:48
(epstopdf)                    size: 8321 bytes
(epstopdf)             Command: <repstopdf --outfile=./pressure30-eps-converted
-to.pdf ./pressure30.eps>
(epstopdf)             \includegraphics on input line 1472.
Package epstopdf Info: Output file is already uptodate.
<./pressure30-eps-converted-to.pdf, id=1699, 355.3275pt x 166.6225pt>
File: ./pressure30-eps-converted-to.pdf Graphic file (type pdf)
<use ./pressure30-eps-converted-to.pdf>
Package pdftex.def Info: ./pressure30-eps-converted-to.pdf  used on input line 
1472.
(pdftex.def)             Requested size: 424.76428pt x 199.16928pt.

Overfull \hbox (26.42569pt too wide) detected at line 1472
[]
 []



[53

 <./pressure30-eps-converted-to.pdf>]
Package epstopdf Info: Source file: <./pressure48.eps>
(epstopdf)                    date: 2023-02-05 16:06:59
(epstopdf)                    size: 11279 bytes
(epstopdf)             Output file: <./pressure48-eps-converted-to.pdf>
(epstopdf)                    date: 2023-12-03 12:37:48
(epstopdf)                    size: 6182 bytes
(epstopdf)             Command: <repstopdf --outfile=./pressure48-eps-converted
-to.pdf ./pressure48.eps>
(epstopdf)             \includegraphics on input line 1485.
Package epstopdf Info: Output file is already uptodate.
<./pressure48-eps-converted-to.pdf, id=1734, 224.84pt x 160.6pt>
File: ./pressure48-eps-converted-to.pdf Graphic file (type pdf)
<use ./pressure48-eps-converted-to.pdf>
Package pdftex.def Info: ./pressure48-eps-converted-to.pdf  used on input line 
1485.
(pdftex.def)             Requested size: 278.84674pt x 199.16928pt.


[54

 <./pressure48-eps-converted-to.pdf>]
Package epstopdf Info: Source file: <bleed_closeup.eps>
(epstopdf)                    date: 2023-02-05 16:06:58
(epstopdf)                    size: 103950 bytes
(epstopdf)             Output file: <bleed_closeup-eps-converted-to.pdf>
(epstopdf)                    date: 2023-12-03 12:37:48
(epstopdf)                    size: 83889 bytes
(epstopdf)             Command: <repstopdf --outfile=bleed_closeup-eps-converte
d-to.pdf bleed_closeup.eps>
(epstopdf)             \includegraphics on input line 1515.
Package epstopdf Info: Output file is already uptodate.
<bleed_closeup-eps-converted-to.pdf, id=1765, 557.08125pt x 370.38374pt>
File: bleed_closeup-eps-converted-to.pdf Graphic file (type pdf)
<use bleed_closeup-eps-converted-to.pdf>
Package pdftex.def Info: bleed_closeup-eps-converted-to.pdf  used on input line
 1515.
(pdftex.def)             Requested size: 180.67499pt x 120.12462pt.
Package epstopdf Info: Source file: <bleed_plug.eps>
(epstopdf)                    date: 2023-02-05 16:06:58
(epstopdf)                    size: 118163 bytes
(epstopdf)             Output file: <bleed_plug-eps-converted-to.pdf>
(epstopdf)                    date: 2023-12-03 12:37:48
(epstopdf)                    size: 95093 bytes
(epstopdf)             Command: <repstopdf --outfile=bleed_plug-eps-converted-t
o.pdf bleed_plug.eps>
(epstopdf)             \includegraphics on input line 1515.
Package epstopdf Info: Output file is already uptodate.
<bleed_plug-eps-converted-to.pdf, id=1766, 557.08125pt x 370.38374pt>
File: bleed_plug-eps-converted-to.pdf Graphic file (type pdf)
<use bleed_plug-eps-converted-to.pdf>
Package pdftex.def Info: bleed_plug-eps-converted-to.pdf  used on input line 15
15.
(pdftex.def)             Requested size: 180.67499pt x 120.12462pt.


[55

 <./bleed_closeup-eps-converted-to.pdf> <./bleed_plug-eps-converted-to.pdf>]
Package epstopdf Info: Source file: <pressure76.eps>
(epstopdf)                    date: 2023-02-05 16:06:59
(epstopdf)                    size: 15237 bytes
(epstopdf)             Output file: <pressure76-eps-converted-to.pdf>
(epstopdf)                    date: 2023-07-30 14:54:07
(epstopdf)                    size: 10673 bytes
(epstopdf)             Command: <repstopdf --outfile=pressure76-eps-converted-t
o.pdf pressure76.eps>
(epstopdf)             \includegraphics on input line 1533.
Package epstopdf Info: Output file is already uptodate.
<pressure76-eps-converted-to.pdf, id=1797, 437.635pt x 212.795pt>
File: pressure76-eps-converted-to.pdf Graphic file (type pdf)
<use pressure76-eps-converted-to.pdf>
Package pdftex.def Info: pressure76-eps-converted-to.pdf  used on input line 15
33.
(pdftex.def)             Requested size: 409.63405pt x 199.16928pt.

Overfull \hbox (11.29546pt too wide) detected at line 1533
[]
 []



[56

 <./pressure76-eps-converted-to.pdf>]
Package epstopdf Info: Source file: <pressure52.eps>
(epstopdf)                    date: 2023-02-05 16:06:59
(epstopdf)                    size: 159004 bytes
(epstopdf)             Output file: <pressure52-eps-converted-to.pdf>
(epstopdf)                    date: 2023-12-03 12:37:50
(epstopdf)                    size: 127179 bytes
(epstopdf)             Command: <repstopdf --outfile=pressure52-eps-converted-t
o.pdf pressure52.eps>
(epstopdf)             \includegraphics on input line 1563.
Package epstopdf Info: Output file is already uptodate.
<pressure52-eps-converted-to.pdf, id=1831, 557.08125pt x 481.8pt>
File: pressure52-eps-converted-to.pdf Graphic file (type pdf)
<use pressure52-eps-converted-to.pdf>
Package pdftex.def Info: pressure52-eps-converted-to.pdf  used on input line 15
63.
(pdftex.def)             Requested size: 230.28337pt x 199.16928pt.


[57

 <./pressure52-eps-converted-to.pdf>]
Package epstopdf Info: Source file: <pressure33.eps>
(epstopdf)                    date: 2023-02-05 16:06:59
(epstopdf)                    size: 9784 bytes
(epstopdf)             Output file: <pressure33-eps-converted-to.pdf>
(epstopdf)                    date: 2023-12-03 12:37:50
(epstopdf)                    size: 5718 bytes
(epstopdf)             Command: <repstopdf --outfile=pressure33-eps-converted-t
o.pdf pressure33.eps>
(epstopdf)             \includegraphics on input line 1573.
Package epstopdf Info: Output file is already uptodate.
<pressure33-eps-converted-to.pdf, id=1860, 203.76125pt x 102.3825pt>
File: pressure33-eps-converted-to.pdf Graphic file (type pdf)
<use pressure33-eps-converted-to.pdf>
Package pdftex.def Info: pressure33-eps-converted-to.pdf  used on input line 15
73.
(pdftex.def)             Requested size: 396.4125pt x 199.16928pt.


[58

 <./pressure33-eps-converted-to.pdf>]
Package epstopdf Info: Source file: <pressure35.eps>
(epstopdf)                    date: 2023-02-05 16:06:59
(epstopdf)                    size: 11577 bytes
(epstopdf)             Output file: <pressure35-eps-converted-to.pdf>
(epstopdf)                    date: 2023-12-03 12:37:51
(epstopdf)                    size: 8393 bytes
(epstopdf)             Command: <repstopdf --outfile=pressure35-eps-converted-t
o.pdf pressure35.eps>
(epstopdf)             \includegraphics on input line 1591.
Package epstopdf Info: Output file is already uptodate.
<pressure35-eps-converted-to.pdf, id=1890, 234.8775pt x 120.45pt>
File: pressure35-eps-converted-to.pdf Graphic file (type pdf)
<use pressure35-eps-converted-to.pdf>
Package pdftex.def Info: pressure35-eps-converted-to.pdf  used on input line 15
91.
(pdftex.def)             Requested size: 388.41638pt x 199.16928pt.


[59

 <./pressure35-eps-converted-to.pdf>]
\tf@nav=\write6
\openout6 = `pContinuousPressureMeasurement.nav'.

\tf@toc=\write7
\openout7 = `pContinuousPressureMeasurement.toc'.

\tf@snm=\write8
\openout8 = `pContinuousPressureMeasurement.snm'.

 (./pContinuousPressureMeasurement.aux)
 ***********
LaTeX2e <2024-11-01> patch level 2
L3 programming layer <2025-01-18>
 ***********
Package rerunfilecheck Info: File `pContinuousPressureMeasurement.out' has not 
changed.
(rerunfilecheck)             Checksum: D41D8CD98F00B204E9800998ECF8427E;0.
 ) 
Here is how much of TeX's memory you used:
 22159 strings out of 475171
 425544 string characters out of 5767095
 784870 words of memory out of 5000000
 44598 multiletter control sequences out of 15000+600000
 565881 words of font info for 61 fonts, out of 8000000 for 9000
 14 hyphenation exceptions out of 8191
 128i,14n,123p,1910b,561s stack positions out of 10000i,1000n,20000p,200000b,200000s
</usr/share/texmf-dist/fonts/type1/public/amsfonts/cm/cmmi10.pfb></usr/share/
texmf-dist/fonts/type1/public/amsfonts/cm/cmss10.pfb></usr/share/texmf-dist/fon
ts/type1/public/amsfonts/cm/cmss12.pfb></usr/share/texmf-dist/fonts/type1/publi
c/amsfonts/cm/cmss8.pfb></usr/share/texmf-dist/fonts/type1/public/amsfonts/cm/c
mssbx10.pfb></usr/share/texmf-dist/fonts/type1/public/amsfonts/cm/cmssi10.pfb><
/usr/share/texmf-dist/fonts/type1/public/amsfonts/cm/cmsy10.pfb>
Output written on pContinuousPressureMeasurement.pdf (59 pages, 2873021 bytes).

PDF statistics:
 1983 PDF objects out of 2073 (max. 8388607)
 1734 compressed objects within 18 object streams
 119 named destinations out of 1000 (max. 500000)
 328 words of extra memory for PDF output out of 10000 (max. 10000000)

