This is pdfTeX, Version 3.141592653-2.6-1.40.22 (TeX Live 2021/Arch Linux) (preloaded format=pdflatex 2021.12.22)  7 DEC 2022 08:23
entering extended mode
 restricted \write18 enabled.
 %&-line parsing enabled.
**pDataCom.tex
(./pDataCom.tex
LaTeX2e <2020-10-01> patch level 4
L3 programming layer <2021-02-18>
(/usr/share/texmf-dist/tex/latex/beamer/beamer.cls
Document Class: beamer 2021/03/19 v3.62 A class for typesetting presentations
(/usr/share/texmf-dist/tex/latex/beamer/beamerbasemodes.sty
(/usr/share/texmf-dist/tex/latex/etoolbox/etoolbox.sty
Package: etoolbox 2020/10/05 v2.5k e-TeX tools for LaTeX (JAW)
\etb@tempcnta=\count179
)
\beamer@tempbox=\box47
\beamer@tempcount=\count180
\c@beamerpauses=\count181

(/usr/share/texmf-dist/tex/latex/beamer/beamerbasedecode.sty
\beamer@slideinframe=\count182
\beamer@minimum=\count183
\beamer@decode@box=\box48
)
\beamer@commentbox=\box49
\beamer@modecount=\count184
)
(/usr/share/texmf-dist/tex/generic/iftex/ifpdf.sty
Package: ifpdf 2019/10/25 v3.4 ifpdf legacy package. Use iftex instead.

(/usr/share/texmf-dist/tex/generic/iftex/iftex.sty
Package: iftex 2020/03/06 v1.0d TeX engine tests
))
\headdp=\dimen138
\footheight=\dimen139
\sidebarheight=\dimen140
\beamer@tempdim=\dimen141
\beamer@finalheight=\dimen142
\beamer@animht=\dimen143
\beamer@animdp=\dimen144
\beamer@animwd=\dimen145
\beamer@leftmargin=\dimen146
\beamer@rightmargin=\dimen147
\beamer@leftsidebar=\dimen148
\beamer@rightsidebar=\dimen149
\beamer@boxsize=\dimen150
\beamer@vboxoffset=\dimen151
\beamer@descdefault=\dimen152
\beamer@descriptionwidth=\dimen153
\beamer@lastskip=\skip47
\beamer@areabox=\box50
\beamer@animcurrent=\box51
\beamer@animshowbox=\box52
\beamer@sectionbox=\box53
\beamer@logobox=\box54
\beamer@linebox=\box55
\beamer@sectioncount=\count185
\beamer@subsubsectionmax=\count186
\beamer@subsectionmax=\count187
\beamer@sectionmax=\count188
\beamer@totalheads=\count189
\beamer@headcounter=\count190
\beamer@partstartpage=\count191
\beamer@sectionstartpage=\count192
\beamer@subsectionstartpage=\count193
\beamer@animationtempa=\count194
\beamer@animationtempb=\count195
\beamer@xpos=\count196
\beamer@ypos=\count197
\beamer@ypos@offset=\count198
\beamer@showpartnumber=\count199
\beamer@currentsubsection=\count266
\beamer@coveringdepth=\count267
\beamer@sectionadjust=\count268
\beamer@tocsectionnumber=\count269

(/usr/share/texmf-dist/tex/latex/beamer/beamerbaseoptions.sty
(/usr/share/texmf-dist/tex/latex/graphics/keyval.sty
Package: keyval 2014/10/28 v1.15 key=value parser (DPC)
\KV@toks@=\toks15
))
\beamer@paperwidth=\skip48
\beamer@paperheight=\skip49

(/usr/share/texmf-dist/tex/latex/geometry/geometry.sty
Package: geometry 2020/01/02 v5.9 Page Geometry

(/usr/share/texmf-dist/tex/generic/iftex/ifvtex.sty
Package: ifvtex 2019/10/25 v1.7 ifvtex legacy package. Use iftex instead.
)
\Gm@cnth=\count270
\Gm@cntv=\count271
\c@Gm@tempcnt=\count272
\Gm@bindingoffset=\dimen154
\Gm@wd@mp=\dimen155
\Gm@odd@mp=\dimen156
\Gm@even@mp=\dimen157
\Gm@layoutwidth=\dimen158
\Gm@layoutheight=\dimen159
\Gm@layouthoffset=\dimen160
\Gm@layoutvoffset=\dimen161
\Gm@dimlist=\toks16
)
(/usr/share/texmf-dist/tex/latex/base/size11.clo
File: size11.clo 2020/04/10 v1.4m Standard LaTeX file (size option)
)
(/usr/share/texmf-dist/tex/latex/pgf/basiclayer/pgfcore.sty
(/usr/share/texmf-dist/tex/latex/graphics/graphicx.sty
Package: graphicx 2020/09/09 v1.2b Enhanced LaTeX Graphics (DPC,SPQR)

(/usr/share/texmf-dist/tex/latex/graphics/graphics.sty
Package: graphics 2020/08/30 v1.4c Standard LaTeX Graphics (DPC,SPQR)

(/usr/share/texmf-dist/tex/latex/graphics/trig.sty
Package: trig 2016/01/03 v1.10 sin cos tan (DPC)
)
(/usr/share/texmf-dist/tex/latex/graphics-cfg/graphics.cfg
File: graphics.cfg 2016/06/04 v1.11 sample graphics configuration
)
Package graphics Info: Driver file: pdftex.def on input line 105.

(/usr/share/texmf-dist/tex/latex/graphics-def/pdftex.def
File: pdftex.def 2020/10/05 v1.2a Graphics/color driver for pdftex
))
\Gin@req@height=\dimen162
\Gin@req@width=\dimen163
)
(/usr/share/texmf-dist/tex/latex/pgf/systemlayer/pgfsys.sty
(/usr/share/texmf-dist/tex/latex/pgf/utilities/pgfrcs.sty
(/usr/share/texmf-dist/tex/generic/pgf/utilities/pgfutil-common.tex
\pgfutil@everybye=\toks17
\pgfutil@tempdima=\dimen164
\pgfutil@tempdimb=\dimen165

(/usr/share/texmf-dist/tex/generic/pgf/utilities/pgfutil-common-lists.tex))
(/usr/share/texmf-dist/tex/generic/pgf/utilities/pgfutil-latex.def
\pgfutil@abb=\box56
)
(/usr/share/texmf-dist/tex/generic/pgf/utilities/pgfrcs.code.tex
(/usr/share/texmf-dist/tex/generic/pgf/pgf.revision.tex)
Package: pgfrcs 2020/12/27 v3.1.8b (3.1.8b)
))
(/usr/share/texmf-dist/tex/generic/pgf/systemlayer/pgfsys.code.tex
Package: pgfsys 2020/12/27 v3.1.8b (3.1.8b)

(/usr/share/texmf-dist/tex/generic/pgf/utilities/pgfkeys.code.tex
\pgfkeys@pathtoks=\toks18
\pgfkeys@temptoks=\toks19

(/usr/share/texmf-dist/tex/generic/pgf/utilities/pgfkeysfiltered.code.tex
\pgfkeys@tmptoks=\toks20
))
\pgf@x=\dimen166
\pgf@y=\dimen167
\pgf@xa=\dimen168
\pgf@ya=\dimen169
\pgf@xb=\dimen170
\pgf@yb=\dimen171
\pgf@xc=\dimen172
\pgf@yc=\dimen173
\pgf@xd=\dimen174
\pgf@yd=\dimen175
\w@pgf@writea=\write3
\r@pgf@reada=\read2
\c@pgf@counta=\count273
\c@pgf@countb=\count274
\c@pgf@countc=\count275
\c@pgf@countd=\count276
\t@pgf@toka=\toks21
\t@pgf@tokb=\toks22
\t@pgf@tokc=\toks23
\pgf@sys@id@count=\count277

(/usr/share/texmf-dist/tex/generic/pgf/systemlayer/pgf.cfg
File: pgf.cfg 2020/12/27 v3.1.8b (3.1.8b)
)
Driver file for pgf: pgfsys-pdftex.def

(/usr/share/texmf-dist/tex/generic/pgf/systemlayer/pgfsys-pdftex.def
File: pgfsys-pdftex.def 2020/12/27 v3.1.8b (3.1.8b)

(/usr/share/texmf-dist/tex/generic/pgf/systemlayer/pgfsys-common-pdf.def
File: pgfsys-common-pdf.def 2020/12/27 v3.1.8b (3.1.8b)
)))
(/usr/share/texmf-dist/tex/generic/pgf/systemlayer/pgfsyssoftpath.code.tex
File: pgfsyssoftpath.code.tex 2020/12/27 v3.1.8b (3.1.8b)
\pgfsyssoftpath@smallbuffer@items=\count278
\pgfsyssoftpath@bigbuffer@items=\count279
)
(/usr/share/texmf-dist/tex/generic/pgf/systemlayer/pgfsysprotocol.code.tex
File: pgfsysprotocol.code.tex 2020/12/27 v3.1.8b (3.1.8b)
))
(/usr/share/texmf-dist/tex/latex/xcolor/xcolor.sty
Package: xcolor 2016/05/11 v2.12 LaTeX color extensions (UK)

(/usr/share/texmf-dist/tex/latex/graphics-cfg/color.cfg
File: color.cfg 2016/01/02 v1.6 sample color configuration
)
Package xcolor Info: Driver file: pdftex.def on input line 225.
Package xcolor Info: Model `cmy' substituted by `cmy0' on input line 1348.
Package xcolor Info: Model `hsb' substituted by `rgb' on input line 1352.
Package xcolor Info: Model `RGB' extended on input line 1364.
Package xcolor Info: Model `HTML' substituted by `rgb' on input line 1366.
Package xcolor Info: Model `Hsb' substituted by `hsb' on input line 1367.
Package xcolor Info: Model `tHsb' substituted by `hsb' on input line 1368.
Package xcolor Info: Model `HSB' substituted by `hsb' on input line 1369.
Package xcolor Info: Model `Gray' substituted by `gray' on input line 1370.
Package xcolor Info: Model `wave' substituted by `hsb' on input line 1371.

(/usr/share/texmf-dist/tex/latex/graphics/dvipsnam.def
File: dvipsnam.def 2016/06/17 v3.0m Driver-dependent file (DPC,SPQR)
))
(/usr/share/texmf-dist/tex/generic/pgf/basiclayer/pgfcore.code.tex
Package: pgfcore 2020/12/27 v3.1.8b (3.1.8b)

(/usr/share/texmf-dist/tex/generic/pgf/math/pgfmath.code.tex
(/usr/share/texmf-dist/tex/generic/pgf/math/pgfmathcalc.code.tex
(/usr/share/texmf-dist/tex/generic/pgf/math/pgfmathutil.code.tex)
(/usr/share/texmf-dist/tex/generic/pgf/math/pgfmathparser.code.tex
\pgfmath@dimen=\dimen176
\pgfmath@count=\count280
\pgfmath@box=\box57
\pgfmath@toks=\toks24
\pgfmath@stack@operand=\toks25
\pgfmath@stack@operation=\toks26
)
(/usr/share/texmf-dist/tex/generic/pgf/math/pgfmathfunctions.code.tex
(/usr/share/texmf-dist/tex/generic/pgf/math/pgfmathfunctions.basic.code.tex)
(/usr/share/texmf-dist/tex/generic/pgf/math/pgfmathfunctions.trigonometric.code
.tex)
(/usr/share/texmf-dist/tex/generic/pgf/math/pgfmathfunctions.random.code.tex)
(/usr/share/texmf-dist/tex/generic/pgf/math/pgfmathfunctions.comparison.code.te
x) (/usr/share/texmf-dist/tex/generic/pgf/math/pgfmathfunctions.base.code.tex)
(/usr/share/texmf-dist/tex/generic/pgf/math/pgfmathfunctions.round.code.tex)
(/usr/share/texmf-dist/tex/generic/pgf/math/pgfmathfunctions.misc.code.tex)
(/usr/share/texmf-dist/tex/generic/pgf/math/pgfmathfunctions.integerarithmetics
.code.tex))) (/usr/share/texmf-dist/tex/generic/pgf/math/pgfmathfloat.code.tex
\c@pgfmathroundto@lastzeros=\count281
)) (/usr/share/texmf-dist/tex/generic/pgf/math/pgfint.code.tex)
(/usr/share/texmf-dist/tex/generic/pgf/basiclayer/pgfcorepoints.code.tex
File: pgfcorepoints.code.tex 2020/12/27 v3.1.8b (3.1.8b)
\pgf@picminx=\dimen177
\pgf@picmaxx=\dimen178
\pgf@picminy=\dimen179
\pgf@picmaxy=\dimen180
\pgf@pathminx=\dimen181
\pgf@pathmaxx=\dimen182
\pgf@pathminy=\dimen183
\pgf@pathmaxy=\dimen184
\pgf@xx=\dimen185
\pgf@xy=\dimen186
\pgf@yx=\dimen187
\pgf@yy=\dimen188
\pgf@zx=\dimen189
\pgf@zy=\dimen190
)
(/usr/share/texmf-dist/tex/generic/pgf/basiclayer/pgfcorepathconstruct.code.tex
File: pgfcorepathconstruct.code.tex 2020/12/27 v3.1.8b (3.1.8b)
\pgf@path@lastx=\dimen191
\pgf@path@lasty=\dimen192
) (/usr/share/texmf-dist/tex/generic/pgf/basiclayer/pgfcorepathusage.code.tex
File: pgfcorepathusage.code.tex 2020/12/27 v3.1.8b (3.1.8b)
\pgf@shorten@end@additional=\dimen193
\pgf@shorten@start@additional=\dimen194
)
(/usr/share/texmf-dist/tex/generic/pgf/basiclayer/pgfcorescopes.code.tex
File: pgfcorescopes.code.tex 2020/12/27 v3.1.8b (3.1.8b)
\pgfpic=\box58
\pgf@hbox=\box59
\pgf@layerbox@main=\box60
\pgf@picture@serial@count=\count282
)
(/usr/share/texmf-dist/tex/generic/pgf/basiclayer/pgfcoregraphicstate.code.tex
File: pgfcoregraphicstate.code.tex 2020/12/27 v3.1.8b (3.1.8b)
\pgflinewidth=\dimen195
)
(/usr/share/texmf-dist/tex/generic/pgf/basiclayer/pgfcoretransformations.code.t
ex
File: pgfcoretransformations.code.tex 2020/12/27 v3.1.8b (3.1.8b)
\pgf@pt@x=\dimen196
\pgf@pt@y=\dimen197
\pgf@pt@temp=\dimen198
) (/usr/share/texmf-dist/tex/generic/pgf/basiclayer/pgfcorequick.code.tex
File: pgfcorequick.code.tex 2020/12/27 v3.1.8b (3.1.8b)
)
(/usr/share/texmf-dist/tex/generic/pgf/basiclayer/pgfcoreobjects.code.tex
File: pgfcoreobjects.code.tex 2020/12/27 v3.1.8b (3.1.8b)
)
(/usr/share/texmf-dist/tex/generic/pgf/basiclayer/pgfcorepathprocessing.code.te
x
File: pgfcorepathprocessing.code.tex 2020/12/27 v3.1.8b (3.1.8b)
) (/usr/share/texmf-dist/tex/generic/pgf/basiclayer/pgfcorearrows.code.tex
File: pgfcorearrows.code.tex 2020/12/27 v3.1.8b (3.1.8b)
\pgfarrowsep=\dimen199
)
(/usr/share/texmf-dist/tex/generic/pgf/basiclayer/pgfcoreshade.code.tex
File: pgfcoreshade.code.tex 2020/12/27 v3.1.8b (3.1.8b)
\pgf@max=\dimen256
\pgf@sys@shading@range@num=\count283
\pgf@shadingcount=\count284
)
(/usr/share/texmf-dist/tex/generic/pgf/basiclayer/pgfcoreimage.code.tex
File: pgfcoreimage.code.tex 2020/12/27 v3.1.8b (3.1.8b)

(/usr/share/texmf-dist/tex/generic/pgf/basiclayer/pgfcoreexternal.code.tex
File: pgfcoreexternal.code.tex 2020/12/27 v3.1.8b (3.1.8b)
\pgfexternal@startupbox=\box61
))
(/usr/share/texmf-dist/tex/generic/pgf/basiclayer/pgfcorelayers.code.tex
File: pgfcorelayers.code.tex 2020/12/27 v3.1.8b (3.1.8b)
)
(/usr/share/texmf-dist/tex/generic/pgf/basiclayer/pgfcoretransparency.code.tex
File: pgfcoretransparency.code.tex 2020/12/27 v3.1.8b (3.1.8b)
) (/usr/share/texmf-dist/tex/generic/pgf/basiclayer/pgfcorepatterns.code.tex
File: pgfcorepatterns.code.tex 2020/12/27 v3.1.8b (3.1.8b)
)
(/usr/share/texmf-dist/tex/generic/pgf/basiclayer/pgfcorerdf.code.tex
File: pgfcorerdf.code.tex 2020/12/27 v3.1.8b (3.1.8b)
)))
(/usr/share/texmf-dist/tex/latex/pgf/utilities/xxcolor.sty
Package: xxcolor 2003/10/24 ver 0.1
\XC@nummixins=\count285
\XC@countmixins=\count286
)
(/usr/share/texmf-dist/tex/latex/base/atbegshi-ltx.sty
Package: atbegshi-ltx 2020/08/17 v1.0a Emulation of the original atbegshi packa
ge
with kernel methods
)
(/usr/share/texmf-dist/tex/latex/hyperref/hyperref.sty
Package: hyperref 2021-02-27 v7.00k Hypertext links for LaTeX

(/usr/share/texmf-dist/tex/generic/ltxcmds/ltxcmds.sty
Package: ltxcmds 2020-05-10 v1.25 LaTeX kernel commands for general use (HO)
)
(/usr/share/texmf-dist/tex/generic/pdftexcmds/pdftexcmds.sty
Package: pdftexcmds 2020-06-27 v0.33 Utility functions of pdfTeX for LuaTeX (HO
)

(/usr/share/texmf-dist/tex/generic/infwarerr/infwarerr.sty
Package: infwarerr 2019/12/03 v1.5 Providing info/warning/error messages (HO)
)
Package pdftexcmds Info: \pdf@primitive is available.
Package pdftexcmds Info: \pdf@ifprimitive is available.
Package pdftexcmds Info: \pdfdraftmode found.
)
(/usr/share/texmf-dist/tex/generic/kvsetkeys/kvsetkeys.sty
Package: kvsetkeys 2019/12/15 v1.18 Key value parser (HO)
)
(/usr/share/texmf-dist/tex/generic/kvdefinekeys/kvdefinekeys.sty
Package: kvdefinekeys 2019-12-19 v1.6 Define keys (HO)
)
(/usr/share/texmf-dist/tex/generic/pdfescape/pdfescape.sty
Package: pdfescape 2019/12/09 v1.15 Implements pdfTeX's escape features (HO)
)
(/usr/share/texmf-dist/tex/latex/hycolor/hycolor.sty
Package: hycolor 2020-01-27 v1.10 Color options for hyperref/bookmark (HO)
)
(/usr/share/texmf-dist/tex/latex/letltxmacro/letltxmacro.sty
Package: letltxmacro 2019/12/03 v1.6 Let assignment for LaTeX macros (HO)
)
(/usr/share/texmf-dist/tex/latex/auxhook/auxhook.sty
Package: auxhook 2019-12-17 v1.6 Hooks for auxiliary files (HO)
)
(/usr/share/texmf-dist/tex/latex/kvoptions/kvoptions.sty
Package: kvoptions 2020-10-07 v3.14 Key value format for package options (HO)
)
\@linkdim=\dimen257
\Hy@linkcounter=\count287
\Hy@pagecounter=\count288

(/usr/share/texmf-dist/tex/latex/hyperref/pd1enc.def
File: pd1enc.def 2021-02-27 v7.00k Hyperref: PDFDocEncoding definition (HO)
Now handling font encoding PD1 ...
... no UTF-8 mapping file for font encoding PD1
)
(/usr/share/texmf-dist/tex/latex/hyperref/hyperref-langpatches.def
File: hyperref-langpatches.def 2021-02-27 v7.00k Hyperref: patches for babel la
nguages
)
(/usr/share/texmf-dist/tex/generic/intcalc/intcalc.sty
Package: intcalc 2019/12/15 v1.3 Expandable calculations with integers (HO)
)
(/usr/share/texmf-dist/tex/generic/etexcmds/etexcmds.sty
Package: etexcmds 2019/12/15 v1.7 Avoid name clashes with e-TeX commands (HO)
)
\Hy@SavedSpaceFactor=\count289

(/usr/share/texmf-dist/tex/latex/hyperref/puenc.def
File: puenc.def 2021-02-27 v7.00k Hyperref: PDF Unicode definition (HO)
Now handling font encoding PU ...
... no UTF-8 mapping file for font encoding PU
)
Package hyperref Info: Option `bookmarks' set `true' on input line 4073.
Package hyperref Info: Option `bookmarksopen' set `true' on input line 4073.
Package hyperref Info: Option `implicit' set `false' on input line 4073.
Package hyperref Info: Hyper figures OFF on input line 4192.
Package hyperref Info: Link nesting OFF on input line 4197.
Package hyperref Info: Hyper index ON on input line 4200.
Package hyperref Info: Plain pages OFF on input line 4207.
Package hyperref Info: Backreferencing OFF on input line 4212.
Package hyperref Info: Implicit mode OFF; no redefinition of LaTeX internals.
Package hyperref Info: Bookmarks ON on input line 4445.
\c@Hy@tempcnt=\count290

(/usr/share/texmf-dist/tex/latex/url/url.sty
\Urlmuskip=\muskip16
Package: url 2013/09/16  ver 3.4  Verb mode for urls, etc.
)
LaTeX Info: Redefining \url on input line 4804.
\XeTeXLinkMargin=\dimen258

(/usr/share/texmf-dist/tex/generic/bitset/bitset.sty
Package: bitset 2019/12/09 v1.3 Handle bit-vector datatype (HO)

(/usr/share/texmf-dist/tex/generic/bigintcalc/bigintcalc.sty
Package: bigintcalc 2019/12/15 v1.5 Expandable calculations on big integers (HO
)
))
\Fld@menulength=\count291
\Field@Width=\dimen259
\Fld@charsize=\dimen260
Package hyperref Info: Hyper figures OFF on input line 6075.
Package hyperref Info: Link nesting OFF on input line 6080.
Package hyperref Info: Hyper index ON on input line 6083.
Package hyperref Info: backreferencing OFF on input line 6090.
Package hyperref Info: Link coloring OFF on input line 6095.
Package hyperref Info: Link coloring with OCG OFF on input line 6100.
Package hyperref Info: PDF/A mode OFF on input line 6105.
LaTeX Info: Redefining \ref on input line 6145.
LaTeX Info: Redefining \pageref on input line 6149.
\Hy@abspage=\count292


Package hyperref Message: Stopped early.

)
Package hyperref Info: Driver (autodetected): hpdftex.
 (/usr/share/texmf-dist/tex/latex/hyperref/hpdftex.def
File: hpdftex.def 2021-02-27 v7.00k Hyperref driver for pdfTeX

(/usr/share/texmf-dist/tex/latex/base/atveryend-ltx.sty
Package: atveryend-ltx 2020/08/19 v1.0a Emulation of the original atvery packag
e
with kernel methods
)
\Fld@listcount=\count293
\c@bookmark@seq@number=\count294

(/usr/share/texmf-dist/tex/latex/rerunfilecheck/rerunfilecheck.sty
Package: rerunfilecheck 2019/12/05 v1.9 Rerun checks for auxiliary files (HO)

(/usr/share/texmf-dist/tex/generic/uniquecounter/uniquecounter.sty
Package: uniquecounter 2019/12/15 v1.4 Provide unlimited unique counter (HO)
)
Package uniquecounter Info: New unique counter `rerunfilecheck' on input line 2
86.
))
(/usr/share/texmf-dist/tex/latex/beamer/beamerbaserequires.sty
(/usr/share/texmf-dist/tex/latex/beamer/beamerbasecompatibility.sty)
(/usr/share/texmf-dist/tex/latex/beamer/beamerbasefont.sty
(/usr/share/texmf-dist/tex/latex/amsfonts/amssymb.sty
Package: amssymb 2013/01/14 v3.01 AMS font symbols

(/usr/share/texmf-dist/tex/latex/amsfonts/amsfonts.sty
Package: amsfonts 2013/01/14 v3.01 Basic AMSFonts support
\@emptytoks=\toks27
\symAMSa=\mathgroup4
\symAMSb=\mathgroup5
LaTeX Font Info:    Redeclaring math symbol \hbar on input line 98.
LaTeX Font Info:    Overwriting math alphabet `\mathfrak' in version `bold'
(Font)                  U/euf/m/n --> U/euf/b/n on input line 106.
))
(/usr/share/texmf-dist/tex/latex/sansmathaccent/sansmathaccent.sty
Package: sansmathaccent 2020/01/31

(/usr/share/texmf-dist/tex/latex/koma-script/scrlfile.sty
Package: scrlfile 2021/03/17 v3.33 KOMA-Script package (file load hooks)

(/usr/share/texmf-dist/tex/latex/koma-script/scrlfile-hook.sty
Package: scrlfile-hook 2021/03/17 v3.33 KOMA-Script package (using LaTeX hooks)


LaTeX3 Info: Defining command \BeforeFile with sig. 'm' on line 61.


LaTeX3 Info: Defining command \AfterFile with sig. 'm' on line 65.


LaTeX3 Info: Defining command \BeforeClass with sig. 'm' on line 69.


LaTeX3 Info: Defining command \BeforePackage with sig. 'm' on line 73.


LaTeX3 Info: Defining command \AfterAtEndOfClass with sig. 'smo+m' on line 83.


LaTeX3 Info: Defining command \AfterAtEndOfPackage with sig. 'smo+m' on line
(LaTeX3)     93.


LaTeX3 Info: Defining command \scrlfile@AfterClass with sig. 'smo+m' on line
(LaTeX3)     173.


LaTeX3 Info: Defining command \AfterClass with sig. '' on line 174.


LaTeX3 Info: Defining command \scrlfile@AfterPackage with sig. 'smo+m' on line
(LaTeX3)     191.


LaTeX3 Info: Defining command \AfterPackage with sig. '' on line 192.


LaTeX3 Info: Defining command \ReplaceInput with sig. '' on line 193.


LaTeX3 Info: Defining command \ReplaceClass with sig. 'mm' on line 196.


LaTeX3 Info: Defining command \ReplacePackage with sig. 'mm' on line 199.


LaTeX3 Info: Defining command \UnReplaceInput with sig. '' on line 200.


LaTeX3 Info: Defining command \UnReplaceClass with sig. 'm' on line 203.


LaTeX3 Info: Defining command \UnReplacePackage with sig. 'mm' on line 206.


LaTeX3 Info: Defining command \PreventPackageFromLoading with sig. 's+om' on
(LaTeX3)     line 234.


LaTeX3 Info: Defining command \StorePreventPackageFromLoading with sig. 'm' on
(LaTeX3)     line 242.


LaTeX3 Info: Defining command \ResetPreventPackageFromLoading with sig. '' on
(LaTeX3)     line 247.


LaTeX3 Info: Defining command \UnPreventPackageFromLoading with sig. 'sm' on
(LaTeX3)     line 261.


LaTeX3 Info: Defining command \BeforeClosingMainAux with sig. 'om' on line
(LaTeX3)     274.


LaTeX3 Info: Defining command \AfterReadingMainAux with sig. 'om' on line 287.


LaTeX3 Info: Defining command \protected@immediate@write with sig. 'm+m+m' on
(LaTeX3)     line 298.


(/usr/share/texmf-dist/tex/latex/koma-script/scrlogo.sty
Package: scrlogo 2021/03/17 v3.33 KOMA-Script package (logo)
)))))
(/usr/share/texmf-dist/tex/latex/beamer/beamerbasetranslator.sty
(/usr/share/texmf-dist/tex/latex/translator/translator.sty
Package: translator 2020-08-03 v1.12c Easy translation of strings in LaTeX
))
(/usr/share/texmf-dist/tex/latex/beamer/beamerbasemisc.sty)
(/usr/share/texmf-dist/tex/latex/beamer/beamerbasetwoscreens.sty)
(/usr/share/texmf-dist/tex/latex/beamer/beamerbaseoverlay.sty
\beamer@argscount=\count295
\beamer@lastskipcover=\skip50
\beamer@trivlistdepth=\count296
)
(/usr/share/texmf-dist/tex/latex/beamer/beamerbasetitle.sty)
(/usr/share/texmf-dist/tex/latex/beamer/beamerbasesection.sty
\c@lecture=\count297
\c@part=\count298
\c@section=\count299
\c@subsection=\count300
\c@subsubsection=\count301
)
(/usr/share/texmf-dist/tex/latex/beamer/beamerbaseframe.sty
\beamer@framebox=\box62
\beamer@frametitlebox=\box63
\beamer@zoombox=\box64
\beamer@zoomcount=\count302
\beamer@zoomframecount=\count303
\beamer@frametextheight=\dimen261
\c@subsectionslide=\count304
\beamer@frametopskip=\skip51
\beamer@framebottomskip=\skip52
\beamer@frametopskipautobreak=\skip53
\beamer@framebottomskipautobreak=\skip54
\beamer@envbody=\toks28
\framewidth=\dimen262
\c@framenumber=\count305
)
(/usr/share/texmf-dist/tex/latex/beamer/beamerbaseverbatim.sty
\beamer@verbatimfileout=\write4
)
(/usr/share/texmf-dist/tex/latex/beamer/beamerbaseframesize.sty
\beamer@splitbox=\box65
\beamer@autobreakcount=\count306
\beamer@autobreaklastheight=\dimen263
\beamer@frametitletoks=\toks29
\beamer@framesubtitletoks=\toks30
)
(/usr/share/texmf-dist/tex/latex/beamer/beamerbaseframecomponents.sty
\beamer@footins=\box66
)
(/usr/share/texmf-dist/tex/latex/beamer/beamerbasecolor.sty)
(/usr/share/texmf-dist/tex/latex/beamer/beamerbasenotes.sty
\beamer@frameboxcopy=\box67
)
(/usr/share/texmf-dist/tex/latex/beamer/beamerbasetoc.sty)
(/usr/share/texmf-dist/tex/latex/beamer/beamerbasetemplates.sty
\beamer@sbttoks=\toks31

(/usr/share/texmf-dist/tex/latex/beamer/beamerbaseauxtemplates.sty
(/usr/share/texmf-dist/tex/latex/beamer/beamerbaseboxes.sty
\bmb@box=\box68
\bmb@colorbox=\box69
\bmb@boxwidth=\dimen264
\bmb@boxheight=\dimen265
\bmb@prevheight=\dimen266
\bmb@temp=\dimen267
\bmb@dima=\dimen268
\bmb@dimb=\dimen269
\bmb@prevheight=\dimen270
)
\beamer@blockheadheight=\dimen271
))
(/usr/share/texmf-dist/tex/latex/beamer/beamerbaselocalstructure.sty
(/usr/share/texmf-dist/tex/latex/tools/enumerate.sty
Package: enumerate 2015/07/23 v3.00 enumerate extensions (DPC)
\@enLab=\toks32
)
\beamer@bibiconwidth=\skip55
\c@figure=\count307
\c@table=\count308
\abovecaptionskip=\skip56
\belowcaptionskip=\skip57
)
(/usr/share/texmf-dist/tex/latex/beamer/beamerbasenavigation.sty
\beamer@section@min@dim=\dimen272
)
(/usr/share/texmf-dist/tex/latex/beamer/beamerbasetheorems.sty
(/usr/share/texmf-dist/tex/latex/amsmath/amsmath.sty
Package: amsmath 2020/09/23 v2.17i AMS math features
\@mathmargin=\skip58

For additional information on amsmath, use the `?' option.
(/usr/share/texmf-dist/tex/latex/amsmath/amstext.sty
Package: amstext 2000/06/29 v2.01 AMS text

(/usr/share/texmf-dist/tex/latex/amsmath/amsgen.sty
File: amsgen.sty 1999/11/30 v2.0 generic functions
\@emptytoks=\toks33
\ex@=\dimen273
))
(/usr/share/texmf-dist/tex/latex/amsmath/amsbsy.sty
Package: amsbsy 1999/11/29 v1.2d Bold Symbols
\pmbraise@=\dimen274
)
(/usr/share/texmf-dist/tex/latex/amsmath/amsopn.sty
Package: amsopn 2016/03/08 v2.02 operator names
)
\inf@bad=\count309
LaTeX Info: Redefining \frac on input line 234.
\uproot@=\count310
\leftroot@=\count311
LaTeX Info: Redefining \overline on input line 399.
\classnum@=\count312
\DOTSCASE@=\count313
LaTeX Info: Redefining \ldots on input line 496.
LaTeX Info: Redefining \dots on input line 499.
LaTeX Info: Redefining \cdots on input line 620.
\Mathstrutbox@=\box70
\strutbox@=\box71
\big@size=\dimen275
LaTeX Font Info:    Redeclaring font encoding OML on input line 743.
LaTeX Font Info:    Redeclaring font encoding OMS on input line 744.
\macc@depth=\count314
\c@MaxMatrixCols=\count315
\dotsspace@=\muskip17
\c@parentequation=\count316
\dspbrk@lvl=\count317
\tag@help=\toks34
\row@=\count318
\column@=\count319
\maxfields@=\count320
\andhelp@=\toks35
\eqnshift@=\dimen276
\alignsep@=\dimen277
\tagshift@=\dimen278
\tagwidth@=\dimen279
\totwidth@=\dimen280
\lineht@=\dimen281
\@envbody=\toks36
\multlinegap=\skip59
\multlinetaggap=\skip60
\mathdisplay@stack=\toks37
LaTeX Info: Redefining \[ on input line 2923.
LaTeX Info: Redefining \] on input line 2924.
)
(/usr/share/texmf-dist/tex/latex/amscls/amsthm.sty
Package: amsthm 2020/05/29 v2.20.6
\thm@style=\toks38
\thm@bodyfont=\toks39
\thm@headfont=\toks40
\thm@notefont=\toks41
\thm@headpunct=\toks42
\thm@preskip=\skip61
\thm@postskip=\skip62
\thm@headsep=\skip63
\dth@everypar=\toks43
)
\c@theorem=\count321
)
(/usr/share/texmf-dist/tex/latex/beamer/beamerbasethemes.sty))
(/usr/share/texmf-dist/tex/latex/beamer/beamerthemedefault.sty
(/usr/share/texmf-dist/tex/latex/beamer/beamerfontthemedefault.sty)
(/usr/share/texmf-dist/tex/latex/beamer/beamercolorthemedefault.sty)
(/usr/share/texmf-dist/tex/latex/beamer/beamerinnerthemedefault.sty
\beamer@dima=\dimen282
\beamer@dimb=\dimen283
)
(/usr/share/texmf-dist/tex/latex/beamer/beamerouterthemedefault.sty)))
(/usr/share/texmf-dist/tex/latex/booktabs/booktabs.sty
Package: booktabs 2020/01/12 v1.61803398 Publication quality tables
\heavyrulewidth=\dimen284
\lightrulewidth=\dimen285
\cmidrulewidth=\dimen286
\belowrulesep=\dimen287
\belowbottomsep=\dimen288
\aboverulesep=\dimen289
\abovetopsep=\dimen290
\cmidrulesep=\dimen291
\cmidrulekern=\dimen292
\defaultaddspace=\dimen293
\@cmidla=\count322
\@cmidlb=\count323
\@aboverulesep=\dimen294
\@belowrulesep=\dimen295
\@thisruleclass=\count324
\@lastruleclass=\count325
\@thisrulewidth=\dimen296
)
(/usr/share/texmf-dist/tex/latex/l3backend/l3backend-pdftex.def
File: l3backend-pdftex.def 2021-03-18 L3 backend support: PDF output (pdfTeX)
\l__color_backend_stack_int=\count326
\l__pdf_internal_box=\box72
)
(./pDataCom.aux)
\openout1 = `pDataCom.aux'.

LaTeX Font Info:    Checking defaults for OML/cmm/m/it on input line 28.
LaTeX Font Info:    ... okay on input line 28.
LaTeX Font Info:    Checking defaults for OMS/cmsy/m/n on input line 28.
LaTeX Font Info:    ... okay on input line 28.
LaTeX Font Info:    Checking defaults for OT1/cmr/m/n on input line 28.
LaTeX Font Info:    ... okay on input line 28.
LaTeX Font Info:    Checking defaults for T1/cmr/m/n on input line 28.
LaTeX Font Info:    ... okay on input line 28.
LaTeX Font Info:    Checking defaults for TS1/cmr/m/n on input line 28.
LaTeX Font Info:    ... okay on input line 28.
LaTeX Font Info:    Checking defaults for OMX/cmex/m/n on input line 28.
LaTeX Font Info:    ... okay on input line 28.
LaTeX Font Info:    Checking defaults for U/cmr/m/n on input line 28.
LaTeX Font Info:    ... okay on input line 28.
LaTeX Font Info:    Checking defaults for PD1/pdf/m/n on input line 28.
LaTeX Font Info:    ... okay on input line 28.
LaTeX Font Info:    Checking defaults for PU/pdf/m/n on input line 28.
LaTeX Font Info:    ... okay on input line 28.

*geometry* driver: auto-detecting
*geometry* detected driver: pdftex
*geometry* verbose mode - [ preamble ] result:
* driver: pdftex
* paper: custom
* layout: <same size as paper>
* layoutoffset:(h,v)=(0.0pt,0.0pt)
* modes: includehead includefoot 
* h-part:(L,W,R)=(28.45274pt, 398.3386pt, 28.45274pt)
* v-part:(T,H,B)=(0.0pt, 256.0748pt, 0.0pt)
* \paperwidth=455.24408pt
* \paperheight=256.0748pt
* \textwidth=398.3386pt
* \textheight=227.62207pt
* \oddsidemargin=-43.81725pt
* \evensidemargin=-43.81725pt
* \topmargin=-72.26999pt
* \headheight=14.22636pt
* \headsep=0.0pt
* \topskip=11.0pt
* \footskip=14.22636pt
* \marginparwidth=4.0pt
* \marginparsep=10.0pt
* \columnsep=10.0pt
* \skip\footins=10.0pt plus 4.0pt minus 2.0pt
* \hoffset=0.0pt
* \voffset=0.0pt
* \mag=1000
* \@twocolumnfalse
* \@twosidefalse
* \@mparswitchfalse
* \@reversemarginfalse
* (1in=72.27pt=25.4mm, 1cm=28.453pt)

(/usr/share/texmf-dist/tex/context/base/mkii/supp-pdf.mkii
[Loading MPS to PDF converter (version 2006.09.02).]
\scratchcounter=\count327
\scratchdimen=\dimen297
\scratchbox=\box73
\nofMPsegments=\count328
\nofMParguments=\count329
\everyMPshowfont=\toks44
\MPscratchCnt=\count330
\MPscratchDim=\dimen298
\MPnumerator=\count331
\makeMPintoPDFobject=\count332
\everyMPtoPDFconversion=\toks45
) (/usr/share/texmf-dist/tex/latex/epstopdf-pkg/epstopdf-base.sty
Package: epstopdf-base 2020-01-24 v2.11 Base part for package epstopdf
Package epstopdf-base Info: Redefining graphics rule for `.eps' on input line 4
85.

(/usr/share/texmf-dist/tex/latex/latexconfig/epstopdf-sys.cfg
File: epstopdf-sys.cfg 2010/07/13 v1.3 Configuration of (r)epstopdf for TeX Liv
e
))
Package hyperref Info: Link coloring OFF on input line 28.

(/usr/share/texmf-dist/tex/latex/hyperref/nameref.sty
Package: nameref 2021-04-02 v2.47 Cross-referencing by name of section

(/usr/share/texmf-dist/tex/latex/refcount/refcount.sty
Package: refcount 2019/12/15 v3.6 Data extraction from label references (HO)
)
(/usr/share/texmf-dist/tex/generic/gettitlestring/gettitlestring.sty
Package: gettitlestring 2019/12/15 v1.6 Cleanup title references (HO)
)
\c@section@level=\count333
)
LaTeX Info: Redefining \ref on input line 28.
LaTeX Info: Redefining \pageref on input line 28.
LaTeX Info: Redefining \nameref on input line 28.

(./pDataCom.out) (./pDataCom.out)
\@outlinefile=\write5
\openout5 = `pDataCom.out'.

LaTeX Font Info:    Overwriting symbol font `operators' in version `normal'
(Font)                  OT1/cmr/m/n --> OT1/cmss/m/n on input line 28.
LaTeX Font Info:    Overwriting symbol font `operators' in version `bold'
(Font)                  OT1/cmr/bx/n --> OT1/cmss/b/n on input line 28.
\symnumbers=\mathgroup6
\sympureletters=\mathgroup7
LaTeX Font Info:    Overwriting math alphabet `\mathrm' in version `normal'
(Font)                  OT1/cmss/m/n --> OT1/cmr/m/n on input line 28.
LaTeX Font Info:    Redeclaring math alphabet \mathbf on input line 28.
LaTeX Font Info:    Overwriting math alphabet `\mathbf' in version `normal'
(Font)                  OT1/cmr/bx/n --> OT1/cmss/b/n on input line 28.
LaTeX Font Info:    Overwriting math alphabet `\mathbf' in version `bold'
(Font)                  OT1/cmr/bx/n --> OT1/cmss/b/n on input line 28.
LaTeX Font Info:    Redeclaring math alphabet \mathsf on input line 28.
LaTeX Font Info:    Overwriting math alphabet `\mathsf' in version `normal'
(Font)                  OT1/cmss/m/n --> OT1/cmss/m/n on input line 28.
LaTeX Font Info:    Overwriting math alphabet `\mathsf' in version `bold'
(Font)                  OT1/cmss/bx/n --> OT1/cmss/m/n on input line 28.
LaTeX Font Info:    Redeclaring math alphabet \mathit on input line 28.
LaTeX Font Info:    Overwriting math alphabet `\mathit' in version `normal'
(Font)                  OT1/cmr/m/it --> OT1/cmss/m/it on input line 28.
LaTeX Font Info:    Overwriting math alphabet `\mathit' in version `bold'
(Font)                  OT1/cmr/bx/it --> OT1/cmss/m/it on input line 28.
LaTeX Font Info:    Redeclaring math alphabet \mathtt on input line 28.
LaTeX Font Info:    Overwriting math alphabet `\mathtt' in version `normal'
(Font)                  OT1/cmtt/m/n --> OT1/cmtt/m/n on input line 28.
LaTeX Font Info:    Overwriting math alphabet `\mathtt' in version `bold'
(Font)                  OT1/cmtt/m/n --> OT1/cmtt/m/n on input line 28.
LaTeX Font Info:    Overwriting symbol font `numbers' in version `bold'
(Font)                  OT1/cmss/m/n --> OT1/cmss/b/n on input line 28.
LaTeX Font Info:    Overwriting symbol font `pureletters' in version `bold'
(Font)                  OT1/cmss/m/it --> OT1/cmss/b/it on input line 28.
LaTeX Font Info:    Overwriting math alphabet `\mathrm' in version `bold'
(Font)                  OT1/cmss/b/n --> OT1/cmr/b/n on input line 28.
LaTeX Font Info:    Overwriting math alphabet `\mathbf' in version `bold'
(Font)                  OT1/cmss/b/n --> OT1/cmss/b/n on input line 28.
LaTeX Font Info:    Overwriting math alphabet `\mathsf' in version `bold'
(Font)                  OT1/cmss/m/n --> OT1/cmss/b/n on input line 28.
LaTeX Font Info:    Overwriting math alphabet `\mathit' in version `bold'
(Font)                  OT1/cmss/m/it --> OT1/cmss/b/it on input line 28.
LaTeX Font Info:    Overwriting math alphabet `\mathtt' in version `bold'
(Font)                  OT1/cmtt/m/n --> OT1/cmtt/b/n on input line 28.
LaTeX Font Info:    Redeclaring symbol font `pureletters' on input line 28.
LaTeX Font Info:    Overwriting symbol font `pureletters' in version `normal'
(Font)                  OT1/cmss/m/it --> OT1/mathkerncmss/m/sl on input line 2
8.
LaTeX Font Info:    Overwriting symbol font `pureletters' in version `bold'
(Font)                  OT1/cmss/b/it --> OT1/mathkerncmss/m/sl on input line 2
8.
LaTeX Font Info:    Overwriting symbol font `pureletters' in version `bold'
(Font)                  OT1/mathkerncmss/m/sl --> OT1/mathkerncmss/bx/sl on inp
ut line 28.

(/usr/share/texmf-dist/tex/latex/translator/translator-basic-dictionary-English
.dict
Dictionary: translator-basic-dictionary, Language: English 
)
(/usr/share/texmf-dist/tex/latex/translator/translator-bibliography-dictionary-
English.dict
Dictionary: translator-bibliography-dictionary, Language: English 
)
(/usr/share/texmf-dist/tex/latex/translator/translator-environment-dictionary-E
nglish.dict
Dictionary: translator-environment-dictionary, Language: English 
)
(/usr/share/texmf-dist/tex/latex/translator/translator-months-dictionary-Englis
h.dict
Dictionary: translator-months-dictionary, Language: English 
)
(/usr/share/texmf-dist/tex/latex/translator/translator-numbers-dictionary-Engli
sh.dict
Dictionary: translator-numbers-dictionary, Language: English 
)
(/usr/share/texmf-dist/tex/latex/translator/translator-theorem-dictionary-Engli
sh.dict
Dictionary: translator-theorem-dictionary, Language: English 
) (./pDataCom.nav) [1

{/var/lib/texmf/fonts/map/pdftex/updmap/pdftex.map}] [2

]
LaTeX Font Info:    Trying to load font information for U+msa on input line 54.

 (/usr/share/texmf-dist/tex/latex/amsfonts/umsa.fd
File: umsa.fd 2013/01/14 v3.01 AMS symbols A
)
LaTeX Font Info:    Trying to load font information for U+msb on input line 54.


(/usr/share/texmf-dist/tex/latex/amsfonts/umsb.fd
File: umsb.fd 2013/01/14 v3.01 AMS symbols B
)
LaTeX Font Info:    Trying to load font information for OT1+mathkerncmss on inp
ut line 54.

(/usr/share/texmf-dist/tex/latex/sansmathaccent/ot1mathkerncmss.fd
File: ot1mathkerncmss.fd 2020/01/31 Fontinst v1.933 font definitions for OT1/ma
thkerncmss.
)
<../output/noGPLimages/kap5x01.png, id=69, 427.5975pt x 60.225pt>
File: ../output/noGPLimages/kap5x01.png Graphic file (type png)
<use ../output/noGPLimages/kap5x01.png>
Package pdftex.def Info: ../output/noGPLimages/kap5x01.png  used on input line 
54.
(pdftex.def)             Requested size: 199.1693pt x 28.05211pt.
 [3

 <../output/noGPLimages/kap5x01.png>]
<../output/noGPLimages/kap5x02.png, id=97, 414.54875pt x 298.11375pt>
File: ../output/noGPLimages/kap5x02.png Graphic file (type png)
<use ../output/noGPLimages/kap5x02.png>
Package pdftex.def Info: ../output/noGPLimages/kap5x02.png  used on input line 
72.
(pdftex.def)             Requested size: 199.1693pt x 143.22488pt.
 [4

 <../output/noGPLimages/kap5x02.png>]
<../output/noGPLimages/kap5x03.png, id=125, 702.12312pt x 173.64874pt>
File: ../output/noGPLimages/kap5x03.png Graphic file (type png)
<use ../output/noGPLimages/kap5x03.png>
Package pdftex.def Info: ../output/noGPLimages/kap5x03.png  used on input line 
89.
(pdftex.def)             Requested size: 199.1693pt x 49.25723pt.
 [5

 <../output/noGPLimages/kap5x03.png>]
<../output/noGPLimages/kap5x04.png, id=153, 293.59688pt x 274.52562pt>
File: ../output/noGPLimages/kap5x04.png Graphic file (type png)
<use ../output/noGPLimages/kap5x04.png>
Package pdftex.def Info: ../output/noGPLimages/kap5x04.png  used on input line 
104.
(pdftex.def)             Requested size: 199.1693pt x 186.23093pt.
 [6

 <../output/noGPLimages/kap5x04.png>]
<../output/noGPLimages/kap5x05.png, id=180, 542.52687pt x 468.75125pt>
File: ../output/noGPLimages/kap5x05.png Graphic file (type png)
<use ../output/noGPLimages/kap5x05.png>
Package pdftex.def Info: ../output/noGPLimages/kap5x05.png  used on input line 
108.
(pdftex.def)             Requested size: 199.1693pt x 172.0834pt.
<../output/noGPLimages/kap5x06.png, id=181, 543.53062pt x 319.69438pt>
File: ../output/noGPLimages/kap5x06.png Graphic file (type png)
<use ../output/noGPLimages/kap5x06.png>
Package pdftex.def Info: ../output/noGPLimages/kap5x06.png  used on input line 
108.
(pdftex.def)             Requested size: 199.1693pt x 117.14845pt.
 [7

 <../output/noGPLimages/kap5x05.png> <../output/noGPLimages/kap5x06.png>]
<../output/noGPLimages/kap5x07.png, id=210, 379.91937pt x 166.12062pt>
File: ../output/noGPLimages/kap5x07.png Graphic file (type png)
<use ../output/noGPLimages/kap5x07.png>
Package pdftex.def Info: ../output/noGPLimages/kap5x07.png  used on input line 
122.
(pdftex.def)             Requested size: 199.1693pt x 87.08789pt.
 [8

 <../output/noGPLimages/kap5x07.png>] [9

] [10

] [11

]
<../output/noGPLimages/kap5x08.png, id=313, 345.29pt x 128.48pt>
File: ../output/noGPLimages/kap5x08.png Graphic file (type png)
<use ../output/noGPLimages/kap5x08.png>
Package pdftex.def Info: ../output/noGPLimages/kap5x08.png  used on input line 
167.
(pdftex.def)             Requested size: 199.1693pt x 74.11067pt.
<../output/noGPLimages/kap5x09.png, id=314, 384.43625pt x 152.57pt>
File: ../output/noGPLimages/kap5x09.png Graphic file (type png)
<use ../output/noGPLimages/kap5x09.png>
Package pdftex.def Info: ../output/noGPLimages/kap5x09.png  used on input line 
167.
(pdftex.def)             Requested size: 199.1693pt x 79.04585pt.
 [12

 <../output/noGPLimages/kap5x08.png> <../output/noGPLimages/kap5x09.png>]
<../output/noGPLimages/kap5x10.png, id=342, 404.00937pt x 148.05313pt>
File: ../output/noGPLimages/kap5x10.png Graphic file (type png)
<use ../output/noGPLimages/kap5x10.png>
Package pdftex.def Info: ../output/noGPLimages/kap5x10.png  used on input line 
184.
(pdftex.def)             Requested size: 199.1693pt x 72.98718pt.
 [13

 <../output/noGPLimages/kap5x10.png>]
<../output/noGPLimages/kap5x11.png, id=371, 602.25pt x 438.13687pt>
File: ../output/noGPLimages/kap5x11.png Graphic file (type png)
<use ../output/noGPLimages/kap5x11.png>
Package pdftex.def Info: ../output/noGPLimages/kap5x11.png  used on input line 
201.
(pdftex.def)             Requested size: 199.1693pt x 144.89313pt.
 [14

 <../output/noGPLimages/kap5x11.png>]
<../output/noGPLimages/kap5x12.png, id=398, 795.47188pt x 370.88562pt>
File: ../output/noGPLimages/kap5x12.png Graphic file (type png)
<use ../output/noGPLimages/kap5x12.png>
Package pdftex.def Info: ../output/noGPLimages/kap5x12.png  used on input line 
215.
(pdftex.def)             Requested size: 199.1693pt x 92.857pt.
<../output/noGPLimages/kap5x13.png, id=399, 479.29062pt x 263.98625pt>
File: ../output/noGPLimages/kap5x13.png Graphic file (type png)
<use ../output/noGPLimages/kap5x13.png>
Package pdftex.def Info: ../output/noGPLimages/kap5x13.png  used on input line 
215.
(pdftex.def)             Requested size: 199.1693pt x 109.70128pt.
 [15

 <../output/noGPLimages/kap5x12.png> <../output/noGPLimages/kap5x13.png>]
<../output/noGPLimages/kap5x14.png, id=427, 619.31375pt x 486.81876pt>
File: ../output/noGPLimages/kap5x14.png Graphic file (type png)
<use ../output/noGPLimages/kap5x14.png>
Package pdftex.def Info: ../output/noGPLimages/kap5x14.png  used on input line 
232.
(pdftex.def)             Requested size: 199.1693pt x 156.55772pt.
<../output/noGPLimages/kap5x15.png, id=428, 492.84125pt x 429.605pt>
File: ../output/noGPLimages/kap5x15.png Graphic file (type png)
<use ../output/noGPLimages/kap5x15.png>
Package pdftex.def Info: ../output/noGPLimages/kap5x15.png  used on input line 
232.
(pdftex.def)             Requested size: 139.4179pt x 121.52751pt.
<../output/noGPLimages/kap5x16.png, id=429, 726.21312pt x 182.6825pt>
File: ../output/noGPLimages/kap5x16.png Graphic file (type png)
<use ../output/noGPLimages/kap5x16.png>
Package pdftex.def Info: ../output/noGPLimages/kap5x16.png  used on input line 
232.
(pdftex.def)             Requested size: 199.1693pt x 50.09985pt.
 [16

 <../output/noGPLimages/kap5x14.png> <../output/noGPLimages/kap5x15.png> <../ou
tput/noGPLimages/kap5x16.png>]
<../output/noGPLimages/kap5x17.png, id=458, 501.875pt x 104.39pt>
File: ../output/noGPLimages/kap5x17.png Graphic file (type png)
<use ../output/noGPLimages/kap5x17.png>
Package pdftex.def Info: ../output/noGPLimages/kap5x17.png  used on input line 
250.
(pdftex.def)             Requested size: 199.1693pt x 41.42711pt.

[17

 <../output/noGPLimages/kap5x17.png>] [18

]
<../output/noGPLimages/kap5x18.png, id=511, 504.88625pt x 224.84pt>
File: ../output/noGPLimages/kap5x18.png Graphic file (type png)
<use ../output/noGPLimages/kap5x18.png>
Package pdftex.def Info: ../output/noGPLimages/kap5x18.png  used on input line 
295.
(pdftex.def)             Requested size: 199.1693pt x 88.69589pt.
<../output/noGPLimages/kap5x19.png, id=512, 770.88pt x 277.53688pt>
File: ../output/noGPLimages/kap5x19.png Graphic file (type png)
<use ../output/noGPLimages/kap5x19.png>
Package pdftex.def Info: ../output/noGPLimages/kap5x19.png  used on input line 
295.
(pdftex.def)             Requested size: 199.1693pt x 71.70474pt.
 [19

 <../output/noGPLimages/kap5x18.png> <../output/noGPLimages/kap5x19.png>]
<../output/noGPLimages/kap5x20.png, id=541, 471.7625pt x 465.74pt>
File: ../output/noGPLimages/kap5x20.png Graphic file (type png)
<use ../output/noGPLimages/kap5x20.png>
Package pdftex.def Info: ../output/noGPLimages/kap5x20.png  used on input line 
309.
(pdftex.def)             Requested size: 199.1693pt x 196.6257pt.
 [20

 <../output/noGPLimages/kap5x20.png>]
<../output/noGPLimages/kap5x21.png, id=568, 605.26125pt x 410.03188pt>
File: ../output/noGPLimages/kap5x21.png Graphic file (type png)
<use ../output/noGPLimages/kap5x21.png>
Package pdftex.def Info: ../output/noGPLimages/kap5x21.png  used on input line 
326.
(pdftex.def)             Requested size: 199.1693pt x 134.92302pt.
 [21

 <../output/noGPLimages/kap5x21.png>]
<../output/noGPLimages/kap5x22.png, id=596, 280.54813pt x 224.33812pt>
File: ../output/noGPLimages/kap5x22.png Graphic file (type png)
<use ../output/noGPLimages/kap5x22.png>
Package pdftex.def Info: ../output/noGPLimages/kap5x22.png  used on input line 
344.
(pdftex.def)             Requested size: 199.1693pt x 159.26405pt.
 [22

 <../output/noGPLimages/kap5x22.png>]
<../output/noGPLimages/kap5x23.png, id=623, 376.40625pt x 289.58188pt>
File: ../output/noGPLimages/kap5x23.png Graphic file (type png)
<use ../output/noGPLimages/kap5x23.png>
Package pdftex.def Info: ../output/noGPLimages/kap5x23.png  used on input line 
361.
(pdftex.def)             Requested size: 199.1693pt x 153.23021pt.
 [23

 <../output/noGPLimages/kap5x23.png>]
<../output/noGPLimages/kap5x24.png, id=650, 324.21124pt x 122.4575pt>
File: ../output/noGPLimages/kap5x24.png Graphic file (type png)
<use ../output/noGPLimages/kap5x24.png>
Package pdftex.def Info: ../output/noGPLimages/kap5x24.png  used on input line 
378.
(pdftex.def)             Requested size: 199.1693pt x 75.22961pt.
 [24

 <../output/noGPLimages/kap5x24.png>]
<../output/noGPLimages/kap5x25.png, id=677, 316.68312pt x 166.12062pt>
File: ../output/noGPLimages/kap5x25.png Graphic file (type png)
<use ../output/noGPLimages/kap5x25.png>
Package pdftex.def Info: ../output/noGPLimages/kap5x25.png  used on input line 
395.
(pdftex.def)             Requested size: 199.1693pt x 104.4791pt.
 [25

 <../output/noGPLimages/kap5x25.png>]
<../output/noGPLimages/kap5x26.png, id=706, 377.91188pt x 495.8525pt>
File: ../output/noGPLimages/kap5x26.png Graphic file (type png)
<use ../output/noGPLimages/kap5x26.png>
Package pdftex.def Info: ../output/noGPLimages/kap5x26.png  used on input line 
419.
(pdftex.def)             Requested size: 153.69354pt x 201.6606pt.
 [26

 <../output/noGPLimages/kap5x26.png>]
<../output/noGPLimages/kap5x27.png, id=733, 299.61937pt x 197.23688pt>
File: ../output/noGPLimages/kap5x27.png Graphic file (type png)
<use ../output/noGPLimages/kap5x27.png>
Package pdftex.def Info: ../output/noGPLimages/kap5x27.png  used on input line 
436.
(pdftex.def)             Requested size: 199.1693pt x 131.1127pt.
 [27

 <../output/noGPLimages/kap5x27.png>]
<../output/noGPLimages/kap5x28.png, id=760, 473.26813pt x 286.06876pt>
File: ../output/noGPLimages/kap5x28.png Graphic file (type png)
<use ../output/noGPLimages/kap5x28.png>
Package pdftex.def Info: ../output/noGPLimages/kap5x28.png  used on input line 
453.
(pdftex.def)             Requested size: 199.1693pt x 120.38812pt.
 [28

 <../output/noGPLimages/kap5x28.png>]
<../output/noGPLimages/kap5x30.png, id=787, 513.92pt x 338.76563pt>
File: ../output/noGPLimages/kap5x30.png Graphic file (type png)
<use ../output/noGPLimages/kap5x30.png>
Package pdftex.def Info: ../output/noGPLimages/kap5x30.png  used on input line 
468.
(pdftex.def)             Requested size: 199.1693pt x 131.29099pt.
<../output/noGPLimages/kap5x29.png, id=788, 545.03625pt x 392.96812pt>
File: ../output/noGPLimages/kap5x29.png Graphic file (type png)
<use ../output/noGPLimages/kap5x29.png>
Package pdftex.def Info: ../output/noGPLimages/kap5x29.png  used on input line 
468.
(pdftex.def)             Requested size: 199.1693pt x 143.59706pt.
 [29

 <../output/noGPLimages/kap5x30.png> <../output/noGPLimages/kap5x29.png>]
<../output/noGPLimages/kap5x31.png, id=816, 522.95375pt x 361.35pt>
File: ../output/noGPLimages/kap5x31.png Graphic file (type png)
<use ../output/noGPLimages/kap5x31.png>
Package pdftex.def Info: ../output/noGPLimages/kap5x31.png  used on input line 
488.
(pdftex.def)             Requested size: 199.1693pt x 137.6232pt.
 [30

 <../output/noGPLimages/kap5x31.png>]
<../output/noGPLimages/kap5x32.png, id=844, 420.57124pt x 348.30125pt>
File: ../output/noGPLimages/kap5x32.png Graphic file (type png)
<use ../output/noGPLimages/kap5x32.png>
Package pdftex.def Info: ../output/noGPLimages/kap5x32.png  used on input line 
505.
(pdftex.def)             Requested size: 199.1693pt x 164.94524pt.
 [31

 <../output/noGPLimages/kap5x32.png>]
<../output/noGPLimages/kap5x33.png, id=872, 393.47pt x 471.7625pt>
File: ../output/noGPLimages/kap5x33.png Graphic file (type png)
<use ../output/noGPLimages/kap5x33.png>
Package pdftex.def Info: ../output/noGPLimages/kap5x33.png  used on input line 
522.
(pdftex.def)             Requested size: 168.19215pt x 201.6606pt.
 [32

 <../output/noGPLimages/kap5x33.png>]
<../output/noGPLimages/kap5x34.png, id=899, 283.55937pt x 260.975pt>
File: ../output/noGPLimages/kap5x34.png Graphic file (type png)
<use ../output/noGPLimages/kap5x34.png>
Package pdftex.def Info: ../output/noGPLimages/kap5x34.png  used on input line 
539.
(pdftex.def)             Requested size: 199.1693pt x 183.31042pt.
 [33

 <../output/noGPLimages/kap5x34.png>]
<../output/noGPLimages/kap5x35.png, id=926, 438.63875pt x 178.16562pt>
File: ../output/noGPLimages/kap5x35.png Graphic file (type png)
<use ../output/noGPLimages/kap5x35.png>
Package pdftex.def Info: ../output/noGPLimages/kap5x35.png  used on input line 
556.
(pdftex.def)             Requested size: 199.1693pt x 80.89964pt.
 [34

 <../output/noGPLimages/kap5x35.png>]
<../output/noGPLimages/kap5x36.png, id=954, 397.98688pt x 335.75438pt>
File: ../output/noGPLimages/kap5x36.png Graphic file (type png)
<use ../output/noGPLimages/kap5x36.png>
Package pdftex.def Info: ../output/noGPLimages/kap5x36.png  used on input line 
573.
(pdftex.def)             Requested size: 199.1693pt x 168.02534pt.
 [35

 <../output/noGPLimages/kap5x36.png>]
<../output/noGPLimages/kap5x37.png, id=981, 394.47375pt x 185.69376pt>
File: ../output/noGPLimages/kap5x37.png Graphic file (type png)
<use ../output/noGPLimages/kap5x37.png>
Package pdftex.def Info: ../output/noGPLimages/kap5x37.png  used on input line 
592.
(pdftex.def)             Requested size: 199.1693pt x 93.75618pt.
 [36

 <../output/noGPLimages/kap5x37.png>]
<../output/noGPLimages/kap5x38.png, id=1009, 612.78937pt x 369.38pt>
File: ../output/noGPLimages/kap5x38.png Graphic file (type png)
<use ../output/noGPLimages/kap5x38.png>
Package pdftex.def Info: ../output/noGPLimages/kap5x38.png  used on input line 
610.
(pdftex.def)             Requested size: 199.1693pt x 120.0527pt.
 [37

 <../output/noGPLimages/kap5x38.png>]
<../output/noGPLimages/kap5x39.png, id=1039, 1087.81406pt x 546.54187pt>
File: ../output/noGPLimages/kap5x39.png Graphic file (type png)
<use ../output/noGPLimages/kap5x39.png>
Package pdftex.def Info: ../output/noGPLimages/kap5x39.png  used on input line 
628.
(pdftex.def)             Requested size: 199.1693pt x 100.06621pt.
 [38

 <../output/noGPLimages/kap5x39.png>]
<../output/noGPLimages/kap5x40.png, id=1067, 401.24907pt x 350.05782pt>
File: ../output/noGPLimages/kap5x40.png Graphic file (type png)
<use ../output/noGPLimages/kap5x40.png>
Package pdftex.def Info: ../output/noGPLimages/kap5x40.png  used on input line 
632.
(pdftex.def)             Requested size: 398.3386pt x 347.54112pt.

Overfull \vbox (142.93983pt too high) detected at line 632
 []

[39

 <../output/noGPLimages/kap5x40.png>]
<../output/noGPLimages/kap5x41.png, id=1094, 478.78876pt x 360.59718pt>
File: ../output/noGPLimages/kap5x41.png Graphic file (type png)
<use ../output/noGPLimages/kap5x41.png>
Package pdftex.def Info: ../output/noGPLimages/kap5x41.png  used on input line 
647.
(pdftex.def)             Requested size: 199.1693pt x 150.00269pt.
<../output/noGPLimages/kap5x42.png, id=1095, 450.18187pt x 358.33875pt>
File: ../output/noGPLimages/kap5x42.png Graphic file (type png)
<use ../output/noGPLimages/kap5x42.png>
Package pdftex.def Info: ../output/noGPLimages/kap5x42.png  used on input line 
647.
(pdftex.def)             Requested size: 199.1693pt x 158.53891pt.
 [40

 <../output/noGPLimages/kap5x41.png> <../output/noGPLimages/kap5x42.png>]
<../output/noGPLimages/kap5x43.png, id=1123, 1210.5225pt x 484.05844pt>
File: ../output/noGPLimages/kap5x43.png Graphic file (type png)
<use ../output/noGPLimages/kap5x43.png>
Package pdftex.def Info: ../output/noGPLimages/kap5x43.png  used on input line 
651.
(pdftex.def)             Requested size: 398.3386pt x 159.28183pt.
 [41

 <../output/noGPLimages/kap5x43.png>]
<../output/noGPLimages/kap5x44.png, id=1150, 794.2172pt x 356.0803pt>
File: ../output/noGPLimages/kap5x44.png Graphic file (type png)
<use ../output/noGPLimages/kap5x44.png>
Package pdftex.def Info: ../output/noGPLimages/kap5x44.png  used on input line 
668.
(pdftex.def)             Requested size: 199.1693pt x 89.29695pt.
[42

 <../output/noGPLimages/kap5x44.png>]
<../output/noGPLimages/kap5x45.png, id=1178, 1206.75844pt x 377.91188pt>
File: ../output/noGPLimages/kap5x45.png Graphic file (type png)
<use ../output/noGPLimages/kap5x45.png>
Package pdftex.def Info: ../output/noGPLimages/kap5x45.png  used on input line 
672.
(pdftex.def)             Requested size: 398.3386pt x 124.74013pt.
 [43

 <../output/noGPLimages/kap5x45.png>]
<../output/noGPLimages/kap5x46.png, id=1206, 601.4972pt x 335.00156pt>
File: ../output/noGPLimages/kap5x46.png Graphic file (type png)
<use ../output/noGPLimages/kap5x46.png>
Package pdftex.def Info: ../output/noGPLimages/kap5x46.png  used on input line 
676.
(pdftex.def)             Requested size: 398.3386pt x 221.85823pt.

Overfull \vbox (17.25694pt too high) detected at line 676
 []

[44

 <../output/noGPLimages/kap5x46.png>]
<../output/noGPLimages/kap5x47.png, id=1233, 1032.10594pt x 560.8453pt>
File: ../output/noGPLimages/kap5x47.png Graphic file (type png)
<use ../output/noGPLimages/kap5x47.png>
Package pdftex.def Info: ../output/noGPLimages/kap5x47.png  used on input line 
680.
(pdftex.def)             Requested size: 398.3386pt x 216.45241pt.

Overfull \vbox (11.85112pt too high) detected at line 680
 []

[45

 <../output/noGPLimages/kap5x47.png>]
<../output/noGPLimages/kap5x48.png, id=1260, 517.18219pt x 374.14781pt>
File: ../output/noGPLimages/kap5x48.png Graphic file (type png)
<use ../output/noGPLimages/kap5x48.png>
Package pdftex.def Info: ../output/noGPLimages/kap5x48.png  used on input line 
684.
(pdftex.def)             Requested size: 199.1693pt x 144.08444pt.
 [46

 <../output/noGPLimages/kap5x48.png>]
<../output/noGPLimages/kap5x49.png, id=1288, 928.97063pt x 417.05812pt>
File: ../output/noGPLimages/kap5x49.png Graphic file (type png)
<use ../output/noGPLimages/kap5x49.png>
Package pdftex.def Info: ../output/noGPLimages/kap5x49.png  used on input line 
688.
(pdftex.def)             Requested size: 398.3386pt x 178.83511pt.
 [47

 <../output/noGPLimages/kap5x49.png>] [48

] [49

]
<../output/noGPLimages/kap5x50.png, id=1366, 825.0825pt x 372.64218pt>
File: ../output/noGPLimages/kap5x50.png Graphic file (type png)
<use ../output/noGPLimages/kap5x50.png>
Package pdftex.def Info: ../output/noGPLimages/kap5x50.png  used on input line 
744.
(pdftex.def)             Requested size: 199.1693pt x 89.95337pt.
 [50

 <../output/noGPLimages/kap5x50.png>]
<../output/noGPLimages/kap5x51.png, id=1394, 392.21532pt x 590.205pt>
File: ../output/noGPLimages/kap5x51.png Graphic file (type png)
<use ../output/noGPLimages/kap5x51.png>
Package pdftex.def Info: ../output/noGPLimages/kap5x51.png  used on input line 
748.
(pdftex.def)             Requested size: 119.50279pt x 179.82764pt.
 [51

 <../output/noGPLimages/kap5x51.png>]
<../output/noGPLimages/kap5x52.png, id=1421, 1251.92719pt x 532.23843pt>
File: ../output/noGPLimages/kap5x52.png Graphic file (type png)
<use ../output/noGPLimages/kap5x52.png>
Package pdftex.def Info: ../output/noGPLimages/kap5x52.png  used on input line 
752.
(pdftex.def)             Requested size: 398.3386pt x 169.34521pt.
 [52

 <../output/noGPLimages/kap5x52.png>]
<../output/noGPLimages/kap5x53.png, id=1448, 1239.88219pt x 643.6547pt>
File: ../output/noGPLimages/kap5x53.png Graphic file (type png)
<use ../output/noGPLimages/kap5x53.png>
Package pdftex.def Info: ../output/noGPLimages/kap5x53.png  used on input line 
756.
(pdftex.def)             Requested size: 398.3386pt x 206.77905pt.

Overfull \vbox (2.17776pt too high) detected at line 756
 []

[53

 <../output/noGPLimages/kap5x53.png>]
<../output/noGPLimages/kap5x54.png, id=1475, 1081.79156pt x 492.33937pt>
File: ../output/noGPLimages/kap5x54.png Graphic file (type png)
<use ../output/noGPLimages/kap5x54.png>
Package pdftex.def Info: ../output/noGPLimages/kap5x54.png  used on input line 
760.
(pdftex.def)             Requested size: 398.3386pt x 181.28374pt.
 [54

 <../output/noGPLimages/kap5x54.png>]
<../output/noGPLimages/kap5x55.png, id=1503, 1007.26312pt x 902.6222pt>
File: ../output/noGPLimages/kap5x55.png Graphic file (type png)
<use ../output/noGPLimages/kap5x55.png>
Package pdftex.def Info: ../output/noGPLimages/kap5x55.png  used on input line 
780.
(pdftex.def)             Requested size: 199.1693pt x 178.46907pt.
 [55

 <../output/noGPLimages/kap5x55.png>]
<../output/noGPLimages/kap5x56.png, id=1531, 968.86969pt x 201.00093pt>
File: ../output/noGPLimages/kap5x56.png Graphic file (type png)
<use ../output/noGPLimages/kap5x56.png>
Package pdftex.def Info: ../output/noGPLimages/kap5x56.png  used on input line 
784.
(pdftex.def)             Requested size: 398.3386pt x 82.64093pt.
 [56

 <../output/noGPLimages/kap5x56.png>]
<../output/noGPLimages/kap5x57.png, id=1558, 968.11688pt x 301.8778pt>
File: ../output/noGPLimages/kap5x57.png Graphic file (type png)
<use ../output/noGPLimages/kap5x57.png>
Package pdftex.def Info: ../output/noGPLimages/kap5x57.png  used on input line 
788.
(pdftex.def)             Requested size: 398.3386pt x 124.20828pt.
 [57

 <../output/noGPLimages/kap5x57.png>]
<../output/noGPLimages/kap5x58.png, id=1585, 596.98032pt x 450.18187pt>
File: ../output/noGPLimages/kap5x58.png Graphic file (type png)
<use ../output/noGPLimages/kap5x58.png>
Package pdftex.def Info: ../output/noGPLimages/kap5x58.png  used on input line 
810.
(pdftex.def)             Requested size: 199.1693pt x 150.19534pt.
 [58

 <../output/noGPLimages/kap5x58.png>]
<../output/noGPLimages/kap5x59.png, id=1612, 834.86906pt x 575.14874pt>
File: ../output/noGPLimages/kap5x59.png Graphic file (type png)
<use ../output/noGPLimages/kap5x59.png>
Package pdftex.def Info: ../output/noGPLimages/kap5x59.png  used on input line 
814.
(pdftex.def)             Requested size: 278.83578pt x 192.09021pt.
 [59

 <../output/noGPLimages/kap5x59.png>]
<../output/noGPLimages/kap5x60.png, id=1640, 967.36406pt x 299.61937pt>
File: ../output/noGPLimages/kap5x60.png Graphic file (type png)
<use ../output/noGPLimages/kap5x60.png>
Package pdftex.def Info: ../output/noGPLimages/kap5x60.png  used on input line 
818.
(pdftex.def)             Requested size: 398.3386pt x 123.37506pt.
 [60

 <../output/noGPLimages/kap5x60.png>]
<../output/noGPLimages/kap5x61.png, id=1667, 519.44063pt x 369.63094pt>
File: ../output/noGPLimages/kap5x61.png Graphic file (type png)
<use ../output/noGPLimages/kap5x61.png>
Package pdftex.def Info: ../output/noGPLimages/kap5x61.png  used on input line 
835.
(pdftex.def)             Requested size: 199.1693pt x 141.7246pt.
 [61

 <../output/noGPLimages/kap5x61.png>]
<../output/noGPLimages/kap5x62.png, id=1695, 470.50781pt x 264.23718pt>
File: ../output/noGPLimages/kap5x62.png Graphic file (type png)
<use ../output/noGPLimages/kap5x62.png>
Package pdftex.def Info: ../output/noGPLimages/kap5x62.png  used on input line 
853.
(pdftex.def)             Requested size: 199.1693pt x 111.85378pt.
 [62

 <../output/noGPLimages/kap5x62.png>]
<../output/noGPLimages/kap5x63.png, id=1722, 801.74532pt x 515.67656pt>
File: ../output/noGPLimages/kap5x63.png Graphic file (type png)
<use ../output/noGPLimages/kap5x63.png>
Package pdftex.def Info: ../output/noGPLimages/kap5x63.png  used on input line 
867.
(pdftex.def)             Requested size: 199.1693pt x 128.10048pt.
 [63

 <../output/noGPLimages/kap5x63.png>]
<../output/noGPLimages/kap5x64.png, id=1750, 984.67876pt x 369.63094pt>
File: ../output/noGPLimages/kap5x64.png Graphic file (type png)
<use ../output/noGPLimages/kap5x64.png>
Package pdftex.def Info: ../output/noGPLimages/kap5x64.png  used on input line 
871.
(pdftex.def)             Requested size: 398.3386pt x 149.5305pt.
 [64

 <../output/noGPLimages/kap5x64.png>]
<../output/noGPLimages/kap5x65.png, id=1777, 656.4525pt x 237.88875pt>
File: ../output/noGPLimages/kap5x65.png Graphic file (type png)
<use ../output/noGPLimages/kap5x65.png>
Package pdftex.def Info: ../output/noGPLimages/kap5x65.png  used on input line 
890.
(pdftex.def)             Requested size: 199.1693pt x 72.17664pt.
<../output/noGPLimages/kap5x66.png, id=1778, 772.38562pt x 127.22531pt>
File: ../output/noGPLimages/kap5x66.png Graphic file (type png)
<use ../output/noGPLimages/kap5x66.png>
Package pdftex.def Info: ../output/noGPLimages/kap5x66.png  used on input line 
890.
(pdftex.def)             Requested size: 199.1693pt x 32.80602pt.
<../output/noGPLimages/kap5x68.png, id=1779, 637.63219pt x 143.03438pt>
File: ../output/noGPLimages/kap5x68.png Graphic file (type png)
<use ../output/noGPLimages/kap5x68.png>
Package pdftex.def Info: ../output/noGPLimages/kap5x68.png  used on input line 
890.
(pdftex.def)             Requested size: 199.1693pt x 44.6763pt.
<../output/noGPLimages/kap5x67.png, id=1780, 444.91219pt x 126.4725pt>
File: ../output/noGPLimages/kap5x67.png Graphic file (type png)
<use ../output/noGPLimages/kap5x67.png>
Package pdftex.def Info: ../output/noGPLimages/kap5x67.png  used on input line 
890.
(pdftex.def)             Requested size: 199.1693pt x 56.61682pt.
 [65

 <../output/noGPLimages/kap5x65.png> <../output/noGPLimages/kap5x66.png> <../ou
tput/noGPLimages/kap5x68.png> <../output/noGPLimages/kap5x67.png>]
<../output/noGPLimages/kap5x69.png, id=1811, 728.7225pt x 333.49594pt>
File: ../output/noGPLimages/kap5x69.png Graphic file (type png)
<use ../output/noGPLimages/kap5x69.png>
Package pdftex.def Info: ../output/noGPLimages/kap5x69.png  used on input line 
894.
(pdftex.def)             Requested size: 398.3386pt x 182.29362pt.
 [66

 <../output/noGPLimages/kap5x69.png>]
<../output/noGPLimages/kap5x70.png, id=1838, 893.58844pt x 422.32782pt>
File: ../output/noGPLimages/kap5x70.png Graphic file (type png)
<use ../output/noGPLimages/kap5x70.png>
Package pdftex.def Info: ../output/noGPLimages/kap5x70.png  used on input line 
898.
(pdftex.def)             Requested size: 398.3386pt x 188.26715pt.
 [67

 <../output/noGPLimages/kap5x70.png>]
<../output/noGPLimages/kap5x71.png, id=1867, 608.2725pt x 604.50844pt>
File: ../output/noGPLimages/kap5x71.png Graphic file (type png)
<use ../output/noGPLimages/kap5x71.png>
Package pdftex.def Info: ../output/noGPLimages/kap5x71.png  used on input line 
915.
(pdftex.def)             Requested size: 199.1693pt x 197.92953pt.
 [68

 <../output/noGPLimages/kap5x71.png>]
<../output/noGPLimages/kap5x72.png, id=1894, 615.0478pt x 251.43938pt>
File: ../output/noGPLimages/kap5x72.png Graphic file (type png)
<use ../output/noGPLimages/kap5x72.png>
Package pdftex.def Info: ../output/noGPLimages/kap5x72.png  used on input line 
932.
(pdftex.def)             Requested size: 199.1693pt x 81.4214pt.
 [69

 <../output/noGPLimages/kap5x72.png>]
<../output/noGPLimages/kap5x73.png, id=1921, 570.63188pt x 502.87875pt>
File: ../output/noGPLimages/kap5x73.png Graphic file (type png)
<use ../output/noGPLimages/kap5x73.png>
Package pdftex.def Info: ../output/noGPLimages/kap5x73.png  used on input line 
949.
(pdftex.def)             Requested size: 199.1693pt x 175.5191pt.
 [70

 <../output/noGPLimages/kap5x73.png>]
<../output/noGPLimages/kap5x74.png, id=1948, 885.3075pt x 577.40718pt>
File: ../output/noGPLimages/kap5x74.png Graphic file (type png)
<use ../output/noGPLimages/kap5x74.png>
Package pdftex.def Info: ../output/noGPLimages/kap5x74.png  used on input line 
966.
(pdftex.def)             Requested size: 199.1693pt x 129.89339pt.
 [71

 <../output/noGPLimages/kap5x74.png>]
<../output/noGPLimages/kap5x75.png, id=1976, 594.72188pt x 218.31563pt>
File: ../output/noGPLimages/kap5x75.png Graphic file (type png)
<use ../output/noGPLimages/kap5x75.png>
Package pdftex.def Info: ../output/noGPLimages/kap5x75.png  used on input line 
987.
(pdftex.def)             Requested size: 199.1693pt x 73.11037pt.
 [72

 <../output/noGPLimages/kap5x75.png>]
<../output/noGPLimages/kap5x76.png, id=2003, 578.16pt x 459.21562pt>
File: ../output/noGPLimages/kap5x76.png Graphic file (type png)
<use ../output/noGPLimages/kap5x76.png>
Package pdftex.def Info: ../output/noGPLimages/kap5x76.png  used on input line 
1004.
(pdftex.def)             Requested size: 199.1693pt x 158.19131pt.
 [73

 <../output/noGPLimages/kap5x76.png>]
<../output/noGPLimages/kap5x77.png, id=2031, 635.37375pt x 353.06906pt>
File: ../output/noGPLimages/kap5x77.png Graphic file (type png)
<use ../output/noGPLimages/kap5x77.png>
Package pdftex.def Info: ../output/noGPLimages/kap5x77.png  used on input line 
1021.
(pdftex.def)             Requested size: 199.1693pt x 110.6732pt.
 [74

 <../output/noGPLimages/kap5x77.png>]
<../output/noGPLimages/kap5x78.png, id=2058, 936.49875pt x 531.48563pt>
File: ../output/noGPLimages/kap5x78.png Graphic file (type png)
<use ../output/noGPLimages/kap5x78.png>
Package pdftex.def Info: ../output/noGPLimages/kap5x78.png  used on input line 
1030.
(pdftex.def)             Requested size: 398.3386pt x 226.06898pt.

Overfull \vbox (35.0677pt too high) detected at line 1030
 []

[75

 <../output/noGPLimages/kap5x78.png>]
<../output/noGPLimages/kap5x79.png, id=2086, 999.735pt x 563.10374pt>
File: ../output/noGPLimages/kap5x79.png Graphic file (type png)
<use ../output/noGPLimages/kap5x79.png>
Package pdftex.def Info: ../output/noGPLimages/kap5x79.png  used on input line 
1050.
(pdftex.def)             Requested size: 199.1693pt x 112.18054pt.
 [76

 <../output/noGPLimages/kap5x79.png>]
<../output/noGPLimages/kap5x80.png, id=2113, 895.09406pt x 234.8775pt>
File: ../output/noGPLimages/kap5x80.png Graphic file (type png)
<use ../output/noGPLimages/kap5x80.png>
Package pdftex.def Info: ../output/noGPLimages/kap5x80.png  used on input line 
1054.
(pdftex.def)             Requested size: 398.3386pt x 104.52911pt.
 [77

 <../output/noGPLimages/kap5x80.png>]
<../output/noGPLimages/kap5x81.png, id=2140, 1008.01593pt x 348.55219pt>
File: ../output/noGPLimages/kap5x81.png Graphic file (type png)
<use ../output/noGPLimages/kap5x81.png>
Package pdftex.def Info: ../output/noGPLimages/kap5x81.png  used on input line 
1058.
(pdftex.def)             Requested size: 398.3386pt x 137.73775pt.
 [78

 <../output/noGPLimages/kap5x81.png>]
<../output/noGPLimages/kap5x82.png, id=2167, 675.27281pt x 389.95688pt>
File: ../output/noGPLimages/kap5x82.png Graphic file (type png)
<use ../output/noGPLimages/kap5x82.png>
Package pdftex.def Info: ../output/noGPLimages/kap5x82.png  used on input line 
1062.
(pdftex.def)             Requested size: 349.20677pt x 201.6606pt.
 [79

 <../output/noGPLimages/kap5x82.png>]
<../output/noGPLimages/kap5x84.png, id=2196, 646.66594pt x 374.14781pt>
File: ../output/noGPLimages/kap5x84.png Graphic file (type png)
<use ../output/noGPLimages/kap5x84.png>
Package pdftex.def Info: ../output/noGPLimages/kap5x84.png  used on input line 
1070.
(pdftex.def)             Requested size: 278.83578pt x 161.32571pt.
 [80

 <../output/noGPLimages/kap5x84.png>] [81

]
<../output/noGPLimages/kap5x86.png, id=2249, 849.1725pt x 371.88937pt>
File: ../output/noGPLimages/kap5x86.png Graphic file (type png)
<use ../output/noGPLimages/kap5x86.png>
Package pdftex.def Info: ../output/noGPLimages/kap5x86.png  used on input line 
1111.
(pdftex.def)             Requested size: 199.1693pt x 87.22377pt.
 [82

 <../output/noGPLimages/kap5x86.png>]
<../output/noGPLimages/kap5x87.png, id=2276, 962.84718pt x 621.82312pt>
File: ../output/noGPLimages/kap5x87.png Graphic file (type png)
<use ../output/noGPLimages/kap5x87.png>
Package pdftex.def Info: ../output/noGPLimages/kap5x87.png  used on input line 
1130.
(pdftex.def)             Requested size: 199.1693pt x 128.62263pt.
 [83

 <../output/noGPLimages/kap5x87.png>]
<../output/noGPLimages/kap5x88.png, id=2302, 998.22937pt x 274.77657pt>
File: ../output/noGPLimages/kap5x88.png Graphic file (type png)
<use ../output/noGPLimages/kap5x88.png>
Package pdftex.def Info: ../output/noGPLimages/kap5x88.png  used on input line 
1148.
(pdftex.def)             Requested size: 199.1693pt x 54.82436pt.
 [84

 <../output/noGPLimages/kap5x88.png>]
\tf@nav=\write6
\openout6 = `pDataCom.nav'.

\tf@toc=\write7
\openout7 = `pDataCom.toc'.

\tf@snm=\write8
\openout8 = `pDataCom.snm'.

 (./pDataCom.aux)
Package rerunfilecheck Info: File `pDataCom.out' has not changed.
(rerunfilecheck)             Checksum: D41D8CD98F00B204E9800998ECF8427E;0.
 ) 
Here is how much of TeX's memory you used:
 21504 strings out of 478994
 399173 string characters out of 5864750
 678350 words of memory out of 5000000
 38290 multiletter control sequences out of 15000+600000
 410654 words of font info for 53 fonts, out of 8000000 for 9000
 1141 hyphenation exceptions out of 8191
 131i,14n,132p,433b,630s stack positions out of 5000i,500n,10000p,200000b,80000s
</usr/share/texmf-dist/fonts/type1/public/amsfonts/cm/cmss10.pfb></usr/share/
texmf-dist/fonts/type1/public/amsfonts/cm/cmss12.pfb></usr/share/texmf-dist/fon
ts/type1/public/amsfonts/cm/cmss17.pfb></usr/share/texmf-dist/fonts/type1/publi
c/amsfonts/cm/cmss8.pfb></usr/share/texmf-dist/fonts/type1/public/amsfonts/cm/c
mtt10.pfb></usr/share/texmf-dist/fonts/type1/public/amsfonts/symbols/msam10.pfb
>
Output written on pDataCom.pdf (84 pages, 19148673 bytes).
PDF statistics:
 2389 PDF objects out of 2487 (max. 8388607)
 2098 compressed objects within 21 object streams
 169 named destinations out of 1000 (max. 500000)
 473 words of extra memory for PDF output out of 10000 (max. 10000000)

