This is pdfTeX, Version 3.141592653-2.6-1.40.25 (TeX Live 2023/Arch Linux) (preloaded format=pdflatex 2023.9.17)  25 OCT 2023 22:30
entering extended mode
 restricted \write18 enabled.
 %&-line parsing enabled.
**pFlowmåling.tex
(./pFlowmåling.tex
LaTeX2e <2022-11-01> patch level 1
L3 programming layer <2023-02-22>
(/usr/share/texmf-dist/tex/latex/beamer/beamer.cls
Document Class: beamer 2023/02/20 v3.69 A class for typesetting presentations
(/usr/share/texmf-dist/tex/latex/beamer/beamerbasemodes.sty
(/usr/share/texmf-dist/tex/latex/etoolbox/etoolbox.sty
Package: etoolbox 2020/10/05 v2.5k e-TeX tools for LaTeX (JAW)
\etb@tempcnta=\count185
)
\beamer@tempbox=\box51
\beamer@tempcount=\count186
\c@beamerpauses=\count187

(/usr/share/texmf-dist/tex/latex/beamer/beamerbasedecode.sty
\beamer@slideinframe=\count188
\beamer@minimum=\count189
\beamer@decode@box=\box52
)
\beamer@commentbox=\box53
\beamer@modecount=\count190
)
(/usr/share/texmf-dist/tex/generic/iftex/iftex.sty
Package: iftex 2022/02/03 v1.0f TeX engine tests
)
\headdp=\dimen140
\footheight=\dimen141
\sidebarheight=\dimen142
\beamer@tempdim=\dimen143
\beamer@finalheight=\dimen144
\beamer@animht=\dimen145
\beamer@animdp=\dimen146
\beamer@animwd=\dimen147
\beamer@leftmargin=\dimen148
\beamer@rightmargin=\dimen149
\beamer@leftsidebar=\dimen150
\beamer@rightsidebar=\dimen151
\beamer@boxsize=\dimen152
\beamer@vboxoffset=\dimen153
\beamer@descdefault=\dimen154
\beamer@descriptionwidth=\dimen155
\beamer@lastskip=\skip48
\beamer@areabox=\box54
\beamer@animcurrent=\box55
\beamer@animshowbox=\box56
\beamer@sectionbox=\box57
\beamer@logobox=\box58
\beamer@linebox=\box59
\beamer@sectioncount=\count191
\beamer@subsubsectionmax=\count192
\beamer@subsectionmax=\count193
\beamer@sectionmax=\count194
\beamer@totalheads=\count195
\beamer@headcounter=\count196
\beamer@partstartpage=\count197
\beamer@sectionstartpage=\count198
\beamer@subsectionstartpage=\count199
\beamer@animationtempa=\count266
\beamer@animationtempb=\count267
\beamer@xpos=\count268
\beamer@ypos=\count269
\beamer@ypos@offset=\count270
\beamer@showpartnumber=\count271
\beamer@currentsubsection=\count272
\beamer@coveringdepth=\count273
\beamer@sectionadjust=\count274
\beamer@toclastsection=\count275
\beamer@tocsectionnumber=\count276

(/usr/share/texmf-dist/tex/latex/beamer/beamerbaseoptions.sty
(/usr/share/texmf-dist/tex/latex/graphics/keyval.sty
Package: keyval 2022/05/29 v1.15 key=value parser (DPC)
\KV@toks@=\toks16
))
\beamer@paperwidth=\skip49
\beamer@paperheight=\skip50

(/usr/share/texmf-dist/tex/latex/geometry/geometry.sty
Package: geometry 2020/01/02 v5.9 Page Geometry

(/usr/share/texmf-dist/tex/generic/iftex/ifvtex.sty
Package: ifvtex 2019/10/25 v1.7 ifvtex legacy package. Use iftex instead.
)
\Gm@cnth=\count277
\Gm@cntv=\count278
\c@Gm@tempcnt=\count279
\Gm@bindingoffset=\dimen156
\Gm@wd@mp=\dimen157
\Gm@odd@mp=\dimen158
\Gm@even@mp=\dimen159
\Gm@layoutwidth=\dimen160
\Gm@layoutheight=\dimen161
\Gm@layouthoffset=\dimen162
\Gm@layoutvoffset=\dimen163
\Gm@dimlist=\toks17
)
(/usr/share/texmf-dist/tex/latex/pgf/math/pgfmath.sty
(/usr/share/texmf-dist/tex/latex/pgf/utilities/pgfrcs.sty
(/usr/share/texmf-dist/tex/generic/pgf/utilities/pgfutil-common.tex
\pgfutil@everybye=\toks18
\pgfutil@tempdima=\dimen164
\pgfutil@tempdimb=\dimen165
)
(/usr/share/texmf-dist/tex/generic/pgf/utilities/pgfutil-latex.def
\pgfutil@abb=\box60
)
(/usr/share/texmf-dist/tex/generic/pgf/utilities/pgfrcs.code.tex
(/usr/share/texmf-dist/tex/generic/pgf/pgf.revision.tex)
Package: pgfrcs 2023-01-15 v3.1.10 (3.1.10)
))
(/usr/share/texmf-dist/tex/latex/pgf/utilities/pgfkeys.sty
(/usr/share/texmf-dist/tex/generic/pgf/utilities/pgfkeys.code.tex
\pgfkeys@pathtoks=\toks19
\pgfkeys@temptoks=\toks20

(/usr/share/texmf-dist/tex/generic/pgf/utilities/pgfkeyslibraryfiltered.code.te
x
\pgfkeys@tmptoks=\toks21
))) (/usr/share/texmf-dist/tex/generic/pgf/math/pgfmath.code.tex
(/usr/share/texmf-dist/tex/generic/pgf/math/pgfmathutil.code.tex
\pgf@x=\dimen166
\pgf@xa=\dimen167
\pgf@xb=\dimen168
\pgf@xc=\dimen169
\pgf@y=\dimen170
\pgf@ya=\dimen171
\pgf@yb=\dimen172
\pgf@yc=\dimen173
\c@pgf@counta=\count280
\c@pgf@countb=\count281
\c@pgf@countc=\count282
\c@pgf@countd=\count283
)
(/usr/share/texmf-dist/tex/generic/pgf/math/pgfmathparser.code.tex
\pgfmath@dimen=\dimen174
\pgfmath@count=\count284
\pgfmath@box=\box61
\pgfmath@toks=\toks22
\pgfmath@stack@operand=\toks23
\pgfmath@stack@operation=\toks24
)
(/usr/share/texmf-dist/tex/generic/pgf/math/pgfmathfunctions.code.tex)
(/usr/share/texmf-dist/tex/generic/pgf/math/pgfmathfunctions.basic.code.tex)
(/usr/share/texmf-dist/tex/generic/pgf/math/pgfmathfunctions.trigonometric.code
.tex)
(/usr/share/texmf-dist/tex/generic/pgf/math/pgfmathfunctions.random.code.tex)
(/usr/share/texmf-dist/tex/generic/pgf/math/pgfmathfunctions.comparison.code.te
x) (/usr/share/texmf-dist/tex/generic/pgf/math/pgfmathfunctions.base.code.tex)
(/usr/share/texmf-dist/tex/generic/pgf/math/pgfmathfunctions.round.code.tex)
(/usr/share/texmf-dist/tex/generic/pgf/math/pgfmathfunctions.misc.code.tex)
(/usr/share/texmf-dist/tex/generic/pgf/math/pgfmathfunctions.integerarithmetics
.code.tex) (/usr/share/texmf-dist/tex/generic/pgf/math/pgfmathcalc.code.tex)
(/usr/share/texmf-dist/tex/generic/pgf/math/pgfmathfloat.code.tex
\c@pgfmathroundto@lastzeros=\count285
)))
(/usr/share/texmf-dist/tex/latex/base/size11.clo
File: size11.clo 2022/07/02 v1.4n Standard LaTeX file (size option)
)
(/usr/share/texmf-dist/tex/latex/pgf/basiclayer/pgfcore.sty
(/usr/share/texmf-dist/tex/latex/graphics/graphicx.sty
Package: graphicx 2021/09/16 v1.2d Enhanced LaTeX Graphics (DPC,SPQR)

(/usr/share/texmf-dist/tex/latex/graphics/graphics.sty
Package: graphics 2022/03/10 v1.4e Standard LaTeX Graphics (DPC,SPQR)

(/usr/share/texmf-dist/tex/latex/graphics/trig.sty
Package: trig 2021/08/11 v1.11 sin cos tan (DPC)
)
(/usr/share/texmf-dist/tex/latex/graphics-cfg/graphics.cfg
File: graphics.cfg 2016/06/04 v1.11 sample graphics configuration
)
Package graphics Info: Driver file: pdftex.def on input line 107.

(/usr/share/texmf-dist/tex/latex/graphics-def/pdftex.def
File: pdftex.def 2022/09/22 v1.2b Graphics/color driver for pdftex
))
\Gin@req@height=\dimen175
\Gin@req@width=\dimen176
)
(/usr/share/texmf-dist/tex/latex/pgf/systemlayer/pgfsys.sty
(/usr/share/texmf-dist/tex/generic/pgf/systemlayer/pgfsys.code.tex
Package: pgfsys 2023-01-15 v3.1.10 (3.1.10)
\pgf@x=\dimen177
\pgf@y=\dimen178
\pgf@xa=\dimen179
\pgf@ya=\dimen180
\pgf@xb=\dimen181
\pgf@yb=\dimen182
\pgf@xc=\dimen183
\pgf@yc=\dimen184
\pgf@xd=\dimen185
\pgf@yd=\dimen186
\w@pgf@writea=\write3
\r@pgf@reada=\read2
\c@pgf@counta=\count286
\c@pgf@countb=\count287
\c@pgf@countc=\count288
\c@pgf@countd=\count289
\t@pgf@toka=\toks25
\t@pgf@tokb=\toks26
\t@pgf@tokc=\toks27
\pgf@sys@id@count=\count290

(/usr/share/texmf-dist/tex/generic/pgf/systemlayer/pgf.cfg
File: pgf.cfg 2023-01-15 v3.1.10 (3.1.10)
)
Driver file for pgf: pgfsys-pdftex.def

(/usr/share/texmf-dist/tex/generic/pgf/systemlayer/pgfsys-pdftex.def
File: pgfsys-pdftex.def 2023-01-15 v3.1.10 (3.1.10)

(/usr/share/texmf-dist/tex/generic/pgf/systemlayer/pgfsys-common-pdf.def
File: pgfsys-common-pdf.def 2023-01-15 v3.1.10 (3.1.10)
)))
(/usr/share/texmf-dist/tex/generic/pgf/systemlayer/pgfsyssoftpath.code.tex
File: pgfsyssoftpath.code.tex 2023-01-15 v3.1.10 (3.1.10)
\pgfsyssoftpath@smallbuffer@items=\count291
\pgfsyssoftpath@bigbuffer@items=\count292
)
(/usr/share/texmf-dist/tex/generic/pgf/systemlayer/pgfsysprotocol.code.tex
File: pgfsysprotocol.code.tex 2023-01-15 v3.1.10 (3.1.10)
))
(/usr/share/texmf-dist/tex/latex/xcolor/xcolor.sty
Package: xcolor 2022/06/12 v2.14 LaTeX color extensions (UK)

(/usr/share/texmf-dist/tex/latex/graphics-cfg/color.cfg
File: color.cfg 2016/01/02 v1.6 sample color configuration
)
Package xcolor Info: Driver file: pdftex.def on input line 227.

(/usr/share/texmf-dist/tex/latex/graphics/mathcolor.ltx)
Package xcolor Info: Model `cmy' substituted by `cmy0' on input line 1353.
Package xcolor Info: Model `hsb' substituted by `rgb' on input line 1357.
Package xcolor Info: Model `RGB' extended on input line 1369.
Package xcolor Info: Model `HTML' substituted by `rgb' on input line 1371.
Package xcolor Info: Model `Hsb' substituted by `hsb' on input line 1372.
Package xcolor Info: Model `tHsb' substituted by `hsb' on input line 1373.
Package xcolor Info: Model `HSB' substituted by `hsb' on input line 1374.
Package xcolor Info: Model `Gray' substituted by `gray' on input line 1375.
Package xcolor Info: Model `wave' substituted by `hsb' on input line 1376.
)
(/usr/share/texmf-dist/tex/generic/pgf/basiclayer/pgfcore.code.tex
Package: pgfcore 2023-01-15 v3.1.10 (3.1.10)

(/usr/share/texmf-dist/tex/generic/pgf/math/pgfint.code.tex)
(/usr/share/texmf-dist/tex/generic/pgf/basiclayer/pgfcorepoints.code.tex
File: pgfcorepoints.code.tex 2023-01-15 v3.1.10 (3.1.10)
\pgf@picminx=\dimen187
\pgf@picmaxx=\dimen188
\pgf@picminy=\dimen189
\pgf@picmaxy=\dimen190
\pgf@pathminx=\dimen191
\pgf@pathmaxx=\dimen192
\pgf@pathminy=\dimen193
\pgf@pathmaxy=\dimen194
\pgf@xx=\dimen195
\pgf@xy=\dimen196
\pgf@yx=\dimen197
\pgf@yy=\dimen198
\pgf@zx=\dimen199
\pgf@zy=\dimen256
)
(/usr/share/texmf-dist/tex/generic/pgf/basiclayer/pgfcorepathconstruct.code.tex
File: pgfcorepathconstruct.code.tex 2023-01-15 v3.1.10 (3.1.10)
\pgf@path@lastx=\dimen257
\pgf@path@lasty=\dimen258
) (/usr/share/texmf-dist/tex/generic/pgf/basiclayer/pgfcorepathusage.code.tex
File: pgfcorepathusage.code.tex 2023-01-15 v3.1.10 (3.1.10)
\pgf@shorten@end@additional=\dimen259
\pgf@shorten@start@additional=\dimen260
)
(/usr/share/texmf-dist/tex/generic/pgf/basiclayer/pgfcorescopes.code.tex
File: pgfcorescopes.code.tex 2023-01-15 v3.1.10 (3.1.10)
\pgfpic=\box62
\pgf@hbox=\box63
\pgf@layerbox@main=\box64
\pgf@picture@serial@count=\count293
)
(/usr/share/texmf-dist/tex/generic/pgf/basiclayer/pgfcoregraphicstate.code.tex
File: pgfcoregraphicstate.code.tex 2023-01-15 v3.1.10 (3.1.10)
\pgflinewidth=\dimen261
)
(/usr/share/texmf-dist/tex/generic/pgf/basiclayer/pgfcoretransformations.code.t
ex
File: pgfcoretransformations.code.tex 2023-01-15 v3.1.10 (3.1.10)
\pgf@pt@x=\dimen262
\pgf@pt@y=\dimen263
\pgf@pt@temp=\dimen264
) (/usr/share/texmf-dist/tex/generic/pgf/basiclayer/pgfcorequick.code.tex
File: pgfcorequick.code.tex 2023-01-15 v3.1.10 (3.1.10)
)
(/usr/share/texmf-dist/tex/generic/pgf/basiclayer/pgfcoreobjects.code.tex
File: pgfcoreobjects.code.tex 2023-01-15 v3.1.10 (3.1.10)
)
(/usr/share/texmf-dist/tex/generic/pgf/basiclayer/pgfcorepathprocessing.code.te
x
File: pgfcorepathprocessing.code.tex 2023-01-15 v3.1.10 (3.1.10)
) (/usr/share/texmf-dist/tex/generic/pgf/basiclayer/pgfcorearrows.code.tex
File: pgfcorearrows.code.tex 2023-01-15 v3.1.10 (3.1.10)
\pgfarrowsep=\dimen265
)
(/usr/share/texmf-dist/tex/generic/pgf/basiclayer/pgfcoreshade.code.tex
File: pgfcoreshade.code.tex 2023-01-15 v3.1.10 (3.1.10)
\pgf@max=\dimen266
\pgf@sys@shading@range@num=\count294
\pgf@shadingcount=\count295
)
(/usr/share/texmf-dist/tex/generic/pgf/basiclayer/pgfcoreimage.code.tex
File: pgfcoreimage.code.tex 2023-01-15 v3.1.10 (3.1.10)
)
(/usr/share/texmf-dist/tex/generic/pgf/basiclayer/pgfcoreexternal.code.tex
File: pgfcoreexternal.code.tex 2023-01-15 v3.1.10 (3.1.10)
\pgfexternal@startupbox=\box65
)
(/usr/share/texmf-dist/tex/generic/pgf/basiclayer/pgfcorelayers.code.tex
File: pgfcorelayers.code.tex 2023-01-15 v3.1.10 (3.1.10)
)
(/usr/share/texmf-dist/tex/generic/pgf/basiclayer/pgfcoretransparency.code.tex
File: pgfcoretransparency.code.tex 2023-01-15 v3.1.10 (3.1.10)
) (/usr/share/texmf-dist/tex/generic/pgf/basiclayer/pgfcorepatterns.code.tex
File: pgfcorepatterns.code.tex 2023-01-15 v3.1.10 (3.1.10)
)
(/usr/share/texmf-dist/tex/generic/pgf/basiclayer/pgfcorerdf.code.tex
File: pgfcorerdf.code.tex 2023-01-15 v3.1.10 (3.1.10)
)))
(/usr/share/texmf-dist/tex/latex/pgf/utilities/xxcolor.sty
Package: xxcolor 2003/10/24 ver 0.1
\XC@nummixins=\count296
\XC@countmixins=\count297
)
(/usr/share/texmf-dist/tex/latex/base/atbegshi-ltx.sty
Package: atbegshi-ltx 2021/01/10 v1.0c Emulation of the original atbegshi
package with kernel methods
)
(/usr/share/texmf-dist/tex/latex/hyperref/hyperref.sty
Package: hyperref 2023-02-07 v7.00v Hypertext links for LaTeX

(/usr/share/texmf-dist/tex/generic/ltxcmds/ltxcmds.sty
Package: ltxcmds 2020-05-10 v1.25 LaTeX kernel commands for general use (HO)
)
(/usr/share/texmf-dist/tex/generic/pdftexcmds/pdftexcmds.sty
Package: pdftexcmds 2020-06-27 v0.33 Utility functions of pdfTeX for LuaTeX (HO
)

(/usr/share/texmf-dist/tex/generic/infwarerr/infwarerr.sty
Package: infwarerr 2019/12/03 v1.5 Providing info/warning/error messages (HO)
)
Package pdftexcmds Info: \pdf@primitive is available.
Package pdftexcmds Info: \pdf@ifprimitive is available.
Package pdftexcmds Info: \pdfdraftmode found.
)
(/usr/share/texmf-dist/tex/latex/kvsetkeys/kvsetkeys.sty
Package: kvsetkeys 2022-10-05 v1.19 Key value parser (HO)
)
(/usr/share/texmf-dist/tex/generic/kvdefinekeys/kvdefinekeys.sty
Package: kvdefinekeys 2019-12-19 v1.6 Define keys (HO)
)
(/usr/share/texmf-dist/tex/generic/pdfescape/pdfescape.sty
Package: pdfescape 2019/12/09 v1.15 Implements pdfTeX's escape features (HO)
)
(/usr/share/texmf-dist/tex/latex/hycolor/hycolor.sty
Package: hycolor 2020-01-27 v1.10 Color options for hyperref/bookmark (HO)
)
(/usr/share/texmf-dist/tex/latex/letltxmacro/letltxmacro.sty
Package: letltxmacro 2019/12/03 v1.6 Let assignment for LaTeX macros (HO)
)
(/usr/share/texmf-dist/tex/latex/auxhook/auxhook.sty
Package: auxhook 2019-12-17 v1.6 Hooks for auxiliary files (HO)
)
(/usr/share/texmf-dist/tex/latex/hyperref/nameref.sty
Package: nameref 2022-05-17 v2.50 Cross-referencing by name of section

(/usr/share/texmf-dist/tex/latex/refcount/refcount.sty
Package: refcount 2019/12/15 v3.6 Data extraction from label references (HO)
)
(/usr/share/texmf-dist/tex/generic/gettitlestring/gettitlestring.sty
Package: gettitlestring 2019/12/15 v1.6 Cleanup title references (HO)

(/usr/share/texmf-dist/tex/latex/kvoptions/kvoptions.sty
Package: kvoptions 2022-06-15 v3.15 Key value format for package options (HO)
))
\c@section@level=\count298
)
\@linkdim=\dimen267
\Hy@linkcounter=\count299
\Hy@pagecounter=\count300

(/usr/share/texmf-dist/tex/latex/hyperref/pd1enc.def
File: pd1enc.def 2023-02-07 v7.00v Hyperref: PDFDocEncoding definition (HO)
Now handling font encoding PD1 ...
... no UTF-8 mapping file for font encoding PD1
)
(/usr/share/texmf-dist/tex/generic/intcalc/intcalc.sty
Package: intcalc 2019/12/15 v1.3 Expandable calculations with integers (HO)
)
(/usr/share/texmf-dist/tex/generic/etexcmds/etexcmds.sty
Package: etexcmds 2019/12/15 v1.7 Avoid name clashes with e-TeX commands (HO)
)
\Hy@SavedSpaceFactor=\count301

(/usr/share/texmf-dist/tex/latex/hyperref/puenc.def
File: puenc.def 2023-02-07 v7.00v Hyperref: PDF Unicode definition (HO)
Now handling font encoding PU ...
... no UTF-8 mapping file for font encoding PU
)
Package hyperref Info: Option `bookmarks' set `true' on input line 4060.
Package hyperref Info: Option `bookmarksopen' set `true' on input line 4060.
Package hyperref Info: Option `implicit' set `false' on input line 4060.
Package hyperref Info: Hyper figures OFF on input line 4177.
Package hyperref Info: Link nesting OFF on input line 4182.
Package hyperref Info: Hyper index ON on input line 4185.
Package hyperref Info: Plain pages OFF on input line 4192.
Package hyperref Info: Backreferencing OFF on input line 4197.
Package hyperref Info: Implicit mode OFF; no redefinition of LaTeX internals.
Package hyperref Info: Bookmarks ON on input line 4425.
\c@Hy@tempcnt=\count302

(/usr/share/texmf-dist/tex/latex/url/url.sty
\Urlmuskip=\muskip16
Package: url 2013/09/16  ver 3.4  Verb mode for urls, etc.
)
LaTeX Info: Redefining \url on input line 4763.
\XeTeXLinkMargin=\dimen268

(/usr/share/texmf-dist/tex/generic/bitset/bitset.sty
Package: bitset 2019/12/09 v1.3 Handle bit-vector datatype (HO)

(/usr/share/texmf-dist/tex/generic/bigintcalc/bigintcalc.sty
Package: bigintcalc 2019/12/15 v1.5 Expandable calculations on big integers (HO
)
))
\Fld@menulength=\count303
\Field@Width=\dimen269
\Fld@charsize=\dimen270
Package hyperref Info: Hyper figures OFF on input line 6042.
Package hyperref Info: Link nesting OFF on input line 6047.
Package hyperref Info: Hyper index ON on input line 6050.
Package hyperref Info: backreferencing OFF on input line 6057.
Package hyperref Info: Link coloring OFF on input line 6062.
Package hyperref Info: Link coloring with OCG OFF on input line 6067.
Package hyperref Info: PDF/A mode OFF on input line 6072.
\Hy@abspage=\count304


Package hyperref Message: Stopped early.

)
Package hyperref Info: Driver (autodetected): hpdftex.
 (/usr/share/texmf-dist/tex/latex/hyperref/hpdftex.def
File: hpdftex.def 2023-02-07 v7.00v Hyperref driver for pdfTeX

(/usr/share/texmf-dist/tex/latex/base/atveryend-ltx.sty
Package: atveryend-ltx 2020/08/19 v1.0a Emulation of the original atveryend pac
kage
with kernel methods
)
\Fld@listcount=\count305
\c@bookmark@seq@number=\count306

(/usr/share/texmf-dist/tex/latex/rerunfilecheck/rerunfilecheck.sty
Package: rerunfilecheck 2022-07-10 v1.10 Rerun checks for auxiliary files (HO)

(/usr/share/texmf-dist/tex/generic/uniquecounter/uniquecounter.sty
Package: uniquecounter 2019/12/15 v1.4 Provide unlimited unique counter (HO)
)
Package uniquecounter Info: New unique counter `rerunfilecheck' on input line 2
85.
))
(/usr/share/texmf-dist/tex/latex/beamer/beamerbaserequires.sty
(/usr/share/texmf-dist/tex/latex/beamer/beamerbasecompatibility.sty)
(/usr/share/texmf-dist/tex/latex/beamer/beamerbasefont.sty
(/usr/share/texmf-dist/tex/latex/amsfonts/amssymb.sty
Package: amssymb 2013/01/14 v3.01 AMS font symbols

(/usr/share/texmf-dist/tex/latex/amsfonts/amsfonts.sty
Package: amsfonts 2013/01/14 v3.01 Basic AMSFonts support
\@emptytoks=\toks28
\symAMSa=\mathgroup4
\symAMSb=\mathgroup5
LaTeX Font Info:    Redeclaring math symbol \hbar on input line 98.
LaTeX Font Info:    Overwriting math alphabet `\mathfrak' in version `bold'
(Font)                  U/euf/m/n --> U/euf/b/n on input line 106.
))
(/usr/share/texmf-dist/tex/latex/sansmathaccent/sansmathaccent.sty
Package: sansmathaccent 2020/01/31

(/usr/share/texmf-dist/tex/latex/koma-script/scrlfile.sty
Package: scrlfile 2022/10/12 v3.38 KOMA-Script package (file load hooks)

(/usr/share/texmf-dist/tex/latex/koma-script/scrlfile-hook.sty
Package: scrlfile-hook 2022/10/12 v3.38 KOMA-Script package (using LaTeX hooks)


(/usr/share/texmf-dist/tex/latex/koma-script/scrlogo.sty
Package: scrlogo 2022/10/12 v3.38 KOMA-Script package (logo)
)))))
(/usr/share/texmf-dist/tex/latex/beamer/beamerbasetranslator.sty
(/usr/share/texmf-dist/tex/latex/translator/translator.sty
Package: translator 2021-05-31 v1.12d Easy translation of strings in LaTeX
))
(/usr/share/texmf-dist/tex/latex/beamer/beamerbasemisc.sty)
(/usr/share/texmf-dist/tex/latex/beamer/beamerbasetwoscreens.sty)
(/usr/share/texmf-dist/tex/latex/beamer/beamerbaseoverlay.sty
\beamer@argscount=\count307
\beamer@lastskipcover=\skip51
\beamer@trivlistdepth=\count308
)
(/usr/share/texmf-dist/tex/latex/beamer/beamerbasetitle.sty)
(/usr/share/texmf-dist/tex/latex/beamer/beamerbasesection.sty
\c@lecture=\count309
\c@part=\count310
\c@section=\count311
\c@subsection=\count312
\c@subsubsection=\count313
)
(/usr/share/texmf-dist/tex/latex/beamer/beamerbaseframe.sty
\beamer@framebox=\box66
\beamer@frametitlebox=\box67
\beamer@zoombox=\box68
\beamer@zoomcount=\count314
\beamer@zoomframecount=\count315
\beamer@frametextheight=\dimen271
\c@subsectionslide=\count316
\beamer@frametopskip=\skip52
\beamer@framebottomskip=\skip53
\beamer@frametopskipautobreak=\skip54
\beamer@framebottomskipautobreak=\skip55
\beamer@envbody=\toks29
\framewidth=\dimen272
\c@framenumber=\count317
)
(/usr/share/texmf-dist/tex/latex/beamer/beamerbaseverbatim.sty
\beamer@verbatimfileout=\write4
)
(/usr/share/texmf-dist/tex/latex/beamer/beamerbaseframesize.sty
\beamer@splitbox=\box69
\beamer@autobreakcount=\count318
\beamer@autobreaklastheight=\dimen273
\beamer@frametitletoks=\toks30
\beamer@framesubtitletoks=\toks31
)
(/usr/share/texmf-dist/tex/latex/beamer/beamerbaseframecomponents.sty
\beamer@footins=\box70
)
(/usr/share/texmf-dist/tex/latex/beamer/beamerbasecolor.sty)
(/usr/share/texmf-dist/tex/latex/beamer/beamerbasenotes.sty
\beamer@frameboxcopy=\box71
)
(/usr/share/texmf-dist/tex/latex/beamer/beamerbasetoc.sty)
(/usr/share/texmf-dist/tex/latex/beamer/beamerbasetemplates.sty
\beamer@sbttoks=\toks32

(/usr/share/texmf-dist/tex/latex/beamer/beamerbaseauxtemplates.sty
(/usr/share/texmf-dist/tex/latex/beamer/beamerbaseboxes.sty
\bmb@box=\box72
\bmb@colorbox=\box73
\bmb@boxwidth=\dimen274
\bmb@boxheight=\dimen275
\bmb@prevheight=\dimen276
\bmb@temp=\dimen277
\bmb@dima=\dimen278
\bmb@dimb=\dimen279
\bmb@prevheight=\dimen280
)
\beamer@blockheadheight=\dimen281
))
(/usr/share/texmf-dist/tex/latex/beamer/beamerbaselocalstructure.sty
(/usr/share/texmf-dist/tex/latex/tools/enumerate.sty
Package: enumerate 2015/07/23 v3.00 enumerate extensions (DPC)
\@enLab=\toks33
)
\beamer@bibiconwidth=\skip56
\c@figure=\count319
\c@table=\count320
\abovecaptionskip=\skip57
\belowcaptionskip=\skip58
)
(/usr/share/texmf-dist/tex/latex/beamer/beamerbasenavigation.sty
(/usr/share/texmf-dist/tex/latex/beamer/beamerbasenavigationsymbols.tex)
\beamer@section@min@dim=\dimen282
)
(/usr/share/texmf-dist/tex/latex/beamer/beamerbasetheorems.sty
(/usr/share/texmf-dist/tex/latex/amsmath/amsmath.sty
Package: amsmath 2022/04/08 v2.17n AMS math features
\@mathmargin=\skip59

For additional information on amsmath, use the `?' option.
(/usr/share/texmf-dist/tex/latex/amsmath/amstext.sty
Package: amstext 2021/08/26 v2.01 AMS text

(/usr/share/texmf-dist/tex/latex/amsmath/amsgen.sty
File: amsgen.sty 1999/11/30 v2.0 generic functions
\@emptytoks=\toks34
\ex@=\dimen283
))
(/usr/share/texmf-dist/tex/latex/amsmath/amsbsy.sty
Package: amsbsy 1999/11/29 v1.2d Bold Symbols
\pmbraise@=\dimen284
)
(/usr/share/texmf-dist/tex/latex/amsmath/amsopn.sty
Package: amsopn 2022/04/08 v2.04 operator names
)
\inf@bad=\count321
LaTeX Info: Redefining \frac on input line 234.
\uproot@=\count322
\leftroot@=\count323
LaTeX Info: Redefining \overline on input line 399.
LaTeX Info: Redefining \colon on input line 410.
\classnum@=\count324
\DOTSCASE@=\count325
LaTeX Info: Redefining \ldots on input line 496.
LaTeX Info: Redefining \dots on input line 499.
LaTeX Info: Redefining \cdots on input line 620.
\Mathstrutbox@=\box74
\strutbox@=\box75
LaTeX Info: Redefining \big on input line 722.
LaTeX Info: Redefining \Big on input line 723.
LaTeX Info: Redefining \bigg on input line 724.
LaTeX Info: Redefining \Bigg on input line 725.
\big@size=\dimen285
LaTeX Font Info:    Redeclaring font encoding OML on input line 743.
LaTeX Font Info:    Redeclaring font encoding OMS on input line 744.
\macc@depth=\count326
LaTeX Info: Redefining \bmod on input line 905.
LaTeX Info: Redefining \pmod on input line 910.
LaTeX Info: Redefining \smash on input line 940.
LaTeX Info: Redefining \relbar on input line 970.
LaTeX Info: Redefining \Relbar on input line 971.
\c@MaxMatrixCols=\count327
\dotsspace@=\muskip17
\c@parentequation=\count328
\dspbrk@lvl=\count329
\tag@help=\toks35
\row@=\count330
\column@=\count331
\maxfields@=\count332
\andhelp@=\toks36
\eqnshift@=\dimen286
\alignsep@=\dimen287
\tagshift@=\dimen288
\tagwidth@=\dimen289
\totwidth@=\dimen290
\lineht@=\dimen291
\@envbody=\toks37
\multlinegap=\skip60
\multlinetaggap=\skip61
\mathdisplay@stack=\toks38
LaTeX Info: Redefining \[ on input line 2953.
LaTeX Info: Redefining \] on input line 2954.
)
(/usr/share/texmf-dist/tex/latex/amscls/amsthm.sty
Package: amsthm 2020/05/29 v2.20.6
\thm@style=\toks39
\thm@bodyfont=\toks40
\thm@headfont=\toks41
\thm@notefont=\toks42
\thm@headpunct=\toks43
\thm@preskip=\skip62
\thm@postskip=\skip63
\thm@headsep=\skip64
\dth@everypar=\toks44
)
\c@theorem=\count333
)
(/usr/share/texmf-dist/tex/latex/beamer/beamerbasethemes.sty))
(/usr/share/texmf-dist/tex/latex/beamer/beamerthemedefault.sty
(/usr/share/texmf-dist/tex/latex/beamer/beamerfontthemedefault.sty)
(/usr/share/texmf-dist/tex/latex/beamer/beamercolorthemedefault.sty)
(/usr/share/texmf-dist/tex/latex/beamer/beamerinnerthemedefault.sty
\beamer@dima=\dimen292
\beamer@dimb=\dimen293
)
(/usr/share/texmf-dist/tex/latex/beamer/beamerouterthemedefault.sty)))
(/usr/share/texmf-dist/tex/latex/l3backend/l3backend-pdftex.def
File: l3backend-pdftex.def 2023-01-16 L3 backend support: PDF output (pdfTeX)
\l__color_backend_stack_int=\count334
\l__pdf_internal_box=\box76
)
(./pFlowmåling.aux)
\openout1 = `pFlowmåling.aux'.

LaTeX Font Info:    Checking defaults for OML/cmm/m/it on input line 4.
LaTeX Font Info:    ... okay on input line 4.
LaTeX Font Info:    Checking defaults for OMS/cmsy/m/n on input line 4.
LaTeX Font Info:    ... okay on input line 4.
LaTeX Font Info:    Checking defaults for OT1/cmr/m/n on input line 4.
LaTeX Font Info:    ... okay on input line 4.
LaTeX Font Info:    Checking defaults for T1/cmr/m/n on input line 4.
LaTeX Font Info:    ... okay on input line 4.
LaTeX Font Info:    Checking defaults for TS1/cmr/m/n on input line 4.
LaTeX Font Info:    ... okay on input line 4.
LaTeX Font Info:    Checking defaults for OMX/cmex/m/n on input line 4.
LaTeX Font Info:    ... okay on input line 4.
LaTeX Font Info:    Checking defaults for U/cmr/m/n on input line 4.
LaTeX Font Info:    ... okay on input line 4.
LaTeX Font Info:    Checking defaults for PD1/pdf/m/n on input line 4.
LaTeX Font Info:    ... okay on input line 4.
LaTeX Font Info:    Checking defaults for PU/pdf/m/n on input line 4.
LaTeX Font Info:    ... okay on input line 4.

*geometry* driver: auto-detecting
*geometry* detected driver: pdftex
*geometry* verbose mode - [ preamble ] result:
* driver: pdftex
* paper: custom
* layout: <same size as paper>
* layoutoffset:(h,v)=(0.0pt,0.0pt)
* modes: includehead includefoot 
* h-part:(L,W,R)=(28.45274pt, 307.28987pt, 28.45274pt)
* v-part:(T,H,B)=(0.0pt, 273.14662pt, 0.0pt)
* \paperwidth=364.19536pt
* \paperheight=273.14662pt
* \textwidth=307.28987pt
* \textheight=244.6939pt
* \oddsidemargin=-43.81725pt
* \evensidemargin=-43.81725pt
* \topmargin=-72.26999pt
* \headheight=14.22636pt
* \headsep=0.0pt
* \topskip=11.0pt
* \footskip=14.22636pt
* \marginparwidth=4.0pt
* \marginparsep=10.0pt
* \columnsep=10.0pt
* \skip\footins=10.0pt plus 4.0pt minus 2.0pt
* \hoffset=0.0pt
* \voffset=0.0pt
* \mag=1000
* \@twocolumnfalse
* \@twosidefalse
* \@mparswitchfalse
* \@reversemarginfalse
* (1in=72.27pt=25.4mm, 1cm=28.453pt)

(/usr/share/texmf-dist/tex/context/base/mkii/supp-pdf.mkii
[Loading MPS to PDF converter (version 2006.09.02).]
\scratchcounter=\count335
\scratchdimen=\dimen294
\scratchbox=\box77
\nofMPsegments=\count336
\nofMParguments=\count337
\everyMPshowfont=\toks45
\MPscratchCnt=\count338
\MPscratchDim=\dimen295
\MPnumerator=\count339
\makeMPintoPDFobject=\count340
\everyMPtoPDFconversion=\toks46
) (/usr/share/texmf-dist/tex/latex/epstopdf-pkg/epstopdf-base.sty
Package: epstopdf-base 2020-01-24 v2.11 Base part for package epstopdf
Package epstopdf-base Info: Redefining graphics rule for `.eps' on input line 4
85.

(/usr/share/texmf-dist/tex/latex/latexconfig/epstopdf-sys.cfg
File: epstopdf-sys.cfg 2010/07/13 v1.3 Configuration of (r)epstopdf for TeX Liv
e
))
Package hyperref Info: Link coloring OFF on input line 4.

(./pFlowmåling.out) (./pFlowmåling.out)
\@outlinefile=\write5
\openout5 = `pFlowmåling.out'.

LaTeX Font Info:    Overwriting symbol font `operators' in version `normal'
(Font)                  OT1/cmr/m/n --> OT1/cmss/m/n on input line 4.
LaTeX Font Info:    Overwriting symbol font `operators' in version `bold'
(Font)                  OT1/cmr/bx/n --> OT1/cmss/b/n on input line 4.
\symnumbers=\mathgroup6
\sympureletters=\mathgroup7
LaTeX Font Info:    Overwriting math alphabet `\mathrm' in version `normal'
(Font)                  OT1/cmss/m/n --> OT1/cmr/m/n on input line 4.
LaTeX Font Info:    Redeclaring math alphabet \mathbf on input line 4.
LaTeX Font Info:    Overwriting math alphabet `\mathbf' in version `normal'
(Font)                  OT1/cmr/bx/n --> OT1/cmss/b/n on input line 4.
LaTeX Font Info:    Overwriting math alphabet `\mathbf' in version `bold'
(Font)                  OT1/cmr/bx/n --> OT1/cmss/b/n on input line 4.
LaTeX Font Info:    Redeclaring math alphabet \mathsf on input line 4.
LaTeX Font Info:    Overwriting math alphabet `\mathsf' in version `normal'
(Font)                  OT1/cmss/m/n --> OT1/cmss/m/n on input line 4.
LaTeX Font Info:    Overwriting math alphabet `\mathsf' in version `bold'
(Font)                  OT1/cmss/bx/n --> OT1/cmss/m/n on input line 4.
LaTeX Font Info:    Redeclaring math alphabet \mathit on input line 4.
LaTeX Font Info:    Overwriting math alphabet `\mathit' in version `normal'
(Font)                  OT1/cmr/m/it --> OT1/cmss/m/it on input line 4.
LaTeX Font Info:    Overwriting math alphabet `\mathit' in version `bold'
(Font)                  OT1/cmr/bx/it --> OT1/cmss/m/it on input line 4.
LaTeX Font Info:    Redeclaring math alphabet \mathtt on input line 4.
LaTeX Font Info:    Overwriting math alphabet `\mathtt' in version `normal'
(Font)                  OT1/cmtt/m/n --> OT1/cmtt/m/n on input line 4.
LaTeX Font Info:    Overwriting math alphabet `\mathtt' in version `bold'
(Font)                  OT1/cmtt/m/n --> OT1/cmtt/m/n on input line 4.
LaTeX Font Info:    Overwriting symbol font `numbers' in version `bold'
(Font)                  OT1/cmss/m/n --> OT1/cmss/b/n on input line 4.
LaTeX Font Info:    Overwriting symbol font `pureletters' in version `bold'
(Font)                  OT1/cmss/m/it --> OT1/cmss/b/it on input line 4.
LaTeX Font Info:    Overwriting math alphabet `\mathrm' in version `bold'
(Font)                  OT1/cmss/b/n --> OT1/cmr/b/n on input line 4.
LaTeX Font Info:    Overwriting math alphabet `\mathbf' in version `bold'
(Font)                  OT1/cmss/b/n --> OT1/cmss/b/n on input line 4.
LaTeX Font Info:    Overwriting math alphabet `\mathsf' in version `bold'
(Font)                  OT1/cmss/m/n --> OT1/cmss/b/n on input line 4.
LaTeX Font Info:    Overwriting math alphabet `\mathit' in version `bold'
(Font)                  OT1/cmss/m/it --> OT1/cmss/b/it on input line 4.
LaTeX Font Info:    Overwriting math alphabet `\mathtt' in version `bold'
(Font)                  OT1/cmtt/m/n --> OT1/cmtt/b/n on input line 4.
LaTeX Font Info:    Redeclaring symbol font `pureletters' on input line 4.
LaTeX Font Info:    Overwriting symbol font `pureletters' in version `normal'
(Font)                  OT1/cmss/m/it --> OT1/mathkerncmss/m/sl on input line 4
.
LaTeX Font Info:    Overwriting symbol font `pureletters' in version `bold'
(Font)                  OT1/cmss/b/it --> OT1/mathkerncmss/m/sl on input line 4
.
LaTeX Font Info:    Overwriting symbol font `pureletters' in version `bold'
(Font)                  OT1/mathkerncmss/m/sl --> OT1/mathkerncmss/bx/sl on inp
ut line 4.

(/usr/share/texmf-dist/tex/latex/translator/translator-basic-dictionary-English
.dict
Dictionary: translator-basic-dictionary, Language: English 
)
(/usr/share/texmf-dist/tex/latex/translator/translator-bibliography-dictionary-
English.dict
Dictionary: translator-bibliography-dictionary, Language: English 
)
(/usr/share/texmf-dist/tex/latex/translator/translator-environment-dictionary-E
nglish.dict
Dictionary: translator-environment-dictionary, Language: English 
)
(/usr/share/texmf-dist/tex/latex/translator/translator-months-dictionary-Englis
h.dict
Dictionary: translator-months-dictionary, Language: English 
)
(/usr/share/texmf-dist/tex/latex/translator/translator-numbers-dictionary-Engli
sh.dict
Dictionary: translator-numbers-dictionary, Language: English 
)
(/usr/share/texmf-dist/tex/latex/translator/translator-theorem-dictionary-Engli
sh.dict
Dictionary: translator-theorem-dictionary, Language: English 
) (./pFlowmåling.nav) [1

{/var/lib/texmf/fonts/map/pdftex/updmap/pdftex.map}]
LaTeX Font Info:    Trying to load font information for U+msa on input line 34.

 (/usr/share/texmf-dist/tex/latex/amsfonts/umsa.fd
File: umsa.fd 2013/01/14 v3.01 AMS symbols A
)
LaTeX Font Info:    Trying to load font information for U+msb on input line 34.


(/usr/share/texmf-dist/tex/latex/amsfonts/umsb.fd
File: umsb.fd 2013/01/14 v3.01 AMS symbols B
)
LaTeX Font Info:    Trying to load font information for OT1+mathkerncmss on inp
ut line 34.

(/usr/share/texmf-dist/tex/latex/sansmathaccent/ot1mathkerncmss.fd
File: ot1mathkerncmss.fd 2020/01/31 Fontinst v1.933 font definitions for OT1/ma
thkerncmss.
)
Package epstopdf Info: Source file: <flow06.eps>
(epstopdf)                    date: 2023-02-05 16:06:59
(epstopdf)                    size: 8966 bytes
(epstopdf)             Output file: <flow06-eps-converted-to.pdf>
(epstopdf)                    date: 2023-10-06 16:53:03
(epstopdf)                    size: 7212 bytes
(epstopdf)             Command: <repstopdf --outfile=flow06-eps-converted-to.pd
f flow06.eps>
(epstopdf)             \includegraphics on input line 34.
Package epstopdf Info: Output file is already uptodate.
<flow06-eps-converted-to.pdf, id=43, 219.82124pt x 147.55125pt>
File: flow06-eps-converted-to.pdf Graphic file (type pdf)
<use flow06-eps-converted-to.pdf>
Package pdftex.def Info: flow06-eps-converted-to.pdf  used on input line 34.
(pdftex.def)             Requested size: 219.8207pt x 147.55087pt.
 [2

 <./flow06-eps-converted-to.pdf>]
Package epstopdf Info: Source file: <flow07.eps>
(epstopdf)                    date: 2023-02-05 16:06:59
(epstopdf)                    size: 9907 bytes
(epstopdf)             Output file: <flow07-eps-converted-to.pdf>
(epstopdf)                    date: 2023-10-06 16:53:03
(epstopdf)                    size: 8750 bytes
(epstopdf)             Command: <repstopdf --outfile=flow07-eps-converted-to.pd
f flow07.eps>
(epstopdf)             \includegraphics on input line 46.
Package epstopdf Info: Output file is already uptodate.
<flow07-eps-converted-to.pdf, id=78, 236.885pt x 163.61125pt>
File: flow07-eps-converted-to.pdf Graphic file (type pdf)
<use flow07-eps-converted-to.pdf>
Package pdftex.def Info: flow07-eps-converted-to.pdf  used on input line 46.
(pdftex.def)             Requested size: 236.88441pt x 163.61084pt.
 [3

 <./flow07-eps-converted-to.pdf>]

Package amsmath Warning: Foreign command \over;
(amsmath)                \frac or \genfrac should be used instead
(amsmath)                 on input line 72.

[4

]
Package epstopdf Info: Source file: <flow08.eps>
(epstopdf)                    date: 2023-02-05 16:06:59
(epstopdf)                    size: 9739 bytes
(epstopdf)             Output file: <flow08-eps-converted-to.pdf>
(epstopdf)                    date: 2023-10-06 16:53:03
(epstopdf)                    size: 8364 bytes
(epstopdf)             Command: <repstopdf --outfile=flow08-eps-converted-to.pd
f flow08.eps>
(epstopdf)             \includegraphics on input line 82.
Package epstopdf Info: Output file is already uptodate.
<flow08-eps-converted-to.pdf, id=145, 236.885pt x 109.40875pt>
File: flow08-eps-converted-to.pdf Graphic file (type pdf)
<use flow08-eps-converted-to.pdf>
Package pdftex.def Info: flow08-eps-converted-to.pdf  used on input line 82.
(pdftex.def)             Requested size: 236.88441pt x 109.40846pt.
 [5

 <./flow08-eps-converted-to.pdf>]
Package epstopdf Info: Source file: <flow09.eps>
(epstopdf)                    date: 2023-02-05 16:06:59
(epstopdf)                    size: 56197 bytes
(epstopdf)             Output file: <flow09-eps-converted-to.pdf>
(epstopdf)                    date: 2023-10-06 16:53:03
(epstopdf)                    size: 20078 bytes
(epstopdf)             Command: <repstopdf --outfile=flow09-eps-converted-to.pd
f flow09.eps>
(epstopdf)             \includegraphics on input line 100.
Package epstopdf Info: Output file is already uptodate.
<flow09-eps-converted-to.pdf, id=183, 295.1025pt x 387.4475pt>
File: flow09-eps-converted-to.pdf Graphic file (type pdf)
<use flow09-eps-converted-to.pdf>
Package pdftex.def Info: flow09-eps-converted-to.pdf  used on input line 100.
(pdftex.def)             Requested size: 173.37047pt x 227.62204pt.
 [6

 <./flow09-eps-converted-to.pdf>]
Package epstopdf Info: Source file: <flow10.eps>
(epstopdf)                    date: 2023-02-05 16:06:59
(epstopdf)                    size: 11409 bytes
(epstopdf)             Output file: <flow10-eps-converted-to.pdf>
(epstopdf)                    date: 2023-10-06 16:53:03
(epstopdf)                    size: 6801 bytes
(epstopdf)             Command: <repstopdf --outfile=flow10-eps-converted-to.pd
f flow10.eps>
(epstopdf)             \includegraphics on input line 114.
Package epstopdf Info: Output file is already uptodate.
<flow10-eps-converted-to.pdf, id=217, 170.6375pt x 147.55125pt>
File: flow10-eps-converted-to.pdf Graphic file (type pdf)
<use flow10-eps-converted-to.pdf>
Package pdftex.def Info: flow10-eps-converted-to.pdf  used on input line 114.
(pdftex.def)             Requested size: 170.63707pt x 147.55087pt.

[7

 <./flow10-eps-converted-to.pdf>]
Package epstopdf Info: Source file: <flow11.eps>
(epstopdf)                    date: 2023-02-05 16:06:59
(epstopdf)                    size: 29259 bytes
(epstopdf)             Output file: <flow11-eps-converted-to.pdf>
(epstopdf)                    date: 2023-10-06 16:53:04
(epstopdf)                    size: 14247 bytes
(epstopdf)             Command: <repstopdf --outfile=flow11-eps-converted-to.pd
f flow11.eps>
(epstopdf)             \includegraphics on input line 130.
Package epstopdf Info: Output file is already uptodate.
<flow11-eps-converted-to.pdf, id=253, 379.4175pt x 417.56pt>
File: flow11-eps-converted-to.pdf Graphic file (type pdf)
<use flow11-eps-converted-to.pdf>
Package pdftex.def Info: flow11-eps-converted-to.pdf  used on input line 130.
(pdftex.def)             Requested size: 206.83344pt x 227.62204pt.
 [8

 <./flow11-eps-converted-to.pdf>]
Package epstopdf Info: Source file: <flow05.eps>
(epstopdf)                    date: 2023-02-05 16:06:59
(epstopdf)                    size: 13032 bytes
(epstopdf)             Output file: <flow05-eps-converted-to.pdf>
(epstopdf)                    date: 2023-10-06 16:53:04
(epstopdf)                    size: 6424 bytes
(epstopdf)             Command: <repstopdf --outfile=flow05-eps-converted-to.pd
f flow05.eps>
(epstopdf)             \includegraphics on input line 155.
Package epstopdf Info: Output file is already uptodate.
<flow05-eps-converted-to.pdf, id=290, 425.59pt x 219.82124pt>
File: flow05-eps-converted-to.pdf Graphic file (type pdf)
<use flow05-eps-converted-to.pdf>
Package pdftex.def Info: flow05-eps-converted-to.pdf  used on input line 155.
(pdftex.def)             Requested size: 312.9803pt x 161.6656pt.

Overfull \hbox (5.69043pt too wide) detected at line 155
[]
 []

[9

 <./flow05-eps-converted-to.pdf>] [10

] [11

] [12

] [13

] [14

] [15

] [16

] [17

]
[18

] [19

] [20

] [21

] [22

]
Overfull \vbox (23.92722pt too high) detected at line 460
 []

[23

] [24

] [25

] [26

] [27

] [28

] [29

]
Package epstopdf Info: Source file: <inverse_024.eps>
(epstopdf)                    date: 2023-02-05 16:06:59
(epstopdf)                    size: 8939 bytes
(epstopdf)             Output file: <inverse_024-eps-converted-to.pdf>
(epstopdf)                    date: 2023-10-06 16:53:04
(epstopdf)                    size: 5398 bytes
(epstopdf)             Command: <repstopdf --outfile=inverse_024-eps-converted-
to.pdf inverse_024.eps>
(epstopdf)             \includegraphics on input line 622.
Package epstopdf Info: Output file is already uptodate.
<inverse_024-eps-converted-to.pdf, id=836, 192.72pt x 112.42pt>
File: inverse_024-eps-converted-to.pdf Graphic file (type pdf)
<use inverse_024-eps-converted-to.pdf>
Package pdftex.def Info: inverse_024-eps-converted-to.pdf  used on input line 6
22.
(pdftex.def)             Requested size: 192.71951pt x 112.41972pt.
 [30

 <./inverse_024-eps-converted-to.pdf>]
Package epstopdf Info: Source file: <inverse_005.eps>
(epstopdf)                    date: 2023-02-05 16:06:59
(epstopdf)                    size: 11902 bytes
(epstopdf)             Output file: <inverse_005-eps-converted-to.pdf>
(epstopdf)                    date: 2023-10-06 16:53:04
(epstopdf)                    size: 9459 bytes
(epstopdf)             Command: <repstopdf --outfile=inverse_005-eps-converted-
to.pdf inverse_005.eps>
(epstopdf)             \includegraphics on input line 641.
Package epstopdf Info: Output file is already uptodate.
<inverse_005-eps-converted-to.pdf, id=871, 367.3725pt x 275.0275pt>
File: inverse_005-eps-converted-to.pdf Graphic file (type pdf)
<use inverse_005-eps-converted-to.pdf>
Package pdftex.def Info: inverse_005-eps-converted-to.pdf  used on input line 6
41.
(pdftex.def)             Requested size: 312.9803pt x 234.32422pt.

Overfull \hbox (5.69043pt too wide) detected at line 641
[]
 []

[31

 <./inverse_005-eps-converted-to.pdf>]
Package epstopdf Info: Source file: <square_root.eps>
(epstopdf)                    date: 2023-02-05 16:06:59
(epstopdf)                    size: 177439 bytes
(epstopdf)             Output file: <square_root-eps-converted-to.pdf>
(epstopdf)                    date: 2023-10-06 16:53:04
(epstopdf)                    size: 163762 bytes
(epstopdf)             Command: <repstopdf --outfile=square_root-eps-converted-
to.pdf square_root.eps>
(epstopdf)             \includegraphics on input line 651.
Package epstopdf Info: Output file is already uptodate.
<square_root-eps-converted-to.pdf, id=907, 557.08125pt x 370.38374pt>
File: square_root-eps-converted-to.pdf Graphic file (type pdf)
<use square_root-eps-converted-to.pdf>
Package pdftex.def Info: square_root-eps-converted-to.pdf  used on input line 6
51.
(pdftex.def)             Requested size: 142.26378pt x 94.58507pt.
Package epstopdf Info: Source file: <square_root2.eps>
(epstopdf)                    date: 2023-02-05 16:06:59
(epstopdf)                    size: 146071 bytes
(epstopdf)             Output file: <square_root2-eps-converted-to.pdf>
(epstopdf)                    date: 2023-10-06 16:53:05
(epstopdf)                    size: 117063 bytes
(epstopdf)             Command: <repstopdf --outfile=square_root2-eps-converted
-to.pdf square_root2.eps>
(epstopdf)             \includegraphics on input line 651.
Package epstopdf Info: Output file is already uptodate.
<square_root2-eps-converted-to.pdf, id=908, 557.08125pt x 728.7225pt>
File: square_root2-eps-converted-to.pdf Graphic file (type pdf)
<use square_root2-eps-converted-to.pdf>
Package pdftex.def Info: square_root2-eps-converted-to.pdf  used on input line 
651.
(pdftex.def)             Requested size: 142.26378pt x 186.0942pt.
 [32

 <./square_root-eps-converted-to.pdf> <./square_root2-eps-converted-to.pdf>] [3
3

]
Package epstopdf Info: Source file: <inverse_025.eps>
(epstopdf)                    date: 2023-02-05 16:06:59
(epstopdf)                    size: 10100 bytes
(epstopdf)             Output file: <inverse_025-eps-converted-to.pdf>
(epstopdf)                    date: 2023-10-06 16:53:05
(epstopdf)                    size: 8335 bytes
(epstopdf)             Command: <repstopdf --outfile=inverse_025-eps-converted-
to.pdf inverse_025.eps>
(epstopdf)             \includegraphics on input line 764.
Package epstopdf Info: Output file is already uptodate.
<inverse_025-eps-converted-to.pdf, id=963, 306.14375pt x 129.48375pt>
File: inverse_025-eps-converted-to.pdf Graphic file (type pdf)
<use inverse_025-eps-converted-to.pdf>
Package pdftex.def Info: inverse_025-eps-converted-to.pdf  used on input line 7
64.
(pdftex.def)             Requested size: 306.14299pt x 129.48341pt.
 [34

 <./inverse_025-eps-converted-to.pdf>]
Package epstopdf Info: Source file: <inverse_023.eps>
(epstopdf)                    date: 2023-02-05 16:06:59
(epstopdf)                    size: 12357 bytes
(epstopdf)             Output file: <inverse_023-eps-converted-to.pdf>
(epstopdf)                    date: 2023-10-06 16:53:05
(epstopdf)                    size: 9211 bytes
(epstopdf)             Command: <repstopdf --outfile=inverse_023-eps-converted-
to.pdf inverse_023.eps>
(epstopdf)             \includegraphics on input line 777.
Package epstopdf Info: Output file is already uptodate.
<inverse_023-eps-converted-to.pdf, id=1004, 346.29375pt x 290.08376pt>
File: inverse_023-eps-converted-to.pdf Graphic file (type pdf)
<use inverse_023-eps-converted-to.pdf>
Package pdftex.def Info: inverse_023-eps-converted-to.pdf  used on input line 7
77.
(pdftex.def)             Requested size: 346.2929pt x 290.08304pt.

Overfull \hbox (39.00302pt too wide) detected at line 777
[]
 []


Overfull \vbox (45.53642pt too high) detected at line 777
 []

[35

 <./inverse_023-eps-converted-to.pdf>]
Package epstopdf Info: Source file: <flow28.eps>
(epstopdf)                    date: 2023-02-05 16:06:59
(epstopdf)                    size: 20466 bytes
(epstopdf)             Output file: <flow28-eps-converted-to.pdf>
(epstopdf)                    date: 2023-10-06 16:53:05
(epstopdf)                    size: 10936 bytes
(epstopdf)             Command: <repstopdf --outfile=flow28-eps-converted-to.pd
f flow28.eps>
(epstopdf)             \includegraphics on input line 887.
Package epstopdf Info: Output file is already uptodate.
<flow28-eps-converted-to.pdf, id=1039, 409.53pt x 239.89626pt>
File: flow28-eps-converted-to.pdf Graphic file (type pdf)
<use flow28-eps-converted-to.pdf>
Package pdftex.def Info: flow28-eps-converted-to.pdf  used on input line 887.
(pdftex.def)             Requested size: 312.9803pt x 183.35164pt.

Overfull \hbox (5.69043pt too wide) detected at line 887
[]
 []

[36

 <./flow28-eps-converted-to.pdf>]
Package epstopdf Info: Source file: <flow22.eps>
(epstopdf)                    date: 2023-02-05 16:06:59
(epstopdf)                    size: 9490 bytes
(epstopdf)             Output file: <flow22-eps-converted-to.pdf>
(epstopdf)                    date: 2023-10-06 16:53:05
(epstopdf)                    size: 9443 bytes
(epstopdf)             Command: <repstopdf --outfile=flow22-eps-converted-to.pd
f flow22.eps>
(epstopdf)             \includegraphics on input line 903.
Package epstopdf Info: Output file is already uptodate.
<flow22-eps-converted-to.pdf, id=1073, 396.48125pt x 342.27875pt>
File: flow22-eps-converted-to.pdf Graphic file (type pdf)
<use flow22-eps-converted-to.pdf>
Package pdftex.def Info: flow22-eps-converted-to.pdf  used on input line 903.
(pdftex.def)             Requested size: 227.62204pt x 196.50581pt.
 [37

 <./flow22-eps-converted-to.pdf>]
Package epstopdf Info: Source file: <flow25.eps>
(epstopdf)                    date: 2023-02-05 16:06:59
(epstopdf)                    size: 9607 bytes
(epstopdf)             Output file: <flow25-eps-converted-to.pdf>
(epstopdf)                    date: 2023-10-06 16:53:05
(epstopdf)                    size: 9504 bytes
(epstopdf)             Command: <repstopdf --outfile=flow25-eps-converted-to.pd
f flow25.eps>
(epstopdf)             \includegraphics on input line 918.
Package epstopdf Info: Output file is already uptodate.
<flow25-eps-converted-to.pdf, id=1111, 396.48125pt x 342.27875pt>
File: flow25-eps-converted-to.pdf Graphic file (type pdf)
<use flow25-eps-converted-to.pdf>
Package pdftex.def Info: flow25-eps-converted-to.pdf  used on input line 918.
(pdftex.def)             Requested size: 227.62204pt x 196.50581pt.

[38

 <./flow25-eps-converted-to.pdf>]
Package epstopdf Info: Source file: <flow23.eps>
(epstopdf)                    date: 2023-02-05 16:06:59
(epstopdf)                    size: 9416 bytes
(epstopdf)             Output file: <flow23-eps-converted-to.pdf>
(epstopdf)                    date: 2023-10-06 16:53:05
(epstopdf)                    size: 8906 bytes
(epstopdf)             Command: <repstopdf --outfile=flow23-eps-converted-to.pd
f flow23.eps>
(epstopdf)             \includegraphics on input line 933.
Package epstopdf Info: Output file is already uptodate.
<flow23-eps-converted-to.pdf, id=1149, 396.48125pt x 342.27875pt>
File: flow23-eps-converted-to.pdf Graphic file (type pdf)
<use flow23-eps-converted-to.pdf>
Package pdftex.def Info: flow23-eps-converted-to.pdf  used on input line 933.
(pdftex.def)             Requested size: 227.62204pt x 196.50581pt.
 [39

 <./flow23-eps-converted-to.pdf>]
Package epstopdf Info: Source file: <flow24.eps>
(epstopdf)                    date: 2023-02-05 16:06:59
(epstopdf)                    size: 9438 bytes
(epstopdf)             Output file: <flow24-eps-converted-to.pdf>
(epstopdf)                    date: 2023-10-06 16:53:05
(epstopdf)                    size: 9101 bytes
(epstopdf)             Command: <repstopdf --outfile=flow24-eps-converted-to.pd
f flow24.eps>
(epstopdf)             \includegraphics on input line 948.
Package epstopdf Info: Output file is already uptodate.
<flow24-eps-converted-to.pdf, id=1186, 396.48125pt x 342.27875pt>
File: flow24-eps-converted-to.pdf Graphic file (type pdf)
<use flow24-eps-converted-to.pdf>
Package pdftex.def Info: flow24-eps-converted-to.pdf  used on input line 948.
(pdftex.def)             Requested size: 227.62204pt x 196.50581pt.

[40

 <./flow24-eps-converted-to.pdf>]
Package epstopdf Info: Source file: <flow69.eps>
(epstopdf)                    date: 2023-02-05 16:06:59
(epstopdf)                    size: 9956 bytes
(epstopdf)             Output file: <flow69-eps-converted-to.pdf>
(epstopdf)                    date: 2023-10-06 16:53:06
(epstopdf)                    size: 9173 bytes
(epstopdf)             Command: <repstopdf --outfile=flow69-eps-converted-to.pd
f flow69.eps>
(epstopdf)             \includegraphics on input line 963.
Package epstopdf Info: Output file is already uptodate.
<flow69-eps-converted-to.pdf, id=1223, 396.48125pt x 342.27875pt>
File: flow69-eps-converted-to.pdf Graphic file (type pdf)
<use flow69-eps-converted-to.pdf>
Package pdftex.def Info: flow69-eps-converted-to.pdf  used on input line 963.
(pdftex.def)             Requested size: 227.62204pt x 196.50581pt.
 [41

 <./flow69-eps-converted-to.pdf>]
Package epstopdf Info: Source file: <flow26.eps>
(epstopdf)                    date: 2023-02-05 16:06:59
(epstopdf)                    size: 9778 bytes
(epstopdf)             Output file: <flow26-eps-converted-to.pdf>
(epstopdf)                    date: 2023-10-06 16:53:06
(epstopdf)                    size: 9298 bytes
(epstopdf)             Command: <repstopdf --outfile=flow26-eps-converted-to.pd
f flow26.eps>
(epstopdf)             \includegraphics on input line 978.
Package epstopdf Info: Output file is already uptodate.
<flow26-eps-converted-to.pdf, id=1261, 396.48125pt x 342.27875pt>
File: flow26-eps-converted-to.pdf Graphic file (type pdf)
<use flow26-eps-converted-to.pdf>
Package pdftex.def Info: flow26-eps-converted-to.pdf  used on input line 978.
(pdftex.def)             Requested size: 227.62204pt x 196.50581pt.

[42

 <./flow26-eps-converted-to.pdf>]
Package epstopdf Info: Source file: <flow27.eps>
(epstopdf)                    date: 2023-02-05 16:06:59
(epstopdf)                    size: 9589 bytes
(epstopdf)             Output file: <flow27-eps-converted-to.pdf>
(epstopdf)                    date: 2023-10-06 16:53:06
(epstopdf)                    size: 9110 bytes
(epstopdf)             Command: <repstopdf --outfile=flow27-eps-converted-to.pd
f flow27.eps>
(epstopdf)             \includegraphics on input line 994.
Package epstopdf Info: Output file is already uptodate.
<flow27-eps-converted-to.pdf, id=1298, 396.48125pt x 342.27875pt>
File: flow27-eps-converted-to.pdf Graphic file (type pdf)
<use flow27-eps-converted-to.pdf>
Package pdftex.def Info: flow27-eps-converted-to.pdf  used on input line 994.
(pdftex.def)             Requested size: 227.62204pt x 196.50581pt.
 [43

 <./flow27-eps-converted-to.pdf>]
Package epstopdf Info: Source file: <013.eps>
(epstopdf)                    date: 2023-02-05 16:06:58
(epstopdf)                    size: 68524 bytes
(epstopdf)             Output file: <013-eps-converted-to.pdf>
(epstopdf)                    date: 2023-10-06 16:53:06
(epstopdf)                    size: 28790 bytes
(epstopdf)             Command: <repstopdf --outfile=013-eps-converted-to.pdf 0
13.eps>
(epstopdf)             \includegraphics on input line 1019.
Package epstopdf Info: Output file is already uptodate.
<013-eps-converted-to.pdf, id=1336, 424.58624pt x 410.53375pt>
File: 013-eps-converted-to.pdf Graphic file (type pdf)
<use 013-eps-converted-to.pdf>
Package pdftex.def Info: 013-eps-converted-to.pdf  used on input line 1019.
(pdftex.def)             Requested size: 227.62204pt x 220.08754pt.

[44

 <./013-eps-converted-to.pdf>]
Package epstopdf Info: Source file: <flow88.eps>
(epstopdf)                    date: 2023-02-05 16:06:59
(epstopdf)                    size: 152346 bytes
(epstopdf)             Output file: <flow88-eps-converted-to.pdf>
(epstopdf)                    date: 2023-10-06 16:53:06
(epstopdf)                    size: 122002 bytes
(epstopdf)             Command: <repstopdf --outfile=flow88-eps-converted-to.pd
f flow88.eps>
(epstopdf)             \includegraphics on input line 1038.
Package epstopdf Info: Output file is already uptodate.
<flow88-eps-converted-to.pdf, id=1377, 557.08125pt x 370.38374pt>
File: flow88-eps-converted-to.pdf Graphic file (type pdf)
<use flow88-eps-converted-to.pdf>
Package pdftex.def Info: flow88-eps-converted-to.pdf  used on input line 1038.
(pdftex.def)             Requested size: 312.9803pt x 208.09166pt.

Overfull \hbox (5.69043pt too wide) detected at line 1038
[]
 []

[45

 <./flow88-eps-converted-to.pdf>]
Package epstopdf Info: Source file: <flow84.eps>
(epstopdf)                    date: 2023-02-05 16:06:59
(epstopdf)                    size: 92299 bytes
(epstopdf)             Output file: <flow84-eps-converted-to.pdf>
(epstopdf)                    date: 2023-10-06 16:53:06
(epstopdf)                    size: 75140 bytes
(epstopdf)             Command: <repstopdf --outfile=flow84-eps-converted-to.pd
f flow84.eps>
(epstopdf)             \includegraphics on input line 1055.
Package epstopdf Info: Output file is already uptodate.
<flow84-eps-converted-to.pdf, id=1405, 557.08125pt x 368.37625pt>
File: flow84-eps-converted-to.pdf Graphic file (type pdf)
<use flow84-eps-converted-to.pdf>
Package pdftex.def Info: flow84-eps-converted-to.pdf  used on input line 1055.
(pdftex.def)             Requested size: 312.9803pt x 206.96379pt.

Overfull \hbox (5.69043pt too wide) detected at line 1055
[]
 []

[46

 <./flow84-eps-converted-to.pdf>]
Package epstopdf Info: Source file: <integral_orifice_plate_1.eps>
(epstopdf)                    date: 2023-02-05 16:06:59
(epstopdf)                    size: 180742 bytes
(epstopdf)             Output file: <integral_orifice_plate_1-eps-converted-to.
pdf>
(epstopdf)                    date: 2023-10-06 16:53:06
(epstopdf)                    size: 144311 bytes
(epstopdf)             Command: <repstopdf --outfile=integral_orifice_plate_1-e
ps-converted-to.pdf integral_orifice_plate_1.eps>
(epstopdf)             \includegraphics on input line 1069.
Package epstopdf Info: Output file is already uptodate.
<integral_orifice_plate_1-eps-converted-to.pdf, id=1433, 557.08125pt x 372.3912
5pt>
File: integral_orifice_plate_1-eps-converted-to.pdf Graphic file (type pdf)
<use integral_orifice_plate_1-eps-converted-to.pdf>
Package pdftex.def Info: integral_orifice_plate_1-eps-converted-to.pdf  used on
 input line 1069.
(pdftex.def)             Requested size: 312.9803pt x 209.21954pt.

Overfull \hbox (5.69043pt too wide) detected at line 1069
[]
 []

[47

 <./integral_orifice_plate_1-eps-converted-to.pdf>]
Package epstopdf Info: Source file: <integral_orifice_plate_2.eps>
(epstopdf)                    date: 2023-02-05 16:06:59
(epstopdf)                    size: 13879 bytes
(epstopdf)             Output file: <integral_orifice_plate_2-eps-converted-to.
pdf>
(epstopdf)                    date: 2023-10-06 16:53:07
(epstopdf)                    size: 10965 bytes
(epstopdf)             Command: <repstopdf --outfile=integral_orifice_plate_2-e
ps-converted-to.pdf integral_orifice_plate_2.eps>
(epstopdf)             \includegraphics on input line 1085.
Package epstopdf Info: Output file is already uptodate.
<integral_orifice_plate_2-eps-converted-to.pdf, id=1461, 324.21124pt x 333.245p
t>
File: integral_orifice_plate_2-eps-converted-to.pdf Graphic file (type pdf)
<use integral_orifice_plate_2-eps-converted-to.pdf>
Package pdftex.def Info: integral_orifice_plate_2-eps-converted-to.pdf  used on
 input line 1085.
(pdftex.def)             Requested size: 227.62204pt x 233.96652pt.
 [48

 <./integral_orifice_plate_2-eps-converted-to.pdf>]
Package epstopdf Info: Source file: <flow71.eps>
(epstopdf)                    date: 2023-02-05 16:06:59
(epstopdf)                    size: 100581 bytes
(epstopdf)             Output file: <flow71-eps-converted-to.pdf>
(epstopdf)                    date: 2023-10-06 16:53:07
(epstopdf)                    size: 81252 bytes
(epstopdf)             Command: <repstopdf --outfile=flow71-eps-converted-to.pd
f flow71.eps>
(epstopdf)             \includegraphics on input line 1103.
Package epstopdf Info: Output file is already uptodate.
<flow71-eps-converted-to.pdf, id=1496, 557.08125pt x 202.7575pt>
File: flow71-eps-converted-to.pdf Graphic file (type pdf)
<use flow71-eps-converted-to.pdf>
Package pdftex.def Info: flow71-eps-converted-to.pdf  used on input line 1103.
(pdftex.def)             Requested size: 256.0748pt x 93.2046pt.
Package epstopdf Info: Source file: <flow72.eps>
(epstopdf)                    date: 2023-02-05 16:06:59
(epstopdf)                    size: 120744 bytes
(epstopdf)             Output file: <flow72-eps-converted-to.pdf>
(epstopdf)                    date: 2023-10-06 16:53:07
(epstopdf)                    size: 97121 bytes
(epstopdf)             Command: <repstopdf --outfile=flow72-eps-converted-to.pd
f flow72.eps>
(epstopdf)             \includegraphics on input line 1103.
Package epstopdf Info: Output file is already uptodate.
<flow72-eps-converted-to.pdf, id=1497, 557.08125pt x 195.73125pt>
File: flow72-eps-converted-to.pdf Graphic file (type pdf)
<use flow72-eps-converted-to.pdf>
Package pdftex.def Info: flow72-eps-converted-to.pdf  used on input line 1103.
(pdftex.def)             Requested size: 256.0748pt x 89.97473pt.
 [49

 <./flow71-eps-converted-to.pdf> <./flow72-eps-converted-to.pdf>]
Package epstopdf Info: Source file: <flow15.eps>
(epstopdf)                    date: 2023-02-05 16:06:59
(epstopdf)                    size: 19614 bytes
(epstopdf)             Output file: <flow15-eps-converted-to.pdf>
(epstopdf)                    date: 2023-10-06 16:53:07
(epstopdf)                    size: 10707 bytes
(epstopdf)             Command: <repstopdf --outfile=flow15-eps-converted-to.pd
f flow15.eps>
(epstopdf)             \includegraphics on input line 1132.
Package epstopdf Info: Output file is already uptodate.
<flow15-eps-converted-to.pdf, id=1528, 373.395pt x 200.75pt>
File: flow15-eps-converted-to.pdf Graphic file (type pdf)
<use flow15-eps-converted-to.pdf>
Package pdftex.def Info: flow15-eps-converted-to.pdf  used on input line 1132.
(pdftex.def)             Requested size: 284.52756pt x 152.97897pt.
 [50

 <./flow15-eps-converted-to.pdf>]
Package epstopdf Info: Source file: <flow16.eps>
(epstopdf)                    date: 2023-02-05 16:06:59
(epstopdf)                    size: 15064 bytes
(epstopdf)             Output file: <flow16-eps-converted-to.pdf>
(epstopdf)                    date: 2023-10-06 16:53:07
(epstopdf)                    size: 9638 bytes
(epstopdf)             Command: <repstopdf --outfile=flow16-eps-converted-to.pd
f flow16.eps>
(epstopdf)             \includegraphics on input line 1146.
Package epstopdf Info: Output file is already uptodate.
<flow16-eps-converted-to.pdf, id=1565, 179.67125pt x 254.9525pt>
File: flow16-eps-converted-to.pdf Graphic file (type pdf)
<use flow16-eps-converted-to.pdf>
Package pdftex.def Info: flow16-eps-converted-to.pdf  used on input line 1146.
(pdftex.def)             Requested size: 144.54pt x 205.11766pt.
Package epstopdf Info: Source file: <annubar_01.eps>
(epstopdf)                    date: 2023-02-05 16:06:58
(epstopdf)                    size: 206532 bytes
(epstopdf)             Output file: <annubar_01-eps-converted-to.pdf>
(epstopdf)                    date: 2023-10-06 16:53:07
(epstopdf)                    size: 164688 bytes
(epstopdf)             Command: <repstopdf --outfile=annubar_01-eps-converted-t
o.pdf annubar_01.eps>
(epstopdf)             \includegraphics on input line 1146.
Package epstopdf Info: Output file is already uptodate.
<annubar_01-eps-converted-to.pdf, id=1566, 557.08125pt x 370.38374pt>
File: annubar_01-eps-converted-to.pdf Graphic file (type pdf)
<use annubar_01-eps-converted-to.pdf>
Package pdftex.def Info: annubar_01-eps-converted-to.pdf  used on input line 11
46.
(pdftex.def)             Requested size: 144.54pt x 96.09969pt.

Overfull \vbox (54.67073pt too high) detected at line 1146
 []

[51

 <./flow16-eps-converted-to.pdf> <./annubar_01-eps-converted-to.pdf>]
Package epstopdf Info: Source file: <annubar_03.eps>
(epstopdf)                    date: 2023-02-05 16:06:58
(epstopdf)                    size: 140858 bytes
(epstopdf)             Output file: <annubar_03-eps-converted-to.pdf>
(epstopdf)                    date: 2023-10-06 16:53:07
(epstopdf)                    size: 112977 bytes
(epstopdf)             Command: <repstopdf --outfile=annubar_03-eps-converted-t
o.pdf annubar_03.eps>
(epstopdf)             \includegraphics on input line 1165.
Package epstopdf Info: Output file is already uptodate.
<annubar_03-eps-converted-to.pdf, id=1605, 557.08125pt x 370.38374pt>
File: annubar_03-eps-converted-to.pdf Graphic file (type pdf)
<use annubar_03-eps-converted-to.pdf>
Package pdftex.def Info: annubar_03-eps-converted-to.pdf  used on input line 11
65.
(pdftex.def)             Requested size: 216.81pt x 144.14954pt.
Package epstopdf Info: Source file: <annubar_02.eps>
(epstopdf)                    date: 2023-02-05 16:06:58
(epstopdf)                    size: 86458 bytes
(epstopdf)             Output file: <annubar_02-eps-converted-to.pdf>
(epstopdf)                    date: 2023-10-06 16:53:08
(epstopdf)                    size: 70122 bytes
(epstopdf)             Command: <repstopdf --outfile=annubar_02-eps-converted-t
o.pdf annubar_02.eps>
(epstopdf)             \includegraphics on input line 1165.
Package epstopdf Info: Output file is already uptodate.
<annubar_02-eps-converted-to.pdf, id=1606, 557.08125pt x 370.38374pt>
File: annubar_02-eps-converted-to.pdf Graphic file (type pdf)
<use annubar_02-eps-converted-to.pdf>
Package pdftex.def Info: annubar_02-eps-converted-to.pdf  used on input line 11
65.
(pdftex.def)             Requested size: 216.81pt x 144.14954pt.

Overfull \vbox (41.75246pt too high) detected at line 1165
 []

[52

 <./annubar_03-eps-converted-to.pdf> <./annubar_02-eps-converted-to.pdf>]
\tf@nav=\write6
\openout6 = `pFlowmåling.nav'.

\tf@toc=\write7
\openout7 = `pFlowmåling.toc'.

\tf@snm=\write8
\openout8 = `pFlowmåling.snm'.


(./pFlowmåling.aux)
Package rerunfilecheck Info: File `pFlowmåling.out' has not changed.
(rerunfilecheck)             Checksum: D41D8CD98F00B204E9800998ECF8427E;0.
 ) 
Here is how much of TeX's memory you used:
 21969 strings out of 477985
 424899 string characters out of 5840058
 1860388 words of memory out of 5000000
 41590 multiletter control sequences out of 15000+600000
 519393 words of font info for 57 fonts, out of 8000000 for 9000
 14 hyphenation exceptions out of 8191
 128i,14n,122p,2205b,557s stack positions out of 10000i,1000n,20000p,200000b,200000s
</usr/share/texmf-dist/fonts/type1/public/amsfonts/cm/cmex10.pfb></usr/share/
texmf-dist/fonts/type1/public/amsfonts/cm/cmmi10.pfb></usr/share/texmf-dist/fon
ts/type1/public/amsfonts/cm/cmmi8.pfb></usr/share/texmf-dist/fonts/type1/public
/amsfonts/cm/cmss10.pfb></usr/share/texmf-dist/fonts/type1/public/amsfonts/cm/c
mss12.pfb></usr/share/texmf-dist/fonts/type1/public/amsfonts/cm/cmss8.pfb></usr
/share/texmf-dist/fonts/type1/public/amsfonts/cm/cmssi10.pfb></usr/share/texmf-
dist/fonts/type1/public/amsfonts/cm/cmssi8.pfb></usr/share/texmf-dist/fonts/typ
e1/public/amsfonts/cm/cmsy10.pfb></usr/share/texmf-dist/fonts/type1/public/amsf
onts/symbols/msam10.pfb>
Output written on pFlowmåling.pdf (52 pages, 1468263 bytes).
PDF statistics:
 1706 PDF objects out of 1728 (max. 8388607)
 1505 compressed objects within 16 object streams
 105 named destinations out of 1000 (max. 500000)
 208 words of extra memory for PDF output out of 10000 (max. 10000000)

