This is pdfTeX, Version 3.141592653-2.6-1.40.22 (TeX Live 2021/Arch Linux) (preloaded format=pdflatex 2021.12.22)  6 SEP 2022 06:01
entering extended mode
 restricted \write18 enabled.
 %&-line parsing enabled.
**pLimitSensors.tex
(./pLimitSensors.tex
LaTeX2e <2020-10-01> patch level 4
L3 programming layer <2021-02-18>
(/usr/share/texmf-dist/tex/latex/beamer/beamer.cls
Document Class: beamer 2021/03/19 v3.62 A class for typesetting presentations
(/usr/share/texmf-dist/tex/latex/beamer/beamerbasemodes.sty
(/usr/share/texmf-dist/tex/latex/etoolbox/etoolbox.sty
Package: etoolbox 2020/10/05 v2.5k e-TeX tools for LaTeX (JAW)
\etb@tempcnta=\count179
)
\beamer@tempbox=\box47
\beamer@tempcount=\count180
\c@beamerpauses=\count181

(/usr/share/texmf-dist/tex/latex/beamer/beamerbasedecode.sty
\beamer@slideinframe=\count182
\beamer@minimum=\count183
\beamer@decode@box=\box48
)
\beamer@commentbox=\box49
\beamer@modecount=\count184
)
(/usr/share/texmf-dist/tex/generic/iftex/ifpdf.sty
Package: ifpdf 2019/10/25 v3.4 ifpdf legacy package. Use iftex instead.

(/usr/share/texmf-dist/tex/generic/iftex/iftex.sty
Package: iftex 2020/03/06 v1.0d TeX engine tests
))
\headdp=\dimen138
\footheight=\dimen139
\sidebarheight=\dimen140
\beamer@tempdim=\dimen141
\beamer@finalheight=\dimen142
\beamer@animht=\dimen143
\beamer@animdp=\dimen144
\beamer@animwd=\dimen145
\beamer@leftmargin=\dimen146
\beamer@rightmargin=\dimen147
\beamer@leftsidebar=\dimen148
\beamer@rightsidebar=\dimen149
\beamer@boxsize=\dimen150
\beamer@vboxoffset=\dimen151
\beamer@descdefault=\dimen152
\beamer@descriptionwidth=\dimen153
\beamer@lastskip=\skip47
\beamer@areabox=\box50
\beamer@animcurrent=\box51
\beamer@animshowbox=\box52
\beamer@sectionbox=\box53
\beamer@logobox=\box54
\beamer@linebox=\box55
\beamer@sectioncount=\count185
\beamer@subsubsectionmax=\count186
\beamer@subsectionmax=\count187
\beamer@sectionmax=\count188
\beamer@totalheads=\count189
\beamer@headcounter=\count190
\beamer@partstartpage=\count191
\beamer@sectionstartpage=\count192
\beamer@subsectionstartpage=\count193
\beamer@animationtempa=\count194
\beamer@animationtempb=\count195
\beamer@xpos=\count196
\beamer@ypos=\count197
\beamer@ypos@offset=\count198
\beamer@showpartnumber=\count199
\beamer@currentsubsection=\count266
\beamer@coveringdepth=\count267
\beamer@sectionadjust=\count268
\beamer@tocsectionnumber=\count269

(/usr/share/texmf-dist/tex/latex/beamer/beamerbaseoptions.sty
(/usr/share/texmf-dist/tex/latex/graphics/keyval.sty
Package: keyval 2014/10/28 v1.15 key=value parser (DPC)
\KV@toks@=\toks15
))
\beamer@paperwidth=\skip48
\beamer@paperheight=\skip49

(/usr/share/texmf-dist/tex/latex/geometry/geometry.sty
Package: geometry 2020/01/02 v5.9 Page Geometry

(/usr/share/texmf-dist/tex/generic/iftex/ifvtex.sty
Package: ifvtex 2019/10/25 v1.7 ifvtex legacy package. Use iftex instead.
)
\Gm@cnth=\count270
\Gm@cntv=\count271
\c@Gm@tempcnt=\count272
\Gm@bindingoffset=\dimen154
\Gm@wd@mp=\dimen155
\Gm@odd@mp=\dimen156
\Gm@even@mp=\dimen157
\Gm@layoutwidth=\dimen158
\Gm@layoutheight=\dimen159
\Gm@layouthoffset=\dimen160
\Gm@layoutvoffset=\dimen161
\Gm@dimlist=\toks16
)
(/usr/share/texmf-dist/tex/latex/base/size11.clo
File: size11.clo 2020/04/10 v1.4m Standard LaTeX file (size option)
)
(/usr/share/texmf-dist/tex/latex/pgf/basiclayer/pgfcore.sty
(/usr/share/texmf-dist/tex/latex/graphics/graphicx.sty
Package: graphicx 2020/09/09 v1.2b Enhanced LaTeX Graphics (DPC,SPQR)

(/usr/share/texmf-dist/tex/latex/graphics/graphics.sty
Package: graphics 2020/08/30 v1.4c Standard LaTeX Graphics (DPC,SPQR)

(/usr/share/texmf-dist/tex/latex/graphics/trig.sty
Package: trig 2016/01/03 v1.10 sin cos tan (DPC)
)
(/usr/share/texmf-dist/tex/latex/graphics-cfg/graphics.cfg
File: graphics.cfg 2016/06/04 v1.11 sample graphics configuration
)
Package graphics Info: Driver file: pdftex.def on input line 105.

(/usr/share/texmf-dist/tex/latex/graphics-def/pdftex.def
File: pdftex.def 2020/10/05 v1.2a Graphics/color driver for pdftex
))
\Gin@req@height=\dimen162
\Gin@req@width=\dimen163
)
(/usr/share/texmf-dist/tex/latex/pgf/systemlayer/pgfsys.sty
(/usr/share/texmf-dist/tex/latex/pgf/utilities/pgfrcs.sty
(/usr/share/texmf-dist/tex/generic/pgf/utilities/pgfutil-common.tex
\pgfutil@everybye=\toks17
\pgfutil@tempdima=\dimen164
\pgfutil@tempdimb=\dimen165

(/usr/share/texmf-dist/tex/generic/pgf/utilities/pgfutil-common-lists.tex))
(/usr/share/texmf-dist/tex/generic/pgf/utilities/pgfutil-latex.def
\pgfutil@abb=\box56
)
(/usr/share/texmf-dist/tex/generic/pgf/utilities/pgfrcs.code.tex
(/usr/share/texmf-dist/tex/generic/pgf/pgf.revision.tex)
Package: pgfrcs 2020/12/27 v3.1.8b (3.1.8b)
))
(/usr/share/texmf-dist/tex/generic/pgf/systemlayer/pgfsys.code.tex
Package: pgfsys 2020/12/27 v3.1.8b (3.1.8b)

(/usr/share/texmf-dist/tex/generic/pgf/utilities/pgfkeys.code.tex
\pgfkeys@pathtoks=\toks18
\pgfkeys@temptoks=\toks19

(/usr/share/texmf-dist/tex/generic/pgf/utilities/pgfkeysfiltered.code.tex
\pgfkeys@tmptoks=\toks20
))
\pgf@x=\dimen166
\pgf@y=\dimen167
\pgf@xa=\dimen168
\pgf@ya=\dimen169
\pgf@xb=\dimen170
\pgf@yb=\dimen171
\pgf@xc=\dimen172
\pgf@yc=\dimen173
\pgf@xd=\dimen174
\pgf@yd=\dimen175
\w@pgf@writea=\write3
\r@pgf@reada=\read2
\c@pgf@counta=\count273
\c@pgf@countb=\count274
\c@pgf@countc=\count275
\c@pgf@countd=\count276
\t@pgf@toka=\toks21
\t@pgf@tokb=\toks22
\t@pgf@tokc=\toks23
\pgf@sys@id@count=\count277

(/usr/share/texmf-dist/tex/generic/pgf/systemlayer/pgf.cfg
File: pgf.cfg 2020/12/27 v3.1.8b (3.1.8b)
)
Driver file for pgf: pgfsys-pdftex.def

(/usr/share/texmf-dist/tex/generic/pgf/systemlayer/pgfsys-pdftex.def
File: pgfsys-pdftex.def 2020/12/27 v3.1.8b (3.1.8b)

(/usr/share/texmf-dist/tex/generic/pgf/systemlayer/pgfsys-common-pdf.def
File: pgfsys-common-pdf.def 2020/12/27 v3.1.8b (3.1.8b)
)))
(/usr/share/texmf-dist/tex/generic/pgf/systemlayer/pgfsyssoftpath.code.tex
File: pgfsyssoftpath.code.tex 2020/12/27 v3.1.8b (3.1.8b)
\pgfsyssoftpath@smallbuffer@items=\count278
\pgfsyssoftpath@bigbuffer@items=\count279
)
(/usr/share/texmf-dist/tex/generic/pgf/systemlayer/pgfsysprotocol.code.tex
File: pgfsysprotocol.code.tex 2020/12/27 v3.1.8b (3.1.8b)
))
(/usr/share/texmf-dist/tex/latex/xcolor/xcolor.sty
Package: xcolor 2016/05/11 v2.12 LaTeX color extensions (UK)

(/usr/share/texmf-dist/tex/latex/graphics-cfg/color.cfg
File: color.cfg 2016/01/02 v1.6 sample color configuration
)
Package xcolor Info: Driver file: pdftex.def on input line 225.
Package xcolor Info: Model `cmy' substituted by `cmy0' on input line 1348.
Package xcolor Info: Model `hsb' substituted by `rgb' on input line 1352.
Package xcolor Info: Model `RGB' extended on input line 1364.
Package xcolor Info: Model `HTML' substituted by `rgb' on input line 1366.
Package xcolor Info: Model `Hsb' substituted by `hsb' on input line 1367.
Package xcolor Info: Model `tHsb' substituted by `hsb' on input line 1368.
Package xcolor Info: Model `HSB' substituted by `hsb' on input line 1369.
Package xcolor Info: Model `Gray' substituted by `gray' on input line 1370.
Package xcolor Info: Model `wave' substituted by `hsb' on input line 1371.

(/usr/share/texmf-dist/tex/latex/graphics/dvipsnam.def
File: dvipsnam.def 2016/06/17 v3.0m Driver-dependent file (DPC,SPQR)
))
(/usr/share/texmf-dist/tex/generic/pgf/basiclayer/pgfcore.code.tex
Package: pgfcore 2020/12/27 v3.1.8b (3.1.8b)

(/usr/share/texmf-dist/tex/generic/pgf/math/pgfmath.code.tex
(/usr/share/texmf-dist/tex/generic/pgf/math/pgfmathcalc.code.tex
(/usr/share/texmf-dist/tex/generic/pgf/math/pgfmathutil.code.tex)
(/usr/share/texmf-dist/tex/generic/pgf/math/pgfmathparser.code.tex
\pgfmath@dimen=\dimen176
\pgfmath@count=\count280
\pgfmath@box=\box57
\pgfmath@toks=\toks24
\pgfmath@stack@operand=\toks25
\pgfmath@stack@operation=\toks26
)
(/usr/share/texmf-dist/tex/generic/pgf/math/pgfmathfunctions.code.tex
(/usr/share/texmf-dist/tex/generic/pgf/math/pgfmathfunctions.basic.code.tex)
(/usr/share/texmf-dist/tex/generic/pgf/math/pgfmathfunctions.trigonometric.code
.tex)
(/usr/share/texmf-dist/tex/generic/pgf/math/pgfmathfunctions.random.code.tex)
(/usr/share/texmf-dist/tex/generic/pgf/math/pgfmathfunctions.comparison.code.te
x) (/usr/share/texmf-dist/tex/generic/pgf/math/pgfmathfunctions.base.code.tex)
(/usr/share/texmf-dist/tex/generic/pgf/math/pgfmathfunctions.round.code.tex)
(/usr/share/texmf-dist/tex/generic/pgf/math/pgfmathfunctions.misc.code.tex)
(/usr/share/texmf-dist/tex/generic/pgf/math/pgfmathfunctions.integerarithmetics
.code.tex))) (/usr/share/texmf-dist/tex/generic/pgf/math/pgfmathfloat.code.tex
\c@pgfmathroundto@lastzeros=\count281
)) (/usr/share/texmf-dist/tex/generic/pgf/math/pgfint.code.tex)
(/usr/share/texmf-dist/tex/generic/pgf/basiclayer/pgfcorepoints.code.tex
File: pgfcorepoints.code.tex 2020/12/27 v3.1.8b (3.1.8b)
\pgf@picminx=\dimen177
\pgf@picmaxx=\dimen178
\pgf@picminy=\dimen179
\pgf@picmaxy=\dimen180
\pgf@pathminx=\dimen181
\pgf@pathmaxx=\dimen182
\pgf@pathminy=\dimen183
\pgf@pathmaxy=\dimen184
\pgf@xx=\dimen185
\pgf@xy=\dimen186
\pgf@yx=\dimen187
\pgf@yy=\dimen188
\pgf@zx=\dimen189
\pgf@zy=\dimen190
)
(/usr/share/texmf-dist/tex/generic/pgf/basiclayer/pgfcorepathconstruct.code.tex
File: pgfcorepathconstruct.code.tex 2020/12/27 v3.1.8b (3.1.8b)
\pgf@path@lastx=\dimen191
\pgf@path@lasty=\dimen192
) (/usr/share/texmf-dist/tex/generic/pgf/basiclayer/pgfcorepathusage.code.tex
File: pgfcorepathusage.code.tex 2020/12/27 v3.1.8b (3.1.8b)
\pgf@shorten@end@additional=\dimen193
\pgf@shorten@start@additional=\dimen194
)
(/usr/share/texmf-dist/tex/generic/pgf/basiclayer/pgfcorescopes.code.tex
File: pgfcorescopes.code.tex 2020/12/27 v3.1.8b (3.1.8b)
\pgfpic=\box58
\pgf@hbox=\box59
\pgf@layerbox@main=\box60
\pgf@picture@serial@count=\count282
)
(/usr/share/texmf-dist/tex/generic/pgf/basiclayer/pgfcoregraphicstate.code.tex
File: pgfcoregraphicstate.code.tex 2020/12/27 v3.1.8b (3.1.8b)
\pgflinewidth=\dimen195
)
(/usr/share/texmf-dist/tex/generic/pgf/basiclayer/pgfcoretransformations.code.t
ex
File: pgfcoretransformations.code.tex 2020/12/27 v3.1.8b (3.1.8b)
\pgf@pt@x=\dimen196
\pgf@pt@y=\dimen197
\pgf@pt@temp=\dimen198
) (/usr/share/texmf-dist/tex/generic/pgf/basiclayer/pgfcorequick.code.tex
File: pgfcorequick.code.tex 2020/12/27 v3.1.8b (3.1.8b)
)
(/usr/share/texmf-dist/tex/generic/pgf/basiclayer/pgfcoreobjects.code.tex
File: pgfcoreobjects.code.tex 2020/12/27 v3.1.8b (3.1.8b)
)
(/usr/share/texmf-dist/tex/generic/pgf/basiclayer/pgfcorepathprocessing.code.te
x
File: pgfcorepathprocessing.code.tex 2020/12/27 v3.1.8b (3.1.8b)
) (/usr/share/texmf-dist/tex/generic/pgf/basiclayer/pgfcorearrows.code.tex
File: pgfcorearrows.code.tex 2020/12/27 v3.1.8b (3.1.8b)
\pgfarrowsep=\dimen199
)
(/usr/share/texmf-dist/tex/generic/pgf/basiclayer/pgfcoreshade.code.tex
File: pgfcoreshade.code.tex 2020/12/27 v3.1.8b (3.1.8b)
\pgf@max=\dimen256
\pgf@sys@shading@range@num=\count283
\pgf@shadingcount=\count284
)
(/usr/share/texmf-dist/tex/generic/pgf/basiclayer/pgfcoreimage.code.tex
File: pgfcoreimage.code.tex 2020/12/27 v3.1.8b (3.1.8b)

(/usr/share/texmf-dist/tex/generic/pgf/basiclayer/pgfcoreexternal.code.tex
File: pgfcoreexternal.code.tex 2020/12/27 v3.1.8b (3.1.8b)
\pgfexternal@startupbox=\box61
))
(/usr/share/texmf-dist/tex/generic/pgf/basiclayer/pgfcorelayers.code.tex
File: pgfcorelayers.code.tex 2020/12/27 v3.1.8b (3.1.8b)
)
(/usr/share/texmf-dist/tex/generic/pgf/basiclayer/pgfcoretransparency.code.tex
File: pgfcoretransparency.code.tex 2020/12/27 v3.1.8b (3.1.8b)
) (/usr/share/texmf-dist/tex/generic/pgf/basiclayer/pgfcorepatterns.code.tex
File: pgfcorepatterns.code.tex 2020/12/27 v3.1.8b (3.1.8b)
)
(/usr/share/texmf-dist/tex/generic/pgf/basiclayer/pgfcorerdf.code.tex
File: pgfcorerdf.code.tex 2020/12/27 v3.1.8b (3.1.8b)
)))
(/usr/share/texmf-dist/tex/latex/pgf/utilities/xxcolor.sty
Package: xxcolor 2003/10/24 ver 0.1
\XC@nummixins=\count285
\XC@countmixins=\count286
)
(/usr/share/texmf-dist/tex/latex/base/atbegshi-ltx.sty
Package: atbegshi-ltx 2020/08/17 v1.0a Emulation of the original atbegshi packa
ge
with kernel methods
)
(/usr/share/texmf-dist/tex/latex/hyperref/hyperref.sty
Package: hyperref 2021-02-27 v7.00k Hypertext links for LaTeX

(/usr/share/texmf-dist/tex/generic/ltxcmds/ltxcmds.sty
Package: ltxcmds 2020-05-10 v1.25 LaTeX kernel commands for general use (HO)
)
(/usr/share/texmf-dist/tex/generic/pdftexcmds/pdftexcmds.sty
Package: pdftexcmds 2020-06-27 v0.33 Utility functions of pdfTeX for LuaTeX (HO
)

(/usr/share/texmf-dist/tex/generic/infwarerr/infwarerr.sty
Package: infwarerr 2019/12/03 v1.5 Providing info/warning/error messages (HO)
)
Package pdftexcmds Info: \pdf@primitive is available.
Package pdftexcmds Info: \pdf@ifprimitive is available.
Package pdftexcmds Info: \pdfdraftmode found.
)
(/usr/share/texmf-dist/tex/generic/kvsetkeys/kvsetkeys.sty
Package: kvsetkeys 2019/12/15 v1.18 Key value parser (HO)
)
(/usr/share/texmf-dist/tex/generic/kvdefinekeys/kvdefinekeys.sty
Package: kvdefinekeys 2019-12-19 v1.6 Define keys (HO)
)
(/usr/share/texmf-dist/tex/generic/pdfescape/pdfescape.sty
Package: pdfescape 2019/12/09 v1.15 Implements pdfTeX's escape features (HO)
)
(/usr/share/texmf-dist/tex/latex/hycolor/hycolor.sty
Package: hycolor 2020-01-27 v1.10 Color options for hyperref/bookmark (HO)
)
(/usr/share/texmf-dist/tex/latex/letltxmacro/letltxmacro.sty
Package: letltxmacro 2019/12/03 v1.6 Let assignment for LaTeX macros (HO)
)
(/usr/share/texmf-dist/tex/latex/auxhook/auxhook.sty
Package: auxhook 2019-12-17 v1.6 Hooks for auxiliary files (HO)
)
(/usr/share/texmf-dist/tex/latex/kvoptions/kvoptions.sty
Package: kvoptions 2020-10-07 v3.14 Key value format for package options (HO)
)
\@linkdim=\dimen257
\Hy@linkcounter=\count287
\Hy@pagecounter=\count288

(/usr/share/texmf-dist/tex/latex/hyperref/pd1enc.def
File: pd1enc.def 2021-02-27 v7.00k Hyperref: PDFDocEncoding definition (HO)
Now handling font encoding PD1 ...
... no UTF-8 mapping file for font encoding PD1
)
(/usr/share/texmf-dist/tex/latex/hyperref/hyperref-langpatches.def
File: hyperref-langpatches.def 2021-02-27 v7.00k Hyperref: patches for babel la
nguages
)
(/usr/share/texmf-dist/tex/generic/intcalc/intcalc.sty
Package: intcalc 2019/12/15 v1.3 Expandable calculations with integers (HO)
)
(/usr/share/texmf-dist/tex/generic/etexcmds/etexcmds.sty
Package: etexcmds 2019/12/15 v1.7 Avoid name clashes with e-TeX commands (HO)
)
\Hy@SavedSpaceFactor=\count289

(/usr/share/texmf-dist/tex/latex/hyperref/puenc.def
File: puenc.def 2021-02-27 v7.00k Hyperref: PDF Unicode definition (HO)
Now handling font encoding PU ...
... no UTF-8 mapping file for font encoding PU
)
Package hyperref Info: Option `bookmarks' set `true' on input line 4073.
Package hyperref Info: Option `bookmarksopen' set `true' on input line 4073.
Package hyperref Info: Option `implicit' set `false' on input line 4073.
Package hyperref Info: Hyper figures OFF on input line 4192.
Package hyperref Info: Link nesting OFF on input line 4197.
Package hyperref Info: Hyper index ON on input line 4200.
Package hyperref Info: Plain pages OFF on input line 4207.
Package hyperref Info: Backreferencing OFF on input line 4212.
Package hyperref Info: Implicit mode OFF; no redefinition of LaTeX internals.
Package hyperref Info: Bookmarks ON on input line 4445.
\c@Hy@tempcnt=\count290

(/usr/share/texmf-dist/tex/latex/url/url.sty
\Urlmuskip=\muskip16
Package: url 2013/09/16  ver 3.4  Verb mode for urls, etc.
)
LaTeX Info: Redefining \url on input line 4804.
\XeTeXLinkMargin=\dimen258

(/usr/share/texmf-dist/tex/generic/bitset/bitset.sty
Package: bitset 2019/12/09 v1.3 Handle bit-vector datatype (HO)

(/usr/share/texmf-dist/tex/generic/bigintcalc/bigintcalc.sty
Package: bigintcalc 2019/12/15 v1.5 Expandable calculations on big integers (HO
)
))
\Fld@menulength=\count291
\Field@Width=\dimen259
\Fld@charsize=\dimen260
Package hyperref Info: Hyper figures OFF on input line 6075.
Package hyperref Info: Link nesting OFF on input line 6080.
Package hyperref Info: Hyper index ON on input line 6083.
Package hyperref Info: backreferencing OFF on input line 6090.
Package hyperref Info: Link coloring OFF on input line 6095.
Package hyperref Info: Link coloring with OCG OFF on input line 6100.
Package hyperref Info: PDF/A mode OFF on input line 6105.
LaTeX Info: Redefining \ref on input line 6145.
LaTeX Info: Redefining \pageref on input line 6149.
\Hy@abspage=\count292


Package hyperref Message: Stopped early.

)
Package hyperref Info: Driver (autodetected): hpdftex.
 (/usr/share/texmf-dist/tex/latex/hyperref/hpdftex.def
File: hpdftex.def 2021-02-27 v7.00k Hyperref driver for pdfTeX

(/usr/share/texmf-dist/tex/latex/base/atveryend-ltx.sty
Package: atveryend-ltx 2020/08/19 v1.0a Emulation of the original atvery packag
e
with kernel methods
)
\Fld@listcount=\count293
\c@bookmark@seq@number=\count294

(/usr/share/texmf-dist/tex/latex/rerunfilecheck/rerunfilecheck.sty
Package: rerunfilecheck 2019/12/05 v1.9 Rerun checks for auxiliary files (HO)

(/usr/share/texmf-dist/tex/generic/uniquecounter/uniquecounter.sty
Package: uniquecounter 2019/12/15 v1.4 Provide unlimited unique counter (HO)
)
Package uniquecounter Info: New unique counter `rerunfilecheck' on input line 2
86.
))
(/usr/share/texmf-dist/tex/latex/beamer/beamerbaserequires.sty
(/usr/share/texmf-dist/tex/latex/beamer/beamerbasecompatibility.sty)
(/usr/share/texmf-dist/tex/latex/beamer/beamerbasefont.sty
(/usr/share/texmf-dist/tex/latex/amsfonts/amssymb.sty
Package: amssymb 2013/01/14 v3.01 AMS font symbols

(/usr/share/texmf-dist/tex/latex/amsfonts/amsfonts.sty
Package: amsfonts 2013/01/14 v3.01 Basic AMSFonts support
\@emptytoks=\toks27
\symAMSa=\mathgroup4
\symAMSb=\mathgroup5
LaTeX Font Info:    Redeclaring math symbol \hbar on input line 98.
LaTeX Font Info:    Overwriting math alphabet `\mathfrak' in version `bold'
(Font)                  U/euf/m/n --> U/euf/b/n on input line 106.
))
(/usr/share/texmf-dist/tex/latex/sansmathaccent/sansmathaccent.sty
Package: sansmathaccent 2020/01/31

(/usr/share/texmf-dist/tex/latex/koma-script/scrlfile.sty
Package: scrlfile 2021/03/17 v3.33 KOMA-Script package (file load hooks)

(/usr/share/texmf-dist/tex/latex/koma-script/scrlfile-hook.sty
Package: scrlfile-hook 2021/03/17 v3.33 KOMA-Script package (using LaTeX hooks)


LaTeX3 Info: Defining command \BeforeFile with sig. 'm' on line 61.


LaTeX3 Info: Defining command \AfterFile with sig. 'm' on line 65.


LaTeX3 Info: Defining command \BeforeClass with sig. 'm' on line 69.


LaTeX3 Info: Defining command \BeforePackage with sig. 'm' on line 73.


LaTeX3 Info: Defining command \AfterAtEndOfClass with sig. 'smo+m' on line 83.


LaTeX3 Info: Defining command \AfterAtEndOfPackage with sig. 'smo+m' on line
(LaTeX3)     93.


LaTeX3 Info: Defining command \scrlfile@AfterClass with sig. 'smo+m' on line
(LaTeX3)     173.


LaTeX3 Info: Defining command \AfterClass with sig. '' on line 174.


LaTeX3 Info: Defining command \scrlfile@AfterPackage with sig. 'smo+m' on line
(LaTeX3)     191.


LaTeX3 Info: Defining command \AfterPackage with sig. '' on line 192.


LaTeX3 Info: Defining command \ReplaceInput with sig. '' on line 193.


LaTeX3 Info: Defining command \ReplaceClass with sig. 'mm' on line 196.


LaTeX3 Info: Defining command \ReplacePackage with sig. 'mm' on line 199.


LaTeX3 Info: Defining command \UnReplaceInput with sig. '' on line 200.


LaTeX3 Info: Defining command \UnReplaceClass with sig. 'm' on line 203.


LaTeX3 Info: Defining command \UnReplacePackage with sig. 'mm' on line 206.


LaTeX3 Info: Defining command \PreventPackageFromLoading with sig. 's+om' on
(LaTeX3)     line 234.


LaTeX3 Info: Defining command \StorePreventPackageFromLoading with sig. 'm' on
(LaTeX3)     line 242.


LaTeX3 Info: Defining command \ResetPreventPackageFromLoading with sig. '' on
(LaTeX3)     line 247.


LaTeX3 Info: Defining command \UnPreventPackageFromLoading with sig. 'sm' on
(LaTeX3)     line 261.


LaTeX3 Info: Defining command \BeforeClosingMainAux with sig. 'om' on line
(LaTeX3)     274.


LaTeX3 Info: Defining command \AfterReadingMainAux with sig. 'om' on line 287.


LaTeX3 Info: Defining command \protected@immediate@write with sig. 'm+m+m' on
(LaTeX3)     line 298.


(/usr/share/texmf-dist/tex/latex/koma-script/scrlogo.sty
Package: scrlogo 2021/03/17 v3.33 KOMA-Script package (logo)
)))))
(/usr/share/texmf-dist/tex/latex/beamer/beamerbasetranslator.sty
(/usr/share/texmf-dist/tex/latex/translator/translator.sty
Package: translator 2020-08-03 v1.12c Easy translation of strings in LaTeX
))
(/usr/share/texmf-dist/tex/latex/beamer/beamerbasemisc.sty)
(/usr/share/texmf-dist/tex/latex/beamer/beamerbasetwoscreens.sty)
(/usr/share/texmf-dist/tex/latex/beamer/beamerbaseoverlay.sty
\beamer@argscount=\count295
\beamer@lastskipcover=\skip50
\beamer@trivlistdepth=\count296
)
(/usr/share/texmf-dist/tex/latex/beamer/beamerbasetitle.sty)
(/usr/share/texmf-dist/tex/latex/beamer/beamerbasesection.sty
\c@lecture=\count297
\c@part=\count298
\c@section=\count299
\c@subsection=\count300
\c@subsubsection=\count301
)
(/usr/share/texmf-dist/tex/latex/beamer/beamerbaseframe.sty
\beamer@framebox=\box62
\beamer@frametitlebox=\box63
\beamer@zoombox=\box64
\beamer@zoomcount=\count302
\beamer@zoomframecount=\count303
\beamer@frametextheight=\dimen261
\c@subsectionslide=\count304
\beamer@frametopskip=\skip51
\beamer@framebottomskip=\skip52
\beamer@frametopskipautobreak=\skip53
\beamer@framebottomskipautobreak=\skip54
\beamer@envbody=\toks28
\framewidth=\dimen262
\c@framenumber=\count305
)
(/usr/share/texmf-dist/tex/latex/beamer/beamerbaseverbatim.sty
\beamer@verbatimfileout=\write4
)
(/usr/share/texmf-dist/tex/latex/beamer/beamerbaseframesize.sty
\beamer@splitbox=\box65
\beamer@autobreakcount=\count306
\beamer@autobreaklastheight=\dimen263
\beamer@frametitletoks=\toks29
\beamer@framesubtitletoks=\toks30
)
(/usr/share/texmf-dist/tex/latex/beamer/beamerbaseframecomponents.sty
\beamer@footins=\box66
)
(/usr/share/texmf-dist/tex/latex/beamer/beamerbasecolor.sty)
(/usr/share/texmf-dist/tex/latex/beamer/beamerbasenotes.sty
\beamer@frameboxcopy=\box67
)
(/usr/share/texmf-dist/tex/latex/beamer/beamerbasetoc.sty)
(/usr/share/texmf-dist/tex/latex/beamer/beamerbasetemplates.sty
\beamer@sbttoks=\toks31

(/usr/share/texmf-dist/tex/latex/beamer/beamerbaseauxtemplates.sty
(/usr/share/texmf-dist/tex/latex/beamer/beamerbaseboxes.sty
\bmb@box=\box68
\bmb@colorbox=\box69
\bmb@boxwidth=\dimen264
\bmb@boxheight=\dimen265
\bmb@prevheight=\dimen266
\bmb@temp=\dimen267
\bmb@dima=\dimen268
\bmb@dimb=\dimen269
\bmb@prevheight=\dimen270
)
\beamer@blockheadheight=\dimen271
))
(/usr/share/texmf-dist/tex/latex/beamer/beamerbaselocalstructure.sty
(/usr/share/texmf-dist/tex/latex/tools/enumerate.sty
Package: enumerate 2015/07/23 v3.00 enumerate extensions (DPC)
\@enLab=\toks32
)
\beamer@bibiconwidth=\skip55
\c@figure=\count307
\c@table=\count308
\abovecaptionskip=\skip56
\belowcaptionskip=\skip57
)
(/usr/share/texmf-dist/tex/latex/beamer/beamerbasenavigation.sty
\beamer@section@min@dim=\dimen272
)
(/usr/share/texmf-dist/tex/latex/beamer/beamerbasetheorems.sty
(/usr/share/texmf-dist/tex/latex/amsmath/amsmath.sty
Package: amsmath 2020/09/23 v2.17i AMS math features
\@mathmargin=\skip58

For additional information on amsmath, use the `?' option.
(/usr/share/texmf-dist/tex/latex/amsmath/amstext.sty
Package: amstext 2000/06/29 v2.01 AMS text

(/usr/share/texmf-dist/tex/latex/amsmath/amsgen.sty
File: amsgen.sty 1999/11/30 v2.0 generic functions
\@emptytoks=\toks33
\ex@=\dimen273
))
(/usr/share/texmf-dist/tex/latex/amsmath/amsbsy.sty
Package: amsbsy 1999/11/29 v1.2d Bold Symbols
\pmbraise@=\dimen274
)
(/usr/share/texmf-dist/tex/latex/amsmath/amsopn.sty
Package: amsopn 2016/03/08 v2.02 operator names
)
\inf@bad=\count309
LaTeX Info: Redefining \frac on input line 234.
\uproot@=\count310
\leftroot@=\count311
LaTeX Info: Redefining \overline on input line 399.
\classnum@=\count312
\DOTSCASE@=\count313
LaTeX Info: Redefining \ldots on input line 496.
LaTeX Info: Redefining \dots on input line 499.
LaTeX Info: Redefining \cdots on input line 620.
\Mathstrutbox@=\box70
\strutbox@=\box71
\big@size=\dimen275
LaTeX Font Info:    Redeclaring font encoding OML on input line 743.
LaTeX Font Info:    Redeclaring font encoding OMS on input line 744.
\macc@depth=\count314
\c@MaxMatrixCols=\count315
\dotsspace@=\muskip17
\c@parentequation=\count316
\dspbrk@lvl=\count317
\tag@help=\toks34
\row@=\count318
\column@=\count319
\maxfields@=\count320
\andhelp@=\toks35
\eqnshift@=\dimen276
\alignsep@=\dimen277
\tagshift@=\dimen278
\tagwidth@=\dimen279
\totwidth@=\dimen280
\lineht@=\dimen281
\@envbody=\toks36
\multlinegap=\skip59
\multlinetaggap=\skip60
\mathdisplay@stack=\toks37
LaTeX Info: Redefining \[ on input line 2923.
LaTeX Info: Redefining \] on input line 2924.
)
(/usr/share/texmf-dist/tex/latex/amscls/amsthm.sty
Package: amsthm 2020/05/29 v2.20.6
\thm@style=\toks38
\thm@bodyfont=\toks39
\thm@headfont=\toks40
\thm@notefont=\toks41
\thm@headpunct=\toks42
\thm@preskip=\skip61
\thm@postskip=\skip62
\thm@headsep=\skip63
\dth@everypar=\toks43
)
\c@theorem=\count321
)
(/usr/share/texmf-dist/tex/latex/beamer/beamerbasethemes.sty))
(/usr/share/texmf-dist/tex/latex/beamer/beamerthemedefault.sty
(/usr/share/texmf-dist/tex/latex/beamer/beamerfontthemedefault.sty)
(/usr/share/texmf-dist/tex/latex/beamer/beamercolorthemedefault.sty)
(/usr/share/texmf-dist/tex/latex/beamer/beamerinnerthemedefault.sty
\beamer@dima=\dimen282
\beamer@dimb=\dimen283
)
(/usr/share/texmf-dist/tex/latex/beamer/beamerouterthemedefault.sty)))
(/usr/share/texmf-dist/tex/latex/booktabs/booktabs.sty
Package: booktabs 2020/01/12 v1.61803398 Publication quality tables
\heavyrulewidth=\dimen284
\lightrulewidth=\dimen285
\cmidrulewidth=\dimen286
\belowrulesep=\dimen287
\belowbottomsep=\dimen288
\aboverulesep=\dimen289
\abovetopsep=\dimen290
\cmidrulesep=\dimen291
\cmidrulekern=\dimen292
\defaultaddspace=\dimen293
\@cmidla=\count322
\@cmidlb=\count323
\@aboverulesep=\dimen294
\@belowrulesep=\dimen295
\@thisruleclass=\count324
\@lastruleclass=\count325
\@thisrulewidth=\dimen296
)
(/usr/share/texmf-dist/tex/latex/l3backend/l3backend-pdftex.def
File: l3backend-pdftex.def 2021-03-18 L3 backend support: PDF output (pdfTeX)
\l__color_backend_stack_int=\count326
\l__pdf_internal_box=\box72
)
(./pLimitSensors.aux)
\openout1 = `pLimitSensors.aux'.

LaTeX Font Info:    Checking defaults for OML/cmm/m/it on input line 30.
LaTeX Font Info:    ... okay on input line 30.
LaTeX Font Info:    Checking defaults for OMS/cmsy/m/n on input line 30.
LaTeX Font Info:    ... okay on input line 30.
LaTeX Font Info:    Checking defaults for OT1/cmr/m/n on input line 30.
LaTeX Font Info:    ... okay on input line 30.
LaTeX Font Info:    Checking defaults for T1/cmr/m/n on input line 30.
LaTeX Font Info:    ... okay on input line 30.
LaTeX Font Info:    Checking defaults for TS1/cmr/m/n on input line 30.
LaTeX Font Info:    ... okay on input line 30.
LaTeX Font Info:    Checking defaults for OMX/cmex/m/n on input line 30.
LaTeX Font Info:    ... okay on input line 30.
LaTeX Font Info:    Checking defaults for U/cmr/m/n on input line 30.
LaTeX Font Info:    ... okay on input line 30.
LaTeX Font Info:    Checking defaults for PD1/pdf/m/n on input line 30.
LaTeX Font Info:    ... okay on input line 30.
LaTeX Font Info:    Checking defaults for PU/pdf/m/n on input line 30.
LaTeX Font Info:    ... okay on input line 30.

*geometry* driver: auto-detecting
*geometry* detected driver: pdftex
*geometry* verbose mode - [ preamble ] result:
* driver: pdftex
* paper: custom
* layout: <same size as paper>
* layoutoffset:(h,v)=(0.0pt,0.0pt)
* modes: includehead includefoot 
* h-part:(L,W,R)=(28.45274pt, 398.3386pt, 28.45274pt)
* v-part:(T,H,B)=(0.0pt, 256.0748pt, 0.0pt)
* \paperwidth=455.24408pt
* \paperheight=256.0748pt
* \textwidth=398.3386pt
* \textheight=227.62207pt
* \oddsidemargin=-43.81725pt
* \evensidemargin=-43.81725pt
* \topmargin=-72.26999pt
* \headheight=14.22636pt
* \headsep=0.0pt
* \topskip=11.0pt
* \footskip=14.22636pt
* \marginparwidth=4.0pt
* \marginparsep=10.0pt
* \columnsep=10.0pt
* \skip\footins=10.0pt plus 4.0pt minus 2.0pt
* \hoffset=0.0pt
* \voffset=0.0pt
* \mag=1000
* \@twocolumnfalse
* \@twosidefalse
* \@mparswitchfalse
* \@reversemarginfalse
* (1in=72.27pt=25.4mm, 1cm=28.453pt)

(/usr/share/texmf-dist/tex/context/base/mkii/supp-pdf.mkii
[Loading MPS to PDF converter (version 2006.09.02).]
\scratchcounter=\count327
\scratchdimen=\dimen297
\scratchbox=\box73
\nofMPsegments=\count328
\nofMParguments=\count329
\everyMPshowfont=\toks44
\MPscratchCnt=\count330
\MPscratchDim=\dimen298
\MPnumerator=\count331
\makeMPintoPDFobject=\count332
\everyMPtoPDFconversion=\toks45
) (/usr/share/texmf-dist/tex/latex/epstopdf-pkg/epstopdf-base.sty
Package: epstopdf-base 2020-01-24 v2.11 Base part for package epstopdf
Package epstopdf-base Info: Redefining graphics rule for `.eps' on input line 4
85.

(/usr/share/texmf-dist/tex/latex/latexconfig/epstopdf-sys.cfg
File: epstopdf-sys.cfg 2010/07/13 v1.3 Configuration of (r)epstopdf for TeX Liv
e
))
Package hyperref Info: Link coloring OFF on input line 30.

(/usr/share/texmf-dist/tex/latex/hyperref/nameref.sty
Package: nameref 2021-04-02 v2.47 Cross-referencing by name of section

(/usr/share/texmf-dist/tex/latex/refcount/refcount.sty
Package: refcount 2019/12/15 v3.6 Data extraction from label references (HO)
)
(/usr/share/texmf-dist/tex/generic/gettitlestring/gettitlestring.sty
Package: gettitlestring 2019/12/15 v1.6 Cleanup title references (HO)
)
\c@section@level=\count333
)
LaTeX Info: Redefining \ref on input line 30.
LaTeX Info: Redefining \pageref on input line 30.
LaTeX Info: Redefining \nameref on input line 30.

(./pLimitSensors.out) (./pLimitSensors.out)
\@outlinefile=\write5
\openout5 = `pLimitSensors.out'.

LaTeX Font Info:    Overwriting symbol font `operators' in version `normal'
(Font)                  OT1/cmr/m/n --> OT1/cmss/m/n on input line 30.
LaTeX Font Info:    Overwriting symbol font `operators' in version `bold'
(Font)                  OT1/cmr/bx/n --> OT1/cmss/b/n on input line 30.
\symnumbers=\mathgroup6
\sympureletters=\mathgroup7
LaTeX Font Info:    Overwriting math alphabet `\mathrm' in version `normal'
(Font)                  OT1/cmss/m/n --> OT1/cmr/m/n on input line 30.
LaTeX Font Info:    Redeclaring math alphabet \mathbf on input line 30.
LaTeX Font Info:    Overwriting math alphabet `\mathbf' in version `normal'
(Font)                  OT1/cmr/bx/n --> OT1/cmss/b/n on input line 30.
LaTeX Font Info:    Overwriting math alphabet `\mathbf' in version `bold'
(Font)                  OT1/cmr/bx/n --> OT1/cmss/b/n on input line 30.
LaTeX Font Info:    Redeclaring math alphabet \mathsf on input line 30.
LaTeX Font Info:    Overwriting math alphabet `\mathsf' in version `normal'
(Font)                  OT1/cmss/m/n --> OT1/cmss/m/n on input line 30.
LaTeX Font Info:    Overwriting math alphabet `\mathsf' in version `bold'
(Font)                  OT1/cmss/bx/n --> OT1/cmss/m/n on input line 30.
LaTeX Font Info:    Redeclaring math alphabet \mathit on input line 30.
LaTeX Font Info:    Overwriting math alphabet `\mathit' in version `normal'
(Font)                  OT1/cmr/m/it --> OT1/cmss/m/it on input line 30.
LaTeX Font Info:    Overwriting math alphabet `\mathit' in version `bold'
(Font)                  OT1/cmr/bx/it --> OT1/cmss/m/it on input line 30.
LaTeX Font Info:    Redeclaring math alphabet \mathtt on input line 30.
LaTeX Font Info:    Overwriting math alphabet `\mathtt' in version `normal'
(Font)                  OT1/cmtt/m/n --> OT1/cmtt/m/n on input line 30.
LaTeX Font Info:    Overwriting math alphabet `\mathtt' in version `bold'
(Font)                  OT1/cmtt/m/n --> OT1/cmtt/m/n on input line 30.
LaTeX Font Info:    Overwriting symbol font `numbers' in version `bold'
(Font)                  OT1/cmss/m/n --> OT1/cmss/b/n on input line 30.
LaTeX Font Info:    Overwriting symbol font `pureletters' in version `bold'
(Font)                  OT1/cmss/m/it --> OT1/cmss/b/it on input line 30.
LaTeX Font Info:    Overwriting math alphabet `\mathrm' in version `bold'
(Font)                  OT1/cmss/b/n --> OT1/cmr/b/n on input line 30.
LaTeX Font Info:    Overwriting math alphabet `\mathbf' in version `bold'
(Font)                  OT1/cmss/b/n --> OT1/cmss/b/n on input line 30.
LaTeX Font Info:    Overwriting math alphabet `\mathsf' in version `bold'
(Font)                  OT1/cmss/m/n --> OT1/cmss/b/n on input line 30.
LaTeX Font Info:    Overwriting math alphabet `\mathit' in version `bold'
(Font)                  OT1/cmss/m/it --> OT1/cmss/b/it on input line 30.
LaTeX Font Info:    Overwriting math alphabet `\mathtt' in version `bold'
(Font)                  OT1/cmtt/m/n --> OT1/cmtt/b/n on input line 30.
LaTeX Font Info:    Redeclaring symbol font `pureletters' on input line 30.
LaTeX Font Info:    Overwriting symbol font `pureletters' in version `normal'
(Font)                  OT1/cmss/m/it --> OT1/mathkerncmss/m/sl on input line 3
0.
LaTeX Font Info:    Overwriting symbol font `pureletters' in version `bold'
(Font)                  OT1/cmss/b/it --> OT1/mathkerncmss/m/sl on input line 3
0.
LaTeX Font Info:    Overwriting symbol font `pureletters' in version `bold'
(Font)                  OT1/mathkerncmss/m/sl --> OT1/mathkerncmss/bx/sl on inp
ut line 30.

(/usr/share/texmf-dist/tex/latex/translator/translator-basic-dictionary-English
.dict
Dictionary: translator-basic-dictionary, Language: English 
)
(/usr/share/texmf-dist/tex/latex/translator/translator-bibliography-dictionary-
English.dict
Dictionary: translator-bibliography-dictionary, Language: English 
)
(/usr/share/texmf-dist/tex/latex/translator/translator-environment-dictionary-E
nglish.dict
Dictionary: translator-environment-dictionary, Language: English 
)
(/usr/share/texmf-dist/tex/latex/translator/translator-months-dictionary-Englis
h.dict
Dictionary: translator-months-dictionary, Language: English 
)
(/usr/share/texmf-dist/tex/latex/translator/translator-numbers-dictionary-Engli
sh.dict
Dictionary: translator-numbers-dictionary, Language: English 
)
(/usr/share/texmf-dist/tex/latex/translator/translator-theorem-dictionary-Engli
sh.dict
Dictionary: translator-theorem-dictionary, Language: English 
) (./pLimitSensors.nav) [1

{/var/lib/texmf/fonts/map/pdftex/updmap/pdftex.map}] [2

]
LaTeX Font Info:    Trying to load font information for U+msa on input line 53.

 (/usr/share/texmf-dist/tex/latex/amsfonts/umsa.fd
File: umsa.fd 2013/01/14 v3.01 AMS symbols A
)
LaTeX Font Info:    Trying to load font information for U+msb on input line 53.


(/usr/share/texmf-dist/tex/latex/amsfonts/umsb.fd
File: umsb.fd 2013/01/14 v3.01 AMS symbols B
)
LaTeX Font Info:    Trying to load font information for OT1+mathkerncmss on inp
ut line 53.

(/usr/share/texmf-dist/tex/latex/sansmathaccent/ot1mathkerncmss.fd
File: ot1mathkerncmss.fd 2020/01/31 Fontinst v1.933 font definitions for OT1/ma
thkerncmss.
)
<../output/noGPLimages/limit01.png, id=69, 818.30719pt x 358.33875pt>
File: ../output/noGPLimages/limit01.png Graphic file (type png)
<use ../output/noGPLimages/limit01.png>
Package pdftex.def Info: ../output/noGPLimages/limit01.png  used on input line 
53.
(pdftex.def)             Requested size: 278.83578pt x 122.10149pt.
Package epstopdf Info: Source file: <./tvangsåpning.eps>
(epstopdf)                    date: 2022-08-26 13:26:24
(epstopdf)                    size: 9597 bytes
(epstopdf)             Output file: <./tvangsåpning-eps-converted-to.pdf>
(epstopdf)                    date: 2022-08-26 13:27:25
(epstopdf)                    size: 2468 bytes
(epstopdf)             Command: <repstopdf --outfile=./tvangsåpning-eps-conver
ted-to.pdf ./tvangsåpning.eps>
(epstopdf)             \includegraphics on input line 53.
Package epstopdf Info: Output file is already uptodate.
<./tvangsåpning-eps-converted-to.pdf, id=71, 74.2775pt x 74.2775pt>
File: ./tvangsåpning-eps-converted-to.pdf Graphic file (type pdf)
<use ./tvangsåpning-eps-converted-to.pdf>
Package pdftex.def Info: ./tvangsåpning-eps-converted-to.pdf  used on input li
ne 53.
(pdftex.def)             Requested size: 79.66649pt x 79.66994pt.
 [3

 <../output/noGPLimages/limit01.png> <./tvangsåpning-eps-converted-to.pdf>]
<../output/noGPLimages/limit02.png, id=99, 425.33907pt x 613.54219pt>
File: ../output/noGPLimages/limit02.png Graphic file (type png)
<use ../output/noGPLimages/limit02.png>
Package pdftex.def Info: ../output/noGPLimages/limit02.png  used on input line 
61.
(pdftex.def)             Requested size: 122.3262pt x 176.45158pt.
 [4

 <../output/noGPLimages/limit02.png>]
<../output/noGPLimages/limit03.png, id=126, 1142.76938pt x 746.03719pt>
File: ../output/noGPLimages/limit03.png Graphic file (type png)
<use ../output/noGPLimages/limit03.png>
Package pdftex.def Info: ../output/noGPLimages/limit03.png  used on input line 
65.
(pdftex.def)             Requested size: 278.83578pt x 182.03508pt.
 [5

 <../output/noGPLimages/limit03.png>]
<../output/noGPLimages/limit04.png, id=154, 1221.81468pt x 665.48625pt>
File: ../output/noGPLimages/limit04.png Graphic file (type png)
<use ../output/noGPLimages/limit04.png>
Package pdftex.def Info: ../output/noGPLimages/limit04.png  used on input line 
69.
(pdftex.def)             Requested size: 318.67209pt x 173.57068pt.
 [6

 <../output/noGPLimages/limit04.png>]
<../output/noGPLimages/limit05.png, id=181, 343.2825pt x 188.95593pt>
File: ../output/noGPLimages/limit05.png Graphic file (type png)
<use ../output/noGPLimages/limit05.png>
Package pdftex.def Info: ../output/noGPLimages/limit05.png  used on input line 
73.
(pdftex.def)             Requested size: 199.1693pt x 109.6291pt.
 [7

 <../output/noGPLimages/limit05.png>]
<../output/noGPLimages/limit06.png, id=209, 320.69812pt x 203.25937pt>
File: ../output/noGPLimages/limit06.png Graphic file (type png)
<use ../output/noGPLimages/limit06.png>
Package pdftex.def Info: ../output/noGPLimages/limit06.png  used on input line 
77.
(pdftex.def)             Requested size: 199.1693pt x 126.2366pt.
 [8

 <../output/noGPLimages/limit06.png>]
<../output/noGPLimages/limit07.png, id=236, 825.83531pt x 433.62pt>
File: ../output/noGPLimages/limit07.png Graphic file (type png)
<use ../output/noGPLimages/limit07.png>
Package pdftex.def Info: ../output/noGPLimages/limit07.png  used on input line 
81.
(pdftex.def)             Requested size: 318.67209pt x 167.32466pt.
 [9

 <../output/noGPLimages/limit07.png>]
<../output/noGPLimages/limit08.png, id=264, 1231.60126pt x 677.53125pt>
File: ../output/noGPLimages/limit08.png Graphic file (type png)
<use ../output/noGPLimages/limit08.png>
Package pdftex.def Info: ../output/noGPLimages/limit08.png  used on input line 
85.
(pdftex.def)             Requested size: 278.83578pt x 153.38907pt.
 [10

 <../output/noGPLimages/limit08.png>]
<../output/noGPLimages/limit09.png, id=291, 1166.10657pt x 648.92438pt>
File: ../output/noGPLimages/limit09.png Graphic file (type png)
<use ../output/noGPLimages/limit09.png>
Package pdftex.def Info: ../output/noGPLimages/limit09.png  used on input line 
89.
(pdftex.def)             Requested size: 398.3386pt x 221.67105pt.

Overfull \vbox (17.06976pt too high) detected at line 89
 []

[11

 <../output/noGPLimages/limit09.png>]
<../output/noGPLimages/limit10.png, id=318, 840.89156pt x 432.11438pt>
File: ../output/noGPLimages/limit10.png Graphic file (type png)
<use ../output/noGPLimages/limit10.png>
Package pdftex.def Info: ../output/noGPLimages/limit10.png  used on input line 
93.
(pdftex.def)             Requested size: 398.3386pt x 204.696pt.
 [12

 <../output/noGPLimages/limit10.png>] [13

]
<../output/noGPLimages/limit11.png, id=375, 608.77437pt x 151.06438pt>
File: ../output/noGPLimages/limit11.png Graphic file (type png)
<use ../output/noGPLimages/limit11.png>
Package pdftex.def Info: ../output/noGPLimages/limit11.png  used on input line 
108.
(pdftex.def)             Requested size: 398.3386pt x 98.84761pt.
 [14

 <../output/noGPLimages/limit11.png>]
<../output/noGPLimages/limit12.png, id=402, 410.03188pt x 308.65312pt>
File: ../output/noGPLimages/limit12.png Graphic file (type png)
<use ../output/noGPLimages/limit12.png>
Package pdftex.def Info: ../output/noGPLimages/limit12.png  used on input line 
112.
(pdftex.def)             Requested size: 278.83578pt x 209.90959pt.
 [15

 <../output/noGPLimages/limit12.png>]
<../output/noGPLimages/limit13.png, id=429, 394.97563pt x 106.89937pt>
File: ../output/noGPLimages/limit13.png Graphic file (type png)
<use ../output/noGPLimages/limit13.png>
Package pdftex.def Info: ../output/noGPLimages/limit13.png  used on input line 
116.
(pdftex.def)             Requested size: 398.3386pt x 107.8109pt.
 [16

 <../output/noGPLimages/limit13.png>]
<../output/noGPLimages/limit14.png, id=456, 387.4475pt x 212.795pt>
File: ../output/noGPLimages/limit14.png Graphic file (type png)
<use ../output/noGPLimages/limit14.png>
Package pdftex.def Info: ../output/noGPLimages/limit14.png  used on input line 
120.
(pdftex.def)             Requested size: 398.3386pt x 218.77866pt.

Overfull \vbox (14.17737pt too high) detected at line 120
 []

[17

 <../output/noGPLimages/limit14.png>]
<../output/noGPLimages/limit15.png, id=484, 196.23312pt x 317.68687pt>
File: ../output/noGPLimages/limit15.png Graphic file (type png)
<use ../output/noGPLimages/limit15.png>
Package pdftex.def Info: ../output/noGPLimages/limit15.png  used on input line 
124.
(pdftex.def)             Requested size: 155.71112pt x 252.0748pt.

Overfull \vbox (40.97351pt too high) detected at line 124
 []

[18

 <../output/noGPLimages/limit15.png>]
<../output/noGPLimages/limit16.png, id=511, 310.66063pt x 242.9075pt>
File: ../output/noGPLimages/limit16.png Graphic file (type png)
<use ../output/noGPLimages/limit16.png>
Package pdftex.def Info: ../output/noGPLimages/limit16.png  used on input line 
131.
(pdftex.def)             Requested size: 257.90514pt x 201.6606pt.
 [19

 <../output/noGPLimages/limit16.png>]
<../output/noGPLimages/limit17.png, id=539, 501.37312pt x 286.82156pt>
File: ../output/noGPLimages/limit17.png Graphic file (type png)
<use ../output/noGPLimages/limit17.png>
Package pdftex.def Info: ../output/noGPLimages/limit17.png  used on input line 
135.
(pdftex.def)             Requested size: 308.4459pt x 176.45158pt.
 [20

 <../output/noGPLimages/limit17.png>]
<../output/noGPLimages/limit18.png, id=566, 714.41907pt x 352.31625pt>
File: ../output/noGPLimages/limit18.png Graphic file (type png)
<use ../output/noGPLimages/limit18.png>
Package pdftex.def Info: ../output/noGPLimages/limit18.png  used on input line 
139.
(pdftex.def)             Requested size: 357.79732pt x 176.45158pt.
 [21

 <../output/noGPLimages/limit18.png>]
<../output/noGPLimages/limit19.png, id=594, 559.33969pt x 487.8225pt>
File: ../output/noGPLimages/limit19.png Graphic file (type png)
<use ../output/noGPLimages/limit19.png>
Package pdftex.def Info: ../output/noGPLimages/limit19.png  used on input line 
143.
(pdftex.def)             Requested size: 231.22548pt x 201.6606pt.
 [22

 <../output/noGPLimages/limit19.png>]
<../output/noGPLimages/limit20.png, id=621, 591.71063pt x 371.13657pt>
File: ../output/noGPLimages/limit20.png Graphic file (type png)
<use ../output/noGPLimages/limit20.png>
Package pdftex.def Info: ../output/noGPLimages/limit20.png  used on input line 
147.
(pdftex.def)             Requested size: 321.51433pt x 201.6606pt.
 [23

 <../output/noGPLimages/limit20.png>]
<../output/noGPLimages/limit21.png, id=648, 598.48593pt x 271.0125pt>
File: ../output/noGPLimages/limit21.png Graphic file (type png)
<use ../output/noGPLimages/limit21.png>
Package pdftex.def Info: ../output/noGPLimages/limit21.png  used on input line 
159.
(pdftex.def)             Requested size: 222.66003pt x 100.82837pt.
 [24

 <../output/noGPLimages/limit21.png>]
<../output/noGPLimages/limit22.png, id=675, 612.78937pt x 483.30562pt>
File: ../output/noGPLimages/limit22.png Graphic file (type png)
<use ../output/noGPLimages/limit22.png>
Package pdftex.def Info: ../output/noGPLimages/limit22.png  used on input line 
180.
(pdftex.def)             Requested size: 199.1693pt x 157.07983pt.
 [25

 <../output/noGPLimages/limit22.png>]
<../output/noGPLimages/limit23.png, id=704, 789.70032pt x 513.41812pt>
File: ../output/noGPLimages/limit23.png Graphic file (type png)
<use ../output/noGPLimages/limit23.png>
Package pdftex.def Info: ../output/noGPLimages/limit23.png  used on input line 
184.
(pdftex.def)             Requested size: 271.39856pt x 176.45158pt.
 [26

 <../output/noGPLimages/limit23.png>]
<../output/noGPLimages/limit24.png, id=731, 582.67688pt x 520.19344pt>
File: ../output/noGPLimages/limit24.png Graphic file (type png)
<use ../output/noGPLimages/limit24.png>
Package pdftex.def Info: ../output/noGPLimages/limit24.png  used on input line 
203.
(pdftex.def)             Requested size: 199.1693pt x 177.80798pt.
 [27

 <../output/noGPLimages/limit24.png>]
<../output/noGPLimages/limit25.png, id=758, 798.73407pt x 568.37344pt>
File: ../output/noGPLimages/limit25.png Graphic file (type png)
<use ../output/noGPLimages/limit25.png>
Package pdftex.def Info: ../output/noGPLimages/limit25.png  used on input line 
207.
(pdftex.def)             Requested size: 247.97063pt x 176.45158pt.
 [28

 <../output/noGPLimages/limit25.png>]
<../output/noGPLimages/limit26.png, id=785, 1222.5675pt x 394.47375pt>
File: ../output/noGPLimages/limit26.png Graphic file (type png)
<use ../output/noGPLimages/limit26.png>
Package pdftex.def Info: ../output/noGPLimages/limit26.png  used on input line 
212.
(pdftex.def)             Requested size: 398.3386pt x 128.52748pt.
 [29

 <../output/noGPLimages/limit26.png>]
<../output/noGPLimages/limit27.png, id=812, 706.89093pt x 574.39594pt>
File: ../output/noGPLimages/limit27.png Graphic file (type png)
<use ../output/noGPLimages/limit27.png>
Package pdftex.def Info: ../output/noGPLimages/limit27.png  used on input line 
231.
(pdftex.def)             Requested size: 199.1693pt x 161.83768pt.
 [30

 <../output/noGPLimages/limit27.png>]
<../output/noGPLimages/limit28.png, id=840, 795.72281pt x 454.69875pt>
File: ../output/noGPLimages/limit28.png Graphic file (type png)
<use ../output/noGPLimages/limit28.png>
Package pdftex.def Info: ../output/noGPLimages/limit28.png  used on input line 
235.
(pdftex.def)             Requested size: 308.78864pt x 176.45158pt.
 [31

 <../output/noGPLimages/limit28.png>]
<../output/noGPLimages/limit29.png, id=868, 964.35281pt x 638.385pt>
File: ../output/noGPLimages/limit29.png Graphic file (type png)
<use ../output/noGPLimages/limit29.png>
Package pdftex.def Info: ../output/noGPLimages/limit29.png  used on input line 
239.
(pdftex.def)             Requested size: 304.6262pt x 201.6606pt.
 [32

 <../output/noGPLimages/limit29.png>]
<../output/noGPLimages/limit30.png, id=895, 986.9372pt x 451.6875pt>
File: ../output/noGPLimages/limit30.png Graphic file (type png)
<use ../output/noGPLimages/limit30.png>
Package pdftex.def Info: ../output/noGPLimages/limit30.png  used on input line 
243.
(pdftex.def)             Requested size: 385.55151pt x 176.45158pt.
 [33

 <../output/noGPLimages/limit30.png>]
<../output/noGPLimages/limit31.png, id=922, 841.64438pt x 273.27094pt>
File: ../output/noGPLimages/limit31.png Graphic file (type png)
<use ../output/noGPLimages/limit31.png>
Package pdftex.def Info: ../output/noGPLimages/limit31.png  used on input line 
247.
(pdftex.def)             Requested size: 398.3386pt x 129.33385pt.
 [34

 <../output/noGPLimages/limit31.png>]
LaTeX Font Info:    Trying to load font information for TS1+cmss on input line 
265.

(/usr/share/texmf-dist/tex/latex/base/ts1cmss.fd
File: ts1cmss.fd 2019/12/16 v2.5j Standard LaTeX font definitions
)
<../output/noGPLimages/limit32.png, id=950, 578.91281pt x 531.48563pt>
File: ../output/noGPLimages/limit32.png Graphic file (type png)
<use ../output/noGPLimages/limit32.png>
Package pdftex.def Info: ../output/noGPLimages/limit32.png  used on input line 
265.
(pdftex.def)             Requested size: 199.1693pt x 182.85182pt.
 [35

 <../output/noGPLimages/limit32.png>]
<../output/noGPLimages/limit33.png, id=978, 711.4078pt x 284.56313pt>
File: ../output/noGPLimages/limit33.png Graphic file (type png)
<use ../output/noGPLimages/limit33.png>
Package pdftex.def Info: ../output/noGPLimages/limit33.png  used on input line 
286.
(pdftex.def)             Requested size: 199.1693pt x 79.66844pt.
<../output/noGPLimages/limit34.png, id=979, 901.86937pt x 458.46281pt>
File: ../output/noGPLimages/limit34.png Graphic file (type png)
<use ../output/noGPLimages/limit34.png>
Package pdftex.def Info: ../output/noGPLimages/limit34.png  used on input line 
286.
(pdftex.def)             Requested size: 199.1693pt x 101.24687pt.
 [36

 <../output/noGPLimages/limit33.png> <../output/noGPLimages/limit34.png>]
<../output/noGPLimages/limit35.png, id=1007, 651.18282pt x 620.3175pt>
File: ../output/noGPLimages/limit35.png Graphic file (type png)
<use ../output/noGPLimages/limit35.png>
Package pdftex.def Info: ../output/noGPLimages/limit35.png  used on input line 
302.
(pdftex.def)             Requested size: 199.1693pt x 189.73135pt.
 [37

 <../output/noGPLimages/limit35.png>]
<../output/noGPLimages/limit36.png, id=1035, 578.16pt x 389.20406pt>
File: ../output/noGPLimages/limit36.png Graphic file (type png)
<use ../output/noGPLimages/limit36.png>
Package pdftex.def Info: ../output/noGPLimages/limit36.png  used on input line 
318.
(pdftex.def)             Requested size: 199.1693pt x 134.07362pt.
 [38

 <../output/noGPLimages/limit36.png>]
<../output/noGPLimages/limit37.png, id=1063, 420.06938pt x 413.29407pt>
File: ../output/noGPLimages/limit37.png Graphic file (type png)
<use ../output/noGPLimages/limit37.png>
Package pdftex.def Info: ../output/noGPLimages/limit37.png  used on input line 
334.
(pdftex.def)             Requested size: 199.1693pt x 195.95724pt.
 [39

 <../output/noGPLimages/limit37.png>]
<../output/noGPLimages/limit38.png, id=1090, 402.00188pt x 185.19188pt>
File: ../output/noGPLimages/limit38.png Graphic file (type png)
<use ../output/noGPLimages/limit38.png>
Package pdftex.def Info: ../output/noGPLimages/limit38.png  used on input line 
353.
(pdftex.def)             Requested size: 199.1693pt x 91.75078pt.
 [40

 <../output/noGPLimages/limit38.png>]
<../output/noGPLimages/limit39.png, id=1117, 597.73312pt x 773.89125pt>
File: ../output/noGPLimages/limit39.png Graphic file (type png)
<use ../output/noGPLimages/limit39.png>
Package pdftex.def Info: ../output/noGPLimages/limit39.png  used on input line 
369.
(pdftex.def)             Requested size: 175.22614pt x 226.86577pt.

Overfull \vbox (10.66447pt too high) detected at line 369
 []

[41

 <../output/noGPLimages/limit39.png>]
<../output/noGPLimages/limit40.png, id=1144, 779.16093pt x 420.06938pt>
File: ../output/noGPLimages/limit40.png Graphic file (type png)
<use ../output/noGPLimages/limit40.png>
Package pdftex.def Info: ../output/noGPLimages/limit40.png  used on input line 
385.
(pdftex.def)             Requested size: 199.1693pt x 107.37587pt.
 [42

 <../output/noGPLimages/limit40.png>]
<../output/noGPLimages/limit41.png, id=1172, 794.2172pt x 445.665pt>
File: ../output/noGPLimages/limit41.png Graphic file (type png)
<use ../output/noGPLimages/limit41.png>
Package pdftex.def Info: ../output/noGPLimages/limit41.png  used on input line 
401.
(pdftex.def)             Requested size: 199.1693pt x 111.76279pt.
 [43

 <../output/noGPLimages/limit41.png>]
<../output/noGPLimages/limit42.png, id=1200, 551.05875pt x 476.53032pt>
File: ../output/noGPLimages/limit42.png Graphic file (type png)
<use ../output/noGPLimages/limit42.png>
Package pdftex.def Info: ../output/noGPLimages/limit42.png  used on input line 
419.
(pdftex.def)             Requested size: 199.1693pt x 172.23428pt.
 [44

 <../output/noGPLimages/limit42.png>]
<../output/noGPLimages/limit44.png, id=1227, 691.83469pt x 222.8325pt>
File: ../output/noGPLimages/limit44.png Graphic file (type png)
<use ../output/noGPLimages/limit44.png>
Package pdftex.def Info: ../output/noGPLimages/limit44.png  used on input line 
436.
(pdftex.def)             Requested size: 199.1693pt x 64.15054pt.
<../output/noGPLimages/limit43.png, id=1228, 693.34032pt x 222.07968pt>
File: ../output/noGPLimages/limit43.png Graphic file (type png)
<use ../output/noGPLimages/limit43.png>
Package pdftex.def Info: ../output/noGPLimages/limit43.png  used on input line 
436.
(pdftex.def)             Requested size: 199.1693pt x 63.79488pt.
 [45

 <../output/noGPLimages/limit44.png> <../output/noGPLimages/limit43.png>]
<../output/noGPLimages/limit45.png, id=1257, 615.80063pt x 354.57469pt>
File: ../output/noGPLimages/limit45.png Graphic file (type png)
<use ../output/noGPLimages/limit45.png>
Package pdftex.def Info: ../output/noGPLimages/limit45.png  used on input line 
455.
(pdftex.def)             Requested size: 199.1693pt x 114.67813pt.
<../output/noGPLimages/limit43.jpg, id=1258, 413.545pt x 339.2675pt>
File: ../output/noGPLimages/limit43.jpg Graphic file (type jpg)
<use ../output/noGPLimages/limit43.jpg>
Package pdftex.def Info: ../output/noGPLimages/limit43.jpg  used on input line 
455.
(pdftex.def)             Requested size: 79.66649pt x 65.35707pt.
 [46

 <../output/noGPLimages/limit45.png> <../output/noGPLimages/limit43.jpg>]
<../output/noGPLimages/limit46.png, id=1288, 376.40625pt x 230.36063pt>
File: ../output/noGPLimages/limit46.png Graphic file (type png)
<use ../output/noGPLimages/limit46.png>
Package pdftex.def Info: ../output/noGPLimages/limit46.png  used on input line 
472.
(pdftex.def)             Requested size: 119.50279pt x 73.13692pt.
<../output/noGPLimages/limit47.png, id=1289, 462.22687pt x 438.13687pt>
File: ../output/noGPLimages/limit47.png Graphic file (type png)
<use ../output/noGPLimages/limit47.png>
Package pdftex.def Info: ../output/noGPLimages/limit47.png  used on input line 
472.
(pdftex.def)             Requested size: 119.50279pt x 113.27109pt.
 [47

 <../output/noGPLimages/limit46.png> <../output/noGPLimages/limit47.png>]
<../output/noGPLimages/limit48.png, id=1317, 421.575pt x 254.45062pt>
File: ../output/noGPLimages/limit48.png Graphic file (type png)
<use ../output/noGPLimages/limit48.png>
Package pdftex.def Info: ../output/noGPLimages/limit48.png  used on input line 
489.
(pdftex.def)             Requested size: 119.50279pt x 72.12703pt.
<../output/noGPLimages/limit49.png, id=1318, 454.69875pt x 364.36125pt>
File: ../output/noGPLimages/limit49.png Graphic file (type png)
<use ../output/noGPLimages/limit49.png>
Package pdftex.def Info: ../output/noGPLimages/limit49.png  used on input line 
489.
(pdftex.def)             Requested size: 119.50279pt x 95.76022pt.

[48

 <../output/noGPLimages/limit48.png> <../output/noGPLimages/limit49.png>]
<../output/noGPLimages/limit50.png, id=1346, 594.72188pt x 304.13625pt>
File: ../output/noGPLimages/limit50.png Graphic file (type png)
<use ../output/noGPLimages/limit50.png>
Package pdftex.def Info: ../output/noGPLimages/limit50.png  used on input line 
506.
(pdftex.def)             Requested size: 199.1693pt x 101.8503pt.
<../output/noGPLimages/limit51.png, id=1347, 591.71063pt x 137.01187pt>
File: ../output/noGPLimages/limit51.png Graphic file (type png)
<use ../output/noGPLimages/limit51.png>
Package pdftex.def Info: ../output/noGPLimages/limit51.png  used on input line 
506.
(pdftex.def)             Requested size: 199.1693pt x 46.1172pt.

[49

 <../output/noGPLimages/limit50.png> <../output/noGPLimages/limit51.png>]
\tf@nav=\write6
\openout6 = `pLimitSensors.nav'.

\tf@toc=\write7
\openout7 = `pLimitSensors.toc'.

\tf@snm=\write8
\openout8 = `pLimitSensors.snm'.


(./pLimitSensors.aux)
Package rerunfilecheck Info: File `pLimitSensors.out' has not changed.
(rerunfilecheck)             Checksum: D41D8CD98F00B204E9800998ECF8427E;0.
 ) 
Here is how much of TeX's memory you used:
 21015 strings out of 478994
 386954 string characters out of 5864750
 669766 words of memory out of 5000000
 37899 multiletter control sequences out of 15000+600000
 410693 words of font info for 53 fonts, out of 8000000 for 9000
 1141 hyphenation exceptions out of 8191
 131i,14n,132p,417b,633s stack positions out of 5000i,500n,10000p,200000b,80000s
pdfTeX warning (dest): name{Navigation50} has been referenced but does not ex
ist, replaced by a fixed one

{/usr/share/texmf-dist/fonts/enc/dvips/cm-super/cm-super-ts1.enc}</usr/share/te
xmf-dist/fonts/type1/public/amsfonts/cm/cmss10.pfb></usr/share/texmf-dist/fonts
/type1/public/amsfonts/cm/cmss12.pfb></usr/share/texmf-dist/fonts/type1/public/
amsfonts/cm/cmss8.pfb></usr/share/texmf-dist/fonts/type1/public/amsfonts/cm/cms
si10.pfb></usr/share/texmf-dist/fonts/type1/public/amsfonts/cm/cmssi8.pfb></usr
/share/texmf-dist/fonts/type1/public/amsfonts/cm/cmtt10.pfb></usr/share/texmf-d
ist/fonts/type1/public/amsfonts/symbols/msam10.pfb></usr/share/texmf-dist/fonts
/type1/public/cm-super/sfss1095.pfb>
Output written on pLimitSensors.pdf (49 pages, 12282252 bytes).
PDF statistics:
 1428 PDF objects out of 1440 (max. 8388607)
 1246 compressed objects within 13 object streams
 100 named destinations out of 1000 (max. 500000)
 308 words of extra memory for PDF output out of 10000 (max. 10000000)

