This is pdfTeX, Version 3.141592653-2.6-1.40.22 (TeX Live 2021/Arch Linux) (preloaded format=pdflatex 2021.12.22)  28 MAR 2022 17:49
entering extended mode
 restricted \write18 enabled.
 %&-line parsing enabled.
**pNivåmåling.tex
(./pNivåmåling.tex
LaTeX2e <2020-10-01> patch level 4
L3 programming layer <2021-02-18>
(/usr/share/texmf-dist/tex/latex/beamer/beamer.cls
Document Class: beamer 2021/03/19 v3.62 A class for typesetting presentations
(/usr/share/texmf-dist/tex/latex/beamer/beamerbasemodes.sty
(/usr/share/texmf-dist/tex/latex/etoolbox/etoolbox.sty
Package: etoolbox 2020/10/05 v2.5k e-TeX tools for LaTeX (JAW)
\etb@tempcnta=\count179
)
\beamer@tempbox=\box47
\beamer@tempcount=\count180
\c@beamerpauses=\count181

(/usr/share/texmf-dist/tex/latex/beamer/beamerbasedecode.sty
\beamer@slideinframe=\count182
\beamer@minimum=\count183
\beamer@decode@box=\box48
)
\beamer@commentbox=\box49
\beamer@modecount=\count184
)
(/usr/share/texmf-dist/tex/generic/iftex/ifpdf.sty
Package: ifpdf 2019/10/25 v3.4 ifpdf legacy package. Use iftex instead.

(/usr/share/texmf-dist/tex/generic/iftex/iftex.sty
Package: iftex 2020/03/06 v1.0d TeX engine tests
))
\headdp=\dimen138
\footheight=\dimen139
\sidebarheight=\dimen140
\beamer@tempdim=\dimen141
\beamer@finalheight=\dimen142
\beamer@animht=\dimen143
\beamer@animdp=\dimen144
\beamer@animwd=\dimen145
\beamer@leftmargin=\dimen146
\beamer@rightmargin=\dimen147
\beamer@leftsidebar=\dimen148
\beamer@rightsidebar=\dimen149
\beamer@boxsize=\dimen150
\beamer@vboxoffset=\dimen151
\beamer@descdefault=\dimen152
\beamer@descriptionwidth=\dimen153
\beamer@lastskip=\skip47
\beamer@areabox=\box50
\beamer@animcurrent=\box51
\beamer@animshowbox=\box52
\beamer@sectionbox=\box53
\beamer@logobox=\box54
\beamer@linebox=\box55
\beamer@sectioncount=\count185
\beamer@subsubsectionmax=\count186
\beamer@subsectionmax=\count187
\beamer@sectionmax=\count188
\beamer@totalheads=\count189
\beamer@headcounter=\count190
\beamer@partstartpage=\count191
\beamer@sectionstartpage=\count192
\beamer@subsectionstartpage=\count193
\beamer@animationtempa=\count194
\beamer@animationtempb=\count195
\beamer@xpos=\count196
\beamer@ypos=\count197
\beamer@ypos@offset=\count198
\beamer@showpartnumber=\count199
\beamer@currentsubsection=\count266
\beamer@coveringdepth=\count267
\beamer@sectionadjust=\count268
\beamer@tocsectionnumber=\count269

(/usr/share/texmf-dist/tex/latex/beamer/beamerbaseoptions.sty
(/usr/share/texmf-dist/tex/latex/graphics/keyval.sty
Package: keyval 2014/10/28 v1.15 key=value parser (DPC)
\KV@toks@=\toks15
))
\beamer@paperwidth=\skip48
\beamer@paperheight=\skip49

(/usr/share/texmf-dist/tex/latex/geometry/geometry.sty
Package: geometry 2020/01/02 v5.9 Page Geometry

(/usr/share/texmf-dist/tex/generic/iftex/ifvtex.sty
Package: ifvtex 2019/10/25 v1.7 ifvtex legacy package. Use iftex instead.
)
\Gm@cnth=\count270
\Gm@cntv=\count271
\c@Gm@tempcnt=\count272
\Gm@bindingoffset=\dimen154
\Gm@wd@mp=\dimen155
\Gm@odd@mp=\dimen156
\Gm@even@mp=\dimen157
\Gm@layoutwidth=\dimen158
\Gm@layoutheight=\dimen159
\Gm@layouthoffset=\dimen160
\Gm@layoutvoffset=\dimen161
\Gm@dimlist=\toks16
)
(/usr/share/texmf-dist/tex/latex/base/size11.clo
File: size11.clo 2020/04/10 v1.4m Standard LaTeX file (size option)
)
(/usr/share/texmf-dist/tex/latex/pgf/basiclayer/pgfcore.sty
(/usr/share/texmf-dist/tex/latex/graphics/graphicx.sty
Package: graphicx 2020/09/09 v1.2b Enhanced LaTeX Graphics (DPC,SPQR)

(/usr/share/texmf-dist/tex/latex/graphics/graphics.sty
Package: graphics 2020/08/30 v1.4c Standard LaTeX Graphics (DPC,SPQR)

(/usr/share/texmf-dist/tex/latex/graphics/trig.sty
Package: trig 2016/01/03 v1.10 sin cos tan (DPC)
)
(/usr/share/texmf-dist/tex/latex/graphics-cfg/graphics.cfg
File: graphics.cfg 2016/06/04 v1.11 sample graphics configuration
)
Package graphics Info: Driver file: pdftex.def on input line 105.

(/usr/share/texmf-dist/tex/latex/graphics-def/pdftex.def
File: pdftex.def 2020/10/05 v1.2a Graphics/color driver for pdftex
))
\Gin@req@height=\dimen162
\Gin@req@width=\dimen163
)
(/usr/share/texmf-dist/tex/latex/pgf/systemlayer/pgfsys.sty
(/usr/share/texmf-dist/tex/latex/pgf/utilities/pgfrcs.sty
(/usr/share/texmf-dist/tex/generic/pgf/utilities/pgfutil-common.tex
\pgfutil@everybye=\toks17
\pgfutil@tempdima=\dimen164
\pgfutil@tempdimb=\dimen165

(/usr/share/texmf-dist/tex/generic/pgf/utilities/pgfutil-common-lists.tex))
(/usr/share/texmf-dist/tex/generic/pgf/utilities/pgfutil-latex.def
\pgfutil@abb=\box56
)
(/usr/share/texmf-dist/tex/generic/pgf/utilities/pgfrcs.code.tex
(/usr/share/texmf-dist/tex/generic/pgf/pgf.revision.tex)
Package: pgfrcs 2020/12/27 v3.1.8b (3.1.8b)
))
(/usr/share/texmf-dist/tex/generic/pgf/systemlayer/pgfsys.code.tex
Package: pgfsys 2020/12/27 v3.1.8b (3.1.8b)

(/usr/share/texmf-dist/tex/generic/pgf/utilities/pgfkeys.code.tex
\pgfkeys@pathtoks=\toks18
\pgfkeys@temptoks=\toks19

(/usr/share/texmf-dist/tex/generic/pgf/utilities/pgfkeysfiltered.code.tex
\pgfkeys@tmptoks=\toks20
))
\pgf@x=\dimen166
\pgf@y=\dimen167
\pgf@xa=\dimen168
\pgf@ya=\dimen169
\pgf@xb=\dimen170
\pgf@yb=\dimen171
\pgf@xc=\dimen172
\pgf@yc=\dimen173
\pgf@xd=\dimen174
\pgf@yd=\dimen175
\w@pgf@writea=\write3
\r@pgf@reada=\read2
\c@pgf@counta=\count273
\c@pgf@countb=\count274
\c@pgf@countc=\count275
\c@pgf@countd=\count276
\t@pgf@toka=\toks21
\t@pgf@tokb=\toks22
\t@pgf@tokc=\toks23
\pgf@sys@id@count=\count277

(/usr/share/texmf-dist/tex/generic/pgf/systemlayer/pgf.cfg
File: pgf.cfg 2020/12/27 v3.1.8b (3.1.8b)
)
Driver file for pgf: pgfsys-pdftex.def

(/usr/share/texmf-dist/tex/generic/pgf/systemlayer/pgfsys-pdftex.def
File: pgfsys-pdftex.def 2020/12/27 v3.1.8b (3.1.8b)

(/usr/share/texmf-dist/tex/generic/pgf/systemlayer/pgfsys-common-pdf.def
File: pgfsys-common-pdf.def 2020/12/27 v3.1.8b (3.1.8b)
)))
(/usr/share/texmf-dist/tex/generic/pgf/systemlayer/pgfsyssoftpath.code.tex
File: pgfsyssoftpath.code.tex 2020/12/27 v3.1.8b (3.1.8b)
\pgfsyssoftpath@smallbuffer@items=\count278
\pgfsyssoftpath@bigbuffer@items=\count279
)
(/usr/share/texmf-dist/tex/generic/pgf/systemlayer/pgfsysprotocol.code.tex
File: pgfsysprotocol.code.tex 2020/12/27 v3.1.8b (3.1.8b)
))
(/usr/share/texmf-dist/tex/latex/xcolor/xcolor.sty
Package: xcolor 2016/05/11 v2.12 LaTeX color extensions (UK)

(/usr/share/texmf-dist/tex/latex/graphics-cfg/color.cfg
File: color.cfg 2016/01/02 v1.6 sample color configuration
)
Package xcolor Info: Driver file: pdftex.def on input line 225.
Package xcolor Info: Model `cmy' substituted by `cmy0' on input line 1348.
Package xcolor Info: Model `hsb' substituted by `rgb' on input line 1352.
Package xcolor Info: Model `RGB' extended on input line 1364.
Package xcolor Info: Model `HTML' substituted by `rgb' on input line 1366.
Package xcolor Info: Model `Hsb' substituted by `hsb' on input line 1367.
Package xcolor Info: Model `tHsb' substituted by `hsb' on input line 1368.
Package xcolor Info: Model `HSB' substituted by `hsb' on input line 1369.
Package xcolor Info: Model `Gray' substituted by `gray' on input line 1370.
Package xcolor Info: Model `wave' substituted by `hsb' on input line 1371.

(/usr/share/texmf-dist/tex/latex/graphics/dvipsnam.def
File: dvipsnam.def 2016/06/17 v3.0m Driver-dependent file (DPC,SPQR)
))
(/usr/share/texmf-dist/tex/generic/pgf/basiclayer/pgfcore.code.tex
Package: pgfcore 2020/12/27 v3.1.8b (3.1.8b)

(/usr/share/texmf-dist/tex/generic/pgf/math/pgfmath.code.tex
(/usr/share/texmf-dist/tex/generic/pgf/math/pgfmathcalc.code.tex
(/usr/share/texmf-dist/tex/generic/pgf/math/pgfmathutil.code.tex)
(/usr/share/texmf-dist/tex/generic/pgf/math/pgfmathparser.code.tex
\pgfmath@dimen=\dimen176
\pgfmath@count=\count280
\pgfmath@box=\box57
\pgfmath@toks=\toks24
\pgfmath@stack@operand=\toks25
\pgfmath@stack@operation=\toks26
)
(/usr/share/texmf-dist/tex/generic/pgf/math/pgfmathfunctions.code.tex
(/usr/share/texmf-dist/tex/generic/pgf/math/pgfmathfunctions.basic.code.tex)
(/usr/share/texmf-dist/tex/generic/pgf/math/pgfmathfunctions.trigonometric.code
.tex)
(/usr/share/texmf-dist/tex/generic/pgf/math/pgfmathfunctions.random.code.tex)
(/usr/share/texmf-dist/tex/generic/pgf/math/pgfmathfunctions.comparison.code.te
x) (/usr/share/texmf-dist/tex/generic/pgf/math/pgfmathfunctions.base.code.tex)
(/usr/share/texmf-dist/tex/generic/pgf/math/pgfmathfunctions.round.code.tex)
(/usr/share/texmf-dist/tex/generic/pgf/math/pgfmathfunctions.misc.code.tex)
(/usr/share/texmf-dist/tex/generic/pgf/math/pgfmathfunctions.integerarithmetics
.code.tex))) (/usr/share/texmf-dist/tex/generic/pgf/math/pgfmathfloat.code.tex
\c@pgfmathroundto@lastzeros=\count281
)) (/usr/share/texmf-dist/tex/generic/pgf/math/pgfint.code.tex)
(/usr/share/texmf-dist/tex/generic/pgf/basiclayer/pgfcorepoints.code.tex
File: pgfcorepoints.code.tex 2020/12/27 v3.1.8b (3.1.8b)
\pgf@picminx=\dimen177
\pgf@picmaxx=\dimen178
\pgf@picminy=\dimen179
\pgf@picmaxy=\dimen180
\pgf@pathminx=\dimen181
\pgf@pathmaxx=\dimen182
\pgf@pathminy=\dimen183
\pgf@pathmaxy=\dimen184
\pgf@xx=\dimen185
\pgf@xy=\dimen186
\pgf@yx=\dimen187
\pgf@yy=\dimen188
\pgf@zx=\dimen189
\pgf@zy=\dimen190
)
(/usr/share/texmf-dist/tex/generic/pgf/basiclayer/pgfcorepathconstruct.code.tex
File: pgfcorepathconstruct.code.tex 2020/12/27 v3.1.8b (3.1.8b)
\pgf@path@lastx=\dimen191
\pgf@path@lasty=\dimen192
) (/usr/share/texmf-dist/tex/generic/pgf/basiclayer/pgfcorepathusage.code.tex
File: pgfcorepathusage.code.tex 2020/12/27 v3.1.8b (3.1.8b)
\pgf@shorten@end@additional=\dimen193
\pgf@shorten@start@additional=\dimen194
)
(/usr/share/texmf-dist/tex/generic/pgf/basiclayer/pgfcorescopes.code.tex
File: pgfcorescopes.code.tex 2020/12/27 v3.1.8b (3.1.8b)
\pgfpic=\box58
\pgf@hbox=\box59
\pgf@layerbox@main=\box60
\pgf@picture@serial@count=\count282
)
(/usr/share/texmf-dist/tex/generic/pgf/basiclayer/pgfcoregraphicstate.code.tex
File: pgfcoregraphicstate.code.tex 2020/12/27 v3.1.8b (3.1.8b)
\pgflinewidth=\dimen195
)
(/usr/share/texmf-dist/tex/generic/pgf/basiclayer/pgfcoretransformations.code.t
ex
File: pgfcoretransformations.code.tex 2020/12/27 v3.1.8b (3.1.8b)
\pgf@pt@x=\dimen196
\pgf@pt@y=\dimen197
\pgf@pt@temp=\dimen198
) (/usr/share/texmf-dist/tex/generic/pgf/basiclayer/pgfcorequick.code.tex
File: pgfcorequick.code.tex 2020/12/27 v3.1.8b (3.1.8b)
)
(/usr/share/texmf-dist/tex/generic/pgf/basiclayer/pgfcoreobjects.code.tex
File: pgfcoreobjects.code.tex 2020/12/27 v3.1.8b (3.1.8b)
)
(/usr/share/texmf-dist/tex/generic/pgf/basiclayer/pgfcorepathprocessing.code.te
x
File: pgfcorepathprocessing.code.tex 2020/12/27 v3.1.8b (3.1.8b)
) (/usr/share/texmf-dist/tex/generic/pgf/basiclayer/pgfcorearrows.code.tex
File: pgfcorearrows.code.tex 2020/12/27 v3.1.8b (3.1.8b)
\pgfarrowsep=\dimen199
)
(/usr/share/texmf-dist/tex/generic/pgf/basiclayer/pgfcoreshade.code.tex
File: pgfcoreshade.code.tex 2020/12/27 v3.1.8b (3.1.8b)
\pgf@max=\dimen256
\pgf@sys@shading@range@num=\count283
\pgf@shadingcount=\count284
)
(/usr/share/texmf-dist/tex/generic/pgf/basiclayer/pgfcoreimage.code.tex
File: pgfcoreimage.code.tex 2020/12/27 v3.1.8b (3.1.8b)

(/usr/share/texmf-dist/tex/generic/pgf/basiclayer/pgfcoreexternal.code.tex
File: pgfcoreexternal.code.tex 2020/12/27 v3.1.8b (3.1.8b)
\pgfexternal@startupbox=\box61
))
(/usr/share/texmf-dist/tex/generic/pgf/basiclayer/pgfcorelayers.code.tex
File: pgfcorelayers.code.tex 2020/12/27 v3.1.8b (3.1.8b)
)
(/usr/share/texmf-dist/tex/generic/pgf/basiclayer/pgfcoretransparency.code.tex
File: pgfcoretransparency.code.tex 2020/12/27 v3.1.8b (3.1.8b)
) (/usr/share/texmf-dist/tex/generic/pgf/basiclayer/pgfcorepatterns.code.tex
File: pgfcorepatterns.code.tex 2020/12/27 v3.1.8b (3.1.8b)
)
(/usr/share/texmf-dist/tex/generic/pgf/basiclayer/pgfcorerdf.code.tex
File: pgfcorerdf.code.tex 2020/12/27 v3.1.8b (3.1.8b)
)))
(/usr/share/texmf-dist/tex/latex/pgf/utilities/xxcolor.sty
Package: xxcolor 2003/10/24 ver 0.1
\XC@nummixins=\count285
\XC@countmixins=\count286
)
(/usr/share/texmf-dist/tex/latex/base/atbegshi-ltx.sty
Package: atbegshi-ltx 2020/08/17 v1.0a Emulation of the original atbegshi packa
ge
with kernel methods
)
(/usr/share/texmf-dist/tex/latex/hyperref/hyperref.sty
Package: hyperref 2021-02-27 v7.00k Hypertext links for LaTeX

(/usr/share/texmf-dist/tex/generic/ltxcmds/ltxcmds.sty
Package: ltxcmds 2020-05-10 v1.25 LaTeX kernel commands for general use (HO)
)
(/usr/share/texmf-dist/tex/generic/pdftexcmds/pdftexcmds.sty
Package: pdftexcmds 2020-06-27 v0.33 Utility functions of pdfTeX for LuaTeX (HO
)

(/usr/share/texmf-dist/tex/generic/infwarerr/infwarerr.sty
Package: infwarerr 2019/12/03 v1.5 Providing info/warning/error messages (HO)
)
Package pdftexcmds Info: \pdf@primitive is available.
Package pdftexcmds Info: \pdf@ifprimitive is available.
Package pdftexcmds Info: \pdfdraftmode found.
)
(/usr/share/texmf-dist/tex/generic/kvsetkeys/kvsetkeys.sty
Package: kvsetkeys 2019/12/15 v1.18 Key value parser (HO)
)
(/usr/share/texmf-dist/tex/generic/kvdefinekeys/kvdefinekeys.sty
Package: kvdefinekeys 2019-12-19 v1.6 Define keys (HO)
)
(/usr/share/texmf-dist/tex/generic/pdfescape/pdfescape.sty
Package: pdfescape 2019/12/09 v1.15 Implements pdfTeX's escape features (HO)
)
(/usr/share/texmf-dist/tex/latex/hycolor/hycolor.sty
Package: hycolor 2020-01-27 v1.10 Color options for hyperref/bookmark (HO)
)
(/usr/share/texmf-dist/tex/latex/letltxmacro/letltxmacro.sty
Package: letltxmacro 2019/12/03 v1.6 Let assignment for LaTeX macros (HO)
)
(/usr/share/texmf-dist/tex/latex/auxhook/auxhook.sty
Package: auxhook 2019-12-17 v1.6 Hooks for auxiliary files (HO)
)
(/usr/share/texmf-dist/tex/latex/kvoptions/kvoptions.sty
Package: kvoptions 2020-10-07 v3.14 Key value format for package options (HO)
)
\@linkdim=\dimen257
\Hy@linkcounter=\count287
\Hy@pagecounter=\count288

(/usr/share/texmf-dist/tex/latex/hyperref/pd1enc.def
File: pd1enc.def 2021-02-27 v7.00k Hyperref: PDFDocEncoding definition (HO)
Now handling font encoding PD1 ...
... no UTF-8 mapping file for font encoding PD1
)
(/usr/share/texmf-dist/tex/latex/hyperref/hyperref-langpatches.def
File: hyperref-langpatches.def 2021-02-27 v7.00k Hyperref: patches for babel la
nguages
)
(/usr/share/texmf-dist/tex/generic/intcalc/intcalc.sty
Package: intcalc 2019/12/15 v1.3 Expandable calculations with integers (HO)
)
(/usr/share/texmf-dist/tex/generic/etexcmds/etexcmds.sty
Package: etexcmds 2019/12/15 v1.7 Avoid name clashes with e-TeX commands (HO)
)
\Hy@SavedSpaceFactor=\count289

(/usr/share/texmf-dist/tex/latex/hyperref/puenc.def
File: puenc.def 2021-02-27 v7.00k Hyperref: PDF Unicode definition (HO)
Now handling font encoding PU ...
... no UTF-8 mapping file for font encoding PU
)
Package hyperref Info: Option `bookmarks' set `true' on input line 4073.
Package hyperref Info: Option `bookmarksopen' set `true' on input line 4073.
Package hyperref Info: Option `implicit' set `false' on input line 4073.
Package hyperref Info: Hyper figures OFF on input line 4192.
Package hyperref Info: Link nesting OFF on input line 4197.
Package hyperref Info: Hyper index ON on input line 4200.
Package hyperref Info: Plain pages OFF on input line 4207.
Package hyperref Info: Backreferencing OFF on input line 4212.
Package hyperref Info: Implicit mode OFF; no redefinition of LaTeX internals.
Package hyperref Info: Bookmarks ON on input line 4445.
\c@Hy@tempcnt=\count290

(/usr/share/texmf-dist/tex/latex/url/url.sty
\Urlmuskip=\muskip16
Package: url 2013/09/16  ver 3.4  Verb mode for urls, etc.
)
LaTeX Info: Redefining \url on input line 4804.
\XeTeXLinkMargin=\dimen258

(/usr/share/texmf-dist/tex/generic/bitset/bitset.sty
Package: bitset 2019/12/09 v1.3 Handle bit-vector datatype (HO)

(/usr/share/texmf-dist/tex/generic/bigintcalc/bigintcalc.sty
Package: bigintcalc 2019/12/15 v1.5 Expandable calculations on big integers (HO
)
))
\Fld@menulength=\count291
\Field@Width=\dimen259
\Fld@charsize=\dimen260
Package hyperref Info: Hyper figures OFF on input line 6075.
Package hyperref Info: Link nesting OFF on input line 6080.
Package hyperref Info: Hyper index ON on input line 6083.
Package hyperref Info: backreferencing OFF on input line 6090.
Package hyperref Info: Link coloring OFF on input line 6095.
Package hyperref Info: Link coloring with OCG OFF on input line 6100.
Package hyperref Info: PDF/A mode OFF on input line 6105.
LaTeX Info: Redefining \ref on input line 6145.
LaTeX Info: Redefining \pageref on input line 6149.
\Hy@abspage=\count292


Package hyperref Message: Stopped early.

)
Package hyperref Info: Driver (autodetected): hpdftex.
 (/usr/share/texmf-dist/tex/latex/hyperref/hpdftex.def
File: hpdftex.def 2021-02-27 v7.00k Hyperref driver for pdfTeX

(/usr/share/texmf-dist/tex/latex/base/atveryend-ltx.sty
Package: atveryend-ltx 2020/08/19 v1.0a Emulation of the original atvery packag
e
with kernel methods
)
\Fld@listcount=\count293
\c@bookmark@seq@number=\count294

(/usr/share/texmf-dist/tex/latex/rerunfilecheck/rerunfilecheck.sty
Package: rerunfilecheck 2019/12/05 v1.9 Rerun checks for auxiliary files (HO)

(/usr/share/texmf-dist/tex/generic/uniquecounter/uniquecounter.sty
Package: uniquecounter 2019/12/15 v1.4 Provide unlimited unique counter (HO)
)
Package uniquecounter Info: New unique counter `rerunfilecheck' on input line 2
86.
))
(/usr/share/texmf-dist/tex/latex/beamer/beamerbaserequires.sty
(/usr/share/texmf-dist/tex/latex/beamer/beamerbasecompatibility.sty)
(/usr/share/texmf-dist/tex/latex/beamer/beamerbasefont.sty
(/usr/share/texmf-dist/tex/latex/amsfonts/amssymb.sty
Package: amssymb 2013/01/14 v3.01 AMS font symbols

(/usr/share/texmf-dist/tex/latex/amsfonts/amsfonts.sty
Package: amsfonts 2013/01/14 v3.01 Basic AMSFonts support
\@emptytoks=\toks27
\symAMSa=\mathgroup4
\symAMSb=\mathgroup5
LaTeX Font Info:    Redeclaring math symbol \hbar on input line 98.
LaTeX Font Info:    Overwriting math alphabet `\mathfrak' in version `bold'
(Font)                  U/euf/m/n --> U/euf/b/n on input line 106.
))
(/usr/share/texmf-dist/tex/latex/sansmathaccent/sansmathaccent.sty
Package: sansmathaccent 2020/01/31

(/usr/share/texmf-dist/tex/latex/koma-script/scrlfile.sty
Package: scrlfile 2021/03/17 v3.33 KOMA-Script package (file load hooks)

(/usr/share/texmf-dist/tex/latex/koma-script/scrlfile-hook.sty
Package: scrlfile-hook 2021/03/17 v3.33 KOMA-Script package (using LaTeX hooks)


LaTeX3 Info: Defining command \BeforeFile with sig. 'm' on line 61.


LaTeX3 Info: Defining command \AfterFile with sig. 'm' on line 65.


LaTeX3 Info: Defining command \BeforeClass with sig. 'm' on line 69.


LaTeX3 Info: Defining command \BeforePackage with sig. 'm' on line 73.


LaTeX3 Info: Defining command \AfterAtEndOfClass with sig. 'smo+m' on line 83.


LaTeX3 Info: Defining command \AfterAtEndOfPackage with sig. 'smo+m' on line
(LaTeX3)     93.


LaTeX3 Info: Defining command \scrlfile@AfterClass with sig. 'smo+m' on line
(LaTeX3)     173.


LaTeX3 Info: Defining command \AfterClass with sig. '' on line 174.


LaTeX3 Info: Defining command \scrlfile@AfterPackage with sig. 'smo+m' on line
(LaTeX3)     191.


LaTeX3 Info: Defining command \AfterPackage with sig. '' on line 192.


LaTeX3 Info: Defining command \ReplaceInput with sig. '' on line 193.


LaTeX3 Info: Defining command \ReplaceClass with sig. 'mm' on line 196.


LaTeX3 Info: Defining command \ReplacePackage with sig. 'mm' on line 199.


LaTeX3 Info: Defining command \UnReplaceInput with sig. '' on line 200.


LaTeX3 Info: Defining command \UnReplaceClass with sig. 'm' on line 203.


LaTeX3 Info: Defining command \UnReplacePackage with sig. 'mm' on line 206.


LaTeX3 Info: Defining command \PreventPackageFromLoading with sig. 's+om' on
(LaTeX3)     line 234.


LaTeX3 Info: Defining command \StorePreventPackageFromLoading with sig. 'm' on
(LaTeX3)     line 242.


LaTeX3 Info: Defining command \ResetPreventPackageFromLoading with sig. '' on
(LaTeX3)     line 247.


LaTeX3 Info: Defining command \UnPreventPackageFromLoading with sig. 'sm' on
(LaTeX3)     line 261.


LaTeX3 Info: Defining command \BeforeClosingMainAux with sig. 'om' on line
(LaTeX3)     274.


LaTeX3 Info: Defining command \AfterReadingMainAux with sig. 'om' on line 287.


LaTeX3 Info: Defining command \protected@immediate@write with sig. 'm+m+m' on
(LaTeX3)     line 298.


(/usr/share/texmf-dist/tex/latex/koma-script/scrlogo.sty
Package: scrlogo 2021/03/17 v3.33 KOMA-Script package (logo)
)))))
(/usr/share/texmf-dist/tex/latex/beamer/beamerbasetranslator.sty
(/usr/share/texmf-dist/tex/latex/translator/translator.sty
Package: translator 2020-08-03 v1.12c Easy translation of strings in LaTeX
))
(/usr/share/texmf-dist/tex/latex/beamer/beamerbasemisc.sty)
(/usr/share/texmf-dist/tex/latex/beamer/beamerbasetwoscreens.sty)
(/usr/share/texmf-dist/tex/latex/beamer/beamerbaseoverlay.sty
\beamer@argscount=\count295
\beamer@lastskipcover=\skip50
\beamer@trivlistdepth=\count296
)
(/usr/share/texmf-dist/tex/latex/beamer/beamerbasetitle.sty)
(/usr/share/texmf-dist/tex/latex/beamer/beamerbasesection.sty
\c@lecture=\count297
\c@part=\count298
\c@section=\count299
\c@subsection=\count300
\c@subsubsection=\count301
)
(/usr/share/texmf-dist/tex/latex/beamer/beamerbaseframe.sty
\beamer@framebox=\box62
\beamer@frametitlebox=\box63
\beamer@zoombox=\box64
\beamer@zoomcount=\count302
\beamer@zoomframecount=\count303
\beamer@frametextheight=\dimen261
\c@subsectionslide=\count304
\beamer@frametopskip=\skip51
\beamer@framebottomskip=\skip52
\beamer@frametopskipautobreak=\skip53
\beamer@framebottomskipautobreak=\skip54
\beamer@envbody=\toks28
\framewidth=\dimen262
\c@framenumber=\count305
)
(/usr/share/texmf-dist/tex/latex/beamer/beamerbaseverbatim.sty
\beamer@verbatimfileout=\write4
)
(/usr/share/texmf-dist/tex/latex/beamer/beamerbaseframesize.sty
\beamer@splitbox=\box65
\beamer@autobreakcount=\count306
\beamer@autobreaklastheight=\dimen263
\beamer@frametitletoks=\toks29
\beamer@framesubtitletoks=\toks30
)
(/usr/share/texmf-dist/tex/latex/beamer/beamerbaseframecomponents.sty
\beamer@footins=\box66
)
(/usr/share/texmf-dist/tex/latex/beamer/beamerbasecolor.sty)
(/usr/share/texmf-dist/tex/latex/beamer/beamerbasenotes.sty
\beamer@frameboxcopy=\box67
)
(/usr/share/texmf-dist/tex/latex/beamer/beamerbasetoc.sty)
(/usr/share/texmf-dist/tex/latex/beamer/beamerbasetemplates.sty
\beamer@sbttoks=\toks31

(/usr/share/texmf-dist/tex/latex/beamer/beamerbaseauxtemplates.sty
(/usr/share/texmf-dist/tex/latex/beamer/beamerbaseboxes.sty
\bmb@box=\box68
\bmb@colorbox=\box69
\bmb@boxwidth=\dimen264
\bmb@boxheight=\dimen265
\bmb@prevheight=\dimen266
\bmb@temp=\dimen267
\bmb@dima=\dimen268
\bmb@dimb=\dimen269
\bmb@prevheight=\dimen270
)
\beamer@blockheadheight=\dimen271
))
(/usr/share/texmf-dist/tex/latex/beamer/beamerbaselocalstructure.sty
(/usr/share/texmf-dist/tex/latex/tools/enumerate.sty
Package: enumerate 2015/07/23 v3.00 enumerate extensions (DPC)
\@enLab=\toks32
)
\beamer@bibiconwidth=\skip55
\c@figure=\count307
\c@table=\count308
\abovecaptionskip=\skip56
\belowcaptionskip=\skip57
)
(/usr/share/texmf-dist/tex/latex/beamer/beamerbasenavigation.sty
\beamer@section@min@dim=\dimen272
)
(/usr/share/texmf-dist/tex/latex/beamer/beamerbasetheorems.sty
(/usr/share/texmf-dist/tex/latex/amsmath/amsmath.sty
Package: amsmath 2020/09/23 v2.17i AMS math features
\@mathmargin=\skip58

For additional information on amsmath, use the `?' option.
(/usr/share/texmf-dist/tex/latex/amsmath/amstext.sty
Package: amstext 2000/06/29 v2.01 AMS text

(/usr/share/texmf-dist/tex/latex/amsmath/amsgen.sty
File: amsgen.sty 1999/11/30 v2.0 generic functions
\@emptytoks=\toks33
\ex@=\dimen273
))
(/usr/share/texmf-dist/tex/latex/amsmath/amsbsy.sty
Package: amsbsy 1999/11/29 v1.2d Bold Symbols
\pmbraise@=\dimen274
)
(/usr/share/texmf-dist/tex/latex/amsmath/amsopn.sty
Package: amsopn 2016/03/08 v2.02 operator names
)
\inf@bad=\count309
LaTeX Info: Redefining \frac on input line 234.
\uproot@=\count310
\leftroot@=\count311
LaTeX Info: Redefining \overline on input line 399.
\classnum@=\count312
\DOTSCASE@=\count313
LaTeX Info: Redefining \ldots on input line 496.
LaTeX Info: Redefining \dots on input line 499.
LaTeX Info: Redefining \cdots on input line 620.
\Mathstrutbox@=\box70
\strutbox@=\box71
\big@size=\dimen275
LaTeX Font Info:    Redeclaring font encoding OML on input line 743.
LaTeX Font Info:    Redeclaring font encoding OMS on input line 744.
\macc@depth=\count314
\c@MaxMatrixCols=\count315
\dotsspace@=\muskip17
\c@parentequation=\count316
\dspbrk@lvl=\count317
\tag@help=\toks34
\row@=\count318
\column@=\count319
\maxfields@=\count320
\andhelp@=\toks35
\eqnshift@=\dimen276
\alignsep@=\dimen277
\tagshift@=\dimen278
\tagwidth@=\dimen279
\totwidth@=\dimen280
\lineht@=\dimen281
\@envbody=\toks36
\multlinegap=\skip59
\multlinetaggap=\skip60
\mathdisplay@stack=\toks37
LaTeX Info: Redefining \[ on input line 2923.
LaTeX Info: Redefining \] on input line 2924.
)
(/usr/share/texmf-dist/tex/latex/amscls/amsthm.sty
Package: amsthm 2020/05/29 v2.20.6
\thm@style=\toks38
\thm@bodyfont=\toks39
\thm@headfont=\toks40
\thm@notefont=\toks41
\thm@headpunct=\toks42
\thm@preskip=\skip61
\thm@postskip=\skip62
\thm@headsep=\skip63
\dth@everypar=\toks43
)
\c@theorem=\count321
)
(/usr/share/texmf-dist/tex/latex/beamer/beamerbasethemes.sty))
(/usr/share/texmf-dist/tex/latex/beamer/beamerthemedefault.sty
(/usr/share/texmf-dist/tex/latex/beamer/beamerfontthemedefault.sty)
(/usr/share/texmf-dist/tex/latex/beamer/beamercolorthemedefault.sty)
(/usr/share/texmf-dist/tex/latex/beamer/beamerinnerthemedefault.sty
\beamer@dima=\dimen282
\beamer@dimb=\dimen283
)
(/usr/share/texmf-dist/tex/latex/beamer/beamerouterthemedefault.sty)))
(/usr/share/texmf-dist/tex/latex/booktabs/booktabs.sty
Package: booktabs 2020/01/12 v1.61803398 Publication quality tables
\heavyrulewidth=\dimen284
\lightrulewidth=\dimen285
\cmidrulewidth=\dimen286
\belowrulesep=\dimen287
\belowbottomsep=\dimen288
\aboverulesep=\dimen289
\abovetopsep=\dimen290
\cmidrulesep=\dimen291
\cmidrulekern=\dimen292
\defaultaddspace=\dimen293
\@cmidla=\count322
\@cmidlb=\count323
\@aboverulesep=\dimen294
\@belowrulesep=\dimen295
\@thisruleclass=\count324
\@lastruleclass=\count325
\@thisrulewidth=\dimen296
)
(/usr/share/texmf-dist/tex/latex/l3backend/l3backend-pdftex.def
File: l3backend-pdftex.def 2021-03-18 L3 backend support: PDF output (pdfTeX)
\l__color_backend_stack_int=\count326
\l__pdf_internal_box=\box72
)
(./pNivåmåling.aux)
\openout1 = `pNivåmåling.aux'.

LaTeX Font Info:    Checking defaults for OML/cmm/m/it on input line 32.
LaTeX Font Info:    ... okay on input line 32.
LaTeX Font Info:    Checking defaults for OMS/cmsy/m/n on input line 32.
LaTeX Font Info:    ... okay on input line 32.
LaTeX Font Info:    Checking defaults for OT1/cmr/m/n on input line 32.
LaTeX Font Info:    ... okay on input line 32.
LaTeX Font Info:    Checking defaults for T1/cmr/m/n on input line 32.
LaTeX Font Info:    ... okay on input line 32.
LaTeX Font Info:    Checking defaults for TS1/cmr/m/n on input line 32.
LaTeX Font Info:    ... okay on input line 32.
LaTeX Font Info:    Checking defaults for OMX/cmex/m/n on input line 32.
LaTeX Font Info:    ... okay on input line 32.
LaTeX Font Info:    Checking defaults for U/cmr/m/n on input line 32.
LaTeX Font Info:    ... okay on input line 32.
LaTeX Font Info:    Checking defaults for PD1/pdf/m/n on input line 32.
LaTeX Font Info:    ... okay on input line 32.
LaTeX Font Info:    Checking defaults for PU/pdf/m/n on input line 32.
LaTeX Font Info:    ... okay on input line 32.

*geometry* driver: auto-detecting
*geometry* detected driver: pdftex
*geometry* verbose mode - [ preamble ] result:
* driver: pdftex
* paper: custom
* layout: <same size as paper>
* layoutoffset:(h,v)=(0.0pt,0.0pt)
* modes: includehead includefoot 
* h-part:(L,W,R)=(28.45274pt, 398.3386pt, 28.45274pt)
* v-part:(T,H,B)=(0.0pt, 256.0748pt, 0.0pt)
* \paperwidth=455.24408pt
* \paperheight=256.0748pt
* \textwidth=398.3386pt
* \textheight=227.62207pt
* \oddsidemargin=-43.81725pt
* \evensidemargin=-43.81725pt
* \topmargin=-72.26999pt
* \headheight=14.22636pt
* \headsep=0.0pt
* \topskip=11.0pt
* \footskip=14.22636pt
* \marginparwidth=4.0pt
* \marginparsep=10.0pt
* \columnsep=10.0pt
* \skip\footins=10.0pt plus 4.0pt minus 2.0pt
* \hoffset=0.0pt
* \voffset=0.0pt
* \mag=1000
* \@twocolumnfalse
* \@twosidefalse
* \@mparswitchfalse
* \@reversemarginfalse
* (1in=72.27pt=25.4mm, 1cm=28.453pt)

(/usr/share/texmf-dist/tex/context/base/mkii/supp-pdf.mkii
[Loading MPS to PDF converter (version 2006.09.02).]
\scratchcounter=\count327
\scratchdimen=\dimen297
\scratchbox=\box73
\nofMPsegments=\count328
\nofMParguments=\count329
\everyMPshowfont=\toks44
\MPscratchCnt=\count330
\MPscratchDim=\dimen298
\MPnumerator=\count331
\makeMPintoPDFobject=\count332
\everyMPtoPDFconversion=\toks45
) (/usr/share/texmf-dist/tex/latex/epstopdf-pkg/epstopdf-base.sty
Package: epstopdf-base 2020-01-24 v2.11 Base part for package epstopdf
Package epstopdf-base Info: Redefining graphics rule for `.eps' on input line 4
85.

(/usr/share/texmf-dist/tex/latex/latexconfig/epstopdf-sys.cfg
File: epstopdf-sys.cfg 2010/07/13 v1.3 Configuration of (r)epstopdf for TeX Liv
e
))
Package hyperref Info: Link coloring OFF on input line 32.

(/usr/share/texmf-dist/tex/latex/hyperref/nameref.sty
Package: nameref 2021-04-02 v2.47 Cross-referencing by name of section

(/usr/share/texmf-dist/tex/latex/refcount/refcount.sty
Package: refcount 2019/12/15 v3.6 Data extraction from label references (HO)
)
(/usr/share/texmf-dist/tex/generic/gettitlestring/gettitlestring.sty
Package: gettitlestring 2019/12/15 v1.6 Cleanup title references (HO)
)
\c@section@level=\count333
)
LaTeX Info: Redefining \ref on input line 32.
LaTeX Info: Redefining \pageref on input line 32.
LaTeX Info: Redefining \nameref on input line 32.

(./pNivåmåling.out) (./pNivåmåling.out)
\@outlinefile=\write5
\openout5 = `pNivåmåling.out'.

LaTeX Font Info:    Overwriting symbol font `operators' in version `normal'
(Font)                  OT1/cmr/m/n --> OT1/cmss/m/n on input line 32.
LaTeX Font Info:    Overwriting symbol font `operators' in version `bold'
(Font)                  OT1/cmr/bx/n --> OT1/cmss/b/n on input line 32.
\symnumbers=\mathgroup6
\sympureletters=\mathgroup7
LaTeX Font Info:    Overwriting math alphabet `\mathrm' in version `normal'
(Font)                  OT1/cmss/m/n --> OT1/cmr/m/n on input line 32.
LaTeX Font Info:    Redeclaring math alphabet \mathbf on input line 32.
LaTeX Font Info:    Overwriting math alphabet `\mathbf' in version `normal'
(Font)                  OT1/cmr/bx/n --> OT1/cmss/b/n on input line 32.
LaTeX Font Info:    Overwriting math alphabet `\mathbf' in version `bold'
(Font)                  OT1/cmr/bx/n --> OT1/cmss/b/n on input line 32.
LaTeX Font Info:    Redeclaring math alphabet \mathsf on input line 32.
LaTeX Font Info:    Overwriting math alphabet `\mathsf' in version `normal'
(Font)                  OT1/cmss/m/n --> OT1/cmss/m/n on input line 32.
LaTeX Font Info:    Overwriting math alphabet `\mathsf' in version `bold'
(Font)                  OT1/cmss/bx/n --> OT1/cmss/m/n on input line 32.
LaTeX Font Info:    Redeclaring math alphabet \mathit on input line 32.
LaTeX Font Info:    Overwriting math alphabet `\mathit' in version `normal'
(Font)                  OT1/cmr/m/it --> OT1/cmss/m/it on input line 32.
LaTeX Font Info:    Overwriting math alphabet `\mathit' in version `bold'
(Font)                  OT1/cmr/bx/it --> OT1/cmss/m/it on input line 32.
LaTeX Font Info:    Redeclaring math alphabet \mathtt on input line 32.
LaTeX Font Info:    Overwriting math alphabet `\mathtt' in version `normal'
(Font)                  OT1/cmtt/m/n --> OT1/cmtt/m/n on input line 32.
LaTeX Font Info:    Overwriting math alphabet `\mathtt' in version `bold'
(Font)                  OT1/cmtt/m/n --> OT1/cmtt/m/n on input line 32.
LaTeX Font Info:    Overwriting symbol font `numbers' in version `bold'
(Font)                  OT1/cmss/m/n --> OT1/cmss/b/n on input line 32.
LaTeX Font Info:    Overwriting symbol font `pureletters' in version `bold'
(Font)                  OT1/cmss/m/it --> OT1/cmss/b/it on input line 32.
LaTeX Font Info:    Overwriting math alphabet `\mathrm' in version `bold'
(Font)                  OT1/cmss/b/n --> OT1/cmr/b/n on input line 32.
LaTeX Font Info:    Overwriting math alphabet `\mathbf' in version `bold'
(Font)                  OT1/cmss/b/n --> OT1/cmss/b/n on input line 32.
LaTeX Font Info:    Overwriting math alphabet `\mathsf' in version `bold'
(Font)                  OT1/cmss/m/n --> OT1/cmss/b/n on input line 32.
LaTeX Font Info:    Overwriting math alphabet `\mathit' in version `bold'
(Font)                  OT1/cmss/m/it --> OT1/cmss/b/it on input line 32.
LaTeX Font Info:    Overwriting math alphabet `\mathtt' in version `bold'
(Font)                  OT1/cmtt/m/n --> OT1/cmtt/b/n on input line 32.
LaTeX Font Info:    Redeclaring symbol font `pureletters' on input line 32.
LaTeX Font Info:    Overwriting symbol font `pureletters' in version `normal'
(Font)                  OT1/cmss/m/it --> OT1/mathkerncmss/m/sl on input line 3
2.
LaTeX Font Info:    Overwriting symbol font `pureletters' in version `bold'
(Font)                  OT1/cmss/b/it --> OT1/mathkerncmss/m/sl on input line 3
2.
LaTeX Font Info:    Overwriting symbol font `pureletters' in version `bold'
(Font)                  OT1/mathkerncmss/m/sl --> OT1/mathkerncmss/bx/sl on inp
ut line 32.

(/usr/share/texmf-dist/tex/latex/translator/translator-basic-dictionary-English
.dict
Dictionary: translator-basic-dictionary, Language: English 
)
(/usr/share/texmf-dist/tex/latex/translator/translator-bibliography-dictionary-
English.dict
Dictionary: translator-bibliography-dictionary, Language: English 
)
(/usr/share/texmf-dist/tex/latex/translator/translator-environment-dictionary-E
nglish.dict
Dictionary: translator-environment-dictionary, Language: English 
)
(/usr/share/texmf-dist/tex/latex/translator/translator-months-dictionary-Englis
h.dict
Dictionary: translator-months-dictionary, Language: English 
)
(/usr/share/texmf-dist/tex/latex/translator/translator-numbers-dictionary-Engli
sh.dict
Dictionary: translator-numbers-dictionary, Language: English 
)
(/usr/share/texmf-dist/tex/latex/translator/translator-theorem-dictionary-Engli
sh.dict
Dictionary: translator-theorem-dictionary, Language: English 
) (./pNivåmåling.nav) [1

{/var/lib/texmf/fonts/map/pdftex/updmap/pdftex.map}]
LaTeX Font Info:    Trying to load font information for U+msa on input line 55.

 (/usr/share/texmf-dist/tex/latex/amsfonts/umsa.fd
File: umsa.fd 2013/01/14 v3.01 AMS symbols A
)
LaTeX Font Info:    Trying to load font information for U+msb on input line 55.


(/usr/share/texmf-dist/tex/latex/amsfonts/umsb.fd
File: umsb.fd 2013/01/14 v3.01 AMS symbols B
)
LaTeX Font Info:    Trying to load font information for OT1+mathkerncmss on inp
ut line 55.

(/usr/share/texmf-dist/tex/latex/sansmathaccent/ot1mathkerncmss.fd
File: ot1mathkerncmss.fd 2020/01/31 Fontinst v1.933 font definitions for OT1/ma
thkerncmss.
)
Package epstopdf Info: Source file: <sightglass_1.eps>
(epstopdf)                    date: 2020-06-12 13:07:23
(epstopdf)                    size: 129030 bytes
(epstopdf)             Output file: <sightglass_1-eps-converted-to.pdf>
(epstopdf)                    date: 2020-09-14 10:12:01
(epstopdf)                    size: 103556 bytes
(epstopdf)             Command: <repstopdf --outfile=sightglass_1-eps-converted
-to.pdf sightglass_1.eps>
(epstopdf)             \includegraphics on input line 55.
Package epstopdf Info: Output file is already uptodate.
<sightglass_1-eps-converted-to.pdf, id=44, 557.08125pt x 742.775pt>
File: sightglass_1-eps-converted-to.pdf Graphic file (type pdf)
<use sightglass_1-eps-converted-to.pdf>
Package pdftex.def Info: sightglass_1-eps-converted-to.pdf  used on input line 
55.
(pdftex.def)             Requested size: 151.24698pt x 201.6606pt.
 [2

 <./sightglass_1-eps-converted-to.pdf>]
Package epstopdf Info: Source file: <level20.eps>
(epstopdf)                    date: 2020-06-12 13:07:19
(epstopdf)                    size: 9579 bytes
(epstopdf)             Output file: <level20-eps-converted-to.pdf>
(epstopdf)                    date: 2020-09-14 10:12:01
(epstopdf)                    size: 5848 bytes
(epstopdf)             Command: <repstopdf --outfile=level20-eps-converted-to.p
df level20.eps>
(epstopdf)             \includegraphics on input line 79.
Package epstopdf Info: Output file is already uptodate.
<level20-eps-converted-to.pdf, id=72, 281.05pt x 202.7575pt>
File: level20-eps-converted-to.pdf Graphic file (type pdf)
<use level20-eps-converted-to.pdf>
Package pdftex.def Info: level20-eps-converted-to.pdf  used on input line 79.
(pdftex.def)             Requested size: 279.53546pt x 201.6606pt.
 [3

 <./level20-eps-converted-to.pdf>]
Package epstopdf Info: Source file: <level21.eps>
(epstopdf)                    date: 2020-06-12 13:07:19
(epstopdf)                    size: 9312 bytes
(epstopdf)             Output file: <level21-eps-converted-to.pdf>
(epstopdf)                    date: 2020-09-14 10:12:03
(epstopdf)                    size: 5039 bytes
(epstopdf)             Command: <repstopdf --outfile=level21-eps-converted-to.p
df level21.eps>
(epstopdf)             \includegraphics on input line 115.
Package epstopdf Info: Output file is already uptodate.
<level21-eps-converted-to.pdf, id=102, 282.05376pt x 197.73875pt>
File: level21-eps-converted-to.pdf Graphic file (type pdf)
<use level21-eps-converted-to.pdf>
Package pdftex.def Info: level21-eps-converted-to.pdf  used on input line 115.
(pdftex.def)             Requested size: 287.65228pt x 201.6606pt.
 [4

 <./level21-eps-converted-to.pdf>]
Package epstopdf Info: Source file: <level22.eps>
(epstopdf)                    date: 2020-06-12 13:07:19
(epstopdf)                    size: 9210 bytes
(epstopdf)             Output file: <level22-eps-converted-to.pdf>
(epstopdf)                    date: 2020-09-14 10:12:04
(epstopdf)                    size: 4353 bytes
(epstopdf)             Command: <repstopdf --outfile=level22-eps-converted-to.p
df level22.eps>
(epstopdf)             \includegraphics on input line 132.
Package epstopdf Info: Output file is already uptodate.
<level22-eps-converted-to.pdf, id=133, 253.94875pt x 197.73875pt>
File: level22-eps-converted-to.pdf Graphic file (type pdf)
<use level22-eps-converted-to.pdf>
Package pdftex.def Info: level22-eps-converted-to.pdf  used on input line 132.
(pdftex.def)             Requested size: 258.98941pt x 201.6606pt.
 [5

 <./level22-eps-converted-to.pdf>]
Package epstopdf Info: Source file: <level24.eps>
(epstopdf)                    date: 2020-06-12 13:07:19
(epstopdf)                    size: 9441 bytes
(epstopdf)             Output file: <level24-eps-converted-to.pdf>
(epstopdf)                    date: 2020-09-14 10:12:05
(epstopdf)                    size: 5436 bytes
(epstopdf)             Command: <repstopdf --outfile=level24-eps-converted-to.p
df level24.eps>
(epstopdf)             \includegraphics on input line 141.
Package epstopdf Info: Output file is already uptodate.
<level24-eps-converted-to.pdf, id=163, 260.975pt x 197.73875pt>
File: level24-eps-converted-to.pdf Graphic file (type pdf)
<use level24-eps-converted-to.pdf>
Package pdftex.def Info: level24-eps-converted-to.pdf  used on input line 141.
(pdftex.def)             Requested size: 266.15514pt x 201.6606pt.
 [6

 <./level24-eps-converted-to.pdf>]
Package epstopdf Info: Source file: <level25.eps>
(epstopdf)                    date: 2020-06-12 13:07:19
(epstopdf)                    size: 9485 bytes
(epstopdf)             Output file: <level25-eps-converted-to.pdf>
(epstopdf)                    date: 2020-09-14 10:12:06
(epstopdf)                    size: 52340 bytes
(epstopdf)             Command: <repstopdf --outfile=level25-eps-converted-to.p
df level25.eps>
(epstopdf)             \includegraphics on input line 164.
Package epstopdf Info: Output file is already uptodate.
<level25-eps-converted-to.pdf, id=193, 222.8325pt x 134.5025pt>
File: level25-eps-converted-to.pdf Graphic file (type pdf)
<use level25-eps-converted-to.pdf>
Package pdftex.def Info: level25-eps-converted-to.pdf  used on input line 164.
(pdftex.def)             Requested size: 334.09831pt x 201.6606pt.
 [7

 <./level25-eps-converted-to.pdf>]
Package epstopdf Info: Source file: <level03.eps>
(epstopdf)                    date: 2020-06-12 13:07:19
(epstopdf)                    size: 10148 bytes
(epstopdf)             Output file: <level03-eps-converted-to.pdf>
(epstopdf)                    date: 2020-09-14 10:12:07
(epstopdf)                    size: 4812 bytes
(epstopdf)             Command: <repstopdf --outfile=level03-eps-converted-to.p
df level03.eps>
(epstopdf)             \includegraphics on input line 185.
Package epstopdf Info: Output file is already uptodate.
<level03-eps-converted-to.pdf, id=224, 134.5025pt x 202.7575pt>
File: level03-eps-converted-to.pdf Graphic file (type pdf)
<use level03-eps-converted-to.pdf>
Package pdftex.def Info: level03-eps-converted-to.pdf  used on input line 185.
(pdftex.def)             Requested size: 133.77766pt x 201.6606pt.
 [8

 <./level03-eps-converted-to.pdf>]
Package epstopdf Info: Source file: <level04.eps>
(epstopdf)                    date: 2020-06-12 13:07:19
(epstopdf)                    size: 9109 bytes
(epstopdf)             Output file: <level04-eps-converted-to.pdf>
(epstopdf)                    date: 2020-09-14 10:12:07
(epstopdf)                    size: 4939 bytes
(epstopdf)             Command: <repstopdf --outfile=level04-eps-converted-to.p
df level04.eps>
(epstopdf)             \includegraphics on input line 200.
Package epstopdf Info: Output file is already uptodate.
<level04-eps-converted-to.pdf, id=255, 134.5025pt x 179.67125pt>
File: level04-eps-converted-to.pdf Graphic file (type pdf)
<use level04-eps-converted-to.pdf>
Package pdftex.def Info: level04-eps-converted-to.pdf  used on input line 200.
(pdftex.def)             Requested size: 150.97423pt x 201.6606pt.
 [9

 <./level04-eps-converted-to.pdf>]
Package epstopdf Info: Source file: <level05.eps>
(epstopdf)                    date: 2020-06-12 13:07:19
(epstopdf)                    size: 10588 bytes
(epstopdf)             Output file: <level05-eps-converted-to.pdf>
(epstopdf)                    date: 2020-09-14 10:12:08
(epstopdf)                    size: 6421 bytes
(epstopdf)             Command: <repstopdf --outfile=level05-eps-converted-to.p
df level05.eps>
(epstopdf)             \includegraphics on input line 211.
Package epstopdf Info: Output file is already uptodate.
<level05-eps-converted-to.pdf, id=285, 387.4475pt x 223.83624pt>
File: level05-eps-converted-to.pdf Graphic file (type pdf)
<use level05-eps-converted-to.pdf>
Package pdftex.def Info: level05-eps-converted-to.pdf  used on input line 211.
(pdftex.def)             Requested size: 349.07198pt x 201.6606pt.
 [10

 <./level05-eps-converted-to.pdf>]
Package epstopdf Info: Source file: <level_tape_1.eps>
(epstopdf)                    date: 2020-06-12 13:07:19
(epstopdf)                    size: 57120 bytes
(epstopdf)             Output file: <level_tape_1-eps-converted-to.pdf>
(epstopdf)                    date: 2020-09-14 10:12:08
(epstopdf)                    size: 47026 bytes
(epstopdf)             Command: <repstopdf --outfile=level_tape_1-eps-converted
-to.pdf level_tape_1.eps>
(epstopdf)             \includegraphics on input line 222.
Package epstopdf Info: Output file is already uptodate.
<level_tape_1-eps-converted-to.pdf, id=315, 536.0025pt x 805.0075pt>
File: level_tape_1-eps-converted-to.pdf Graphic file (type pdf)
<use level_tape_1-eps-converted-to.pdf>
Package pdftex.def Info: level_tape_1-eps-converted-to.pdf  used on input line 
222.
(pdftex.def)             Requested size: 134.27019pt x 201.6606pt.
 [11

 <./level_tape_1-eps-converted-to.pdf>]
Package epstopdf Info: Source file: <level06.eps>
(epstopdf)                    date: 2020-06-12 13:07:19
(epstopdf)                    size: 9400 bytes
(epstopdf)             Output file: <level06-eps-converted-to.pdf>
(epstopdf)                    date: 2020-09-14 10:12:09
(epstopdf)                    size: 4540 bytes
(epstopdf)             Command: <repstopdf --outfile=level06-eps-converted-to.p
df level06.eps>
(epstopdf)             \includegraphics on input line 235.
Package epstopdf Info: Output file is already uptodate.
<level06-eps-converted-to.pdf, id=343, 155.58125pt x 176.66pt>
File: level06-eps-converted-to.pdf Graphic file (type pdf)
<use level06-eps-converted-to.pdf>
Package pdftex.def Info: level06-eps-converted-to.pdf  used on input line 235.
(pdftex.def)             Requested size: 177.60185pt x 201.6606pt.
 [12

 <./level06-eps-converted-to.pdf>]
Package epstopdf Info: Source file: <level26.eps>
(epstopdf)                    date: 2020-06-12 13:07:19
(epstopdf)                    size: 9123 bytes
(epstopdf)             Output file: <level26-eps-converted-to.pdf>
(epstopdf)                    date: 2020-09-14 10:12:09
(epstopdf)                    size: 5183 bytes
(epstopdf)             Command: <repstopdf --outfile=level26-eps-converted-to.p
df level26.eps>
(epstopdf)             \includegraphics on input line 250.
Package epstopdf Info: Output file is already uptodate.
<level26-eps-converted-to.pdf, id=374, 281.05pt x 197.73875pt>
File: level26-eps-converted-to.pdf Graphic file (type pdf)
<use level26-eps-converted-to.pdf>
Package pdftex.def Info: level26-eps-converted-to.pdf  used on input line 250.
(pdftex.def)             Requested size: 286.6286pt x 201.6606pt.
 [13

 <./level26-eps-converted-to.pdf>]
Package epstopdf Info: Source file: <level65.eps>
(epstopdf)                    date: 2020-06-12 13:07:19
(epstopdf)                    size: 137167 bytes
(epstopdf)             Output file: <level65-eps-converted-to.pdf>
(epstopdf)                    date: 2020-09-14 10:12:10
(epstopdf)                    size: 110041 bytes
(epstopdf)             Command: <repstopdf --outfile=level65-eps-converted-to.p
df level65.eps>
(epstopdf)             \includegraphics on input line 263.
Package epstopdf Info: Output file is already uptodate.
<level65-eps-converted-to.pdf, id=405, 536.0025pt x 805.0075pt>
File: level65-eps-converted-to.pdf Graphic file (type pdf)
<use level65-eps-converted-to.pdf>
Package pdftex.def Info: level65-eps-converted-to.pdf  used on input line 263.
(pdftex.def)             Requested size: 134.27019pt x 201.6606pt.
 [14

 <./level65-eps-converted-to.pdf>]
Package epstopdf Info: Source file: <level01.eps>
(epstopdf)                    date: 2020-06-12 13:07:19
(epstopdf)                    size: 12604 bytes
(epstopdf)             Output file: <level01-eps-converted-to.pdf>
(epstopdf)                    date: 2020-09-14 10:12:12
(epstopdf)                    size: 9367 bytes
(epstopdf)             Command: <repstopdf --outfile=level01-eps-converted-to.p
df level01.eps>
(epstopdf)             \includegraphics on input line 302.
Package epstopdf Info: Output file is already uptodate.
<level01-eps-converted-to.pdf, id=433, 382.42876pt x 212.795pt>
File: level01-eps-converted-to.pdf Graphic file (type pdf)
<use level01-eps-converted-to.pdf>
Package pdftex.def Info: level01-eps-converted-to.pdf  used on input line 302.
(pdftex.def)             Requested size: 317.12984pt x 176.45158pt.
 [15

 <./level01-eps-converted-to.pdf>]
<hydrostatic_level_2.jpg, id=472, 1027.84pt x 683.55376pt>
File: hydrostatic_level_2.jpg Graphic file (type jpg)
<use hydrostatic_level_2.jpg>
Package pdftex.def Info: hydrostatic_level_2.jpg  used on input line 382.
(pdftex.def)             Requested size: 303.22586pt x 201.6606pt.
 [16

 <./hydrostatic_level_2.jpg>]
Package epstopdf Info: Source file: <level02.eps>
(epstopdf)                    date: 2020-06-12 13:07:19
(epstopdf)                    size: 9827 bytes
(epstopdf)             Output file: <level02-eps-converted-to.pdf>
(epstopdf)                    date: 2020-09-14 10:12:13
(epstopdf)                    size: 5899 bytes
(epstopdf)             Command: <repstopdf --outfile=level02-eps-converted-to.p
df level02.eps>
(epstopdf)             \includegraphics on input line 397.
Package epstopdf Info: Output file is already uptodate.
<level02-eps-converted-to.pdf, id=498, 296.10625pt x 278.03876pt>
File: level02-eps-converted-to.pdf Graphic file (type pdf)
<use level02-eps-converted-to.pdf>
Package pdftex.def Info: level02-eps-converted-to.pdf  used on input line 397.
(pdftex.def)             Requested size: 214.76866pt x 201.6606pt.
 [17

 <./level02-eps-converted-to.pdf>]
Package epstopdf Info: Source file: <rosemount_hydrostatic.eps>
(epstopdf)                    date: 2020-06-12 13:07:23
(epstopdf)                    size: 117323 bytes
(epstopdf)             Output file: <rosemount_hydrostatic-eps-converted-to.pdf
>
(epstopdf)                    date: 2020-09-14 10:11:45
(epstopdf)                    size: 94350 bytes
(epstopdf)             Command: <repstopdf --outfile=rosemount_hydrostatic-eps-
converted-to.pdf rosemount_hydrostatic.eps>
(epstopdf)             \includegraphics on input line 410.
Package epstopdf Info: Output file is already uptodate.
<rosemount_hydrostatic-eps-converted-to.pdf, id=528, 557.08125pt x 462.72874pt>

File: rosemount_hydrostatic-eps-converted-to.pdf Graphic file (type pdf)
<use rosemount_hydrostatic-eps-converted-to.pdf>
Package pdftex.def Info: rosemount_hydrostatic-eps-converted-to.pdf  used on in
put line 410.
(pdftex.def)             Requested size: 242.7789pt x 201.6606pt.
 [18

 <./rosemount_hydrostatic-eps-converted-to.pdf>]
Package epstopdf Info: Source file: <level61.eps>
(epstopdf)                    date: 2020-06-12 13:07:19
(epstopdf)                    size: 10420 bytes
(epstopdf)             Output file: <level61-eps-converted-to.pdf>
(epstopdf)                    date: 2020-09-14 10:12:14
(epstopdf)                    size: 6350 bytes
(epstopdf)             Command: <repstopdf --outfile=level61-eps-converted-to.p
df level61.eps>
(epstopdf)             \includegraphics on input line 477.
Package epstopdf Info: Output file is already uptodate.
<level61-eps-converted-to.pdf, id=556, 302.12875pt x 247.92625pt>
File: level61-eps-converted-to.pdf Graphic file (type pdf)
<use level61-eps-converted-to.pdf>
Package pdftex.def Info: level61-eps-converted-to.pdf  used on input line 477.
(pdftex.def)             Requested size: 242.71294pt x 199.16928pt.
 [19

 <./level61-eps-converted-to.pdf>]
Package epstopdf Info: Source file: <level62.eps>
(epstopdf)                    date: 2020-06-12 13:07:19
(epstopdf)                    size: 10632 bytes
(epstopdf)             Output file: <level62-eps-converted-to.pdf>
(epstopdf)                    date: 2020-09-14 10:12:14
(epstopdf)                    size: 8096 bytes
(epstopdf)             Command: <repstopdf --outfile=level62-eps-converted-to.p
df level62.eps>
(epstopdf)             \includegraphics on input line 491.
Package epstopdf Info: Output file is already uptodate.
<level62-eps-converted-to.pdf, id=588, 349.305pt x 192.72pt>
File: level62-eps-converted-to.pdf Graphic file (type pdf)
<use level62-eps-converted-to.pdf>
Package pdftex.def Info: level62-eps-converted-to.pdf  used on input line 491.
(pdftex.def)             Requested size: 360.99272pt x 199.16928pt.
 [20

 <./level62-eps-converted-to.pdf>]
Package epstopdf Info: Source file: <level16.eps>
(epstopdf)                    date: 2020-06-12 13:07:19
(epstopdf)                    size: 13855 bytes
(epstopdf)             Output file: <level16-eps-converted-to.pdf>
(epstopdf)                    date: 2020-09-14 10:12:15
(epstopdf)                    size: 9227 bytes
(epstopdf)             Command: <repstopdf --outfile=level16-eps-converted-to.p
df level16.eps>
(epstopdf)             \includegraphics on input line 506.
Package epstopdf Info: Output file is already uptodate.
<level16-eps-converted-to.pdf, id=624, 380.42125pt x 252.945pt>
File: level16-eps-converted-to.pdf Graphic file (type pdf)
<use level16-eps-converted-to.pdf>
Package pdftex.def Info: level16-eps-converted-to.pdf  used on input line 506.
(pdftex.def)             Requested size: 299.54848pt x 199.16928pt.
 [21

 <./level16-eps-converted-to.pdf>]
Package epstopdf Info: Source file: <level67.eps>
(epstopdf)                    date: 2020-06-12 13:07:19
(epstopdf)                    size: 9608 bytes
(epstopdf)             Output file: <level67-eps-converted-to.pdf>
(epstopdf)                    date: 2020-09-14 10:12:16
(epstopdf)                    size: 4591 bytes
(epstopdf)             Command: <repstopdf --outfile=level67-eps-converted-to.p
df level67.eps>
(epstopdf)             \includegraphics on input line 538.
Package epstopdf Info: Output file is already uptodate.
<level67-eps-converted-to.pdf, id=657, 103.38625pt x 145.54375pt>
File: level67-eps-converted-to.pdf Graphic file (type pdf)
<use level67-eps-converted-to.pdf>
Package pdftex.def Info: level67-eps-converted-to.pdf  used on input line 538.
(pdftex.def)             Requested size: 141.49pt x 199.16928pt.
 [22

 <./level67-eps-converted-to.pdf>]
<hydrostatic_level_1.jpg, id=687, 1027.84pt x 683.55376pt>
File: hydrostatic_level_1.jpg Graphic file (type jpg)
<use hydrostatic_level_1.jpg>
Package pdftex.def Info: hydrostatic_level_1.jpg  used on input line 554.
(pdftex.def)             Requested size: 299.47748pt x 199.16928pt.
 [23

 <./hydrostatic_level_1.jpg>]
Package epstopdf Info: Source file: <level17x01.eps>
(epstopdf)                    date: 2022-03-21 23:12:40
(epstopdf)                    size: 12361 bytes
(epstopdf)             Output file: <level17x01-eps-converted-to.pdf>
(epstopdf)                    date: 2022-03-21 23:12:54
(epstopdf)                    size: 9877 bytes
(epstopdf)             Command: <repstopdf --outfile=level17x01-eps-converted-t
o.pdf level17x01.eps>
(epstopdf)             \includegraphics on input line 565.
Package epstopdf Info: Output file is already uptodate.
<level17x01-eps-converted-to.pdf, id=714, 202.7575pt x 262.9825pt>
File: level17x01-eps-converted-to.pdf Graphic file (type pdf)
<use level17x01-eps-converted-to.pdf>
Package pdftex.def Info: level17x01-eps-converted-to.pdf  used on input line 56
5.
(pdftex.def)             Requested size: 153.56516pt x 199.16928pt.
 [24

 <./level17x01-eps-converted-to.pdf>] [25

]
Package epstopdf Info: Source file: <level18x01.eps>
(epstopdf)                    date: 2022-03-22 05:42:47
(epstopdf)                    size: 12321 bytes
(epstopdf)             Output file: <level18x01-eps-converted-to.pdf>
(epstopdf)                    date: 2022-03-22 06:03:19
(epstopdf)                    size: 10420 bytes
(epstopdf)             Command: <repstopdf --outfile=level18x01-eps-converted-t
o.pdf level18x01.eps>
(epstopdf)             \includegraphics on input line 614.
Package epstopdf Info: Output file is already uptodate.
<level18x01-eps-converted-to.pdf, id=779, 294.09875pt x 177.66376pt>
File: level18x01-eps-converted-to.pdf Graphic file (type pdf)
<use level18x01-eps-converted-to.pdf>
Package pdftex.def Info: level18x01-eps-converted-to.pdf  used on input line 61
4.
(pdftex.def)             Requested size: 329.70695pt x 199.16928pt.
 [26

 <./level18x01-eps-converted-to.pdf>]
Package epstopdf Info: Source file: <level19.eps>
(epstopdf)                    date: 2022-03-22 05:48:44
(epstopdf)                    size: 13054 bytes
(epstopdf)             Output file: <level19-eps-converted-to.pdf>
(epstopdf)                    date: 2022-03-22 06:03:19
(epstopdf)                    size: 11365 bytes
(epstopdf)             Command: <repstopdf --outfile=level19-eps-converted-to.p
df level19.eps>
(epstopdf)             \includegraphics on input line 629.
Package epstopdf Info: Output file is already uptodate.
<level19-eps-converted-to.pdf, id=819, 322.20375pt x 194.7275pt>
File: level19-eps-converted-to.pdf Graphic file (type pdf)
<use level19-eps-converted-to.pdf>
Package pdftex.def Info: level19-eps-converted-to.pdf  used on input line 629.
(pdftex.def)             Requested size: 329.56284pt x 199.16928pt.
 [27

 <./level19-eps-converted-to.pdf>]
Package epstopdf Info: Source file: <level07.eps>
(epstopdf)                    date: 2022-03-15 14:01:59
(epstopdf)                    size: 12424 bytes
(epstopdf)             Output file: <level07-eps-converted-to.pdf>
(epstopdf)                    date: 2022-03-15 14:07:07
(epstopdf)                    size: 10328 bytes
(epstopdf)             Command: <repstopdf --outfile=level07-eps-converted-to.p
df level07.eps>
(epstopdf)             \includegraphics on input line 647.
Package epstopdf Info: Output file is already uptodate.
<level07-eps-converted-to.pdf, id=858, 309.155pt x 213.79875pt>
File: level07-eps-converted-to.pdf Graphic file (type pdf)
<use level07-eps-converted-to.pdf>
Package pdftex.def Info: level07-eps-converted-to.pdf  used on input line 647.
(pdftex.def)             Requested size: 288.00177pt x 199.16928pt.
 [28

 <./level07-eps-converted-to.pdf>]
Package epstopdf Info: Source file: <level08.eps>
(epstopdf)                    date: 2022-03-15 14:03:57
(epstopdf)                    size: 12721 bytes
(epstopdf)             Output file: <level08-eps-converted-to.pdf>
(epstopdf)                    date: 2022-03-15 14:07:08
(epstopdf)                    size: 9556 bytes
(epstopdf)             Command: <repstopdf --outfile=level08-eps-converted-to.p
df level08.eps>
(epstopdf)             \includegraphics on input line 664.
Package epstopdf Info: Output file is already uptodate.
<level08-eps-converted-to.pdf, id=898, 309.155pt x 213.79875pt>
File: level08-eps-converted-to.pdf Graphic file (type pdf)
<use level08-eps-converted-to.pdf>
Package pdftex.def Info: level08-eps-converted-to.pdf  used on input line 664.
(pdftex.def)             Requested size: 288.00177pt x 199.16928pt.
 [29

 <./level08-eps-converted-to.pdf>]
Package epstopdf Info: Source file: <level09.eps>
(epstopdf)                    date: 2022-03-15 14:06:22
(epstopdf)                    size: 13232 bytes
(epstopdf)             Output file: <level09-eps-converted-to.pdf>
(epstopdf)                    date: 2022-03-15 14:07:08
(epstopdf)                    size: 10506 bytes
(epstopdf)             Command: <repstopdf --outfile=level09-eps-converted-to.p
df level09.eps>
(epstopdf)             \includegraphics on input line 681.
Package epstopdf Info: Output file is already uptodate.
<level09-eps-converted-to.pdf, id=936, 327.2225pt x 213.79875pt>
File: level09-eps-converted-to.pdf Graphic file (type pdf)
<use level09-eps-converted-to.pdf>
Package pdftex.def Info: level09-eps-converted-to.pdf  used on input line 681.
(pdftex.def)             Requested size: 304.83304pt x 199.16928pt.
 [30

 <./level09-eps-converted-to.pdf>]
Package epstopdf Info: Source file: <level10.eps>
(epstopdf)                    date: 2020-06-12 13:07:19
(epstopdf)                    size: 11687 bytes
(epstopdf)             Output file: <level10-eps-converted-to.pdf>
(epstopdf)                    date: 2020-09-14 10:12:20
(epstopdf)                    size: 7526 bytes
(epstopdf)             Command: <repstopdf --outfile=level10-eps-converted-to.p
df level10.eps>
(epstopdf)             \includegraphics on input line 698.
Package epstopdf Info: Output file is already uptodate.
<level10-eps-converted-to.pdf, id=973, 423.5825pt x 207.77625pt>
File: level10-eps-converted-to.pdf Graphic file (type pdf)
<use level10-eps-converted-to.pdf>
Package pdftex.def Info: level10-eps-converted-to.pdf  used on input line 698.
(pdftex.def)             Requested size: 406.05289pt x 199.16928pt.

Overfull \hbox (7.7143pt too wide) detected at line 698
[]
 []

[31

 <./level10-eps-converted-to.pdf>]
Package epstopdf Info: Source file: <level64.eps>
(epstopdf)                    date: 2020-06-12 13:07:19
(epstopdf)                    size: 181306 bytes
(epstopdf)             Output file: <level64-eps-converted-to.pdf>
(epstopdf)                    date: 2020-09-14 10:12:22
(epstopdf)                    size: 145209 bytes
(epstopdf)             Command: <repstopdf --outfile=level64-eps-converted-to.p
df level64.eps>
(epstopdf)             \includegraphics on input line 711.
Package epstopdf Info: Output file is already uptodate.
<level64-eps-converted-to.pdf, id=1004, 516.93124pt x 805.0075pt>
File: level64-eps-converted-to.pdf Graphic file (type pdf)
<use level64-eps-converted-to.pdf>
Package pdftex.def Info: level64-eps-converted-to.pdf  used on input line 711.
(pdftex.def)             Requested size: 127.89157pt x 199.16928pt.
 [32

 <./level64-eps-converted-to.pdf>]
Package epstopdf Info: Source file: <level63.eps>
(epstopdf)                    date: 2020-06-12 13:07:19
(epstopdf)                    size: 11574 bytes
(epstopdf)             Output file: <level63-eps-converted-to.pdf>
(epstopdf)                    date: 2020-09-14 10:12:22
(epstopdf)                    size: 7380 bytes
(epstopdf)             Command: <repstopdf --outfile=level63-eps-converted-to.p
df level63.eps>
(epstopdf)             \includegraphics on input line 724.
Package epstopdf Info: Output file is already uptodate.
<level63-eps-converted-to.pdf, id=1032, 256.96pt x 317.185pt>
File: level63-eps-converted-to.pdf Graphic file (type pdf)
<use level63-eps-converted-to.pdf>
Package pdftex.def Info: level63-eps-converted-to.pdf  used on input line 724.
(pdftex.def)             Requested size: 161.35632pt x 199.16928pt.

[33

 <./level63-eps-converted-to.pdf>]
Package epstopdf Info: Source file: <level68x01.eps>
(epstopdf)                    date: 2022-03-22 06:10:31
(epstopdf)                    size: 13261 bytes
(epstopdf)             Output file: <level68x01-eps-converted-to.pdf>
(epstopdf)                    date: 2022-03-22 06:10:44
(epstopdf)                    size: 10757 bytes
(epstopdf)             Command: <repstopdf --outfile=level68x01-eps-converted-t
o.pdf level68x01.eps>
(epstopdf)             \includegraphics on input line 739.
Package epstopdf Info: Output file is already uptodate.
<level68x01-eps-converted-to.pdf, id=1063, 326.21875pt x 220.825pt>
File: level68x01-eps-converted-to.pdf Graphic file (type pdf)
<use level68x01-eps-converted-to.pdf>
Package pdftex.def Info: level68x01-eps-converted-to.pdf  used on input line 73
9.
(pdftex.def)             Requested size: 294.24124pt x 199.16928pt.
 [34

 <./level68x01-eps-converted-to.pdf>]
[35

]
Package epstopdf Info: Source file: <level11.eps>
(epstopdf)                    date: 2020-06-12 13:07:19
(epstopdf)                    size: 11885 bytes
(epstopdf)             Output file: <level11-eps-converted-to.pdf>
(epstopdf)                    date: 2020-09-14 10:12:23
(epstopdf)                    size: 13007 bytes
(epstopdf)             Command: <repstopdf --outfile=level11-eps-converted-to.p
df level11.eps>
(epstopdf)             \includegraphics on input line 819.
Package epstopdf Info: Output file is already uptodate.
<level11-eps-converted-to.pdf, id=1128, 338.26375pt x 227.85126pt>
File: level11-eps-converted-to.pdf Graphic file (type pdf)
<use level11-eps-converted-to.pdf>
Package pdftex.def Info: level11-eps-converted-to.pdf  used on input line 819.
(pdftex.def)             Requested size: 295.691pt x 199.16928pt.
 [36

 <./level11-eps-converted-to.pdf>]
Package epstopdf Info: Source file: <level12.eps>
(epstopdf)                    date: 2020-06-12 13:07:19
(epstopdf)                    size: 11633 bytes
(epstopdf)             Output file: <level12-eps-converted-to.pdf>
(epstopdf)                    date: 2020-09-14 10:12:24
(epstopdf)                    size: 12837 bytes
(epstopdf)             Command: <repstopdf --outfile=level12-eps-converted-to.p
df level12.eps>
(epstopdf)             \includegraphics on input line 838.
Package epstopdf Info: Output file is already uptodate.
<level12-eps-converted-to.pdf, id=1169, 365.365pt x 243.91125pt>
File: level12-eps-converted-to.pdf Graphic file (type pdf)
<use level12-eps-converted-to.pdf>
Package pdftex.def Info: level12-eps-converted-to.pdf  used on input line 838.
(pdftex.def)             Requested size: 298.34686pt x 199.16928pt.
 [37

 <./level12-eps-converted-to.pdf>]
Package epstopdf Info: Source file: <level13.eps>
(epstopdf)                    date: 2020-06-12 13:07:19
(epstopdf)                    size: 12481 bytes
(epstopdf)             Output file: <level13-eps-converted-to.pdf>
(epstopdf)                    date: 2020-09-14 10:12:24
(epstopdf)                    size: 14151 bytes
(epstopdf)             Command: <repstopdf --outfile=level13-eps-converted-to.p
df level13.eps>
(epstopdf)             \includegraphics on input line 851.
Package epstopdf Info: Output file is already uptodate.
<level13-eps-converted-to.pdf, id=1213, 365.365pt x 283.0575pt>
File: level13-eps-converted-to.pdf Graphic file (type pdf)
<use level13-eps-converted-to.pdf>
Package pdftex.def Info: level13-eps-converted-to.pdf  used on input line 851.
(pdftex.def)             Requested size: 257.09175pt x 199.16928pt.
 [38

 <./level13-eps-converted-to.pdf>]
Package epstopdf Info: Source file: <level69.eps>
(epstopdf)                    date: 2020-06-12 13:07:19
(epstopdf)                    size: 182772 bytes
(epstopdf)             Output file: <level69-eps-converted-to.pdf>
(epstopdf)                    date: 2020-09-14 10:12:26
(epstopdf)                    size: 146739 bytes
(epstopdf)             Command: <repstopdf --outfile=level69-eps-converted-to.p
df level69.eps>
(epstopdf)             \includegraphics on input line 914.
Package epstopdf Info: Output file is already uptodate.
<level69-eps-converted-to.pdf, id=1253, 557.08125pt x 427.5975pt>
File: level69-eps-converted-to.pdf Graphic file (type pdf)
<use level69-eps-converted-to.pdf>
Package pdftex.def Info: level69-eps-converted-to.pdf  used on input line 914.
(pdftex.def)             Requested size: 259.48212pt x 199.16928pt.
 [39

 <./level69-eps-converted-to.pdf>]
Package epstopdf Info: Source file: <level34.eps>
(epstopdf)                    date: 2021-03-29 09:06:00
(epstopdf)                    size: 11224 bytes
(epstopdf)             Output file: <level34-eps-converted-to.pdf>
(epstopdf)                    date: 2021-03-29 09:13:12
(epstopdf)                    size: 5555 bytes
(epstopdf)             Command: <repstopdf --outfile=level34-eps-converted-to.p
df level34.eps>
(epstopdf)             \includegraphics on input line 1380.
Package epstopdf Info: Output file is already uptodate.
<level34-eps-converted-to.pdf, id=1281, 229.85875pt x 179.67125pt>
File: level34-eps-converted-to.pdf Graphic file (type pdf)
<use level34-eps-converted-to.pdf>
Package pdftex.def Info: level34-eps-converted-to.pdf  used on input line 1380.

(pdftex.def)             Requested size: 254.82353pt x 199.16928pt.

[40

 <./level34-eps-converted-to.pdf>]
Package epstopdf Info: Source file: <ultrasonic_level_transmitter.eps>
(epstopdf)                    date: 2020-06-12 13:07:23
(epstopdf)                    size: 158543 bytes
(epstopdf)             Output file: <ultrasonic_level_transmitter-eps-converted
-to.pdf>
(epstopdf)                    date: 2020-09-14 10:12:42
(epstopdf)                    size: 126890 bytes
(epstopdf)             Command: <repstopdf --outfile=ultrasonic_level_transmitt
er-eps-converted-to.pdf ultrasonic_level_transmitter.eps>
(epstopdf)             \includegraphics on input line 1398.
Package epstopdf Info: Output file is already uptodate.
<ultrasonic_level_transmitter-eps-converted-to.pdf, id=1312, 536.0025pt x 805.0
075pt>
File: ultrasonic_level_transmitter-eps-converted-to.pdf Graphic file (type pdf)

<use ultrasonic_level_transmitter-eps-converted-to.pdf>
Package pdftex.def Info: ultrasonic_level_transmitter-eps-converted-to.pdf  use
d on input line 1398.
(pdftex.def)             Requested size: 132.60991pt x 199.16928pt.
Package epstopdf Info: Source file: <ultrasonic_level_transducer.eps>
(epstopdf)                    date: 2020-06-12 13:07:23
(epstopdf)                    size: 61933 bytes
(epstopdf)             Output file: <ultrasonic_level_transducer-eps-converted-
to.pdf>
(epstopdf)                    date: 2020-09-14 10:12:42
(epstopdf)                    size: 50813 bytes
(epstopdf)             Command: <repstopdf --outfile=ultrasonic_level_transduce
r-eps-converted-to.pdf ultrasonic_level_transducer.eps>
(epstopdf)             \includegraphics on input line 1398.
Package epstopdf Info: Output file is already uptodate.
<ultrasonic_level_transducer-eps-converted-to.pdf, id=1313, 536.0025pt x 805.00
75pt>
File: ultrasonic_level_transducer-eps-converted-to.pdf Graphic file (type pdf)
<use ultrasonic_level_transducer-eps-converted-to.pdf>
Package pdftex.def Info: ultrasonic_level_transducer-eps-converted-to.pdf  used
 on input line 1398.
(pdftex.def)             Requested size: 132.60991pt x 199.16928pt.
 [41

 <./ultrasonic_level_transmitter-eps-converted-to.pdf> <./ultrasonic_level_tran
sducer-eps-converted-to.pdf>]
Package epstopdf Info: Source file: <level75.eps>
(epstopdf)                    date: 2020-06-12 13:07:19
(epstopdf)                    size: 215350 bytes
(epstopdf)             Output file: <level75-eps-converted-to.pdf>
(epstopdf)                    date: 2020-09-14 10:12:44
(epstopdf)                    size: 193908 bytes
(epstopdf)             Command: <repstopdf --outfile=level75-eps-converted-to.p
df level75.eps>
(epstopdf)             \includegraphics on input line 1410.
Package epstopdf Info: Output file is already uptodate.
<level75-eps-converted-to.pdf, id=1343, 536.0025pt x 805.0075pt>
File: level75-eps-converted-to.pdf Graphic file (type pdf)
<use level75-eps-converted-to.pdf>
Package pdftex.def Info: level75-eps-converted-to.pdf  used on input line 1410.

(pdftex.def)             Requested size: 132.60991pt x 199.16928pt.
 [42

 <./level75-eps-converted-to.pdf>]
Package epstopdf Info: Source file: <level35.eps>
(epstopdf)                    date: 2020-06-12 13:07:19
(epstopdf)                    size: 9442 bytes
(epstopdf)             Output file: <level35-eps-converted-to.pdf>
(epstopdf)                    date: 2020-09-14 10:12:44
(epstopdf)                    size: 5298 bytes
(epstopdf)             Command: <repstopdf --outfile=level35-eps-converted-to.p
df level35.eps>
(epstopdf)             \includegraphics on input line 1423.
Package epstopdf Info: Output file is already uptodate.
<level35-eps-converted-to.pdf, id=1371, 194.7275pt x 174.6525pt>
File: level35-eps-converted-to.pdf Graphic file (type pdf)
<use level35-eps-converted-to.pdf>
Package pdftex.def Info: level35-eps-converted-to.pdf  used on input line 1423.

(pdftex.def)             Requested size: 222.07483pt x 199.16928pt.
 [43

 <./level35-eps-converted-to.pdf>]
Package epstopdf Info: Source file: <level39.eps>
(epstopdf)                    date: 2020-06-12 13:07:19
(epstopdf)                    size: 12524 bytes
(epstopdf)             Output file: <level39-eps-converted-to.pdf>
(epstopdf)                    date: 2020-09-14 10:12:45
(epstopdf)                    size: 7815 bytes
(epstopdf)             Command: <repstopdf --outfile=level39-eps-converted-to.p
df level39.eps>
(epstopdf)             \includegraphics on input line 1442.
Package epstopdf Info: Output file is already uptodate.
<level39-eps-converted-to.pdf, id=1403, 397.485pt x 222.8325pt>
File: level39-eps-converted-to.pdf Graphic file (type pdf)
<use level39-eps-converted-to.pdf>
Package pdftex.def Info: level39-eps-converted-to.pdf  used on input line 1442.

(pdftex.def)             Requested size: 355.27681pt x 199.16928pt.
 [44

 <./level39-eps-converted-to.pdf>]
Package epstopdf Info: Source file: <level37.eps>
(epstopdf)                    date: 2020-06-12 13:07:19
(epstopdf)                    size: 11583 bytes
(epstopdf)             Output file: <level37-eps-converted-to.pdf>
(epstopdf)                    date: 2020-09-14 10:12:45
(epstopdf)                    size: 8053 bytes
(epstopdf)             Command: <repstopdf --outfile=level37-eps-converted-to.p
df level37.eps>
(epstopdf)             \includegraphics on input line 1472.
Package epstopdf Info: Output file is already uptodate.
<level37-eps-converted-to.pdf, id=1436, 338.26375pt x 260.975pt>
File: level37-eps-converted-to.pdf Graphic file (type pdf)
<use level37-eps-converted-to.pdf>
Package pdftex.def Info: level37-eps-converted-to.pdf  used on input line 1472.

(pdftex.def)             Requested size: 258.1567pt x 199.16928pt.
 [45

 <./level37-eps-converted-to.pdf>]
Package epstopdf Info: Source file: <radar_noncontact_01.eps>
(epstopdf)                    date: 2020-06-12 13:07:23
(epstopdf)                    size: 123004 bytes
(epstopdf)             Output file: <radar_noncontact_01-eps-converted-to.pdf>
(epstopdf)                    date: 2020-09-14 10:12:46
(epstopdf)                    size: 98891 bytes
(epstopdf)             Command: <repstopdf --outfile=radar_noncontact_01-eps-co
nverted-to.pdf radar_noncontact_01.eps>
(epstopdf)             \includegraphics on input line 1482.
Package epstopdf Info: Output file is already uptodate.
<radar_noncontact_01-eps-converted-to.pdf, id=1469, 536.0025pt x 805.0075pt>
File: radar_noncontact_01-eps-converted-to.pdf Graphic file (type pdf)
<use radar_noncontact_01-eps-converted-to.pdf>
Package pdftex.def Info: radar_noncontact_01-eps-converted-to.pdf  used on inpu
t line 1482.
(pdftex.def)             Requested size: 144.35457pt x 216.81pt.
Package epstopdf Info: Source file: <radar_guided_01.eps>
(epstopdf)                    date: 2020-06-12 13:07:23
(epstopdf)                    size: 2444460 bytes
(epstopdf)             Output file: <radar_guided_01-eps-converted-to.pdf>
(epstopdf)                    date: 2020-09-14 10:12:59
(epstopdf)                    size: 163746 bytes
(epstopdf)             Command: <repstopdf --outfile=radar_guided_01-eps-conver
ted-to.pdf radar_guided_01.eps>
(epstopdf)             \includegraphics on input line 1482.
Package epstopdf Info: Output file is already uptodate.
<radar_guided_01-eps-converted-to.pdf, id=1470, 227.85126pt x 343.2825pt>
File: radar_guided_01-eps-converted-to.pdf Graphic file (type pdf)
<use radar_guided_01-eps-converted-to.pdf>
Package pdftex.def Info: radar_guided_01-eps-converted-to.pdf  used on input li
ne 1482.
(pdftex.def)             Requested size: 143.90515pt x 216.81pt.

Overfull \vbox (5.70871pt too high) detected at line 1482
 []

[46

 <./radar_noncontact_01-eps-converted-to.pdf> <./radar_guided_01-eps-converted-
to.pdf>]
Package epstopdf Info: Source file: <level41.eps>
(epstopdf)                    date: 2020-06-12 13:07:19
(epstopdf)                    size: 9602 bytes
(epstopdf)             Output file: <level41-eps-converted-to.pdf>
(epstopdf)                    date: 2020-09-14 10:12:59
(epstopdf)                    size: 7552 bytes
(epstopdf)             Command: <repstopdf --outfile=level41-eps-converted-to.p
df level41.eps>
(epstopdf)             \includegraphics on input line 1495.
Package epstopdf Info: Output file is already uptodate.
<level41-eps-converted-to.pdf, id=1500, 196.735pt x 260.975pt>
File: level41-eps-converted-to.pdf Graphic file (type pdf)
<use level41-eps-converted-to.pdf>
Package pdftex.def Info: level41-eps-converted-to.pdf  used on input line 1495.

(pdftex.def)             Requested size: 150.14453pt x 199.16928pt.
 [47

 <./level41-eps-converted-to.pdf>]
Package epstopdf Info: Source file: <level36.eps>
(epstopdf)                    date: 2020-06-12 13:07:19
(epstopdf)                    size: 9105 bytes
(epstopdf)             Output file: <level36-eps-converted-to.pdf>
(epstopdf)                    date: 2020-09-14 10:13:00
(epstopdf)                    size: 9315 bytes
(epstopdf)             Command: <repstopdf --outfile=level36-eps-converted-to.p
df level36.eps>
(epstopdf)             \includegraphics on input line 1544.
Package epstopdf Info: Output file is already uptodate.
<level36-eps-converted-to.pdf, id=1534, 215.80624pt x 231.86626pt>
File: level36-eps-converted-to.pdf Graphic file (type pdf)
<use level36-eps-converted-to.pdf>
Package pdftex.def Info: level36-eps-converted-to.pdf  used on input line 1544.

(pdftex.def)             Requested size: 185.379pt x 199.16928pt.
 [48

 <./level36-eps-converted-to.pdf>]
Package epstopdf Info: Source file: <level38.eps>
(epstopdf)                    date: 2020-06-12 13:07:19
(epstopdf)                    size: 10352 bytes
(epstopdf)             Output file: <level38-eps-converted-to.pdf>
(epstopdf)                    date: 2020-09-14 10:13:00
(epstopdf)                    size: 8918 bytes
(epstopdf)             Command: <repstopdf --outfile=level38-eps-converted-to.p
df level38.eps>
(epstopdf)             \includegraphics on input line 1586.
Package epstopdf Info: Output file is already uptodate.
<level38-eps-converted-to.pdf, id=1571, 351.3125pt x 186.6975pt>
File: level38-eps-converted-to.pdf Graphic file (type pdf)
<use level38-eps-converted-to.pdf>
Package pdftex.def Info: level38-eps-converted-to.pdf  used on input line 1586.

(pdftex.def)             Requested size: 374.79637pt x 199.16928pt.
 [49

 <./level38-eps-converted-to.pdf>]
Package epstopdf Info: Source file: <level51.eps>
(epstopdf)                    date: 2020-06-12 13:07:19
(epstopdf)                    size: 42748 bytes
(epstopdf)             Output file: <level51-eps-converted-to.pdf>
(epstopdf)                    date: 2020-09-14 10:13:01
(epstopdf)                    size: 7491 bytes
(epstopdf)             Command: <repstopdf --outfile=level51-eps-converted-to.p
df level51.eps>
(epstopdf)             \includegraphics on input line 1634.
Package epstopdf Info: Output file is already uptodate.
<level51-eps-converted-to.pdf, id=1609, 434.62375pt x 169.63374pt>
File: level51-eps-converted-to.pdf Graphic file (type pdf)
<use level51-eps-converted-to.pdf>
Package pdftex.def Info: level51-eps-converted-to.pdf  used on input line 1634.

(pdftex.def)             Requested size: 398.3386pt x 155.47995pt.
 [50

 <./level51-eps-converted-to.pdf>]
Package epstopdf Info: Source file: <level52.eps>
(epstopdf)                    date: 2020-06-12 13:07:19
(epstopdf)                    size: 45076 bytes
(epstopdf)             Output file: <level52-eps-converted-to.pdf>
(epstopdf)                    date: 2020-09-14 10:13:02
(epstopdf)                    size: 7448 bytes
(epstopdf)             Command: <repstopdf --outfile=level52-eps-converted-to.p
df level52.eps>
(epstopdf)             \includegraphics on input line 1651.
Package epstopdf Info: Output file is already uptodate.
<level52-eps-converted-to.pdf, id=1638, 434.62375pt x 170.6375pt>
File: level52-eps-converted-to.pdf Graphic file (type pdf)
<use level52-eps-converted-to.pdf>
Package pdftex.def Info: level52-eps-converted-to.pdf  used on input line 1651.

(pdftex.def)             Requested size: 398.3386pt x 156.39995pt.
 [51

 <./level52-eps-converted-to.pdf>]
Package epstopdf Info: Source file: <level53.eps>
(epstopdf)                    date: 2020-06-12 13:07:19
(epstopdf)                    size: 10030 bytes
(epstopdf)             Output file: <level53-eps-converted-to.pdf>
(epstopdf)                    date: 2020-09-14 10:13:02
(epstopdf)                    size: 5891 bytes
(epstopdf)             Command: <repstopdf --outfile=level53-eps-converted-to.p
df level53.eps>
(epstopdf)             \includegraphics on input line 1672.
Package epstopdf Info: Output file is already uptodate.
<level53-eps-converted-to.pdf, id=1666, 225.84375pt x 241.90375pt>
File: level53-eps-converted-to.pdf Graphic file (type pdf)
<use level53-eps-converted-to.pdf>
Package pdftex.def Info: level53-eps-converted-to.pdf  used on input line 1672.

(pdftex.def)             Requested size: 185.95465pt x 199.16928pt.
 [52

 <./level53-eps-converted-to.pdf>]
Package epstopdf Info: Source file: <level60.eps>
(epstopdf)                    date: 2020-06-12 13:07:19
(epstopdf)                    size: 65024 bytes
(epstopdf)             Output file: <level60-eps-converted-to.pdf>
(epstopdf)                    date: 2020-09-14 10:13:03
(epstopdf)                    size: 53222 bytes
(epstopdf)             Command: <repstopdf --outfile=level60-eps-converted-to.p
df level60.eps>
(epstopdf)             \includegraphics on input line 1719.
Package epstopdf Info: Output file is already uptodate.
<level60-eps-converted-to.pdf, id=1696, 281.05pt x 805.0075pt>
File: level60-eps-converted-to.pdf Graphic file (type pdf)
<use level60-eps-converted-to.pdf>
Package pdftex.def Info: level60-eps-converted-to.pdf  used on input line 1719.

(pdftex.def)             Requested size: 69.53328pt x 199.16928pt.
Package epstopdf Info: Source file: <level58.eps>
(epstopdf)                    date: 2020-06-12 13:07:19
(epstopdf)                    size: 10720 bytes
(epstopdf)             Output file: <level58-eps-converted-to.pdf>
(epstopdf)                    date: 2020-09-14 10:13:03
(epstopdf)                    size: 9209 bytes
(epstopdf)             Command: <repstopdf --outfile=level58-eps-converted-to.p
df level58.eps>
(epstopdf)             \includegraphics on input line 1719.
Package epstopdf Info: Output file is already uptodate.
<level58-eps-converted-to.pdf, id=1697, 171.64125pt x 242.9075pt>
File: level58-eps-converted-to.pdf Graphic file (type pdf)
<use level58-eps-converted-to.pdf>
Package pdftex.def Info: level58-eps-converted-to.pdf  used on input line 1719.

(pdftex.def)             Requested size: 140.73361pt x 199.16928pt.
 [53

 <./level60-eps-converted-to.pdf> <./level58-eps-converted-to.pdf>]
Package epstopdf Info: Source file: <level59.eps>
(epstopdf)                    date: 2020-06-12 13:07:19
(epstopdf)                    size: 10977 bytes
(epstopdf)             Output file: <level59-eps-converted-to.pdf>
(epstopdf)                    date: 2020-09-14 10:13:04
(epstopdf)                    size: 8717 bytes
(epstopdf)             Command: <repstopdf --outfile=level59-eps-converted-to.p
df level59.eps>
(epstopdf)             \includegraphics on input line 1733.
Package epstopdf Info: Output file is already uptodate.
<level59-eps-converted-to.pdf, id=1733, 225.84375pt x 241.90375pt>
File: level59-eps-converted-to.pdf Graphic file (type pdf)
<use level59-eps-converted-to.pdf>
Package pdftex.def Info: level59-eps-converted-to.pdf  used on input line 1733.

(pdftex.def)             Requested size: 185.95465pt x 199.16928pt.

[54

 <./level59-eps-converted-to.pdf>]
Package epstopdf Info: Source file: <loadcell_2.eps>
(epstopdf)                    date: 2020-06-12 13:07:20
(epstopdf)                    size: 165044 bytes
(epstopdf)             Output file: <loadcell_2-eps-converted-to.pdf>
(epstopdf)                    date: 2020-09-14 10:13:05
(epstopdf)                    size: 131930 bytes
(epstopdf)             Command: <repstopdf --outfile=loadcell_2-eps-converted-t
o.pdf loadcell_2.eps>
(epstopdf)             \includegraphics on input line 1758.
Package epstopdf Info: Output file is already uptodate.
<loadcell_2-eps-converted-to.pdf, id=1767, 557.08125pt x 453.695pt>
File: loadcell_2-eps-converted-to.pdf Graphic file (type pdf)
<use loadcell_2-eps-converted-to.pdf>
Package pdftex.def Info: loadcell_2-eps-converted-to.pdf  used on input line 17
58.
(pdftex.def)             Requested size: 244.55548pt x 199.16928pt.
 [55

 <./loadcell_2-eps-converted-to.pdf>]
Package epstopdf Info: Source file: <loadcell_4.eps>
(epstopdf)                    date: 2020-06-12 13:07:20
(epstopdf)                    size: 133332 bytes
(epstopdf)             Output file: <loadcell_4-eps-converted-to.pdf>
(epstopdf)                    date: 2020-09-14 10:13:06
(epstopdf)                    size: 107012 bytes
(epstopdf)             Command: <repstopdf --outfile=loadcell_4-eps-converted-t
o.pdf loadcell_4.eps>
(epstopdf)             \includegraphics on input line 1768.
Package epstopdf Info: Output file is already uptodate.
<loadcell_4-eps-converted-to.pdf, id=1796, 557.08125pt x 418.56375pt>
File: loadcell_4-eps-converted-to.pdf Graphic file (type pdf)
<use loadcell_4-eps-converted-to.pdf>
Package pdftex.def Info: loadcell_4-eps-converted-to.pdf  used on input line 17
68.
(pdftex.def)             Requested size: 265.07536pt x 199.16928pt.

[56

 <./loadcell_4-eps-converted-to.pdf>]
Package epstopdf Info: Source file: <loadcell_3.eps>
(epstopdf)                    date: 2020-06-12 13:07:20
(epstopdf)                    size: 123222 bytes
(epstopdf)             Output file: <loadcell_3-eps-converted-to.pdf>
(epstopdf)                    date: 2020-09-14 10:13:07
(epstopdf)                    size: 98998 bytes
(epstopdf)             Command: <repstopdf --outfile=loadcell_3-eps-converted-t
o.pdf loadcell_3.eps>
(epstopdf)             \includegraphics on input line 1785.
Package epstopdf Info: Output file is already uptodate.
<loadcell_3-eps-converted-to.pdf, id=1824, 557.08125pt x 376.40625pt>
File: loadcell_3-eps-converted-to.pdf Graphic file (type pdf)
<use loadcell_3-eps-converted-to.pdf>
Package pdftex.def Info: loadcell_3-eps-converted-to.pdf  used on input line 17
85.
(pdftex.def)             Requested size: 294.77563pt x 199.16928pt.
 [57

 <./loadcell_3-eps-converted-to.pdf>]
Package epstopdf Info: Source file: <level42.eps>
(epstopdf)                    date: 2020-06-12 13:07:19
(epstopdf)                    size: 16225 bytes
(epstopdf)             Output file: <level42-eps-converted-to.pdf>
(epstopdf)                    date: 2020-09-14 10:13:07
(epstopdf)                    size: 6548 bytes
(epstopdf)             Command: <repstopdf --outfile=level42-eps-converted-to.p
df level42.eps>
(epstopdf)             \includegraphics on input line 1800.
Package epstopdf Info: Output file is already uptodate.
<level42-eps-converted-to.pdf, id=1851, 423.5825pt x 264.99pt>
File: level42-eps-converted-to.pdf Graphic file (type pdf)
<use level42-eps-converted-to.pdf>
Package pdftex.def Info: level42-eps-converted-to.pdf  used on input line 1800.

(pdftex.def)             Requested size: 318.3712pt x 199.16928pt.
 [58

 <./level42-eps-converted-to.pdf>]
\tf@nav=\write6
\openout6 = `pNivåmåling.nav'.

\tf@toc=\write7
\openout7 = `pNivåmåling.toc'.

\tf@snm=\write8
\openout8 = `pNivåmåling.snm'.

 (./pNivåmåling.aux)
Package rerunfilecheck Info: File `pNivåmåling.out' has not changed.
(rerunfilecheck)             Checksum: D41D8CD98F00B204E9800998ECF8427E;0.
 ) 
Here is how much of TeX's memory you used:
 21032 strings out of 478994
 386216 string characters out of 5864750
 671796 words of memory out of 5000000
 37900 multiletter control sequences out of 15000+600000
 410474 words of font info for 52 fonts, out of 8000000 for 9000
 1141 hyphenation exceptions out of 8191
 131i,14n,132p,2445b,546s stack positions out of 5000i,500n,10000p,200000b,80000s
</usr/share/texmf-dist/fonts/type1/public/amsfonts/cm/cmmi10.pfb></usr/share/
texmf-dist/fonts/type1/public/amsfonts/cm/cmss10.pfb></usr/share/texmf-dist/fon
ts/type1/public/amsfonts/cm/cmss12.pfb></usr/share/texmf-dist/fonts/type1/publi
c/amsfonts/cm/cmss8.pfb></usr/share/texmf-dist/fonts/type1/public/amsfonts/cm/c
mssbx10.pfb></usr/share/texmf-dist/fonts/type1/public/amsfonts/cm/cmssi10.pfb><
/usr/share/texmf-dist/fonts/type1/public/amsfonts/cm/cmsy10.pfb>
Output written on pNivåmåling.pdf (58 pages, 2283590 bytes).
PDF statistics:
 1933 PDF objects out of 2073 (max. 8388607)
 1683 compressed objects within 17 object streams
 117 named destinations out of 1000 (max. 500000)
 333 words of extra memory for PDF output out of 10000 (max. 10000000)

