This is pdfTeX, Version 3.141592653-2.6-1.40.22 (TeX Live 2021/Arch Linux) (preloaded format=pdflatex 2021.12.22)  13 FEB 2022 10:53
entering extended mode
 restricted \write18 enabled.
 %&-line parsing enabled.
**pRegMet.tex
(./pRegMet.tex
LaTeX2e <2020-10-01> patch level 4
L3 programming layer <2021-02-18>
(/usr/share/texmf-dist/tex/latex/beamer/beamer.cls
Document Class: beamer 2021/03/19 v3.62 A class for typesetting presentations
(/usr/share/texmf-dist/tex/latex/beamer/beamerbasemodes.sty
(/usr/share/texmf-dist/tex/latex/etoolbox/etoolbox.sty
Package: etoolbox 2020/10/05 v2.5k e-TeX tools for LaTeX (JAW)
\etb@tempcnta=\count179
)
\beamer@tempbox=\box47
\beamer@tempcount=\count180
\c@beamerpauses=\count181

(/usr/share/texmf-dist/tex/latex/beamer/beamerbasedecode.sty
\beamer@slideinframe=\count182
\beamer@minimum=\count183
\beamer@decode@box=\box48
)
\beamer@commentbox=\box49
\beamer@modecount=\count184
)
(/usr/share/texmf-dist/tex/generic/iftex/ifpdf.sty
Package: ifpdf 2019/10/25 v3.4 ifpdf legacy package. Use iftex instead.

(/usr/share/texmf-dist/tex/generic/iftex/iftex.sty
Package: iftex 2020/03/06 v1.0d TeX engine tests
))
\headdp=\dimen138
\footheight=\dimen139
\sidebarheight=\dimen140
\beamer@tempdim=\dimen141
\beamer@finalheight=\dimen142
\beamer@animht=\dimen143
\beamer@animdp=\dimen144
\beamer@animwd=\dimen145
\beamer@leftmargin=\dimen146
\beamer@rightmargin=\dimen147
\beamer@leftsidebar=\dimen148
\beamer@rightsidebar=\dimen149
\beamer@boxsize=\dimen150
\beamer@vboxoffset=\dimen151
\beamer@descdefault=\dimen152
\beamer@descriptionwidth=\dimen153
\beamer@lastskip=\skip47
\beamer@areabox=\box50
\beamer@animcurrent=\box51
\beamer@animshowbox=\box52
\beamer@sectionbox=\box53
\beamer@logobox=\box54
\beamer@linebox=\box55
\beamer@sectioncount=\count185
\beamer@subsubsectionmax=\count186
\beamer@subsectionmax=\count187
\beamer@sectionmax=\count188
\beamer@totalheads=\count189
\beamer@headcounter=\count190
\beamer@partstartpage=\count191
\beamer@sectionstartpage=\count192
\beamer@subsectionstartpage=\count193
\beamer@animationtempa=\count194
\beamer@animationtempb=\count195
\beamer@xpos=\count196
\beamer@ypos=\count197
\beamer@ypos@offset=\count198
\beamer@showpartnumber=\count199
\beamer@currentsubsection=\count266
\beamer@coveringdepth=\count267
\beamer@sectionadjust=\count268
\beamer@tocsectionnumber=\count269

(/usr/share/texmf-dist/tex/latex/beamer/beamerbaseoptions.sty
(/usr/share/texmf-dist/tex/latex/graphics/keyval.sty
Package: keyval 2014/10/28 v1.15 key=value parser (DPC)
\KV@toks@=\toks15
))
\beamer@paperwidth=\skip48
\beamer@paperheight=\skip49

(/usr/share/texmf-dist/tex/latex/geometry/geometry.sty
Package: geometry 2020/01/02 v5.9 Page Geometry

(/usr/share/texmf-dist/tex/generic/iftex/ifvtex.sty
Package: ifvtex 2019/10/25 v1.7 ifvtex legacy package. Use iftex instead.
)
\Gm@cnth=\count270
\Gm@cntv=\count271
\c@Gm@tempcnt=\count272
\Gm@bindingoffset=\dimen154
\Gm@wd@mp=\dimen155
\Gm@odd@mp=\dimen156
\Gm@even@mp=\dimen157
\Gm@layoutwidth=\dimen158
\Gm@layoutheight=\dimen159
\Gm@layouthoffset=\dimen160
\Gm@layoutvoffset=\dimen161
\Gm@dimlist=\toks16
)
(/usr/share/texmf-dist/tex/latex/base/size11.clo
File: size11.clo 2020/04/10 v1.4m Standard LaTeX file (size option)
)
(/usr/share/texmf-dist/tex/latex/pgf/basiclayer/pgfcore.sty
(/usr/share/texmf-dist/tex/latex/graphics/graphicx.sty
Package: graphicx 2020/09/09 v1.2b Enhanced LaTeX Graphics (DPC,SPQR)

(/usr/share/texmf-dist/tex/latex/graphics/graphics.sty
Package: graphics 2020/08/30 v1.4c Standard LaTeX Graphics (DPC,SPQR)

(/usr/share/texmf-dist/tex/latex/graphics/trig.sty
Package: trig 2016/01/03 v1.10 sin cos tan (DPC)
)
(/usr/share/texmf-dist/tex/latex/graphics-cfg/graphics.cfg
File: graphics.cfg 2016/06/04 v1.11 sample graphics configuration
)
Package graphics Info: Driver file: pdftex.def on input line 105.

(/usr/share/texmf-dist/tex/latex/graphics-def/pdftex.def
File: pdftex.def 2020/10/05 v1.2a Graphics/color driver for pdftex
))
\Gin@req@height=\dimen162
\Gin@req@width=\dimen163
)
(/usr/share/texmf-dist/tex/latex/pgf/systemlayer/pgfsys.sty
(/usr/share/texmf-dist/tex/latex/pgf/utilities/pgfrcs.sty
(/usr/share/texmf-dist/tex/generic/pgf/utilities/pgfutil-common.tex
\pgfutil@everybye=\toks17
\pgfutil@tempdima=\dimen164
\pgfutil@tempdimb=\dimen165

(/usr/share/texmf-dist/tex/generic/pgf/utilities/pgfutil-common-lists.tex))
(/usr/share/texmf-dist/tex/generic/pgf/utilities/pgfutil-latex.def
\pgfutil@abb=\box56
)
(/usr/share/texmf-dist/tex/generic/pgf/utilities/pgfrcs.code.tex
(/usr/share/texmf-dist/tex/generic/pgf/pgf.revision.tex)
Package: pgfrcs 2020/12/27 v3.1.8b (3.1.8b)
))
(/usr/share/texmf-dist/tex/generic/pgf/systemlayer/pgfsys.code.tex
Package: pgfsys 2020/12/27 v3.1.8b (3.1.8b)

(/usr/share/texmf-dist/tex/generic/pgf/utilities/pgfkeys.code.tex
\pgfkeys@pathtoks=\toks18
\pgfkeys@temptoks=\toks19

(/usr/share/texmf-dist/tex/generic/pgf/utilities/pgfkeysfiltered.code.tex
\pgfkeys@tmptoks=\toks20
))
\pgf@x=\dimen166
\pgf@y=\dimen167
\pgf@xa=\dimen168
\pgf@ya=\dimen169
\pgf@xb=\dimen170
\pgf@yb=\dimen171
\pgf@xc=\dimen172
\pgf@yc=\dimen173
\pgf@xd=\dimen174
\pgf@yd=\dimen175
\w@pgf@writea=\write3
\r@pgf@reada=\read2
\c@pgf@counta=\count273
\c@pgf@countb=\count274
\c@pgf@countc=\count275
\c@pgf@countd=\count276
\t@pgf@toka=\toks21
\t@pgf@tokb=\toks22
\t@pgf@tokc=\toks23
\pgf@sys@id@count=\count277

(/usr/share/texmf-dist/tex/generic/pgf/systemlayer/pgf.cfg
File: pgf.cfg 2020/12/27 v3.1.8b (3.1.8b)
)
Driver file for pgf: pgfsys-pdftex.def

(/usr/share/texmf-dist/tex/generic/pgf/systemlayer/pgfsys-pdftex.def
File: pgfsys-pdftex.def 2020/12/27 v3.1.8b (3.1.8b)

(/usr/share/texmf-dist/tex/generic/pgf/systemlayer/pgfsys-common-pdf.def
File: pgfsys-common-pdf.def 2020/12/27 v3.1.8b (3.1.8b)
)))
(/usr/share/texmf-dist/tex/generic/pgf/systemlayer/pgfsyssoftpath.code.tex
File: pgfsyssoftpath.code.tex 2020/12/27 v3.1.8b (3.1.8b)
\pgfsyssoftpath@smallbuffer@items=\count278
\pgfsyssoftpath@bigbuffer@items=\count279
)
(/usr/share/texmf-dist/tex/generic/pgf/systemlayer/pgfsysprotocol.code.tex
File: pgfsysprotocol.code.tex 2020/12/27 v3.1.8b (3.1.8b)
))
(/usr/share/texmf-dist/tex/latex/xcolor/xcolor.sty
Package: xcolor 2016/05/11 v2.12 LaTeX color extensions (UK)

(/usr/share/texmf-dist/tex/latex/graphics-cfg/color.cfg
File: color.cfg 2016/01/02 v1.6 sample color configuration
)
Package xcolor Info: Driver file: pdftex.def on input line 225.
Package xcolor Info: Model `cmy' substituted by `cmy0' on input line 1348.
Package xcolor Info: Model `hsb' substituted by `rgb' on input line 1352.
Package xcolor Info: Model `RGB' extended on input line 1364.
Package xcolor Info: Model `HTML' substituted by `rgb' on input line 1366.
Package xcolor Info: Model `Hsb' substituted by `hsb' on input line 1367.
Package xcolor Info: Model `tHsb' substituted by `hsb' on input line 1368.
Package xcolor Info: Model `HSB' substituted by `hsb' on input line 1369.
Package xcolor Info: Model `Gray' substituted by `gray' on input line 1370.
Package xcolor Info: Model `wave' substituted by `hsb' on input line 1371.

(/usr/share/texmf-dist/tex/latex/graphics/dvipsnam.def
File: dvipsnam.def 2016/06/17 v3.0m Driver-dependent file (DPC,SPQR)
))
(/usr/share/texmf-dist/tex/generic/pgf/basiclayer/pgfcore.code.tex
Package: pgfcore 2020/12/27 v3.1.8b (3.1.8b)

(/usr/share/texmf-dist/tex/generic/pgf/math/pgfmath.code.tex
(/usr/share/texmf-dist/tex/generic/pgf/math/pgfmathcalc.code.tex
(/usr/share/texmf-dist/tex/generic/pgf/math/pgfmathutil.code.tex)
(/usr/share/texmf-dist/tex/generic/pgf/math/pgfmathparser.code.tex
\pgfmath@dimen=\dimen176
\pgfmath@count=\count280
\pgfmath@box=\box57
\pgfmath@toks=\toks24
\pgfmath@stack@operand=\toks25
\pgfmath@stack@operation=\toks26
)
(/usr/share/texmf-dist/tex/generic/pgf/math/pgfmathfunctions.code.tex
(/usr/share/texmf-dist/tex/generic/pgf/math/pgfmathfunctions.basic.code.tex)
(/usr/share/texmf-dist/tex/generic/pgf/math/pgfmathfunctions.trigonometric.code
.tex)
(/usr/share/texmf-dist/tex/generic/pgf/math/pgfmathfunctions.random.code.tex)
(/usr/share/texmf-dist/tex/generic/pgf/math/pgfmathfunctions.comparison.code.te
x) (/usr/share/texmf-dist/tex/generic/pgf/math/pgfmathfunctions.base.code.tex)
(/usr/share/texmf-dist/tex/generic/pgf/math/pgfmathfunctions.round.code.tex)
(/usr/share/texmf-dist/tex/generic/pgf/math/pgfmathfunctions.misc.code.tex)
(/usr/share/texmf-dist/tex/generic/pgf/math/pgfmathfunctions.integerarithmetics
.code.tex))) (/usr/share/texmf-dist/tex/generic/pgf/math/pgfmathfloat.code.tex
\c@pgfmathroundto@lastzeros=\count281
)) (/usr/share/texmf-dist/tex/generic/pgf/math/pgfint.code.tex)
(/usr/share/texmf-dist/tex/generic/pgf/basiclayer/pgfcorepoints.code.tex
File: pgfcorepoints.code.tex 2020/12/27 v3.1.8b (3.1.8b)
\pgf@picminx=\dimen177
\pgf@picmaxx=\dimen178
\pgf@picminy=\dimen179
\pgf@picmaxy=\dimen180
\pgf@pathminx=\dimen181
\pgf@pathmaxx=\dimen182
\pgf@pathminy=\dimen183
\pgf@pathmaxy=\dimen184
\pgf@xx=\dimen185
\pgf@xy=\dimen186
\pgf@yx=\dimen187
\pgf@yy=\dimen188
\pgf@zx=\dimen189
\pgf@zy=\dimen190
)
(/usr/share/texmf-dist/tex/generic/pgf/basiclayer/pgfcorepathconstruct.code.tex
File: pgfcorepathconstruct.code.tex 2020/12/27 v3.1.8b (3.1.8b)
\pgf@path@lastx=\dimen191
\pgf@path@lasty=\dimen192
) (/usr/share/texmf-dist/tex/generic/pgf/basiclayer/pgfcorepathusage.code.tex
File: pgfcorepathusage.code.tex 2020/12/27 v3.1.8b (3.1.8b)
\pgf@shorten@end@additional=\dimen193
\pgf@shorten@start@additional=\dimen194
)
(/usr/share/texmf-dist/tex/generic/pgf/basiclayer/pgfcorescopes.code.tex
File: pgfcorescopes.code.tex 2020/12/27 v3.1.8b (3.1.8b)
\pgfpic=\box58
\pgf@hbox=\box59
\pgf@layerbox@main=\box60
\pgf@picture@serial@count=\count282
)
(/usr/share/texmf-dist/tex/generic/pgf/basiclayer/pgfcoregraphicstate.code.tex
File: pgfcoregraphicstate.code.tex 2020/12/27 v3.1.8b (3.1.8b)
\pgflinewidth=\dimen195
)
(/usr/share/texmf-dist/tex/generic/pgf/basiclayer/pgfcoretransformations.code.t
ex
File: pgfcoretransformations.code.tex 2020/12/27 v3.1.8b (3.1.8b)
\pgf@pt@x=\dimen196
\pgf@pt@y=\dimen197
\pgf@pt@temp=\dimen198
) (/usr/share/texmf-dist/tex/generic/pgf/basiclayer/pgfcorequick.code.tex
File: pgfcorequick.code.tex 2020/12/27 v3.1.8b (3.1.8b)
)
(/usr/share/texmf-dist/tex/generic/pgf/basiclayer/pgfcoreobjects.code.tex
File: pgfcoreobjects.code.tex 2020/12/27 v3.1.8b (3.1.8b)
)
(/usr/share/texmf-dist/tex/generic/pgf/basiclayer/pgfcorepathprocessing.code.te
x
File: pgfcorepathprocessing.code.tex 2020/12/27 v3.1.8b (3.1.8b)
) (/usr/share/texmf-dist/tex/generic/pgf/basiclayer/pgfcorearrows.code.tex
File: pgfcorearrows.code.tex 2020/12/27 v3.1.8b (3.1.8b)
\pgfarrowsep=\dimen199
)
(/usr/share/texmf-dist/tex/generic/pgf/basiclayer/pgfcoreshade.code.tex
File: pgfcoreshade.code.tex 2020/12/27 v3.1.8b (3.1.8b)
\pgf@max=\dimen256
\pgf@sys@shading@range@num=\count283
\pgf@shadingcount=\count284
)
(/usr/share/texmf-dist/tex/generic/pgf/basiclayer/pgfcoreimage.code.tex
File: pgfcoreimage.code.tex 2020/12/27 v3.1.8b (3.1.8b)

(/usr/share/texmf-dist/tex/generic/pgf/basiclayer/pgfcoreexternal.code.tex
File: pgfcoreexternal.code.tex 2020/12/27 v3.1.8b (3.1.8b)
\pgfexternal@startupbox=\box61
))
(/usr/share/texmf-dist/tex/generic/pgf/basiclayer/pgfcorelayers.code.tex
File: pgfcorelayers.code.tex 2020/12/27 v3.1.8b (3.1.8b)
)
(/usr/share/texmf-dist/tex/generic/pgf/basiclayer/pgfcoretransparency.code.tex
File: pgfcoretransparency.code.tex 2020/12/27 v3.1.8b (3.1.8b)
) (/usr/share/texmf-dist/tex/generic/pgf/basiclayer/pgfcorepatterns.code.tex
File: pgfcorepatterns.code.tex 2020/12/27 v3.1.8b (3.1.8b)
)
(/usr/share/texmf-dist/tex/generic/pgf/basiclayer/pgfcorerdf.code.tex
File: pgfcorerdf.code.tex 2020/12/27 v3.1.8b (3.1.8b)
)))
(/usr/share/texmf-dist/tex/latex/pgf/utilities/xxcolor.sty
Package: xxcolor 2003/10/24 ver 0.1
\XC@nummixins=\count285
\XC@countmixins=\count286
)
(/usr/share/texmf-dist/tex/latex/base/atbegshi-ltx.sty
Package: atbegshi-ltx 2020/08/17 v1.0a Emulation of the original atbegshi packa
ge
with kernel methods
)
(/usr/share/texmf-dist/tex/latex/hyperref/hyperref.sty
Package: hyperref 2021-02-27 v7.00k Hypertext links for LaTeX

(/usr/share/texmf-dist/tex/generic/ltxcmds/ltxcmds.sty
Package: ltxcmds 2020-05-10 v1.25 LaTeX kernel commands for general use (HO)
)
(/usr/share/texmf-dist/tex/generic/pdftexcmds/pdftexcmds.sty
Package: pdftexcmds 2020-06-27 v0.33 Utility functions of pdfTeX for LuaTeX (HO
)

(/usr/share/texmf-dist/tex/generic/infwarerr/infwarerr.sty
Package: infwarerr 2019/12/03 v1.5 Providing info/warning/error messages (HO)
)
Package pdftexcmds Info: \pdf@primitive is available.
Package pdftexcmds Info: \pdf@ifprimitive is available.
Package pdftexcmds Info: \pdfdraftmode found.
)
(/usr/share/texmf-dist/tex/generic/kvsetkeys/kvsetkeys.sty
Package: kvsetkeys 2019/12/15 v1.18 Key value parser (HO)
)
(/usr/share/texmf-dist/tex/generic/kvdefinekeys/kvdefinekeys.sty
Package: kvdefinekeys 2019-12-19 v1.6 Define keys (HO)
)
(/usr/share/texmf-dist/tex/generic/pdfescape/pdfescape.sty
Package: pdfescape 2019/12/09 v1.15 Implements pdfTeX's escape features (HO)
)
(/usr/share/texmf-dist/tex/latex/hycolor/hycolor.sty
Package: hycolor 2020-01-27 v1.10 Color options for hyperref/bookmark (HO)
)
(/usr/share/texmf-dist/tex/latex/letltxmacro/letltxmacro.sty
Package: letltxmacro 2019/12/03 v1.6 Let assignment for LaTeX macros (HO)
)
(/usr/share/texmf-dist/tex/latex/auxhook/auxhook.sty
Package: auxhook 2019-12-17 v1.6 Hooks for auxiliary files (HO)
)
(/usr/share/texmf-dist/tex/latex/kvoptions/kvoptions.sty
Package: kvoptions 2020-10-07 v3.14 Key value format for package options (HO)
)
\@linkdim=\dimen257
\Hy@linkcounter=\count287
\Hy@pagecounter=\count288

(/usr/share/texmf-dist/tex/latex/hyperref/pd1enc.def
File: pd1enc.def 2021-02-27 v7.00k Hyperref: PDFDocEncoding definition (HO)
Now handling font encoding PD1 ...
... no UTF-8 mapping file for font encoding PD1
)
(/usr/share/texmf-dist/tex/latex/hyperref/hyperref-langpatches.def
File: hyperref-langpatches.def 2021-02-27 v7.00k Hyperref: patches for babel la
nguages
)
(/usr/share/texmf-dist/tex/generic/intcalc/intcalc.sty
Package: intcalc 2019/12/15 v1.3 Expandable calculations with integers (HO)
)
(/usr/share/texmf-dist/tex/generic/etexcmds/etexcmds.sty
Package: etexcmds 2019/12/15 v1.7 Avoid name clashes with e-TeX commands (HO)
)
\Hy@SavedSpaceFactor=\count289

(/usr/share/texmf-dist/tex/latex/hyperref/puenc.def
File: puenc.def 2021-02-27 v7.00k Hyperref: PDF Unicode definition (HO)
Now handling font encoding PU ...
... no UTF-8 mapping file for font encoding PU
)
Package hyperref Info: Option `bookmarks' set `true' on input line 4073.
Package hyperref Info: Option `bookmarksopen' set `true' on input line 4073.
Package hyperref Info: Option `implicit' set `false' on input line 4073.
Package hyperref Info: Hyper figures OFF on input line 4192.
Package hyperref Info: Link nesting OFF on input line 4197.
Package hyperref Info: Hyper index ON on input line 4200.
Package hyperref Info: Plain pages OFF on input line 4207.
Package hyperref Info: Backreferencing OFF on input line 4212.
Package hyperref Info: Implicit mode OFF; no redefinition of LaTeX internals.
Package hyperref Info: Bookmarks ON on input line 4445.
\c@Hy@tempcnt=\count290

(/usr/share/texmf-dist/tex/latex/url/url.sty
\Urlmuskip=\muskip16
Package: url 2013/09/16  ver 3.4  Verb mode for urls, etc.
)
LaTeX Info: Redefining \url on input line 4804.
\XeTeXLinkMargin=\dimen258

(/usr/share/texmf-dist/tex/generic/bitset/bitset.sty
Package: bitset 2019/12/09 v1.3 Handle bit-vector datatype (HO)

(/usr/share/texmf-dist/tex/generic/bigintcalc/bigintcalc.sty
Package: bigintcalc 2019/12/15 v1.5 Expandable calculations on big integers (HO
)
))
\Fld@menulength=\count291
\Field@Width=\dimen259
\Fld@charsize=\dimen260
Package hyperref Info: Hyper figures OFF on input line 6075.
Package hyperref Info: Link nesting OFF on input line 6080.
Package hyperref Info: Hyper index ON on input line 6083.
Package hyperref Info: backreferencing OFF on input line 6090.
Package hyperref Info: Link coloring OFF on input line 6095.
Package hyperref Info: Link coloring with OCG OFF on input line 6100.
Package hyperref Info: PDF/A mode OFF on input line 6105.
LaTeX Info: Redefining \ref on input line 6145.
LaTeX Info: Redefining \pageref on input line 6149.
\Hy@abspage=\count292


Package hyperref Message: Stopped early.

)
Package hyperref Info: Driver (autodetected): hpdftex.
 (/usr/share/texmf-dist/tex/latex/hyperref/hpdftex.def
File: hpdftex.def 2021-02-27 v7.00k Hyperref driver for pdfTeX

(/usr/share/texmf-dist/tex/latex/base/atveryend-ltx.sty
Package: atveryend-ltx 2020/08/19 v1.0a Emulation of the original atvery packag
e
with kernel methods
)
\Fld@listcount=\count293
\c@bookmark@seq@number=\count294

(/usr/share/texmf-dist/tex/latex/rerunfilecheck/rerunfilecheck.sty
Package: rerunfilecheck 2019/12/05 v1.9 Rerun checks for auxiliary files (HO)

(/usr/share/texmf-dist/tex/generic/uniquecounter/uniquecounter.sty
Package: uniquecounter 2019/12/15 v1.4 Provide unlimited unique counter (HO)
)
Package uniquecounter Info: New unique counter `rerunfilecheck' on input line 2
86.
))
(/usr/share/texmf-dist/tex/latex/beamer/beamerbaserequires.sty
(/usr/share/texmf-dist/tex/latex/beamer/beamerbasecompatibility.sty)
(/usr/share/texmf-dist/tex/latex/beamer/beamerbasefont.sty
(/usr/share/texmf-dist/tex/latex/amsfonts/amssymb.sty
Package: amssymb 2013/01/14 v3.01 AMS font symbols

(/usr/share/texmf-dist/tex/latex/amsfonts/amsfonts.sty
Package: amsfonts 2013/01/14 v3.01 Basic AMSFonts support
\@emptytoks=\toks27
\symAMSa=\mathgroup4
\symAMSb=\mathgroup5
LaTeX Font Info:    Redeclaring math symbol \hbar on input line 98.
LaTeX Font Info:    Overwriting math alphabet `\mathfrak' in version `bold'
(Font)                  U/euf/m/n --> U/euf/b/n on input line 106.
))
(/usr/share/texmf-dist/tex/latex/sansmathaccent/sansmathaccent.sty
Package: sansmathaccent 2020/01/31

(/usr/share/texmf-dist/tex/latex/koma-script/scrlfile.sty
Package: scrlfile 2021/03/17 v3.33 KOMA-Script package (file load hooks)

(/usr/share/texmf-dist/tex/latex/koma-script/scrlfile-hook.sty
Package: scrlfile-hook 2021/03/17 v3.33 KOMA-Script package (using LaTeX hooks)


LaTeX3 Info: Defining command \BeforeFile with sig. 'm' on line 61.


LaTeX3 Info: Defining command \AfterFile with sig. 'm' on line 65.


LaTeX3 Info: Defining command \BeforeClass with sig. 'm' on line 69.


LaTeX3 Info: Defining command \BeforePackage with sig. 'm' on line 73.


LaTeX3 Info: Defining command \AfterAtEndOfClass with sig. 'smo+m' on line 83.


LaTeX3 Info: Defining command \AfterAtEndOfPackage with sig. 'smo+m' on line
(LaTeX3)     93.


LaTeX3 Info: Defining command \scrlfile@AfterClass with sig. 'smo+m' on line
(LaTeX3)     173.


LaTeX3 Info: Defining command \AfterClass with sig. '' on line 174.


LaTeX3 Info: Defining command \scrlfile@AfterPackage with sig. 'smo+m' on line
(LaTeX3)     191.


LaTeX3 Info: Defining command \AfterPackage with sig. '' on line 192.


LaTeX3 Info: Defining command \ReplaceInput with sig. '' on line 193.


LaTeX3 Info: Defining command \ReplaceClass with sig. 'mm' on line 196.


LaTeX3 Info: Defining command \ReplacePackage with sig. 'mm' on line 199.


LaTeX3 Info: Defining command \UnReplaceInput with sig. '' on line 200.


LaTeX3 Info: Defining command \UnReplaceClass with sig. 'm' on line 203.


LaTeX3 Info: Defining command \UnReplacePackage with sig. 'mm' on line 206.


LaTeX3 Info: Defining command \PreventPackageFromLoading with sig. 's+om' on
(LaTeX3)     line 234.


LaTeX3 Info: Defining command \StorePreventPackageFromLoading with sig. 'm' on
(LaTeX3)     line 242.


LaTeX3 Info: Defining command \ResetPreventPackageFromLoading with sig. '' on
(LaTeX3)     line 247.


LaTeX3 Info: Defining command \UnPreventPackageFromLoading with sig. 'sm' on
(LaTeX3)     line 261.


LaTeX3 Info: Defining command \BeforeClosingMainAux with sig. 'om' on line
(LaTeX3)     274.


LaTeX3 Info: Defining command \AfterReadingMainAux with sig. 'om' on line 287.


LaTeX3 Info: Defining command \protected@immediate@write with sig. 'm+m+m' on
(LaTeX3)     line 298.


(/usr/share/texmf-dist/tex/latex/koma-script/scrlogo.sty
Package: scrlogo 2021/03/17 v3.33 KOMA-Script package (logo)
)))))
(/usr/share/texmf-dist/tex/latex/beamer/beamerbasetranslator.sty
(/usr/share/texmf-dist/tex/latex/translator/translator.sty
Package: translator 2020-08-03 v1.12c Easy translation of strings in LaTeX
))
(/usr/share/texmf-dist/tex/latex/beamer/beamerbasemisc.sty)
(/usr/share/texmf-dist/tex/latex/beamer/beamerbasetwoscreens.sty)
(/usr/share/texmf-dist/tex/latex/beamer/beamerbaseoverlay.sty
\beamer@argscount=\count295
\beamer@lastskipcover=\skip50
\beamer@trivlistdepth=\count296
)
(/usr/share/texmf-dist/tex/latex/beamer/beamerbasetitle.sty)
(/usr/share/texmf-dist/tex/latex/beamer/beamerbasesection.sty
\c@lecture=\count297
\c@part=\count298
\c@section=\count299
\c@subsection=\count300
\c@subsubsection=\count301
)
(/usr/share/texmf-dist/tex/latex/beamer/beamerbaseframe.sty
\beamer@framebox=\box62
\beamer@frametitlebox=\box63
\beamer@zoombox=\box64
\beamer@zoomcount=\count302
\beamer@zoomframecount=\count303
\beamer@frametextheight=\dimen261
\c@subsectionslide=\count304
\beamer@frametopskip=\skip51
\beamer@framebottomskip=\skip52
\beamer@frametopskipautobreak=\skip53
\beamer@framebottomskipautobreak=\skip54
\beamer@envbody=\toks28
\framewidth=\dimen262
\c@framenumber=\count305
)
(/usr/share/texmf-dist/tex/latex/beamer/beamerbaseverbatim.sty
\beamer@verbatimfileout=\write4
)
(/usr/share/texmf-dist/tex/latex/beamer/beamerbaseframesize.sty
\beamer@splitbox=\box65
\beamer@autobreakcount=\count306
\beamer@autobreaklastheight=\dimen263
\beamer@frametitletoks=\toks29
\beamer@framesubtitletoks=\toks30
)
(/usr/share/texmf-dist/tex/latex/beamer/beamerbaseframecomponents.sty
\beamer@footins=\box66
)
(/usr/share/texmf-dist/tex/latex/beamer/beamerbasecolor.sty)
(/usr/share/texmf-dist/tex/latex/beamer/beamerbasenotes.sty
\beamer@frameboxcopy=\box67
)
(/usr/share/texmf-dist/tex/latex/beamer/beamerbasetoc.sty)
(/usr/share/texmf-dist/tex/latex/beamer/beamerbasetemplates.sty
\beamer@sbttoks=\toks31

(/usr/share/texmf-dist/tex/latex/beamer/beamerbaseauxtemplates.sty
(/usr/share/texmf-dist/tex/latex/beamer/beamerbaseboxes.sty
\bmb@box=\box68
\bmb@colorbox=\box69
\bmb@boxwidth=\dimen264
\bmb@boxheight=\dimen265
\bmb@prevheight=\dimen266
\bmb@temp=\dimen267
\bmb@dima=\dimen268
\bmb@dimb=\dimen269
\bmb@prevheight=\dimen270
)
\beamer@blockheadheight=\dimen271
))
(/usr/share/texmf-dist/tex/latex/beamer/beamerbaselocalstructure.sty
(/usr/share/texmf-dist/tex/latex/tools/enumerate.sty
Package: enumerate 2015/07/23 v3.00 enumerate extensions (DPC)
\@enLab=\toks32
)
\beamer@bibiconwidth=\skip55
\c@figure=\count307
\c@table=\count308
\abovecaptionskip=\skip56
\belowcaptionskip=\skip57
)
(/usr/share/texmf-dist/tex/latex/beamer/beamerbasenavigation.sty
\beamer@section@min@dim=\dimen272
)
(/usr/share/texmf-dist/tex/latex/beamer/beamerbasetheorems.sty
(/usr/share/texmf-dist/tex/latex/amsmath/amsmath.sty
Package: amsmath 2020/09/23 v2.17i AMS math features
\@mathmargin=\skip58

For additional information on amsmath, use the `?' option.
(/usr/share/texmf-dist/tex/latex/amsmath/amstext.sty
Package: amstext 2000/06/29 v2.01 AMS text

(/usr/share/texmf-dist/tex/latex/amsmath/amsgen.sty
File: amsgen.sty 1999/11/30 v2.0 generic functions
\@emptytoks=\toks33
\ex@=\dimen273
))
(/usr/share/texmf-dist/tex/latex/amsmath/amsbsy.sty
Package: amsbsy 1999/11/29 v1.2d Bold Symbols
\pmbraise@=\dimen274
)
(/usr/share/texmf-dist/tex/latex/amsmath/amsopn.sty
Package: amsopn 2016/03/08 v2.02 operator names
)
\inf@bad=\count309
LaTeX Info: Redefining \frac on input line 234.
\uproot@=\count310
\leftroot@=\count311
LaTeX Info: Redefining \overline on input line 399.
\classnum@=\count312
\DOTSCASE@=\count313
LaTeX Info: Redefining \ldots on input line 496.
LaTeX Info: Redefining \dots on input line 499.
LaTeX Info: Redefining \cdots on input line 620.
\Mathstrutbox@=\box70
\strutbox@=\box71
\big@size=\dimen275
LaTeX Font Info:    Redeclaring font encoding OML on input line 743.
LaTeX Font Info:    Redeclaring font encoding OMS on input line 744.
\macc@depth=\count314
\c@MaxMatrixCols=\count315
\dotsspace@=\muskip17
\c@parentequation=\count316
\dspbrk@lvl=\count317
\tag@help=\toks34
\row@=\count318
\column@=\count319
\maxfields@=\count320
\andhelp@=\toks35
\eqnshift@=\dimen276
\alignsep@=\dimen277
\tagshift@=\dimen278
\tagwidth@=\dimen279
\totwidth@=\dimen280
\lineht@=\dimen281
\@envbody=\toks36
\multlinegap=\skip59
\multlinetaggap=\skip60
\mathdisplay@stack=\toks37
LaTeX Info: Redefining \[ on input line 2923.
LaTeX Info: Redefining \] on input line 2924.
)
(/usr/share/texmf-dist/tex/latex/amscls/amsthm.sty
Package: amsthm 2020/05/29 v2.20.6
\thm@style=\toks38
\thm@bodyfont=\toks39
\thm@headfont=\toks40
\thm@notefont=\toks41
\thm@headpunct=\toks42
\thm@preskip=\skip61
\thm@postskip=\skip62
\thm@headsep=\skip63
\dth@everypar=\toks43
)
\c@theorem=\count321
)
(/usr/share/texmf-dist/tex/latex/beamer/beamerbasethemes.sty))
(/usr/share/texmf-dist/tex/latex/beamer/beamerthemedefault.sty
(/usr/share/texmf-dist/tex/latex/beamer/beamerfontthemedefault.sty)
(/usr/share/texmf-dist/tex/latex/beamer/beamercolorthemedefault.sty)
(/usr/share/texmf-dist/tex/latex/beamer/beamerinnerthemedefault.sty
\beamer@dima=\dimen282
\beamer@dimb=\dimen283
)
(/usr/share/texmf-dist/tex/latex/beamer/beamerouterthemedefault.sty)))
(/usr/share/texmf-dist/tex/latex/booktabs/booktabs.sty
Package: booktabs 2020/01/12 v1.61803398 Publication quality tables
\heavyrulewidth=\dimen284
\lightrulewidth=\dimen285
\cmidrulewidth=\dimen286
\belowrulesep=\dimen287
\belowbottomsep=\dimen288
\aboverulesep=\dimen289
\abovetopsep=\dimen290
\cmidrulesep=\dimen291
\cmidrulekern=\dimen292
\defaultaddspace=\dimen293
\@cmidla=\count322
\@cmidlb=\count323
\@aboverulesep=\dimen294
\@belowrulesep=\dimen295
\@thisruleclass=\count324
\@lastruleclass=\count325
\@thisrulewidth=\dimen296
)
(/usr/share/texmf-dist/tex/latex/l3backend/l3backend-pdftex.def
File: l3backend-pdftex.def 2021-03-18 L3 backend support: PDF output (pdfTeX)
\l__color_backend_stack_int=\count326
\l__pdf_internal_box=\box72
) (./pRegMet.aux)
\openout1 = `pRegMet.aux'.

LaTeX Font Info:    Checking defaults for OML/cmm/m/it on input line 30.
LaTeX Font Info:    ... okay on input line 30.
LaTeX Font Info:    Checking defaults for OMS/cmsy/m/n on input line 30.
LaTeX Font Info:    ... okay on input line 30.
LaTeX Font Info:    Checking defaults for OT1/cmr/m/n on input line 30.
LaTeX Font Info:    ... okay on input line 30.
LaTeX Font Info:    Checking defaults for T1/cmr/m/n on input line 30.
LaTeX Font Info:    ... okay on input line 30.
LaTeX Font Info:    Checking defaults for TS1/cmr/m/n on input line 30.
LaTeX Font Info:    ... okay on input line 30.
LaTeX Font Info:    Checking defaults for OMX/cmex/m/n on input line 30.
LaTeX Font Info:    ... okay on input line 30.
LaTeX Font Info:    Checking defaults for U/cmr/m/n on input line 30.
LaTeX Font Info:    ... okay on input line 30.
LaTeX Font Info:    Checking defaults for PD1/pdf/m/n on input line 30.
LaTeX Font Info:    ... okay on input line 30.
LaTeX Font Info:    Checking defaults for PU/pdf/m/n on input line 30.
LaTeX Font Info:    ... okay on input line 30.

*geometry* driver: auto-detecting
*geometry* detected driver: pdftex
*geometry* verbose mode - [ preamble ] result:
* driver: pdftex
* paper: custom
* layout: <same size as paper>
* layoutoffset:(h,v)=(0.0pt,0.0pt)
* modes: includehead includefoot 
* h-part:(L,W,R)=(28.45274pt, 398.3386pt, 28.45274pt)
* v-part:(T,H,B)=(0.0pt, 256.0748pt, 0.0pt)
* \paperwidth=455.24408pt
* \paperheight=256.0748pt
* \textwidth=398.3386pt
* \textheight=227.62207pt
* \oddsidemargin=-43.81725pt
* \evensidemargin=-43.81725pt
* \topmargin=-72.26999pt
* \headheight=14.22636pt
* \headsep=0.0pt
* \topskip=11.0pt
* \footskip=14.22636pt
* \marginparwidth=4.0pt
* \marginparsep=10.0pt
* \columnsep=10.0pt
* \skip\footins=10.0pt plus 4.0pt minus 2.0pt
* \hoffset=0.0pt
* \voffset=0.0pt
* \mag=1000
* \@twocolumnfalse
* \@twosidefalse
* \@mparswitchfalse
* \@reversemarginfalse
* (1in=72.27pt=25.4mm, 1cm=28.453pt)

(/usr/share/texmf-dist/tex/context/base/mkii/supp-pdf.mkii
[Loading MPS to PDF converter (version 2006.09.02).]
\scratchcounter=\count327
\scratchdimen=\dimen297
\scratchbox=\box73
\nofMPsegments=\count328
\nofMParguments=\count329
\everyMPshowfont=\toks44
\MPscratchCnt=\count330
\MPscratchDim=\dimen298
\MPnumerator=\count331
\makeMPintoPDFobject=\count332
\everyMPtoPDFconversion=\toks45
) (/usr/share/texmf-dist/tex/latex/epstopdf-pkg/epstopdf-base.sty
Package: epstopdf-base 2020-01-24 v2.11 Base part for package epstopdf
Package epstopdf-base Info: Redefining graphics rule for `.eps' on input line 4
85.

(/usr/share/texmf-dist/tex/latex/latexconfig/epstopdf-sys.cfg
File: epstopdf-sys.cfg 2010/07/13 v1.3 Configuration of (r)epstopdf for TeX Liv
e
))
Package hyperref Info: Link coloring OFF on input line 30.

(/usr/share/texmf-dist/tex/latex/hyperref/nameref.sty
Package: nameref 2021-04-02 v2.47 Cross-referencing by name of section

(/usr/share/texmf-dist/tex/latex/refcount/refcount.sty
Package: refcount 2019/12/15 v3.6 Data extraction from label references (HO)
)
(/usr/share/texmf-dist/tex/generic/gettitlestring/gettitlestring.sty
Package: gettitlestring 2019/12/15 v1.6 Cleanup title references (HO)
)
\c@section@level=\count333
)
LaTeX Info: Redefining \ref on input line 30.
LaTeX Info: Redefining \pageref on input line 30.
LaTeX Info: Redefining \nameref on input line 30.

(./pRegMet.out) (./pRegMet.out)
\@outlinefile=\write5
\openout5 = `pRegMet.out'.

LaTeX Font Info:    Overwriting symbol font `operators' in version `normal'
(Font)                  OT1/cmr/m/n --> OT1/cmss/m/n on input line 30.
LaTeX Font Info:    Overwriting symbol font `operators' in version `bold'
(Font)                  OT1/cmr/bx/n --> OT1/cmss/b/n on input line 30.
\symnumbers=\mathgroup6
\sympureletters=\mathgroup7
LaTeX Font Info:    Overwriting math alphabet `\mathrm' in version `normal'
(Font)                  OT1/cmss/m/n --> OT1/cmr/m/n on input line 30.
LaTeX Font Info:    Redeclaring math alphabet \mathbf on input line 30.
LaTeX Font Info:    Overwriting math alphabet `\mathbf' in version `normal'
(Font)                  OT1/cmr/bx/n --> OT1/cmss/b/n on input line 30.
LaTeX Font Info:    Overwriting math alphabet `\mathbf' in version `bold'
(Font)                  OT1/cmr/bx/n --> OT1/cmss/b/n on input line 30.
LaTeX Font Info:    Redeclaring math alphabet \mathsf on input line 30.
LaTeX Font Info:    Overwriting math alphabet `\mathsf' in version `normal'
(Font)                  OT1/cmss/m/n --> OT1/cmss/m/n on input line 30.
LaTeX Font Info:    Overwriting math alphabet `\mathsf' in version `bold'
(Font)                  OT1/cmss/bx/n --> OT1/cmss/m/n on input line 30.
LaTeX Font Info:    Redeclaring math alphabet \mathit on input line 30.
LaTeX Font Info:    Overwriting math alphabet `\mathit' in version `normal'
(Font)                  OT1/cmr/m/it --> OT1/cmss/m/it on input line 30.
LaTeX Font Info:    Overwriting math alphabet `\mathit' in version `bold'
(Font)                  OT1/cmr/bx/it --> OT1/cmss/m/it on input line 30.
LaTeX Font Info:    Redeclaring math alphabet \mathtt on input line 30.
LaTeX Font Info:    Overwriting math alphabet `\mathtt' in version `normal'
(Font)                  OT1/cmtt/m/n --> OT1/cmtt/m/n on input line 30.
LaTeX Font Info:    Overwriting math alphabet `\mathtt' in version `bold'
(Font)                  OT1/cmtt/m/n --> OT1/cmtt/m/n on input line 30.
LaTeX Font Info:    Overwriting symbol font `numbers' in version `bold'
(Font)                  OT1/cmss/m/n --> OT1/cmss/b/n on input line 30.
LaTeX Font Info:    Overwriting symbol font `pureletters' in version `bold'
(Font)                  OT1/cmss/m/it --> OT1/cmss/b/it on input line 30.
LaTeX Font Info:    Overwriting math alphabet `\mathrm' in version `bold'
(Font)                  OT1/cmss/b/n --> OT1/cmr/b/n on input line 30.
LaTeX Font Info:    Overwriting math alphabet `\mathbf' in version `bold'
(Font)                  OT1/cmss/b/n --> OT1/cmss/b/n on input line 30.
LaTeX Font Info:    Overwriting math alphabet `\mathsf' in version `bold'
(Font)                  OT1/cmss/m/n --> OT1/cmss/b/n on input line 30.
LaTeX Font Info:    Overwriting math alphabet `\mathit' in version `bold'
(Font)                  OT1/cmss/m/it --> OT1/cmss/b/it on input line 30.
LaTeX Font Info:    Overwriting math alphabet `\mathtt' in version `bold'
(Font)                  OT1/cmtt/m/n --> OT1/cmtt/b/n on input line 30.
LaTeX Font Info:    Redeclaring symbol font `pureletters' on input line 30.
LaTeX Font Info:    Overwriting symbol font `pureletters' in version `normal'
(Font)                  OT1/cmss/m/it --> OT1/mathkerncmss/m/sl on input line 3
0.
LaTeX Font Info:    Overwriting symbol font `pureletters' in version `bold'
(Font)                  OT1/cmss/b/it --> OT1/mathkerncmss/m/sl on input line 3
0.
LaTeX Font Info:    Overwriting symbol font `pureletters' in version `bold'
(Font)                  OT1/mathkerncmss/m/sl --> OT1/mathkerncmss/bx/sl on inp
ut line 30.

(/usr/share/texmf-dist/tex/latex/translator/translator-basic-dictionary-English
.dict
Dictionary: translator-basic-dictionary, Language: English 
)
(/usr/share/texmf-dist/tex/latex/translator/translator-bibliography-dictionary-
English.dict
Dictionary: translator-bibliography-dictionary, Language: English 
)
(/usr/share/texmf-dist/tex/latex/translator/translator-environment-dictionary-E
nglish.dict
Dictionary: translator-environment-dictionary, Language: English 
)
(/usr/share/texmf-dist/tex/latex/translator/translator-months-dictionary-Englis
h.dict
Dictionary: translator-months-dictionary, Language: English 
)
(/usr/share/texmf-dist/tex/latex/translator/translator-numbers-dictionary-Engli
sh.dict
Dictionary: translator-numbers-dictionary, Language: English 
)
(/usr/share/texmf-dist/tex/latex/translator/translator-theorem-dictionary-Engli
sh.dict
Dictionary: translator-theorem-dictionary, Language: English 
) (./pRegMet.nav) [1

{/var/lib/texmf/fonts/map/pdftex/updmap/pdftex.map}]
LaTeX Font Info:    Trying to load font information for U+msa on input line 52.

(/usr/share/texmf-dist/tex/latex/amsfonts/umsa.fd
File: umsa.fd 2013/01/14 v3.01 AMS symbols A
)
LaTeX Font Info:    Trying to load font information for U+msb on input line 52.


(/usr/share/texmf-dist/tex/latex/amsfonts/umsb.fd
File: umsb.fd 2013/01/14 v3.01 AMS symbols B
)
LaTeX Font Info:    Trying to load font information for OT1+mathkerncmss on inp
ut line 52.

(/usr/share/texmf-dist/tex/latex/sansmathaccent/ot1mathkerncmss.fd
File: ot1mathkerncmss.fd 2020/01/31 Fontinst v1.933 font definitions for OT1/ma
thkerncmss.
)
Package epstopdf Info: Source file: <cont14.eps>
(epstopdf)                    date: 2022-02-11 08:20:48
(epstopdf)                    size: 12192 bytes
(epstopdf)             Output file: <cont14-eps-converted-to.pdf>
(epstopdf)                    date: 2022-02-11 08:21:41
(epstopdf)                    size: 10993 bytes
(epstopdf)             Command: <repstopdf --outfile=cont14-eps-converted-to.pd
f cont14.eps>
(epstopdf)             \includegraphics on input line 52.
Package epstopdf Info: Output file is already uptodate.
<cont14-eps-converted-to.pdf, id=44, 364.36125pt x 274.02374pt>
File: cont14-eps-converted-to.pdf Graphic file (type pdf)
<use cont14-eps-converted-to.pdf>
Package pdftex.def Info: cont14-eps-converted-to.pdf  used on input line 52.
(pdftex.def)             Requested size: 227.00246pt x 170.71652pt.

Overfull \vbox (9.65274pt too high) detected at line 52
 []

[2

 <./cont14-eps-converted-to.pdf>]
Package epstopdf Info: Source file: <cont16.eps>
(epstopdf)                    date: 2022-02-11 08:25:17
(epstopdf)                    size: 14250 bytes
(epstopdf)             Output file: <cont16-eps-converted-to.pdf>
(epstopdf)                    date: 2022-02-11 08:25:31
(epstopdf)                    size: 23693 bytes
(epstopdf)             Command: <repstopdf --outfile=cont16-eps-converted-to.pd
f cont16.eps>
(epstopdf)             \includegraphics on input line 72.
Package epstopdf Info: Output file is already uptodate.
<cont16-eps-converted-to.pdf, id=81, 418.56375pt x 245.91875pt>
File: cont16-eps-converted-to.pdf Graphic file (type pdf)
<use cont16-eps-converted-to.pdf>
Package pdftex.def Info: cont16-eps-converted-to.pdf  used on input line 72.
(pdftex.def)             Requested size: 339.00922pt x 199.16928pt.
 [3

 <./cont16-eps-converted-to.pdf>]
Package epstopdf Info: Source file: <cont15.eps>
(epstopdf)                    date: 2022-02-11 08:28:45
(epstopdf)                    size: 15466 bytes
(epstopdf)             Output file: <cont15-eps-converted-to.pdf>
(epstopdf)                    date: 2022-02-11 08:28:58
(epstopdf)                    size: 26025 bytes
(epstopdf)             Command: <repstopdf --outfile=cont15-eps-converted-to.pd
f cont15.eps>
(epstopdf)             \includegraphics on input line 85.
Package epstopdf Info: Output file is already uptodate.
<cont15-eps-converted-to.pdf, id=112, 420.57124pt x 262.9825pt>
File: cont15-eps-converted-to.pdf Graphic file (type pdf)
<use cont15-eps-converted-to.pdf>
Package pdftex.def Info: cont15-eps-converted-to.pdf  used on input line 85.
(pdftex.def)             Requested size: 318.53368pt x 199.16928pt.

[4

 <./cont15-eps-converted-to.pdf>]
Package epstopdf Info: Source file: <cont19.eps>
(epstopdf)                    date: 2020-06-12 13:07:18
(epstopdf)                    size: 29644 bytes
(epstopdf)             Output file: <cont19-eps-converted-to.pdf>
(epstopdf)                    date: 2020-09-14 10:24:21
(epstopdf)                    size: 17017 bytes
(epstopdf)             Command: <repstopdf --outfile=cont19-eps-converted-to.pd
f cont19.eps>
(epstopdf)             \includegraphics on input line 106.
Package epstopdf Info: Output file is already uptodate.
<cont19-eps-converted-to.pdf, id=147, 387.4475pt x 313.17pt>
File: cont19-eps-converted-to.pdf Graphic file (type pdf)
<use cont19-eps-converted-to.pdf>
Package pdftex.def Info: cont19-eps-converted-to.pdf  used on input line 106.
(pdftex.def)             Requested size: 246.41661pt x 199.16928pt.
 [5

 <./cont19-eps-converted-to.pdf>]
Package epstopdf Info: Source file: <cont75.eps>
(epstopdf)                    date: 2020-06-12 13:07:18
(epstopdf)                    size: 15523 bytes
(epstopdf)             Output file: <cont75-eps-converted-to.pdf>
(epstopdf)                    date: 2020-09-14 10:24:21
(epstopdf)                    size: 11111 bytes
(epstopdf)             Command: <repstopdf --outfile=cont75-eps-converted-to.pd
f cont75.eps>
(epstopdf)             \includegraphics on input line 127.
Package epstopdf Info: Output file is already uptodate.
<cont75-eps-converted-to.pdf, id=180, 417.56pt x 225.84375pt>
File: cont75-eps-converted-to.pdf Graphic file (type pdf)
<use cont75-eps-converted-to.pdf>
Package pdftex.def Info: cont75-eps-converted-to.pdf  used on input line 127.
(pdftex.def)             Requested size: 368.26309pt x 199.16928pt.

[6

 <./cont75-eps-converted-to.pdf>] [7

]
Package epstopdf Info: Source file: <cont22.eps>
(epstopdf)                    date: 2020-06-12 13:07:18
(epstopdf)                    size: 11661 bytes
(epstopdf)             Output file: <cont22-eps-converted-to.pdf>
(epstopdf)                    date: 2020-09-14 10:24:22
(epstopdf)                    size: 6004 bytes
(epstopdf)             Command: <repstopdf --outfile=cont22-eps-converted-to.pd
f cont22.eps>
(epstopdf)             \includegraphics on input line 187.
Package epstopdf Info: Output file is already uptodate.
<cont22-eps-converted-to.pdf, id=246, 391.4625pt x 206.7725pt>
File: cont22-eps-converted-to.pdf Graphic file (type pdf)
<use cont22-eps-converted-to.pdf>
Package pdftex.def Info: cont22-eps-converted-to.pdf  used on input line 187.
(pdftex.def)             Requested size: 377.07799pt x 199.16928pt.
 [8

 <./cont22-eps-converted-to.pdf>]
Package epstopdf Info: Source file: <cont23.eps>
(epstopdf)                    date: 2020-06-12 13:07:18
(epstopdf)                    size: 12197 bytes
(epstopdf)             Output file: <cont23-eps-converted-to.pdf>
(epstopdf)                    date: 2020-09-14 10:24:24
(epstopdf)                    size: 6856 bytes
(epstopdf)             Command: <repstopdf --outfile=cont23-eps-converted-to.pd
f cont23.eps>
(epstopdf)             \includegraphics on input line 193.
Package epstopdf Info: Output file is already uptodate.
<cont23-eps-converted-to.pdf, id=276, 391.4625pt x 206.7725pt>
File: cont23-eps-converted-to.pdf Graphic file (type pdf)
<use cont23-eps-converted-to.pdf>
Package pdftex.def Info: cont23-eps-converted-to.pdf  used on input line 193.
(pdftex.def)             Requested size: 377.07799pt x 199.16928pt.

[9

 <./cont23-eps-converted-to.pdf>]
Package epstopdf Info: Source file: <cont67.eps>
(epstopdf)                    date: 2020-06-12 13:07:18
(epstopdf)                    size: 163516 bytes
(epstopdf)             Output file: <cont67-eps-converted-to.pdf>
(epstopdf)                    date: 2020-09-14 10:24:26
(epstopdf)                    size: 130797 bytes
(epstopdf)             Command: <repstopdf --outfile=cont67-eps-converted-to.pd
f cont67.eps>
(epstopdf)             \includegraphics on input line 212.
Package epstopdf Info: Output file is already uptodate.
<cont67-eps-converted-to.pdf, id=306, 536.0025pt x 805.0075pt>
File: cont67-eps-converted-to.pdf Graphic file (type pdf)
<use cont67-eps-converted-to.pdf>
Package pdftex.def Info: cont67-eps-converted-to.pdf  used on input line 212.
(pdftex.def)             Requested size: 132.60991pt x 199.16928pt.
 [10

 <./cont67-eps-converted-to.pdf>]
Package epstopdf Info: Source file: <cont24.eps>
(epstopdf)                    date: 2020-06-12 13:07:18
(epstopdf)                    size: 11560 bytes
(epstopdf)             Output file: <cont24-eps-converted-to.pdf>
(epstopdf)                    date: 2020-09-14 10:24:29
(epstopdf)                    size: 6621 bytes
(epstopdf)             Command: <repstopdf --outfile=cont24-eps-converted-to.pd
f cont24.eps>
(epstopdf)             \includegraphics on input line 225.
Package epstopdf Info: Output file is already uptodate.
<cont24-eps-converted-to.pdf, id=334, 391.4625pt x 254.9525pt>
File: cont24-eps-converted-to.pdf Graphic file (type pdf)
<use cont24-eps-converted-to.pdf>
Package pdftex.def Info: cont24-eps-converted-to.pdf  used on input line 225.
(pdftex.def)             Requested size: 305.82335pt x 199.16928pt.

[11

 <./cont24-eps-converted-to.pdf>]
Package epstopdf Info: Source file: <cont25.eps>
(epstopdf)                    date: 2020-06-12 13:07:18
(epstopdf)                    size: 12149 bytes
(epstopdf)             Output file: <cont25-eps-converted-to.pdf>
(epstopdf)                    date: 2020-09-14 10:24:31
(epstopdf)                    size: 7681 bytes
(epstopdf)             Command: <repstopdf --outfile=cont25-eps-converted-to.pd
f cont25.eps>
(epstopdf)             \includegraphics on input line 240.
Package epstopdf Info: Output file is already uptodate.
<cont25-eps-converted-to.pdf, id=365, 391.4625pt x 254.9525pt>
File: cont25-eps-converted-to.pdf Graphic file (type pdf)
<use cont25-eps-converted-to.pdf>
Package pdftex.def Info: cont25-eps-converted-to.pdf  used on input line 240.
(pdftex.def)             Requested size: 305.82335pt x 199.16928pt.
 [12

 <./cont25-eps-converted-to.pdf>]
Package epstopdf Info: Source file: <cont20.eps>
(epstopdf)                    date: 2020-06-12 13:07:18
(epstopdf)                    size: 13059 bytes
(epstopdf)             Output file: <cont20-eps-converted-to.pdf>
(epstopdf)                    date: 2020-09-14 10:24:33
(epstopdf)                    size: 8126 bytes
(epstopdf)             Command: <repstopdf --outfile=cont20-eps-converted-to.pd
f cont20.eps>
(epstopdf)             \includegraphics on input line 260.
Package epstopdf Info: Output file is already uptodate.
<cont20-eps-converted-to.pdf, id=398, 423.5825pt x 333.245pt>
File: cont20-eps-converted-to.pdf Graphic file (type pdf)
<use cont20-eps-converted-to.pdf>
Package pdftex.def Info: cont20-eps-converted-to.pdf  used on input line 260.
(pdftex.def)             Requested size: 253.16257pt x 199.16928pt.

Overfull \vbox (6.81049pt too high) detected at line 260
 []

[13

 <./cont20-eps-converted-to.pdf>]
Package epstopdf Info: Source file: <cont21.eps>
(epstopdf)                    date: 2020-06-12 13:07:18
(epstopdf)                    size: 13672 bytes
(epstopdf)             Output file: <cont21-eps-converted-to.pdf>
(epstopdf)                    date: 2020-09-14 10:24:35
(epstopdf)                    size: 8476 bytes
(epstopdf)             Command: <repstopdf --outfile=cont21-eps-converted-to.pd
f cont21.eps>
(epstopdf)             \includegraphics on input line 276.
Package epstopdf Info: Output file is already uptodate.
<cont21-eps-converted-to.pdf, id=433, 432.61626pt x 360.34625pt>
File: cont21-eps-converted-to.pdf Graphic file (type pdf)
<use cont21-eps-converted-to.pdf>
Package pdftex.def Info: cont21-eps-converted-to.pdf  used on input line 276.
(pdftex.def)             Requested size: 239.11469pt x 199.16928pt.

Overfull \vbox (6.81049pt too high) detected at line 276
 []

[14

 <./cont21-eps-converted-to.pdf>]
Package epstopdf Info: Source file: <cont70.eps>
(epstopdf)                    date: 2020-06-12 13:07:18
(epstopdf)                    size: 14647 bytes
(epstopdf)             Output file: <cont70-eps-converted-to.pdf>
(epstopdf)                    date: 2020-09-14 10:24:36
(epstopdf)                    size: 8968 bytes
(epstopdf)             Command: <repstopdf --outfile=cont70-eps-converted-to.pd
f cont70.eps>
(epstopdf)             \includegraphics on input line 299.
Package epstopdf Info: Output file is already uptodate.
<cont70-eps-converted-to.pdf, id=466, 405.515pt x 310.15875pt>
File: cont70-eps-converted-to.pdf Graphic file (type pdf)
<use cont70-eps-converted-to.pdf>
Package pdftex.def Info: cont70-eps-converted-to.pdf  used on input line 299.
(pdftex.def)             Requested size: 260.40115pt x 199.16928pt.
 [15

 <./cont70-eps-converted-to.pdf>]
Package epstopdf Info: Source file: <cont86.eps>
(epstopdf)                    date: 2020-06-12 13:07:18
(epstopdf)                    size: 117723 bytes
(epstopdf)             Output file: <cont86-eps-converted-to.pdf>
(epstopdf)                    date: 2020-09-14 10:24:36
(epstopdf)                    size: 94744 bytes
(epstopdf)             Command: <repstopdf --outfile=cont86-eps-converted-to.pd
f cont86.eps>
(epstopdf)             \includegraphics on input line 329.
Package epstopdf Info: Output file is already uptodate.
<cont86-eps-converted-to.pdf, id=501, 557.08125pt x 382.42876pt>
File: cont86-eps-converted-to.pdf Graphic file (type pdf)
<use cont86-eps-converted-to.pdf>
Package pdftex.def Info: cont86-eps-converted-to.pdf  used on input line 329.
(pdftex.def)             Requested size: 290.12593pt x 199.16928pt.

[16

 <./cont86-eps-converted-to.pdf>]
Package epstopdf Info: Source file: <cont05.eps>
(epstopdf)                    date: 2020-06-12 13:07:18
(epstopdf)                    size: 9462 bytes
(epstopdf)             Output file: <cont05-eps-converted-to.pdf>
(epstopdf)                    date: 2020-09-14 10:21:27
(epstopdf)                    size: 9318 bytes
(epstopdf)             Command: <repstopdf --outfile=cont05-eps-converted-to.pd
f cont05.eps>
(epstopdf)             \includegraphics on input line 352.
Package epstopdf Info: Output file is already uptodate.
<cont05-eps-converted-to.pdf, id=529, 302.12875pt x 237.88875pt>
File: cont05-eps-converted-to.pdf Graphic file (type pdf)
<use cont05-eps-converted-to.pdf>
Package pdftex.def Info: cont05-eps-converted-to.pdf  used on input line 352.
(pdftex.def)             Requested size: 252.9658pt x 199.16928pt.
 [17

 <./cont05-eps-converted-to.pdf>]
Package epstopdf Info: Source file: <cont26.eps>
(epstopdf)                    date: 2020-06-12 13:07:18
(epstopdf)                    size: 9877 bytes
(epstopdf)             Output file: <cont26-eps-converted-to.pdf>
(epstopdf)                    date: 2020-09-14 10:24:37
(epstopdf)                    size: 9779 bytes
(epstopdf)             Command: <repstopdf --outfile=cont26-eps-converted-to.pd
f cont26.eps>
(epstopdf)             \includegraphics on input line 364.
Package epstopdf Info: Output file is already uptodate.
<cont26-eps-converted-to.pdf, id=565, 302.12875pt x 262.9825pt>
File: cont26-eps-converted-to.pdf Graphic file (type pdf)
<use cont26-eps-converted-to.pdf>
Package pdftex.def Info: cont26-eps-converted-to.pdf  used on input line 364.
(pdftex.def)             Requested size: 228.82729pt x 199.16928pt.

[18

 <./cont26-eps-converted-to.pdf>]
Package epstopdf Info: Source file: <cont27.eps>
(epstopdf)                    date: 2020-06-12 13:07:18
(epstopdf)                    size: 10291 bytes
(epstopdf)             Output file: <cont27-eps-converted-to.pdf>
(epstopdf)                    date: 2020-09-14 10:24:38
(epstopdf)                    size: 9960 bytes
(epstopdf)             Command: <repstopdf --outfile=cont27-eps-converted-to.pd
f cont27.eps>
(epstopdf)             \includegraphics on input line 381.
Package epstopdf Info: Output file is already uptodate.
<cont27-eps-converted-to.pdf, id=602, 328.22626pt x 240.9pt>
File: cont27-eps-converted-to.pdf Graphic file (type pdf)
<use cont27-eps-converted-to.pdf>
Package pdftex.def Info: cont27-eps-converted-to.pdf  used on input line 381.
(pdftex.def)             Requested size: 271.37596pt x 199.16928pt.
 [19

 <./cont27-eps-converted-to.pdf>]
Package epstopdf Info: Source file: <cont28.eps>
(epstopdf)                    date: 2020-06-12 13:07:18
(epstopdf)                    size: 12734 bytes
(epstopdf)             Output file: <cont28-eps-converted-to.pdf>
(epstopdf)                    date: 2020-09-14 10:24:38
(epstopdf)                    size: 8986 bytes
(epstopdf)             Command: <repstopdf --outfile=cont28-eps-converted-to.pd
f cont28.eps>
(epstopdf)             \includegraphics on input line 400.
Package epstopdf Info: Output file is already uptodate.
<cont28-eps-converted-to.pdf, id=639, 376.40625pt x 364.36125pt>
File: cont28-eps-converted-to.pdf Graphic file (type pdf)
<use cont28-eps-converted-to.pdf>
Package pdftex.def Info: cont28-eps-converted-to.pdf  used on input line 400.
(pdftex.def)             Requested size: 205.74901pt x 199.16928pt.

[20

 <./cont28-eps-converted-to.pdf>]
Package epstopdf Info: Source file: <cont29.eps>
(epstopdf)                    date: 2020-06-12 13:07:18
(epstopdf)                    size: 13344 bytes
(epstopdf)             Output file: <cont29-eps-converted-to.pdf>
(epstopdf)                    date: 2020-09-14 10:24:39
(epstopdf)                    size: 11678 bytes
(epstopdf)             Command: <repstopdf --outfile=cont29-eps-converted-to.pd
f cont29.eps>
(epstopdf)             \includegraphics on input line 411.
Package epstopdf Info: Output file is already uptodate.
<cont29-eps-converted-to.pdf, id=672, 376.40625pt x 364.36125pt>
File: cont29-eps-converted-to.pdf Graphic file (type pdf)
<use cont29-eps-converted-to.pdf>
Package pdftex.def Info: cont29-eps-converted-to.pdf  used on input line 411.
(pdftex.def)             Requested size: 205.74901pt x 199.16928pt.
 [21

 <./cont29-eps-converted-to.pdf>]
Package epstopdf Info: Source file: <cont30.eps>
(epstopdf)                    date: 2020-06-12 13:07:18
(epstopdf)                    size: 14386 bytes
(epstopdf)             Output file: <cont30-eps-converted-to.pdf>
(epstopdf)                    date: 2020-09-14 10:24:39
(epstopdf)                    size: 12375 bytes
(epstopdf)             Command: <repstopdf --outfile=cont30-eps-converted-to.pd
f cont30.eps>
(epstopdf)             \includegraphics on input line 432.
Package epstopdf Info: Output file is already uptodate.
<cont30-eps-converted-to.pdf, id=713, 390.45876pt x 364.36125pt>
File: cont30-eps-converted-to.pdf Graphic file (type pdf)
<use cont30-eps-converted-to.pdf>
Package pdftex.def Info: cont30-eps-converted-to.pdf  used on input line 432.
(pdftex.def)             Requested size: 213.43031pt x 199.16928pt.

[22

 <./cont30-eps-converted-to.pdf>]
Package epstopdf Info: Source file: <cont31.eps>
(epstopdf)                    date: 2020-06-12 13:07:18
(epstopdf)                    size: 30040 bytes
(epstopdf)             Output file: <cont31-eps-converted-to.pdf>
(epstopdf)                    date: 2020-09-14 10:24:40
(epstopdf)                    size: 14764 bytes
(epstopdf)             Command: <repstopdf --outfile=cont31-eps-converted-to.pd
f cont31.eps>
(epstopdf)             \includegraphics on input line 453.
Package epstopdf Info: Output file is already uptodate.
<cont31-eps-converted-to.pdf, id=753, 416.55624pt x 351.3125pt>
File: cont31-eps-converted-to.pdf Graphic file (type pdf)
<use cont31-eps-converted-to.pdf>
Package pdftex.def Info: cont31-eps-converted-to.pdf  used on input line 453.
(pdftex.def)             Requested size: 236.16194pt x 199.16928pt.
 [23

 <./cont31-eps-converted-to.pdf>]
Package epstopdf Info: Source file: <cont69.eps>
(epstopdf)                    date: 2020-06-12 13:07:18
(epstopdf)                    size: 12227 bytes
(epstopdf)             Output file: <cont69-eps-converted-to.pdf>
(epstopdf)                    date: 2020-09-14 10:24:41
(epstopdf)                    size: 9372 bytes
(epstopdf)             Command: <repstopdf --outfile=cont69-eps-converted-to.pd
f cont69.eps>
(epstopdf)             \includegraphics on input line 480.
Package epstopdf Info: Output file is already uptodate.
<cont69-eps-converted-to.pdf, id=787, 408.52625pt x 283.0575pt>
File: cont69-eps-converted-to.pdf Graphic file (type pdf)
<use cont69-eps-converted-to.pdf>
Package pdftex.def Info: cont69-eps-converted-to.pdf  used on input line 480.
(pdftex.def)             Requested size: 287.4625pt x 199.16928pt.

[24

 <./cont69-eps-converted-to.pdf>]
Package epstopdf Info: Source file: <cont79.eps>
(epstopdf)                    date: 2020-06-12 13:07:18
(epstopdf)                    size: 15445 bytes
(epstopdf)             Output file: <cont79-eps-converted-to.pdf>
(epstopdf)                    date: 2020-09-14 10:24:41
(epstopdf)                    size: 13081 bytes
(epstopdf)             Command: <repstopdf --outfile=cont79-eps-converted-to.pd
f cont79.eps>
(epstopdf)             \includegraphics on input line 501.
Package epstopdf Info: Output file is already uptodate.
<cont79-eps-converted-to.pdf, id=825, 376.40625pt x 364.36125pt>
File: cont79-eps-converted-to.pdf Graphic file (type pdf)
<use cont79-eps-converted-to.pdf>
Package pdftex.def Info: cont79-eps-converted-to.pdf  used on input line 501.
(pdftex.def)             Requested size: 205.74901pt x 199.16928pt.
 [25

 <./cont79-eps-converted-to.pdf>]
Package epstopdf Info: Source file: <cont80.eps>
(epstopdf)                    date: 2020-06-12 13:07:18
(epstopdf)                    size: 12682 bytes
(epstopdf)             Output file: <cont80-eps-converted-to.pdf>
(epstopdf)                    date: 2020-09-14 10:24:42
(epstopdf)                    size: 9446 bytes
(epstopdf)             Command: <repstopdf --outfile=cont80-eps-converted-to.pd
f cont80.eps>
(epstopdf)             \includegraphics on input line 518.
Package epstopdf Info: Output file is already uptodate.
<cont80-eps-converted-to.pdf, id=866, 437.635pt x 319.1925pt>
File: cont80-eps-converted-to.pdf Graphic file (type pdf)
<use cont80-eps-converted-to.pdf>
Package pdftex.def Info: cont80-eps-converted-to.pdf  used on input line 518.
(pdftex.def)             Requested size: 273.07379pt x 199.16928pt.

[26

 <./cont80-eps-converted-to.pdf>]
Package epstopdf Info: Source file: <cont81.eps>
(epstopdf)                    date: 2020-06-12 13:07:18
(epstopdf)                    size: 12623 bytes
(epstopdf)             Output file: <cont81-eps-converted-to.pdf>
(epstopdf)                    date: 2020-09-14 10:24:43
(epstopdf)                    size: 7705 bytes
(epstopdf)             Command: <repstopdf --outfile=cont81-eps-converted-to.pd
f cont81.eps>
(epstopdf)             \includegraphics on input line 531.
Package epstopdf Info: Output file is already uptodate.
<cont81-eps-converted-to.pdf, id=903, 437.635pt x 319.1925pt>
File: cont81-eps-converted-to.pdf Graphic file (type pdf)
<use cont81-eps-converted-to.pdf>
Package pdftex.def Info: cont81-eps-converted-to.pdf  used on input line 531.
(pdftex.def)             Requested size: 273.07379pt x 199.16928pt.
 [27

 <./cont81-eps-converted-to.pdf>]
Package epstopdf Info: Source file: <cont82.eps>
(epstopdf)                    date: 2020-06-12 13:07:18
(epstopdf)                    size: 12202 bytes
(epstopdf)             Output file: <cont82-eps-converted-to.pdf>
(epstopdf)                    date: 2020-09-14 10:24:43
(epstopdf)                    size: 8910 bytes
(epstopdf)             Command: <repstopdf --outfile=cont82-eps-converted-to.pd
f cont82.eps>
(epstopdf)             \includegraphics on input line 543.
Package epstopdf Info: Output file is already uptodate.
<cont82-eps-converted-to.pdf, id=936, 390.45876pt x 83.31125pt>
File: cont82-eps-converted-to.pdf Graphic file (type pdf)
<use cont82-eps-converted-to.pdf>
Package pdftex.def Info: cont82-eps-converted-to.pdf  used on input line 543.
(pdftex.def)             Requested size: 398.3386pt x 84.99667pt.

[28

 <./cont82-eps-converted-to.pdf>]
\tf@nav=\write6
\openout6 = `pRegMet.nav'.

\tf@toc=\write7
\openout7 = `pRegMet.toc'.

\tf@snm=\write8
\openout8 = `pRegMet.snm'.

 (./pRegMet.aux)
Package rerunfilecheck Info: File `pRegMet.out' has not changed.
(rerunfilecheck)             Checksum: D41D8CD98F00B204E9800998ECF8427E;0.
 ) 
Here is how much of TeX's memory you used:
 20739 strings out of 478994
 379268 string characters out of 5864750
 665673 words of memory out of 5000000
 37699 multiletter control sequences out of 15000+600000
 410474 words of font info for 52 fonts, out of 8000000 for 9000
 1141 hyphenation exceptions out of 8191
 131i,14n,132p,2436b,546s stack positions out of 5000i,500n,10000p,200000b,80000s
</usr/share/texmf-dist/fonts/type1/public/amsfonts/cm/cmss10.pfb></usr/share/
texmf-dist/fonts/type1/public/amsfonts/cm/cmss12.pfb></usr/share/texmf-dist/fon
ts/type1/public/amsfonts/cm/cmss8.pfb></usr/share/texmf-dist/fonts/type1/public
/amsfonts/cm/cmssbx10.pfb></usr/share/texmf-dist/fonts/type1/public/amsfonts/cm
/cmsy10.pfb></usr/share/texmf-dist/fonts/type1/public/amsfonts/symbols/msam10.p
fb>
Output written on pRegMet.pdf (28 pages, 506785 bytes).
PDF statistics:
 1004 PDF objects out of 1200 (max. 8388607)
 868 compressed objects within 9 object streams
 57 named destinations out of 1000 (max. 500000)
 173 words of extra memory for PDF output out of 10000 (max. 10000000)

